ARM GAS  C:\Users\ologa\AppData\Local\Temp\ccCX9U4x.s 			page 1


   1              		.syntax unified
   2              		.cpu cortex-m3
   3              		.fpu softvfp
   4              		.eabi_attribute 20, 1
   5              		.eabi_attribute 21, 1
   6              		.eabi_attribute 23, 3
   7              		.eabi_attribute 24, 1
   8              		.eabi_attribute 25, 1
   9              		.eabi_attribute 26, 1
  10              		.eabi_attribute 30, 6
  11              		.eabi_attribute 34, 1
  12              		.eabi_attribute 18, 4
  13              		.thumb
  14              		.file	"Timer_1.c"
  15              		.text
  16              	.Ltext0:
  17              		.cfi_sections	.debug_frame
  18              		.global	Timer_1_initVar
  19              		.bss
  20              		.type	Timer_1_initVar, %object
  21              		.size	Timer_1_initVar, 1
  22              	Timer_1_initVar:
  23 0000 00       		.space	1
  24              		.section	.text.Timer_1_Init,"ax",%progbits
  25              		.align	2
  26              		.global	Timer_1_Init
  27              		.thumb
  28              		.thumb_func
  29              		.type	Timer_1_Init, %function
  30              	Timer_1_Init:
  31              	.LFB0:
  32              		.file 1 ".\\Generated_Source\\PSoC5\\Timer_1.c"
   1:.\Generated_Source\PSoC5/Timer_1.c **** /*******************************************************************************
   2:.\Generated_Source\PSoC5/Timer_1.c **** * File Name: Timer_1.c
   3:.\Generated_Source\PSoC5/Timer_1.c **** * Version 2.70
   4:.\Generated_Source\PSoC5/Timer_1.c **** *
   5:.\Generated_Source\PSoC5/Timer_1.c **** * Description:
   6:.\Generated_Source\PSoC5/Timer_1.c **** *  The Timer component consists of a 8, 16, 24 or 32-bit timer with
   7:.\Generated_Source\PSoC5/Timer_1.c **** *  a selectable period between 2 and 2^Width - 1.  The timer may free run
   8:.\Generated_Source\PSoC5/Timer_1.c **** *  or be used as a capture timer as well.  The capture can be initiated
   9:.\Generated_Source\PSoC5/Timer_1.c **** *  by a positive or negative edge signal as well as via software.
  10:.\Generated_Source\PSoC5/Timer_1.c **** *  A trigger input can be programmed to enable the timer on rising edge
  11:.\Generated_Source\PSoC5/Timer_1.c **** *  falling edge, either edge or continous run.
  12:.\Generated_Source\PSoC5/Timer_1.c **** *  Interrupts may be generated due to a terminal count condition
  13:.\Generated_Source\PSoC5/Timer_1.c **** *  or a capture event.
  14:.\Generated_Source\PSoC5/Timer_1.c **** *
  15:.\Generated_Source\PSoC5/Timer_1.c **** * Note:
  16:.\Generated_Source\PSoC5/Timer_1.c **** *
  17:.\Generated_Source\PSoC5/Timer_1.c **** ********************************************************************************
  18:.\Generated_Source\PSoC5/Timer_1.c **** * Copyright 2008-2014, Cypress Semiconductor Corporation.  All rights reserved.
  19:.\Generated_Source\PSoC5/Timer_1.c **** * You may use this file only in accordance with the license, terms, conditions,
  20:.\Generated_Source\PSoC5/Timer_1.c **** * disclaimers, and limitations in the end user license agreement accompanying
  21:.\Generated_Source\PSoC5/Timer_1.c **** * the software package with which this file was provided.
  22:.\Generated_Source\PSoC5/Timer_1.c **** ********************************************************************************/
  23:.\Generated_Source\PSoC5/Timer_1.c **** 
  24:.\Generated_Source\PSoC5/Timer_1.c **** #include "Timer_1.h"
  25:.\Generated_Source\PSoC5/Timer_1.c **** 
ARM GAS  C:\Users\ologa\AppData\Local\Temp\ccCX9U4x.s 			page 2


  26:.\Generated_Source\PSoC5/Timer_1.c **** uint8 Timer_1_initVar = 0u;
  27:.\Generated_Source\PSoC5/Timer_1.c **** 
  28:.\Generated_Source\PSoC5/Timer_1.c **** 
  29:.\Generated_Source\PSoC5/Timer_1.c **** /*******************************************************************************
  30:.\Generated_Source\PSoC5/Timer_1.c **** * Function Name: Timer_1_Init
  31:.\Generated_Source\PSoC5/Timer_1.c **** ********************************************************************************
  32:.\Generated_Source\PSoC5/Timer_1.c **** *
  33:.\Generated_Source\PSoC5/Timer_1.c **** * Summary:
  34:.\Generated_Source\PSoC5/Timer_1.c **** *  Initialize to the schematic state
  35:.\Generated_Source\PSoC5/Timer_1.c **** *
  36:.\Generated_Source\PSoC5/Timer_1.c **** * Parameters:
  37:.\Generated_Source\PSoC5/Timer_1.c **** *  void
  38:.\Generated_Source\PSoC5/Timer_1.c **** *
  39:.\Generated_Source\PSoC5/Timer_1.c **** * Return:
  40:.\Generated_Source\PSoC5/Timer_1.c **** *  void
  41:.\Generated_Source\PSoC5/Timer_1.c **** *
  42:.\Generated_Source\PSoC5/Timer_1.c **** *******************************************************************************/
  43:.\Generated_Source\PSoC5/Timer_1.c **** void Timer_1_Init(void) 
  44:.\Generated_Source\PSoC5/Timer_1.c **** {
  33              		.loc 1 44 0
  34              		.cfi_startproc
  35              		@ args = 0, pretend = 0, frame = 0
  36              		@ frame_needed = 1, uses_anonymous_args = 0
  37 0000 80B5     		push	{r7, lr}
  38              		.cfi_def_cfa_offset 8
  39              		.cfi_offset 7, -8
  40              		.cfi_offset 14, -4
  41 0002 00AF     		add	r7, sp, #0
  42              		.cfi_def_cfa_register 7
  45:.\Generated_Source\PSoC5/Timer_1.c ****     #if(!Timer_1_UsingFixedFunction)
  46:.\Generated_Source\PSoC5/Timer_1.c ****             /* Interrupt State Backup for Critical Region*/
  47:.\Generated_Source\PSoC5/Timer_1.c ****             uint8 Timer_1_interruptState;
  48:.\Generated_Source\PSoC5/Timer_1.c ****     #endif /* Interrupt state back up for Fixed Function only */
  49:.\Generated_Source\PSoC5/Timer_1.c **** 
  50:.\Generated_Source\PSoC5/Timer_1.c ****     #if (Timer_1_UsingFixedFunction)
  51:.\Generated_Source\PSoC5/Timer_1.c ****         /* Clear all bits but the enable bit (if it's already set) for Timer operation */
  52:.\Generated_Source\PSoC5/Timer_1.c ****         Timer_1_CONTROL &= Timer_1_CTRL_ENABLE;
  43              		.loc 1 52 0
  44 0004 204A     		ldr	r2, .L2
  45 0006 204B     		ldr	r3, .L2
  46 0008 1B78     		ldrb	r3, [r3]
  47 000a DBB2     		uxtb	r3, r3
  48 000c 03F00103 		and	r3, r3, #1
  49 0010 DBB2     		uxtb	r3, r3
  50 0012 1370     		strb	r3, [r2]
  53:.\Generated_Source\PSoC5/Timer_1.c **** 
  54:.\Generated_Source\PSoC5/Timer_1.c ****         /* Clear the mode bits for continuous run mode */
  55:.\Generated_Source\PSoC5/Timer_1.c ****         #if (CY_PSOC5A)
  56:.\Generated_Source\PSoC5/Timer_1.c ****             Timer_1_CONTROL2 &= ((uint8)(~Timer_1_CTRL_MODE_MASK));
  57:.\Generated_Source\PSoC5/Timer_1.c ****         #endif /* Clear bits in CONTROL2 only in PSOC5A */
  58:.\Generated_Source\PSoC5/Timer_1.c **** 
  59:.\Generated_Source\PSoC5/Timer_1.c ****         #if (CY_PSOC3 || CY_PSOC5LP)
  60:.\Generated_Source\PSoC5/Timer_1.c ****             Timer_1_CONTROL3 &= ((uint8)(~Timer_1_CTRL_MODE_MASK));
  51              		.loc 1 60 0
  52 0014 1D4A     		ldr	r2, .L2+4
  53 0016 1D4B     		ldr	r3, .L2+4
  54 0018 1B78     		ldrb	r3, [r3]
ARM GAS  C:\Users\ologa\AppData\Local\Temp\ccCX9U4x.s 			page 3


  55 001a DBB2     		uxtb	r3, r3
  56 001c 23F00303 		bic	r3, r3, #3
  57 0020 DBB2     		uxtb	r3, r3
  58 0022 1370     		strb	r3, [r2]
  61:.\Generated_Source\PSoC5/Timer_1.c ****         #endif /* CONTROL3 register exists only in PSoC3 OR PSoC5LP */
  62:.\Generated_Source\PSoC5/Timer_1.c **** 
  63:.\Generated_Source\PSoC5/Timer_1.c ****         /* Check if One Shot mode is enabled i.e. RunMode !=0*/
  64:.\Generated_Source\PSoC5/Timer_1.c ****         #if (Timer_1_RunModeUsed != 0x0u)
  65:.\Generated_Source\PSoC5/Timer_1.c ****             /* Set 3rd bit of Control register to enable one shot mode */
  66:.\Generated_Source\PSoC5/Timer_1.c ****             Timer_1_CONTROL |= 0x04u;
  67:.\Generated_Source\PSoC5/Timer_1.c ****         #endif /* One Shot enabled only when RunModeUsed is not Continuous*/
  68:.\Generated_Source\PSoC5/Timer_1.c **** 
  69:.\Generated_Source\PSoC5/Timer_1.c ****         #if (Timer_1_RunModeUsed == 2)
  70:.\Generated_Source\PSoC5/Timer_1.c ****             #if (CY_PSOC5A)
  71:.\Generated_Source\PSoC5/Timer_1.c ****                 /* Set last 2 bits of control2 register if one shot(halt on
  72:.\Generated_Source\PSoC5/Timer_1.c ****                 interrupt) is enabled*/
  73:.\Generated_Source\PSoC5/Timer_1.c ****                 Timer_1_CONTROL2 |= 0x03u;
  74:.\Generated_Source\PSoC5/Timer_1.c ****             #endif /* Set One-Shot Halt on Interrupt bit in CONTROL2 for PSoC5A */
  75:.\Generated_Source\PSoC5/Timer_1.c **** 
  76:.\Generated_Source\PSoC5/Timer_1.c ****             #if (CY_PSOC3 || CY_PSOC5LP)
  77:.\Generated_Source\PSoC5/Timer_1.c ****                 /* Set last 2 bits of control3 register if one shot(halt on
  78:.\Generated_Source\PSoC5/Timer_1.c ****                 interrupt) is enabled*/
  79:.\Generated_Source\PSoC5/Timer_1.c ****                 Timer_1_CONTROL3 |= 0x03u;
  80:.\Generated_Source\PSoC5/Timer_1.c ****             #endif /* Set One-Shot Halt on Interrupt bit in CONTROL3 for PSoC3 or PSoC5LP */
  81:.\Generated_Source\PSoC5/Timer_1.c **** 
  82:.\Generated_Source\PSoC5/Timer_1.c ****         #endif /* Remove section if One Shot Halt on Interrupt is not enabled */
  83:.\Generated_Source\PSoC5/Timer_1.c **** 
  84:.\Generated_Source\PSoC5/Timer_1.c ****         #if (Timer_1_UsingHWEnable != 0)
  85:.\Generated_Source\PSoC5/Timer_1.c ****             #if (CY_PSOC5A)
  86:.\Generated_Source\PSoC5/Timer_1.c ****                 /* Set the default Run Mode of the Timer to Continuous */
  87:.\Generated_Source\PSoC5/Timer_1.c ****                 Timer_1_CONTROL2 |= Timer_1_CTRL_MODE_PULSEWIDTH;
  88:.\Generated_Source\PSoC5/Timer_1.c ****             #endif /* Set Continuous Run Mode in CONTROL2 for PSoC5A */
  89:.\Generated_Source\PSoC5/Timer_1.c **** 
  90:.\Generated_Source\PSoC5/Timer_1.c ****             #if (CY_PSOC3 || CY_PSOC5LP)
  91:.\Generated_Source\PSoC5/Timer_1.c ****                 /* Clear and Set ROD and COD bits of CFG2 register */
  92:.\Generated_Source\PSoC5/Timer_1.c ****                 Timer_1_CONTROL3 &= ((uint8)(~Timer_1_CTRL_RCOD_MASK));
  93:.\Generated_Source\PSoC5/Timer_1.c ****                 Timer_1_CONTROL3 |= Timer_1_CTRL_RCOD;
  94:.\Generated_Source\PSoC5/Timer_1.c **** 
  95:.\Generated_Source\PSoC5/Timer_1.c ****                 /* Clear and Enable the HW enable bit in CFG2 register */
  96:.\Generated_Source\PSoC5/Timer_1.c ****                 Timer_1_CONTROL3 &= ((uint8)(~Timer_1_CTRL_ENBL_MASK));
  97:.\Generated_Source\PSoC5/Timer_1.c ****                 Timer_1_CONTROL3 |= Timer_1_CTRL_ENBL;
  98:.\Generated_Source\PSoC5/Timer_1.c **** 
  99:.\Generated_Source\PSoC5/Timer_1.c ****                 /* Set the default Run Mode of the Timer to Continuous */
 100:.\Generated_Source\PSoC5/Timer_1.c ****                 Timer_1_CONTROL3 |= Timer_1_CTRL_MODE_CONTINUOUS;
 101:.\Generated_Source\PSoC5/Timer_1.c ****             #endif /* Set Continuous Run Mode in CONTROL3 for PSoC3ES3 or PSoC5A */
 102:.\Generated_Source\PSoC5/Timer_1.c **** 
 103:.\Generated_Source\PSoC5/Timer_1.c ****         #endif /* Configure Run Mode with hardware enable */
 104:.\Generated_Source\PSoC5/Timer_1.c **** 
 105:.\Generated_Source\PSoC5/Timer_1.c ****         /* Clear and Set SYNCTC and SYNCCMP bits of RT1 register */
 106:.\Generated_Source\PSoC5/Timer_1.c ****         Timer_1_RT1 &= ((uint8)(~Timer_1_RT1_MASK));
  59              		.loc 1 106 0
  60 0024 1A4A     		ldr	r2, .L2+8
  61 0026 1A4B     		ldr	r3, .L2+8
  62 0028 1B78     		ldrb	r3, [r3]
  63 002a DBB2     		uxtb	r3, r3
  64 002c 23F03003 		bic	r3, r3, #48
  65 0030 DBB2     		uxtb	r3, r3
ARM GAS  C:\Users\ologa\AppData\Local\Temp\ccCX9U4x.s 			page 4


  66 0032 1370     		strb	r3, [r2]
 107:.\Generated_Source\PSoC5/Timer_1.c ****         Timer_1_RT1 |= Timer_1_SYNC;
  67              		.loc 1 107 0
  68 0034 164A     		ldr	r2, .L2+8
  69 0036 164B     		ldr	r3, .L2+8
  70 0038 1B78     		ldrb	r3, [r3]
  71 003a DBB2     		uxtb	r3, r3
  72 003c 43F03003 		orr	r3, r3, #48
  73 0040 DBB2     		uxtb	r3, r3
  74 0042 1370     		strb	r3, [r2]
 108:.\Generated_Source\PSoC5/Timer_1.c **** 
 109:.\Generated_Source\PSoC5/Timer_1.c ****         /*Enable DSI Sync all all inputs of the Timer*/
 110:.\Generated_Source\PSoC5/Timer_1.c ****         Timer_1_RT1 &= ((uint8)(~Timer_1_SYNCDSI_MASK));
  75              		.loc 1 110 0
  76 0044 124A     		ldr	r2, .L2+8
  77 0046 124B     		ldr	r3, .L2+8
  78 0048 1B78     		ldrb	r3, [r3]
  79 004a DBB2     		uxtb	r3, r3
  80 004c 23F00F03 		bic	r3, r3, #15
  81 0050 DBB2     		uxtb	r3, r3
  82 0052 1370     		strb	r3, [r2]
 111:.\Generated_Source\PSoC5/Timer_1.c ****         Timer_1_RT1 |= Timer_1_SYNCDSI_EN;
  83              		.loc 1 111 0
  84 0054 0E4A     		ldr	r2, .L2+8
  85 0056 0E4B     		ldr	r3, .L2+8
  86 0058 1B78     		ldrb	r3, [r3]
  87 005a DBB2     		uxtb	r3, r3
  88 005c 43F00F03 		orr	r3, r3, #15
  89 0060 DBB2     		uxtb	r3, r3
  90 0062 1370     		strb	r3, [r2]
 112:.\Generated_Source\PSoC5/Timer_1.c **** 
 113:.\Generated_Source\PSoC5/Timer_1.c ****         /* Set the IRQ to use the status register interrupts */
 114:.\Generated_Source\PSoC5/Timer_1.c ****         Timer_1_CONTROL2 |= Timer_1_CTRL2_IRQ_SEL;
  91              		.loc 1 114 0
  92 0064 0B4A     		ldr	r2, .L2+12
  93 0066 0B4B     		ldr	r3, .L2+12
  94 0068 1B78     		ldrb	r3, [r3]
  95 006a DBB2     		uxtb	r3, r3
  96 006c 43F00103 		orr	r3, r3, #1
  97 0070 DBB2     		uxtb	r3, r3
  98 0072 1370     		strb	r3, [r2]
 115:.\Generated_Source\PSoC5/Timer_1.c ****     #endif /* Configuring registers of fixed function implementation */
 116:.\Generated_Source\PSoC5/Timer_1.c **** 
 117:.\Generated_Source\PSoC5/Timer_1.c ****     /* Set Initial values from Configuration */
 118:.\Generated_Source\PSoC5/Timer_1.c ****     Timer_1_WritePeriod(Timer_1_INIT_PERIOD);
  99              		.loc 1 118 0
 100 0074 FE20     		movs	r0, #254
 101 0076 FFF7FEFF 		bl	Timer_1_WritePeriod
 119:.\Generated_Source\PSoC5/Timer_1.c ****     Timer_1_WriteCounter(Timer_1_INIT_PERIOD);
 102              		.loc 1 119 0
 103 007a FE20     		movs	r0, #254
 104 007c FFF7FEFF 		bl	Timer_1_WriteCounter
 120:.\Generated_Source\PSoC5/Timer_1.c **** 
 121:.\Generated_Source\PSoC5/Timer_1.c ****     #if (Timer_1_UsingHWCaptureCounter)/* Capture counter is enabled */
 122:.\Generated_Source\PSoC5/Timer_1.c ****         Timer_1_CAPTURE_COUNT_CTRL |= Timer_1_CNTR_ENABLE;
 123:.\Generated_Source\PSoC5/Timer_1.c ****         Timer_1_SetCaptureCount(Timer_1_INIT_CAPTURE_COUNT);
 124:.\Generated_Source\PSoC5/Timer_1.c ****     #endif /* Configure capture counter value */
ARM GAS  C:\Users\ologa\AppData\Local\Temp\ccCX9U4x.s 			page 5


 125:.\Generated_Source\PSoC5/Timer_1.c **** 
 126:.\Generated_Source\PSoC5/Timer_1.c ****     #if (!Timer_1_UsingFixedFunction)
 127:.\Generated_Source\PSoC5/Timer_1.c ****         #if (Timer_1_SoftwareCaptureMode)
 128:.\Generated_Source\PSoC5/Timer_1.c ****             Timer_1_SetCaptureMode(Timer_1_INIT_CAPTURE_MODE);
 129:.\Generated_Source\PSoC5/Timer_1.c ****         #endif /* Set Capture Mode for UDB implementation if capture mode is software controlled */
 130:.\Generated_Source\PSoC5/Timer_1.c **** 
 131:.\Generated_Source\PSoC5/Timer_1.c ****         #if (Timer_1_SoftwareTriggerMode)
 132:.\Generated_Source\PSoC5/Timer_1.c ****             #if (!Timer_1_UDB_CONTROL_REG_REMOVED)
 133:.\Generated_Source\PSoC5/Timer_1.c ****                 if (0u == (Timer_1_CONTROL & Timer_1__B_TIMER__TM_SOFTWARE))
 134:.\Generated_Source\PSoC5/Timer_1.c ****                 {
 135:.\Generated_Source\PSoC5/Timer_1.c ****                     Timer_1_SetTriggerMode(Timer_1_INIT_TRIGGER_MODE);
 136:.\Generated_Source\PSoC5/Timer_1.c ****                 }
 137:.\Generated_Source\PSoC5/Timer_1.c ****             #endif /* (!Timer_1_UDB_CONTROL_REG_REMOVED) */
 138:.\Generated_Source\PSoC5/Timer_1.c ****         #endif /* Set trigger mode for UDB Implementation if trigger mode is software controlled */
 139:.\Generated_Source\PSoC5/Timer_1.c **** 
 140:.\Generated_Source\PSoC5/Timer_1.c ****         /* CyEnterCriticalRegion and CyExitCriticalRegion are used to mark following region critica
 141:.\Generated_Source\PSoC5/Timer_1.c ****         /* Enter Critical Region*/
 142:.\Generated_Source\PSoC5/Timer_1.c ****         Timer_1_interruptState = CyEnterCriticalSection();
 143:.\Generated_Source\PSoC5/Timer_1.c **** 
 144:.\Generated_Source\PSoC5/Timer_1.c ****         /* Use the interrupt output of the status register for IRQ output */
 145:.\Generated_Source\PSoC5/Timer_1.c ****         Timer_1_STATUS_AUX_CTRL |= Timer_1_STATUS_ACTL_INT_EN_MASK;
 146:.\Generated_Source\PSoC5/Timer_1.c **** 
 147:.\Generated_Source\PSoC5/Timer_1.c ****         /* Exit Critical Region*/
 148:.\Generated_Source\PSoC5/Timer_1.c ****         CyExitCriticalSection(Timer_1_interruptState);
 149:.\Generated_Source\PSoC5/Timer_1.c **** 
 150:.\Generated_Source\PSoC5/Timer_1.c ****         #if (Timer_1_EnableTriggerMode)
 151:.\Generated_Source\PSoC5/Timer_1.c ****             Timer_1_EnableTrigger();
 152:.\Generated_Source\PSoC5/Timer_1.c ****         #endif /* Set Trigger enable bit for UDB implementation in the control register*/
 153:.\Generated_Source\PSoC5/Timer_1.c **** 		
 154:.\Generated_Source\PSoC5/Timer_1.c **** 		
 155:.\Generated_Source\PSoC5/Timer_1.c ****         #if (Timer_1_InterruptOnCaptureCount && !Timer_1_UDB_CONTROL_REG_REMOVED)
 156:.\Generated_Source\PSoC5/Timer_1.c ****             Timer_1_SetInterruptCount(Timer_1_INIT_INT_CAPTURE_COUNT);
 157:.\Generated_Source\PSoC5/Timer_1.c ****         #endif /* Set interrupt count in UDB implementation if interrupt count feature is checked.*
 158:.\Generated_Source\PSoC5/Timer_1.c **** 
 159:.\Generated_Source\PSoC5/Timer_1.c ****         Timer_1_ClearFIFO();
 160:.\Generated_Source\PSoC5/Timer_1.c ****     #endif /* Configure additional features of UDB implementation */
 161:.\Generated_Source\PSoC5/Timer_1.c **** 
 162:.\Generated_Source\PSoC5/Timer_1.c ****     Timer_1_SetInterruptMode(Timer_1_INIT_INTERRUPT_MODE);
 105              		.loc 1 162 0
 106 0080 0820     		movs	r0, #8
 107 0082 FFF7FEFF 		bl	Timer_1_SetInterruptMode
 163:.\Generated_Source\PSoC5/Timer_1.c **** }
 108              		.loc 1 163 0
 109 0086 80BD     		pop	{r7, pc}
 110              	.L3:
 111              		.align	2
 112              	.L2:
 113 0088 004F0040 		.word	1073762048
 114 008c 024F0040 		.word	1073762050
 115 0090 0B4F0040 		.word	1073762059
 116 0094 014F0040 		.word	1073762049
 117              		.cfi_endproc
 118              	.LFE0:
 119              		.size	Timer_1_Init, .-Timer_1_Init
 120              		.section	.text.Timer_1_Enable,"ax",%progbits
 121              		.align	2
 122              		.global	Timer_1_Enable
ARM GAS  C:\Users\ologa\AppData\Local\Temp\ccCX9U4x.s 			page 6


 123              		.thumb
 124              		.thumb_func
 125              		.type	Timer_1_Enable, %function
 126              	Timer_1_Enable:
 127              	.LFB1:
 164:.\Generated_Source\PSoC5/Timer_1.c **** 
 165:.\Generated_Source\PSoC5/Timer_1.c **** 
 166:.\Generated_Source\PSoC5/Timer_1.c **** /*******************************************************************************
 167:.\Generated_Source\PSoC5/Timer_1.c **** * Function Name: Timer_1_Enable
 168:.\Generated_Source\PSoC5/Timer_1.c **** ********************************************************************************
 169:.\Generated_Source\PSoC5/Timer_1.c **** *
 170:.\Generated_Source\PSoC5/Timer_1.c **** * Summary:
 171:.\Generated_Source\PSoC5/Timer_1.c **** *  Enable the Timer
 172:.\Generated_Source\PSoC5/Timer_1.c **** *
 173:.\Generated_Source\PSoC5/Timer_1.c **** * Parameters:
 174:.\Generated_Source\PSoC5/Timer_1.c **** *  void
 175:.\Generated_Source\PSoC5/Timer_1.c **** *
 176:.\Generated_Source\PSoC5/Timer_1.c **** * Return:
 177:.\Generated_Source\PSoC5/Timer_1.c **** *  void
 178:.\Generated_Source\PSoC5/Timer_1.c **** *
 179:.\Generated_Source\PSoC5/Timer_1.c **** *******************************************************************************/
 180:.\Generated_Source\PSoC5/Timer_1.c **** void Timer_1_Enable(void) 
 181:.\Generated_Source\PSoC5/Timer_1.c **** {
 128              		.loc 1 181 0
 129              		.cfi_startproc
 130              		@ args = 0, pretend = 0, frame = 0
 131              		@ frame_needed = 1, uses_anonymous_args = 0
 132              		@ link register save eliminated.
 133 0000 80B4     		push	{r7}
 134              		.cfi_def_cfa_offset 4
 135              		.cfi_offset 7, -4
 136 0002 00AF     		add	r7, sp, #0
 137              		.cfi_def_cfa_register 7
 182:.\Generated_Source\PSoC5/Timer_1.c ****     /* Globally Enable the Fixed Function Block chosen */
 183:.\Generated_Source\PSoC5/Timer_1.c ****     #if (Timer_1_UsingFixedFunction)
 184:.\Generated_Source\PSoC5/Timer_1.c ****         Timer_1_GLOBAL_ENABLE |= Timer_1_BLOCK_EN_MASK;
 138              		.loc 1 184 0
 139 0004 0D4A     		ldr	r2, .L5
 140 0006 0D4B     		ldr	r3, .L5
 141 0008 1B78     		ldrb	r3, [r3]
 142 000a DBB2     		uxtb	r3, r3
 143 000c 43F00103 		orr	r3, r3, #1
 144 0010 DBB2     		uxtb	r3, r3
 145 0012 1370     		strb	r3, [r2]
 185:.\Generated_Source\PSoC5/Timer_1.c ****         Timer_1_GLOBAL_STBY_ENABLE |= Timer_1_BLOCK_STBY_EN_MASK;
 146              		.loc 1 185 0
 147 0014 0A4A     		ldr	r2, .L5+4
 148 0016 0A4B     		ldr	r3, .L5+4
 149 0018 1B78     		ldrb	r3, [r3]
 150 001a DBB2     		uxtb	r3, r3
 151 001c 43F00103 		orr	r3, r3, #1
 152 0020 DBB2     		uxtb	r3, r3
 153 0022 1370     		strb	r3, [r2]
 186:.\Generated_Source\PSoC5/Timer_1.c ****     #endif /* Set Enable bit for enabling Fixed function timer*/
 187:.\Generated_Source\PSoC5/Timer_1.c **** 
 188:.\Generated_Source\PSoC5/Timer_1.c ****     /* Remove assignment if control register is removed */
 189:.\Generated_Source\PSoC5/Timer_1.c ****     #if (!Timer_1_UDB_CONTROL_REG_REMOVED || Timer_1_UsingFixedFunction)
ARM GAS  C:\Users\ologa\AppData\Local\Temp\ccCX9U4x.s 			page 7


 190:.\Generated_Source\PSoC5/Timer_1.c ****         Timer_1_CONTROL |= Timer_1_CTRL_ENABLE;
 154              		.loc 1 190 0
 155 0024 074A     		ldr	r2, .L5+8
 156 0026 074B     		ldr	r3, .L5+8
 157 0028 1B78     		ldrb	r3, [r3]
 158 002a DBB2     		uxtb	r3, r3
 159 002c 43F00103 		orr	r3, r3, #1
 160 0030 DBB2     		uxtb	r3, r3
 161 0032 1370     		strb	r3, [r2]
 191:.\Generated_Source\PSoC5/Timer_1.c ****     #endif /* Remove assignment if control register is removed */
 192:.\Generated_Source\PSoC5/Timer_1.c **** }
 162              		.loc 1 192 0
 163 0034 BD46     		mov	sp, r7
 164              		.cfi_def_cfa_register 13
 165              		@ sp needed
 166 0036 5DF8047B 		ldr	r7, [sp], #4
 167              		.cfi_restore 7
 168              		.cfi_def_cfa_offset 0
 169 003a 7047     		bx	lr
 170              	.L6:
 171              		.align	2
 172              	.L5:
 173 003c A3430040 		.word	1073759139
 174 0040 B3430040 		.word	1073759155
 175 0044 004F0040 		.word	1073762048
 176              		.cfi_endproc
 177              	.LFE1:
 178              		.size	Timer_1_Enable, .-Timer_1_Enable
 179              		.section	.text.Timer_1_Start,"ax",%progbits
 180              		.align	2
 181              		.global	Timer_1_Start
 182              		.thumb
 183              		.thumb_func
 184              		.type	Timer_1_Start, %function
 185              	Timer_1_Start:
 186              	.LFB2:
 193:.\Generated_Source\PSoC5/Timer_1.c **** 
 194:.\Generated_Source\PSoC5/Timer_1.c **** 
 195:.\Generated_Source\PSoC5/Timer_1.c **** /*******************************************************************************
 196:.\Generated_Source\PSoC5/Timer_1.c **** * Function Name: Timer_1_Start
 197:.\Generated_Source\PSoC5/Timer_1.c **** ********************************************************************************
 198:.\Generated_Source\PSoC5/Timer_1.c **** *
 199:.\Generated_Source\PSoC5/Timer_1.c **** * Summary:
 200:.\Generated_Source\PSoC5/Timer_1.c **** *  The start function initializes the timer with the default values, the
 201:.\Generated_Source\PSoC5/Timer_1.c **** *  enables the timerto begin counting.  It does not enable interrupts,
 202:.\Generated_Source\PSoC5/Timer_1.c **** *  the EnableInt command should be called if interrupt generation is required.
 203:.\Generated_Source\PSoC5/Timer_1.c **** *
 204:.\Generated_Source\PSoC5/Timer_1.c **** * Parameters:
 205:.\Generated_Source\PSoC5/Timer_1.c **** *  void
 206:.\Generated_Source\PSoC5/Timer_1.c **** *
 207:.\Generated_Source\PSoC5/Timer_1.c **** * Return:
 208:.\Generated_Source\PSoC5/Timer_1.c **** *  void
 209:.\Generated_Source\PSoC5/Timer_1.c **** *
 210:.\Generated_Source\PSoC5/Timer_1.c **** * Global variables:
 211:.\Generated_Source\PSoC5/Timer_1.c **** *  Timer_1_initVar: Is modified when this function is called for the
 212:.\Generated_Source\PSoC5/Timer_1.c **** *   first time. Is used to ensure that initialization happens only once.
 213:.\Generated_Source\PSoC5/Timer_1.c **** *
ARM GAS  C:\Users\ologa\AppData\Local\Temp\ccCX9U4x.s 			page 8


 214:.\Generated_Source\PSoC5/Timer_1.c **** *******************************************************************************/
 215:.\Generated_Source\PSoC5/Timer_1.c **** void Timer_1_Start(void) 
 216:.\Generated_Source\PSoC5/Timer_1.c **** {
 187              		.loc 1 216 0
 188              		.cfi_startproc
 189              		@ args = 0, pretend = 0, frame = 0
 190              		@ frame_needed = 1, uses_anonymous_args = 0
 191 0000 80B5     		push	{r7, lr}
 192              		.cfi_def_cfa_offset 8
 193              		.cfi_offset 7, -8
 194              		.cfi_offset 14, -4
 195 0002 00AF     		add	r7, sp, #0
 196              		.cfi_def_cfa_register 7
 217:.\Generated_Source\PSoC5/Timer_1.c ****     if(Timer_1_initVar == 0u)
 197              		.loc 1 217 0
 198 0004 054B     		ldr	r3, .L9
 199 0006 1B78     		ldrb	r3, [r3]	@ zero_extendqisi2
 200 0008 002B     		cmp	r3, #0
 201 000a 04D1     		bne	.L8
 218:.\Generated_Source\PSoC5/Timer_1.c ****     {
 219:.\Generated_Source\PSoC5/Timer_1.c ****         Timer_1_Init();
 202              		.loc 1 219 0
 203 000c FFF7FEFF 		bl	Timer_1_Init
 220:.\Generated_Source\PSoC5/Timer_1.c **** 
 221:.\Generated_Source\PSoC5/Timer_1.c ****         Timer_1_initVar = 1u;   /* Clear this bit for Initialization */
 204              		.loc 1 221 0
 205 0010 024B     		ldr	r3, .L9
 206 0012 0122     		movs	r2, #1
 207 0014 1A70     		strb	r2, [r3]
 208              	.L8:
 222:.\Generated_Source\PSoC5/Timer_1.c ****     }
 223:.\Generated_Source\PSoC5/Timer_1.c **** 
 224:.\Generated_Source\PSoC5/Timer_1.c ****     /* Enable the Timer */
 225:.\Generated_Source\PSoC5/Timer_1.c ****     Timer_1_Enable();
 209              		.loc 1 225 0
 210 0016 FFF7FEFF 		bl	Timer_1_Enable
 226:.\Generated_Source\PSoC5/Timer_1.c **** }
 211              		.loc 1 226 0
 212 001a 80BD     		pop	{r7, pc}
 213              	.L10:
 214              		.align	2
 215              	.L9:
 216 001c 00000000 		.word	Timer_1_initVar
 217              		.cfi_endproc
 218              	.LFE2:
 219              		.size	Timer_1_Start, .-Timer_1_Start
 220              		.section	.text.Timer_1_Stop,"ax",%progbits
 221              		.align	2
 222              		.global	Timer_1_Stop
 223              		.thumb
 224              		.thumb_func
 225              		.type	Timer_1_Stop, %function
 226              	Timer_1_Stop:
 227              	.LFB3:
 227:.\Generated_Source\PSoC5/Timer_1.c **** 
 228:.\Generated_Source\PSoC5/Timer_1.c **** 
 229:.\Generated_Source\PSoC5/Timer_1.c **** /*******************************************************************************
ARM GAS  C:\Users\ologa\AppData\Local\Temp\ccCX9U4x.s 			page 9


 230:.\Generated_Source\PSoC5/Timer_1.c **** * Function Name: Timer_1_Stop
 231:.\Generated_Source\PSoC5/Timer_1.c **** ********************************************************************************
 232:.\Generated_Source\PSoC5/Timer_1.c **** *
 233:.\Generated_Source\PSoC5/Timer_1.c **** * Summary:
 234:.\Generated_Source\PSoC5/Timer_1.c **** *  The stop function halts the timer, but does not change any modes or disable
 235:.\Generated_Source\PSoC5/Timer_1.c **** *  interrupts.
 236:.\Generated_Source\PSoC5/Timer_1.c **** *
 237:.\Generated_Source\PSoC5/Timer_1.c **** * Parameters:
 238:.\Generated_Source\PSoC5/Timer_1.c **** *  void
 239:.\Generated_Source\PSoC5/Timer_1.c **** *
 240:.\Generated_Source\PSoC5/Timer_1.c **** * Return:
 241:.\Generated_Source\PSoC5/Timer_1.c **** *  void
 242:.\Generated_Source\PSoC5/Timer_1.c **** *
 243:.\Generated_Source\PSoC5/Timer_1.c **** * Side Effects: If the Enable mode is set to Hardware only then this function
 244:.\Generated_Source\PSoC5/Timer_1.c **** *               has no effect on the operation of the timer.
 245:.\Generated_Source\PSoC5/Timer_1.c **** *
 246:.\Generated_Source\PSoC5/Timer_1.c **** *******************************************************************************/
 247:.\Generated_Source\PSoC5/Timer_1.c **** void Timer_1_Stop(void) 
 248:.\Generated_Source\PSoC5/Timer_1.c **** {
 228              		.loc 1 248 0
 229              		.cfi_startproc
 230              		@ args = 0, pretend = 0, frame = 0
 231              		@ frame_needed = 1, uses_anonymous_args = 0
 232              		@ link register save eliminated.
 233 0000 80B4     		push	{r7}
 234              		.cfi_def_cfa_offset 4
 235              		.cfi_offset 7, -4
 236 0002 00AF     		add	r7, sp, #0
 237              		.cfi_def_cfa_register 7
 249:.\Generated_Source\PSoC5/Timer_1.c ****     /* Disable Timer */
 250:.\Generated_Source\PSoC5/Timer_1.c ****     #if(!Timer_1_UDB_CONTROL_REG_REMOVED || Timer_1_UsingFixedFunction)
 251:.\Generated_Source\PSoC5/Timer_1.c ****         Timer_1_CONTROL &= ((uint8)(~Timer_1_CTRL_ENABLE));
 238              		.loc 1 251 0
 239 0004 0D4A     		ldr	r2, .L12
 240 0006 0D4B     		ldr	r3, .L12
 241 0008 1B78     		ldrb	r3, [r3]
 242 000a DBB2     		uxtb	r3, r3
 243 000c 23F00103 		bic	r3, r3, #1
 244 0010 DBB2     		uxtb	r3, r3
 245 0012 1370     		strb	r3, [r2]
 252:.\Generated_Source\PSoC5/Timer_1.c ****     #endif /* Remove assignment if control register is removed */
 253:.\Generated_Source\PSoC5/Timer_1.c **** 
 254:.\Generated_Source\PSoC5/Timer_1.c ****     /* Globally disable the Fixed Function Block chosen */
 255:.\Generated_Source\PSoC5/Timer_1.c ****     #if (Timer_1_UsingFixedFunction)
 256:.\Generated_Source\PSoC5/Timer_1.c ****         Timer_1_GLOBAL_ENABLE &= ((uint8)(~Timer_1_BLOCK_EN_MASK));
 246              		.loc 1 256 0
 247 0014 0A4A     		ldr	r2, .L12+4
 248 0016 0A4B     		ldr	r3, .L12+4
 249 0018 1B78     		ldrb	r3, [r3]
 250 001a DBB2     		uxtb	r3, r3
 251 001c 23F00103 		bic	r3, r3, #1
 252 0020 DBB2     		uxtb	r3, r3
 253 0022 1370     		strb	r3, [r2]
 257:.\Generated_Source\PSoC5/Timer_1.c ****         Timer_1_GLOBAL_STBY_ENABLE &= ((uint8)(~Timer_1_BLOCK_STBY_EN_MASK));
 254              		.loc 1 257 0
 255 0024 074A     		ldr	r2, .L12+8
 256 0026 074B     		ldr	r3, .L12+8
ARM GAS  C:\Users\ologa\AppData\Local\Temp\ccCX9U4x.s 			page 10


 257 0028 1B78     		ldrb	r3, [r3]
 258 002a DBB2     		uxtb	r3, r3
 259 002c 23F00103 		bic	r3, r3, #1
 260 0030 DBB2     		uxtb	r3, r3
 261 0032 1370     		strb	r3, [r2]
 258:.\Generated_Source\PSoC5/Timer_1.c ****     #endif /* Disable global enable for the Timer Fixed function block to stop the Timer*/
 259:.\Generated_Source\PSoC5/Timer_1.c **** }
 262              		.loc 1 259 0
 263 0034 BD46     		mov	sp, r7
 264              		.cfi_def_cfa_register 13
 265              		@ sp needed
 266 0036 5DF8047B 		ldr	r7, [sp], #4
 267              		.cfi_restore 7
 268              		.cfi_def_cfa_offset 0
 269 003a 7047     		bx	lr
 270              	.L13:
 271              		.align	2
 272              	.L12:
 273 003c 004F0040 		.word	1073762048
 274 0040 A3430040 		.word	1073759139
 275 0044 B3430040 		.word	1073759155
 276              		.cfi_endproc
 277              	.LFE3:
 278              		.size	Timer_1_Stop, .-Timer_1_Stop
 279              		.section	.text.Timer_1_SetInterruptMode,"ax",%progbits
 280              		.align	2
 281              		.global	Timer_1_SetInterruptMode
 282              		.thumb
 283              		.thumb_func
 284              		.type	Timer_1_SetInterruptMode, %function
 285              	Timer_1_SetInterruptMode:
 286              	.LFB4:
 260:.\Generated_Source\PSoC5/Timer_1.c **** 
 261:.\Generated_Source\PSoC5/Timer_1.c **** 
 262:.\Generated_Source\PSoC5/Timer_1.c **** /*******************************************************************************
 263:.\Generated_Source\PSoC5/Timer_1.c **** * Function Name: Timer_1_SetInterruptMode
 264:.\Generated_Source\PSoC5/Timer_1.c **** ********************************************************************************
 265:.\Generated_Source\PSoC5/Timer_1.c **** *
 266:.\Generated_Source\PSoC5/Timer_1.c **** * Summary:
 267:.\Generated_Source\PSoC5/Timer_1.c **** *  This function selects which of the interrupt inputs may cause an interrupt.
 268:.\Generated_Source\PSoC5/Timer_1.c **** *  The twosources are caputure and terminal.  One, both or neither may
 269:.\Generated_Source\PSoC5/Timer_1.c **** *  be selected.
 270:.\Generated_Source\PSoC5/Timer_1.c **** *
 271:.\Generated_Source\PSoC5/Timer_1.c **** * Parameters:
 272:.\Generated_Source\PSoC5/Timer_1.c **** *  interruptMode:   This parameter is used to enable interrups on either/or
 273:.\Generated_Source\PSoC5/Timer_1.c **** *                   terminal count or capture.
 274:.\Generated_Source\PSoC5/Timer_1.c **** *
 275:.\Generated_Source\PSoC5/Timer_1.c **** * Return:
 276:.\Generated_Source\PSoC5/Timer_1.c **** *  void
 277:.\Generated_Source\PSoC5/Timer_1.c **** *
 278:.\Generated_Source\PSoC5/Timer_1.c **** *******************************************************************************/
 279:.\Generated_Source\PSoC5/Timer_1.c **** void Timer_1_SetInterruptMode(uint8 interruptMode) 
 280:.\Generated_Source\PSoC5/Timer_1.c **** {
 287              		.loc 1 280 0
 288              		.cfi_startproc
 289              		@ args = 0, pretend = 0, frame = 8
 290              		@ frame_needed = 1, uses_anonymous_args = 0
ARM GAS  C:\Users\ologa\AppData\Local\Temp\ccCX9U4x.s 			page 11


 291              		@ link register save eliminated.
 292 0000 80B4     		push	{r7}
 293              		.cfi_def_cfa_offset 4
 294              		.cfi_offset 7, -4
 295 0002 83B0     		sub	sp, sp, #12
 296              		.cfi_def_cfa_offset 16
 297 0004 00AF     		add	r7, sp, #0
 298              		.cfi_def_cfa_register 7
 299 0006 0346     		mov	r3, r0
 300 0008 FB71     		strb	r3, [r7, #7]
 281:.\Generated_Source\PSoC5/Timer_1.c ****     Timer_1_STATUS_MASK = interruptMode;
 301              		.loc 1 281 0
 302 000a 044A     		ldr	r2, .L15
 303 000c FB79     		ldrb	r3, [r7, #7]
 304 000e 1370     		strb	r3, [r2]
 282:.\Generated_Source\PSoC5/Timer_1.c **** }
 305              		.loc 1 282 0
 306 0010 0C37     		adds	r7, r7, #12
 307              		.cfi_def_cfa_offset 4
 308 0012 BD46     		mov	sp, r7
 309              		.cfi_def_cfa_register 13
 310              		@ sp needed
 311 0014 5DF8047B 		ldr	r7, [sp], #4
 312              		.cfi_restore 7
 313              		.cfi_def_cfa_offset 0
 314 0018 7047     		bx	lr
 315              	.L16:
 316 001a 00BF     		.align	2
 317              	.L15:
 318 001c 034F0040 		.word	1073762051
 319              		.cfi_endproc
 320              	.LFE4:
 321              		.size	Timer_1_SetInterruptMode, .-Timer_1_SetInterruptMode
 322              		.section	.text.Timer_1_SoftwareCapture,"ax",%progbits
 323              		.align	2
 324              		.global	Timer_1_SoftwareCapture
 325              		.thumb
 326              		.thumb_func
 327              		.type	Timer_1_SoftwareCapture, %function
 328              	Timer_1_SoftwareCapture:
 329              	.LFB5:
 283:.\Generated_Source\PSoC5/Timer_1.c **** 
 284:.\Generated_Source\PSoC5/Timer_1.c **** 
 285:.\Generated_Source\PSoC5/Timer_1.c **** /*******************************************************************************
 286:.\Generated_Source\PSoC5/Timer_1.c **** * Function Name: Timer_1_SoftwareCapture
 287:.\Generated_Source\PSoC5/Timer_1.c **** ********************************************************************************
 288:.\Generated_Source\PSoC5/Timer_1.c **** *
 289:.\Generated_Source\PSoC5/Timer_1.c **** * Summary:
 290:.\Generated_Source\PSoC5/Timer_1.c **** *  This function forces a capture independent of the capture signal.
 291:.\Generated_Source\PSoC5/Timer_1.c **** *
 292:.\Generated_Source\PSoC5/Timer_1.c **** * Parameters:
 293:.\Generated_Source\PSoC5/Timer_1.c **** *  void
 294:.\Generated_Source\PSoC5/Timer_1.c **** *
 295:.\Generated_Source\PSoC5/Timer_1.c **** * Return:
 296:.\Generated_Source\PSoC5/Timer_1.c **** *  void
 297:.\Generated_Source\PSoC5/Timer_1.c **** *
 298:.\Generated_Source\PSoC5/Timer_1.c **** * Side Effects:
ARM GAS  C:\Users\ologa\AppData\Local\Temp\ccCX9U4x.s 			page 12


 299:.\Generated_Source\PSoC5/Timer_1.c **** *  An existing hardware capture could be overwritten.
 300:.\Generated_Source\PSoC5/Timer_1.c **** *
 301:.\Generated_Source\PSoC5/Timer_1.c **** *******************************************************************************/
 302:.\Generated_Source\PSoC5/Timer_1.c **** void Timer_1_SoftwareCapture(void) 
 303:.\Generated_Source\PSoC5/Timer_1.c **** {
 330              		.loc 1 303 0
 331              		.cfi_startproc
 332              		@ args = 0, pretend = 0, frame = 0
 333              		@ frame_needed = 1, uses_anonymous_args = 0
 334              		@ link register save eliminated.
 335 0000 80B4     		push	{r7}
 336              		.cfi_def_cfa_offset 4
 337              		.cfi_offset 7, -4
 338 0002 00AF     		add	r7, sp, #0
 339              		.cfi_def_cfa_register 7
 304:.\Generated_Source\PSoC5/Timer_1.c ****     /* Generate a software capture by reading the counter register */
 305:.\Generated_Source\PSoC5/Timer_1.c ****     #if(Timer_1_UsingFixedFunction)
 306:.\Generated_Source\PSoC5/Timer_1.c ****         (void)CY_GET_REG16(Timer_1_COUNTER_LSB_PTR);
 340              		.loc 1 306 0
 341 0004 024B     		ldr	r3, .L18
 342 0006 1B88     		ldrh	r3, [r3]	@ movhi
 307:.\Generated_Source\PSoC5/Timer_1.c ****     #else
 308:.\Generated_Source\PSoC5/Timer_1.c ****         (void)CY_GET_REG8(Timer_1_COUNTER_LSB_PTR_8BIT);
 309:.\Generated_Source\PSoC5/Timer_1.c ****     #endif/* (Timer_1_UsingFixedFunction) */
 310:.\Generated_Source\PSoC5/Timer_1.c ****     /* Capture Data is now in the FIFO */
 311:.\Generated_Source\PSoC5/Timer_1.c **** }
 343              		.loc 1 311 0
 344 0008 BD46     		mov	sp, r7
 345              		.cfi_def_cfa_register 13
 346              		@ sp needed
 347 000a 5DF8047B 		ldr	r7, [sp], #4
 348              		.cfi_restore 7
 349              		.cfi_def_cfa_offset 0
 350 000e 7047     		bx	lr
 351              	.L19:
 352              		.align	2
 353              	.L18:
 354 0010 064F0040 		.word	1073762054
 355              		.cfi_endproc
 356              	.LFE5:
 357              		.size	Timer_1_SoftwareCapture, .-Timer_1_SoftwareCapture
 358              		.section	.text.Timer_1_ReadStatusRegister,"ax",%progbits
 359              		.align	2
 360              		.global	Timer_1_ReadStatusRegister
 361              		.thumb
 362              		.thumb_func
 363              		.type	Timer_1_ReadStatusRegister, %function
 364              	Timer_1_ReadStatusRegister:
 365              	.LFB6:
 312:.\Generated_Source\PSoC5/Timer_1.c **** 
 313:.\Generated_Source\PSoC5/Timer_1.c **** 
 314:.\Generated_Source\PSoC5/Timer_1.c **** /*******************************************************************************
 315:.\Generated_Source\PSoC5/Timer_1.c **** * Function Name: Timer_1_ReadStatusRegister
 316:.\Generated_Source\PSoC5/Timer_1.c **** ********************************************************************************
 317:.\Generated_Source\PSoC5/Timer_1.c **** *
 318:.\Generated_Source\PSoC5/Timer_1.c **** * Summary:
 319:.\Generated_Source\PSoC5/Timer_1.c **** *  Reads the status register and returns it's state. This function should use
ARM GAS  C:\Users\ologa\AppData\Local\Temp\ccCX9U4x.s 			page 13


 320:.\Generated_Source\PSoC5/Timer_1.c **** *  defined types for the bit-field information as the bits in this register may
 321:.\Generated_Source\PSoC5/Timer_1.c **** *  be permuteable.
 322:.\Generated_Source\PSoC5/Timer_1.c **** *
 323:.\Generated_Source\PSoC5/Timer_1.c **** * Parameters:
 324:.\Generated_Source\PSoC5/Timer_1.c **** *  void
 325:.\Generated_Source\PSoC5/Timer_1.c **** *
 326:.\Generated_Source\PSoC5/Timer_1.c **** * Return:
 327:.\Generated_Source\PSoC5/Timer_1.c **** *  The contents of the status register
 328:.\Generated_Source\PSoC5/Timer_1.c **** *
 329:.\Generated_Source\PSoC5/Timer_1.c **** * Side Effects:
 330:.\Generated_Source\PSoC5/Timer_1.c **** *  Status register bits may be clear on read.
 331:.\Generated_Source\PSoC5/Timer_1.c **** *
 332:.\Generated_Source\PSoC5/Timer_1.c **** *******************************************************************************/
 333:.\Generated_Source\PSoC5/Timer_1.c **** uint8   Timer_1_ReadStatusRegister(void) 
 334:.\Generated_Source\PSoC5/Timer_1.c **** {
 366              		.loc 1 334 0
 367              		.cfi_startproc
 368              		@ args = 0, pretend = 0, frame = 0
 369              		@ frame_needed = 1, uses_anonymous_args = 0
 370              		@ link register save eliminated.
 371 0000 80B4     		push	{r7}
 372              		.cfi_def_cfa_offset 4
 373              		.cfi_offset 7, -4
 374 0002 00AF     		add	r7, sp, #0
 375              		.cfi_def_cfa_register 7
 335:.\Generated_Source\PSoC5/Timer_1.c ****     return (Timer_1_STATUS);
 376              		.loc 1 335 0
 377 0004 034B     		ldr	r3, .L22
 378 0006 1B78     		ldrb	r3, [r3]
 379 0008 DBB2     		uxtb	r3, r3
 336:.\Generated_Source\PSoC5/Timer_1.c **** }
 380              		.loc 1 336 0
 381 000a 1846     		mov	r0, r3
 382 000c BD46     		mov	sp, r7
 383              		.cfi_def_cfa_register 13
 384              		@ sp needed
 385 000e 5DF8047B 		ldr	r7, [sp], #4
 386              		.cfi_restore 7
 387              		.cfi_def_cfa_offset 0
 388 0012 7047     		bx	lr
 389              	.L23:
 390              		.align	2
 391              	.L22:
 392 0014 034F0040 		.word	1073762051
 393              		.cfi_endproc
 394              	.LFE6:
 395              		.size	Timer_1_ReadStatusRegister, .-Timer_1_ReadStatusRegister
 396              		.section	.text.Timer_1_ReadControlRegister,"ax",%progbits
 397              		.align	2
 398              		.global	Timer_1_ReadControlRegister
 399              		.thumb
 400              		.thumb_func
 401              		.type	Timer_1_ReadControlRegister, %function
 402              	Timer_1_ReadControlRegister:
 403              	.LFB7:
 337:.\Generated_Source\PSoC5/Timer_1.c **** 
 338:.\Generated_Source\PSoC5/Timer_1.c **** 
ARM GAS  C:\Users\ologa\AppData\Local\Temp\ccCX9U4x.s 			page 14


 339:.\Generated_Source\PSoC5/Timer_1.c **** #if (!Timer_1_UDB_CONTROL_REG_REMOVED) /* Remove API if control register is unused */
 340:.\Generated_Source\PSoC5/Timer_1.c **** 
 341:.\Generated_Source\PSoC5/Timer_1.c **** 
 342:.\Generated_Source\PSoC5/Timer_1.c **** /*******************************************************************************
 343:.\Generated_Source\PSoC5/Timer_1.c **** * Function Name: Timer_1_ReadControlRegister
 344:.\Generated_Source\PSoC5/Timer_1.c **** ********************************************************************************
 345:.\Generated_Source\PSoC5/Timer_1.c **** *
 346:.\Generated_Source\PSoC5/Timer_1.c **** * Summary:
 347:.\Generated_Source\PSoC5/Timer_1.c **** *  Reads the control register and returns it's value.
 348:.\Generated_Source\PSoC5/Timer_1.c **** *
 349:.\Generated_Source\PSoC5/Timer_1.c **** * Parameters:
 350:.\Generated_Source\PSoC5/Timer_1.c **** *  void
 351:.\Generated_Source\PSoC5/Timer_1.c **** *
 352:.\Generated_Source\PSoC5/Timer_1.c **** * Return:
 353:.\Generated_Source\PSoC5/Timer_1.c **** *  The contents of the control register
 354:.\Generated_Source\PSoC5/Timer_1.c **** *
 355:.\Generated_Source\PSoC5/Timer_1.c **** *******************************************************************************/
 356:.\Generated_Source\PSoC5/Timer_1.c **** uint8 Timer_1_ReadControlRegister(void) 
 357:.\Generated_Source\PSoC5/Timer_1.c **** {
 404              		.loc 1 357 0
 405              		.cfi_startproc
 406              		@ args = 0, pretend = 0, frame = 0
 407              		@ frame_needed = 1, uses_anonymous_args = 0
 408              		@ link register save eliminated.
 409 0000 80B4     		push	{r7}
 410              		.cfi_def_cfa_offset 4
 411              		.cfi_offset 7, -4
 412 0002 00AF     		add	r7, sp, #0
 413              		.cfi_def_cfa_register 7
 358:.\Generated_Source\PSoC5/Timer_1.c ****     #if (!Timer_1_UDB_CONTROL_REG_REMOVED) 
 359:.\Generated_Source\PSoC5/Timer_1.c ****         return ((uint8)Timer_1_CONTROL);
 414              		.loc 1 359 0
 415 0004 034B     		ldr	r3, .L26
 416 0006 1B78     		ldrb	r3, [r3]
 417 0008 DBB2     		uxtb	r3, r3
 360:.\Generated_Source\PSoC5/Timer_1.c ****     #else
 361:.\Generated_Source\PSoC5/Timer_1.c ****         return (0);
 362:.\Generated_Source\PSoC5/Timer_1.c ****     #endif /* (!Timer_1_UDB_CONTROL_REG_REMOVED) */
 363:.\Generated_Source\PSoC5/Timer_1.c **** }
 418              		.loc 1 363 0
 419 000a 1846     		mov	r0, r3
 420 000c BD46     		mov	sp, r7
 421              		.cfi_def_cfa_register 13
 422              		@ sp needed
 423 000e 5DF8047B 		ldr	r7, [sp], #4
 424              		.cfi_restore 7
 425              		.cfi_def_cfa_offset 0
 426 0012 7047     		bx	lr
 427              	.L27:
 428              		.align	2
 429              	.L26:
 430 0014 004F0040 		.word	1073762048
 431              		.cfi_endproc
 432              	.LFE7:
 433              		.size	Timer_1_ReadControlRegister, .-Timer_1_ReadControlRegister
 434              		.section	.text.Timer_1_WriteControlRegister,"ax",%progbits
 435              		.align	2
ARM GAS  C:\Users\ologa\AppData\Local\Temp\ccCX9U4x.s 			page 15


 436              		.global	Timer_1_WriteControlRegister
 437              		.thumb
 438              		.thumb_func
 439              		.type	Timer_1_WriteControlRegister, %function
 440              	Timer_1_WriteControlRegister:
 441              	.LFB8:
 364:.\Generated_Source\PSoC5/Timer_1.c **** 
 365:.\Generated_Source\PSoC5/Timer_1.c **** 
 366:.\Generated_Source\PSoC5/Timer_1.c **** /*******************************************************************************
 367:.\Generated_Source\PSoC5/Timer_1.c **** * Function Name: Timer_1_WriteControlRegister
 368:.\Generated_Source\PSoC5/Timer_1.c **** ********************************************************************************
 369:.\Generated_Source\PSoC5/Timer_1.c **** *
 370:.\Generated_Source\PSoC5/Timer_1.c **** * Summary:
 371:.\Generated_Source\PSoC5/Timer_1.c **** *  Sets the bit-field of the control register.
 372:.\Generated_Source\PSoC5/Timer_1.c **** *
 373:.\Generated_Source\PSoC5/Timer_1.c **** * Parameters:
 374:.\Generated_Source\PSoC5/Timer_1.c **** *  control: The contents of the control register
 375:.\Generated_Source\PSoC5/Timer_1.c **** *
 376:.\Generated_Source\PSoC5/Timer_1.c **** * Return:
 377:.\Generated_Source\PSoC5/Timer_1.c **** *
 378:.\Generated_Source\PSoC5/Timer_1.c **** *******************************************************************************/
 379:.\Generated_Source\PSoC5/Timer_1.c **** void Timer_1_WriteControlRegister(uint8 control) 
 380:.\Generated_Source\PSoC5/Timer_1.c **** {
 442              		.loc 1 380 0
 443              		.cfi_startproc
 444              		@ args = 0, pretend = 0, frame = 8
 445              		@ frame_needed = 1, uses_anonymous_args = 0
 446              		@ link register save eliminated.
 447 0000 80B4     		push	{r7}
 448              		.cfi_def_cfa_offset 4
 449              		.cfi_offset 7, -4
 450 0002 83B0     		sub	sp, sp, #12
 451              		.cfi_def_cfa_offset 16
 452 0004 00AF     		add	r7, sp, #0
 453              		.cfi_def_cfa_register 7
 454 0006 0346     		mov	r3, r0
 455 0008 FB71     		strb	r3, [r7, #7]
 381:.\Generated_Source\PSoC5/Timer_1.c ****     #if (!Timer_1_UDB_CONTROL_REG_REMOVED) 
 382:.\Generated_Source\PSoC5/Timer_1.c ****         Timer_1_CONTROL = control;
 456              		.loc 1 382 0
 457 000a 044A     		ldr	r2, .L29
 458 000c FB79     		ldrb	r3, [r7, #7]
 459 000e 1370     		strb	r3, [r2]
 383:.\Generated_Source\PSoC5/Timer_1.c ****     #else
 384:.\Generated_Source\PSoC5/Timer_1.c ****         control = 0u;
 385:.\Generated_Source\PSoC5/Timer_1.c ****     #endif /* (!Timer_1_UDB_CONTROL_REG_REMOVED) */
 386:.\Generated_Source\PSoC5/Timer_1.c **** }
 460              		.loc 1 386 0
 461 0010 0C37     		adds	r7, r7, #12
 462              		.cfi_def_cfa_offset 4
 463 0012 BD46     		mov	sp, r7
 464              		.cfi_def_cfa_register 13
 465              		@ sp needed
 466 0014 5DF8047B 		ldr	r7, [sp], #4
 467              		.cfi_restore 7
 468              		.cfi_def_cfa_offset 0
 469 0018 7047     		bx	lr
ARM GAS  C:\Users\ologa\AppData\Local\Temp\ccCX9U4x.s 			page 16


 470              	.L30:
 471 001a 00BF     		.align	2
 472              	.L29:
 473 001c 004F0040 		.word	1073762048
 474              		.cfi_endproc
 475              	.LFE8:
 476              		.size	Timer_1_WriteControlRegister, .-Timer_1_WriteControlRegister
 477              		.section	.text.Timer_1_ReadPeriod,"ax",%progbits
 478              		.align	2
 479              		.global	Timer_1_ReadPeriod
 480              		.thumb
 481              		.thumb_func
 482              		.type	Timer_1_ReadPeriod, %function
 483              	Timer_1_ReadPeriod:
 484              	.LFB9:
 387:.\Generated_Source\PSoC5/Timer_1.c **** 
 388:.\Generated_Source\PSoC5/Timer_1.c **** #endif /* Remove API if control register is unused */
 389:.\Generated_Source\PSoC5/Timer_1.c **** 
 390:.\Generated_Source\PSoC5/Timer_1.c **** 
 391:.\Generated_Source\PSoC5/Timer_1.c **** /*******************************************************************************
 392:.\Generated_Source\PSoC5/Timer_1.c **** * Function Name: Timer_1_ReadPeriod
 393:.\Generated_Source\PSoC5/Timer_1.c **** ********************************************************************************
 394:.\Generated_Source\PSoC5/Timer_1.c **** *
 395:.\Generated_Source\PSoC5/Timer_1.c **** * Summary:
 396:.\Generated_Source\PSoC5/Timer_1.c **** *  This function returns the current value of the Period.
 397:.\Generated_Source\PSoC5/Timer_1.c **** *
 398:.\Generated_Source\PSoC5/Timer_1.c **** * Parameters:
 399:.\Generated_Source\PSoC5/Timer_1.c **** *  void
 400:.\Generated_Source\PSoC5/Timer_1.c **** *
 401:.\Generated_Source\PSoC5/Timer_1.c **** * Return:
 402:.\Generated_Source\PSoC5/Timer_1.c **** *  The present value of the counter.
 403:.\Generated_Source\PSoC5/Timer_1.c **** *
 404:.\Generated_Source\PSoC5/Timer_1.c **** *******************************************************************************/
 405:.\Generated_Source\PSoC5/Timer_1.c **** uint8 Timer_1_ReadPeriod(void) 
 406:.\Generated_Source\PSoC5/Timer_1.c **** {
 485              		.loc 1 406 0
 486              		.cfi_startproc
 487              		@ args = 0, pretend = 0, frame = 0
 488              		@ frame_needed = 1, uses_anonymous_args = 0
 489              		@ link register save eliminated.
 490 0000 80B4     		push	{r7}
 491              		.cfi_def_cfa_offset 4
 492              		.cfi_offset 7, -4
 493 0002 00AF     		add	r7, sp, #0
 494              		.cfi_def_cfa_register 7
 407:.\Generated_Source\PSoC5/Timer_1.c ****    #if(Timer_1_UsingFixedFunction)
 408:.\Generated_Source\PSoC5/Timer_1.c ****        return ((uint8)CY_GET_REG16(Timer_1_PERIOD_LSB_PTR));
 495              		.loc 1 408 0
 496 0004 044B     		ldr	r3, .L33
 497 0006 1B88     		ldrh	r3, [r3]	@ movhi
 498 0008 9BB2     		uxth	r3, r3
 499 000a DBB2     		uxtb	r3, r3
 409:.\Generated_Source\PSoC5/Timer_1.c ****    #else
 410:.\Generated_Source\PSoC5/Timer_1.c ****        return (CY_GET_REG8(Timer_1_PERIOD_LSB_PTR));
 411:.\Generated_Source\PSoC5/Timer_1.c ****    #endif /* (Timer_1_UsingFixedFunction) */
 412:.\Generated_Source\PSoC5/Timer_1.c **** }
 500              		.loc 1 412 0
ARM GAS  C:\Users\ologa\AppData\Local\Temp\ccCX9U4x.s 			page 17


 501 000c 1846     		mov	r0, r3
 502 000e BD46     		mov	sp, r7
 503              		.cfi_def_cfa_register 13
 504              		@ sp needed
 505 0010 5DF8047B 		ldr	r7, [sp], #4
 506              		.cfi_restore 7
 507              		.cfi_def_cfa_offset 0
 508 0014 7047     		bx	lr
 509              	.L34:
 510 0016 00BF     		.align	2
 511              	.L33:
 512 0018 044F0040 		.word	1073762052
 513              		.cfi_endproc
 514              	.LFE9:
 515              		.size	Timer_1_ReadPeriod, .-Timer_1_ReadPeriod
 516              		.section	.text.Timer_1_WritePeriod,"ax",%progbits
 517              		.align	2
 518              		.global	Timer_1_WritePeriod
 519              		.thumb
 520              		.thumb_func
 521              		.type	Timer_1_WritePeriod, %function
 522              	Timer_1_WritePeriod:
 523              	.LFB10:
 413:.\Generated_Source\PSoC5/Timer_1.c **** 
 414:.\Generated_Source\PSoC5/Timer_1.c **** 
 415:.\Generated_Source\PSoC5/Timer_1.c **** /*******************************************************************************
 416:.\Generated_Source\PSoC5/Timer_1.c **** * Function Name: Timer_1_WritePeriod
 417:.\Generated_Source\PSoC5/Timer_1.c **** ********************************************************************************
 418:.\Generated_Source\PSoC5/Timer_1.c **** *
 419:.\Generated_Source\PSoC5/Timer_1.c **** * Summary:
 420:.\Generated_Source\PSoC5/Timer_1.c **** *  This function is used to change the period of the counter.  The new period
 421:.\Generated_Source\PSoC5/Timer_1.c **** *  will be loaded the next time terminal count is detected.
 422:.\Generated_Source\PSoC5/Timer_1.c **** *
 423:.\Generated_Source\PSoC5/Timer_1.c **** * Parameters:
 424:.\Generated_Source\PSoC5/Timer_1.c **** *  period: This value may be between 1 and (2^Resolution)-1.  A value of 0 will
 425:.\Generated_Source\PSoC5/Timer_1.c **** *          result in the counter remaining at zero.
 426:.\Generated_Source\PSoC5/Timer_1.c **** *
 427:.\Generated_Source\PSoC5/Timer_1.c **** * Return:
 428:.\Generated_Source\PSoC5/Timer_1.c **** *  void
 429:.\Generated_Source\PSoC5/Timer_1.c **** *
 430:.\Generated_Source\PSoC5/Timer_1.c **** *******************************************************************************/
 431:.\Generated_Source\PSoC5/Timer_1.c **** void Timer_1_WritePeriod(uint8 period) 
 432:.\Generated_Source\PSoC5/Timer_1.c **** {
 524              		.loc 1 432 0
 525              		.cfi_startproc
 526              		@ args = 0, pretend = 0, frame = 16
 527              		@ frame_needed = 1, uses_anonymous_args = 0
 528              		@ link register save eliminated.
 529 0000 80B4     		push	{r7}
 530              		.cfi_def_cfa_offset 4
 531              		.cfi_offset 7, -4
 532 0002 85B0     		sub	sp, sp, #20
 533              		.cfi_def_cfa_offset 24
 534 0004 00AF     		add	r7, sp, #0
 535              		.cfi_def_cfa_register 7
 536 0006 0346     		mov	r3, r0
 537 0008 FB71     		strb	r3, [r7, #7]
ARM GAS  C:\Users\ologa\AppData\Local\Temp\ccCX9U4x.s 			page 18


 433:.\Generated_Source\PSoC5/Timer_1.c ****     #if(Timer_1_UsingFixedFunction)
 434:.\Generated_Source\PSoC5/Timer_1.c ****         uint16 period_temp = (uint16)period;
 538              		.loc 1 434 0
 539 000a FB79     		ldrb	r3, [r7, #7]	@ zero_extendqisi2
 540 000c FB81     		strh	r3, [r7, #14]	@ movhi
 435:.\Generated_Source\PSoC5/Timer_1.c ****         CY_SET_REG16(Timer_1_PERIOD_LSB_PTR, period_temp);
 541              		.loc 1 435 0
 542 000e 044A     		ldr	r2, .L36
 543 0010 FB89     		ldrh	r3, [r7, #14]	@ movhi
 544 0012 1380     		strh	r3, [r2]	@ movhi
 436:.\Generated_Source\PSoC5/Timer_1.c ****     #else
 437:.\Generated_Source\PSoC5/Timer_1.c ****         CY_SET_REG8(Timer_1_PERIOD_LSB_PTR, period);
 438:.\Generated_Source\PSoC5/Timer_1.c ****     #endif /*Write Period value with appropriate resolution suffix depending on UDB or fixed functi
 439:.\Generated_Source\PSoC5/Timer_1.c **** }
 545              		.loc 1 439 0
 546 0014 1437     		adds	r7, r7, #20
 547              		.cfi_def_cfa_offset 4
 548 0016 BD46     		mov	sp, r7
 549              		.cfi_def_cfa_register 13
 550              		@ sp needed
 551 0018 5DF8047B 		ldr	r7, [sp], #4
 552              		.cfi_restore 7
 553              		.cfi_def_cfa_offset 0
 554 001c 7047     		bx	lr
 555              	.L37:
 556 001e 00BF     		.align	2
 557              	.L36:
 558 0020 044F0040 		.word	1073762052
 559              		.cfi_endproc
 560              	.LFE10:
 561              		.size	Timer_1_WritePeriod, .-Timer_1_WritePeriod
 562              		.section	.text.Timer_1_ReadCapture,"ax",%progbits
 563              		.align	2
 564              		.global	Timer_1_ReadCapture
 565              		.thumb
 566              		.thumb_func
 567              		.type	Timer_1_ReadCapture, %function
 568              	Timer_1_ReadCapture:
 569              	.LFB11:
 440:.\Generated_Source\PSoC5/Timer_1.c **** 
 441:.\Generated_Source\PSoC5/Timer_1.c **** 
 442:.\Generated_Source\PSoC5/Timer_1.c **** /*******************************************************************************
 443:.\Generated_Source\PSoC5/Timer_1.c **** * Function Name: Timer_1_ReadCapture
 444:.\Generated_Source\PSoC5/Timer_1.c **** ********************************************************************************
 445:.\Generated_Source\PSoC5/Timer_1.c **** *
 446:.\Generated_Source\PSoC5/Timer_1.c **** * Summary:
 447:.\Generated_Source\PSoC5/Timer_1.c **** *  This function returns the last value captured.
 448:.\Generated_Source\PSoC5/Timer_1.c **** *
 449:.\Generated_Source\PSoC5/Timer_1.c **** * Parameters:
 450:.\Generated_Source\PSoC5/Timer_1.c **** *  void
 451:.\Generated_Source\PSoC5/Timer_1.c **** *
 452:.\Generated_Source\PSoC5/Timer_1.c **** * Return:
 453:.\Generated_Source\PSoC5/Timer_1.c **** *  Present Capture value.
 454:.\Generated_Source\PSoC5/Timer_1.c **** *
 455:.\Generated_Source\PSoC5/Timer_1.c **** *******************************************************************************/
 456:.\Generated_Source\PSoC5/Timer_1.c **** uint8 Timer_1_ReadCapture(void) 
 457:.\Generated_Source\PSoC5/Timer_1.c **** {
ARM GAS  C:\Users\ologa\AppData\Local\Temp\ccCX9U4x.s 			page 19


 570              		.loc 1 457 0
 571              		.cfi_startproc
 572              		@ args = 0, pretend = 0, frame = 0
 573              		@ frame_needed = 1, uses_anonymous_args = 0
 574              		@ link register save eliminated.
 575 0000 80B4     		push	{r7}
 576              		.cfi_def_cfa_offset 4
 577              		.cfi_offset 7, -4
 578 0002 00AF     		add	r7, sp, #0
 579              		.cfi_def_cfa_register 7
 458:.\Generated_Source\PSoC5/Timer_1.c ****    #if(Timer_1_UsingFixedFunction)
 459:.\Generated_Source\PSoC5/Timer_1.c ****        return ((uint8)CY_GET_REG16(Timer_1_CAPTURE_LSB_PTR));
 580              		.loc 1 459 0
 581 0004 044B     		ldr	r3, .L40
 582 0006 1B88     		ldrh	r3, [r3]	@ movhi
 583 0008 9BB2     		uxth	r3, r3
 584 000a DBB2     		uxtb	r3, r3
 460:.\Generated_Source\PSoC5/Timer_1.c ****    #else
 461:.\Generated_Source\PSoC5/Timer_1.c ****        return (CY_GET_REG8(Timer_1_CAPTURE_LSB_PTR));
 462:.\Generated_Source\PSoC5/Timer_1.c ****    #endif /* (Timer_1_UsingFixedFunction) */
 463:.\Generated_Source\PSoC5/Timer_1.c **** }
 585              		.loc 1 463 0
 586 000c 1846     		mov	r0, r3
 587 000e BD46     		mov	sp, r7
 588              		.cfi_def_cfa_register 13
 589              		@ sp needed
 590 0010 5DF8047B 		ldr	r7, [sp], #4
 591              		.cfi_restore 7
 592              		.cfi_def_cfa_offset 0
 593 0014 7047     		bx	lr
 594              	.L41:
 595 0016 00BF     		.align	2
 596              	.L40:
 597 0018 084F0040 		.word	1073762056
 598              		.cfi_endproc
 599              	.LFE11:
 600              		.size	Timer_1_ReadCapture, .-Timer_1_ReadCapture
 601              		.section	.text.Timer_1_WriteCounter,"ax",%progbits
 602              		.align	2
 603              		.global	Timer_1_WriteCounter
 604              		.thumb
 605              		.thumb_func
 606              		.type	Timer_1_WriteCounter, %function
 607              	Timer_1_WriteCounter:
 608              	.LFB12:
 464:.\Generated_Source\PSoC5/Timer_1.c **** 
 465:.\Generated_Source\PSoC5/Timer_1.c **** 
 466:.\Generated_Source\PSoC5/Timer_1.c **** /*******************************************************************************
 467:.\Generated_Source\PSoC5/Timer_1.c **** * Function Name: Timer_1_WriteCounter
 468:.\Generated_Source\PSoC5/Timer_1.c **** ********************************************************************************
 469:.\Generated_Source\PSoC5/Timer_1.c **** *
 470:.\Generated_Source\PSoC5/Timer_1.c **** * Summary:
 471:.\Generated_Source\PSoC5/Timer_1.c **** *  This funtion is used to set the counter to a specific value
 472:.\Generated_Source\PSoC5/Timer_1.c **** *
 473:.\Generated_Source\PSoC5/Timer_1.c **** * Parameters:
 474:.\Generated_Source\PSoC5/Timer_1.c **** *  counter:  New counter value.
 475:.\Generated_Source\PSoC5/Timer_1.c **** *
ARM GAS  C:\Users\ologa\AppData\Local\Temp\ccCX9U4x.s 			page 20


 476:.\Generated_Source\PSoC5/Timer_1.c **** * Return:
 477:.\Generated_Source\PSoC5/Timer_1.c **** *  void
 478:.\Generated_Source\PSoC5/Timer_1.c **** *
 479:.\Generated_Source\PSoC5/Timer_1.c **** *******************************************************************************/
 480:.\Generated_Source\PSoC5/Timer_1.c **** void Timer_1_WriteCounter(uint8 counter) 
 481:.\Generated_Source\PSoC5/Timer_1.c **** {
 609              		.loc 1 481 0
 610              		.cfi_startproc
 611              		@ args = 0, pretend = 0, frame = 8
 612              		@ frame_needed = 1, uses_anonymous_args = 0
 613              		@ link register save eliminated.
 614 0000 80B4     		push	{r7}
 615              		.cfi_def_cfa_offset 4
 616              		.cfi_offset 7, -4
 617 0002 83B0     		sub	sp, sp, #12
 618              		.cfi_def_cfa_offset 16
 619 0004 00AF     		add	r7, sp, #0
 620              		.cfi_def_cfa_register 7
 621 0006 0346     		mov	r3, r0
 622 0008 FB71     		strb	r3, [r7, #7]
 482:.\Generated_Source\PSoC5/Timer_1.c ****    #if(Timer_1_UsingFixedFunction)
 483:.\Generated_Source\PSoC5/Timer_1.c ****         /* This functionality is removed until a FixedFunction HW update to
 484:.\Generated_Source\PSoC5/Timer_1.c ****          * allow this register to be written
 485:.\Generated_Source\PSoC5/Timer_1.c ****          */
 486:.\Generated_Source\PSoC5/Timer_1.c ****         CY_SET_REG16(Timer_1_COUNTER_LSB_PTR, (uint16)counter);
 623              		.loc 1 486 0
 624 000a 044B     		ldr	r3, .L43
 625 000c FA79     		ldrb	r2, [r7, #7]	@ zero_extendqisi2
 626 000e 92B2     		uxth	r2, r2
 627 0010 1A80     		strh	r2, [r3]	@ movhi
 487:.\Generated_Source\PSoC5/Timer_1.c ****         
 488:.\Generated_Source\PSoC5/Timer_1.c ****     #else
 489:.\Generated_Source\PSoC5/Timer_1.c ****         CY_SET_REG8(Timer_1_COUNTER_LSB_PTR, counter);
 490:.\Generated_Source\PSoC5/Timer_1.c ****     #endif /* Set Write Counter only for the UDB implementation (Write Counter not available in fix
 491:.\Generated_Source\PSoC5/Timer_1.c **** }
 628              		.loc 1 491 0
 629 0012 0C37     		adds	r7, r7, #12
 630              		.cfi_def_cfa_offset 4
 631 0014 BD46     		mov	sp, r7
 632              		.cfi_def_cfa_register 13
 633              		@ sp needed
 634 0016 5DF8047B 		ldr	r7, [sp], #4
 635              		.cfi_restore 7
 636              		.cfi_def_cfa_offset 0
 637 001a 7047     		bx	lr
 638              	.L44:
 639              		.align	2
 640              	.L43:
 641 001c 064F0040 		.word	1073762054
 642              		.cfi_endproc
 643              	.LFE12:
 644              		.size	Timer_1_WriteCounter, .-Timer_1_WriteCounter
 645              		.section	.text.Timer_1_ReadCounter,"ax",%progbits
 646              		.align	2
 647              		.global	Timer_1_ReadCounter
 648              		.thumb
 649              		.thumb_func
ARM GAS  C:\Users\ologa\AppData\Local\Temp\ccCX9U4x.s 			page 21


 650              		.type	Timer_1_ReadCounter, %function
 651              	Timer_1_ReadCounter:
 652              	.LFB13:
 492:.\Generated_Source\PSoC5/Timer_1.c **** 
 493:.\Generated_Source\PSoC5/Timer_1.c **** 
 494:.\Generated_Source\PSoC5/Timer_1.c **** /*******************************************************************************
 495:.\Generated_Source\PSoC5/Timer_1.c **** * Function Name: Timer_1_ReadCounter
 496:.\Generated_Source\PSoC5/Timer_1.c **** ********************************************************************************
 497:.\Generated_Source\PSoC5/Timer_1.c **** *
 498:.\Generated_Source\PSoC5/Timer_1.c **** * Summary:
 499:.\Generated_Source\PSoC5/Timer_1.c **** *  This function returns the current counter value.
 500:.\Generated_Source\PSoC5/Timer_1.c **** *
 501:.\Generated_Source\PSoC5/Timer_1.c **** * Parameters:
 502:.\Generated_Source\PSoC5/Timer_1.c **** *  void
 503:.\Generated_Source\PSoC5/Timer_1.c **** *
 504:.\Generated_Source\PSoC5/Timer_1.c **** * Return:
 505:.\Generated_Source\PSoC5/Timer_1.c **** *  Present compare value.
 506:.\Generated_Source\PSoC5/Timer_1.c **** *
 507:.\Generated_Source\PSoC5/Timer_1.c **** *******************************************************************************/
 508:.\Generated_Source\PSoC5/Timer_1.c **** uint8 Timer_1_ReadCounter(void) 
 509:.\Generated_Source\PSoC5/Timer_1.c **** {
 653              		.loc 1 509 0
 654              		.cfi_startproc
 655              		@ args = 0, pretend = 0, frame = 0
 656              		@ frame_needed = 1, uses_anonymous_args = 0
 657              		@ link register save eliminated.
 658 0000 80B4     		push	{r7}
 659              		.cfi_def_cfa_offset 4
 660              		.cfi_offset 7, -4
 661 0002 00AF     		add	r7, sp, #0
 662              		.cfi_def_cfa_register 7
 510:.\Generated_Source\PSoC5/Timer_1.c ****     /* Force capture by reading Accumulator */
 511:.\Generated_Source\PSoC5/Timer_1.c ****     /* Must first do a software capture to be able to read the counter */
 512:.\Generated_Source\PSoC5/Timer_1.c ****     /* It is up to the user code to make sure there isn't already captured data in the FIFO */
 513:.\Generated_Source\PSoC5/Timer_1.c ****     #if(Timer_1_UsingFixedFunction)
 514:.\Generated_Source\PSoC5/Timer_1.c ****         (void)CY_GET_REG16(Timer_1_COUNTER_LSB_PTR);
 663              		.loc 1 514 0
 664 0004 054B     		ldr	r3, .L47
 665 0006 1B88     		ldrh	r3, [r3]	@ movhi
 515:.\Generated_Source\PSoC5/Timer_1.c ****     #else
 516:.\Generated_Source\PSoC5/Timer_1.c ****         (void)CY_GET_REG8(Timer_1_COUNTER_LSB_PTR_8BIT);
 517:.\Generated_Source\PSoC5/Timer_1.c ****     #endif/* (Timer_1_UsingFixedFunction) */
 518:.\Generated_Source\PSoC5/Timer_1.c **** 
 519:.\Generated_Source\PSoC5/Timer_1.c ****     /* Read the data from the FIFO (or capture register for Fixed Function)*/
 520:.\Generated_Source\PSoC5/Timer_1.c ****     #if(Timer_1_UsingFixedFunction)
 521:.\Generated_Source\PSoC5/Timer_1.c ****         return ((uint8)CY_GET_REG16(Timer_1_CAPTURE_LSB_PTR));
 666              		.loc 1 521 0
 667 0008 054B     		ldr	r3, .L47+4
 668 000a 1B88     		ldrh	r3, [r3]	@ movhi
 669 000c 9BB2     		uxth	r3, r3
 670 000e DBB2     		uxtb	r3, r3
 522:.\Generated_Source\PSoC5/Timer_1.c ****     #else
 523:.\Generated_Source\PSoC5/Timer_1.c ****         return (CY_GET_REG8(Timer_1_CAPTURE_LSB_PTR));
 524:.\Generated_Source\PSoC5/Timer_1.c ****     #endif /* (Timer_1_UsingFixedFunction) */
 525:.\Generated_Source\PSoC5/Timer_1.c **** }
 671              		.loc 1 525 0
 672 0010 1846     		mov	r0, r3
ARM GAS  C:\Users\ologa\AppData\Local\Temp\ccCX9U4x.s 			page 22


 673 0012 BD46     		mov	sp, r7
 674              		.cfi_def_cfa_register 13
 675              		@ sp needed
 676 0014 5DF8047B 		ldr	r7, [sp], #4
 677              		.cfi_restore 7
 678              		.cfi_def_cfa_offset 0
 679 0018 7047     		bx	lr
 680              	.L48:
 681 001a 00BF     		.align	2
 682              	.L47:
 683 001c 064F0040 		.word	1073762054
 684 0020 084F0040 		.word	1073762056
 685              		.cfi_endproc
 686              	.LFE13:
 687              		.size	Timer_1_ReadCounter, .-Timer_1_ReadCounter
 688              		.text
 689              	.Letext0:
 690              		.file 2 ".\\Generated_Source\\PSoC5\\cytypes.h"
 691              		.section	.debug_info,"",%progbits
 692              	.Ldebug_info0:
 693 0000 36020000 		.4byte	0x236
 694 0004 0400     		.2byte	0x4
 695 0006 00000000 		.4byte	.Ldebug_abbrev0
 696 000a 04       		.byte	0x4
 697 000b 01       		.uleb128 0x1
 698 000c CC000000 		.4byte	.LASF35
 699 0010 01       		.byte	0x1
 700 0011 61010000 		.4byte	.LASF36
 701 0015 84010000 		.4byte	.LASF37
 702 0019 00000000 		.4byte	.Ldebug_ranges0+0
 703 001d 00000000 		.4byte	0
 704 0021 00000000 		.4byte	.Ldebug_line0
 705 0025 02       		.uleb128 0x2
 706 0026 01       		.byte	0x1
 707 0027 06       		.byte	0x6
 708 0028 F7020000 		.4byte	.LASF0
 709 002c 02       		.uleb128 0x2
 710 002d 01       		.byte	0x1
 711 002e 08       		.byte	0x8
 712 002f AF000000 		.4byte	.LASF1
 713 0033 02       		.uleb128 0x2
 714 0034 02       		.byte	0x2
 715 0035 05       		.byte	0x5
 716 0036 C4020000 		.4byte	.LASF2
 717 003a 02       		.uleb128 0x2
 718 003b 02       		.byte	0x2
 719 003c 07       		.byte	0x7
 720 003d 39000000 		.4byte	.LASF3
 721 0041 02       		.uleb128 0x2
 722 0042 04       		.byte	0x4
 723 0043 05       		.byte	0x5
 724 0044 E9020000 		.4byte	.LASF4
 725 0048 02       		.uleb128 0x2
 726 0049 04       		.byte	0x4
 727 004a 07       		.byte	0x7
 728 004b 8F000000 		.4byte	.LASF5
 729 004f 02       		.uleb128 0x2
ARM GAS  C:\Users\ologa\AppData\Local\Temp\ccCX9U4x.s 			page 23


 730 0050 08       		.byte	0x8
 731 0051 05       		.byte	0x5
 732 0052 94020000 		.4byte	.LASF6
 733 0056 02       		.uleb128 0x2
 734 0057 08       		.byte	0x8
 735 0058 07       		.byte	0x7
 736 0059 3F020000 		.4byte	.LASF7
 737 005d 03       		.uleb128 0x3
 738 005e 04       		.byte	0x4
 739 005f 05       		.byte	0x5
 740 0060 696E7400 		.ascii	"int\000"
 741 0064 02       		.uleb128 0x2
 742 0065 04       		.byte	0x4
 743 0066 07       		.byte	0x7
 744 0067 4C000000 		.4byte	.LASF8
 745 006b 04       		.uleb128 0x4
 746 006c A1000000 		.4byte	.LASF9
 747 0070 02       		.byte	0x2
 748 0071 5B       		.byte	0x5b
 749 0072 2C000000 		.4byte	0x2c
 750 0076 04       		.uleb128 0x4
 751 0077 E4010000 		.4byte	.LASF10
 752 007b 02       		.byte	0x2
 753 007c 5C       		.byte	0x5c
 754 007d 3A000000 		.4byte	0x3a
 755 0081 02       		.uleb128 0x2
 756 0082 04       		.byte	0x4
 757 0083 04       		.byte	0x4
 758 0084 59000000 		.4byte	.LASF11
 759 0088 02       		.uleb128 0x2
 760 0089 08       		.byte	0x8
 761 008a 04       		.byte	0x4
 762 008b 5A010000 		.4byte	.LASF12
 763 008f 02       		.uleb128 0x2
 764 0090 01       		.byte	0x1
 765 0091 08       		.byte	0x8
 766 0092 F2020000 		.4byte	.LASF13
 767 0096 04       		.uleb128 0x4
 768 0097 77000000 		.4byte	.LASF14
 769 009b 02       		.byte	0x2
 770 009c F0       		.byte	0xf0
 771 009d A1000000 		.4byte	0xa1
 772 00a1 05       		.uleb128 0x5
 773 00a2 6B000000 		.4byte	0x6b
 774 00a6 04       		.uleb128 0x4
 775 00a7 00000000 		.4byte	.LASF15
 776 00ab 02       		.byte	0x2
 777 00ac F1       		.byte	0xf1
 778 00ad B1000000 		.4byte	0xb1
 779 00b1 05       		.uleb128 0x5
 780 00b2 76000000 		.4byte	0x76
 781 00b6 02       		.uleb128 0x2
 782 00b7 04       		.byte	0x4
 783 00b8 07       		.byte	0x7
 784 00b9 8B020000 		.4byte	.LASF16
 785 00bd 06       		.uleb128 0x6
 786 00be 32020000 		.4byte	.LASF17
ARM GAS  C:\Users\ologa\AppData\Local\Temp\ccCX9U4x.s 			page 24


 787 00c2 01       		.byte	0x1
 788 00c3 2B       		.byte	0x2b
 789 00c4 00000000 		.4byte	.LFB0
 790 00c8 98000000 		.4byte	.LFE0-.LFB0
 791 00cc 01       		.uleb128 0x1
 792 00cd 9C       		.byte	0x9c
 793 00ce 07       		.uleb128 0x7
 794 00cf BD000000 		.4byte	.LASF18
 795 00d3 01       		.byte	0x1
 796 00d4 B4       		.byte	0xb4
 797 00d5 00000000 		.4byte	.LFB1
 798 00d9 48000000 		.4byte	.LFE1-.LFB1
 799 00dd 01       		.uleb128 0x1
 800 00de 9C       		.byte	0x9c
 801 00df 06       		.uleb128 0x6
 802 00e0 24020000 		.4byte	.LASF19
 803 00e4 01       		.byte	0x1
 804 00e5 D7       		.byte	0xd7
 805 00e6 00000000 		.4byte	.LFB2
 806 00ea 20000000 		.4byte	.LFE2-.LFB2
 807 00ee 01       		.uleb128 0x1
 808 00ef 9C       		.byte	0x9c
 809 00f0 07       		.uleb128 0x7
 810 00f1 03030000 		.4byte	.LASF20
 811 00f5 01       		.byte	0x1
 812 00f6 F7       		.byte	0xf7
 813 00f7 00000000 		.4byte	.LFB3
 814 00fb 48000000 		.4byte	.LFE3-.LFB3
 815 00ff 01       		.uleb128 0x1
 816 0100 9C       		.byte	0x9c
 817 0101 08       		.uleb128 0x8
 818 0102 CB010000 		.4byte	.LASF24
 819 0106 01       		.byte	0x1
 820 0107 1701     		.2byte	0x117
 821 0109 00000000 		.4byte	.LFB4
 822 010d 20000000 		.4byte	.LFE4-.LFB4
 823 0111 01       		.uleb128 0x1
 824 0112 9C       		.byte	0x9c
 825 0113 27010000 		.4byte	0x127
 826 0117 09       		.uleb128 0x9
 827 0118 A2020000 		.4byte	.LASF26
 828 011c 01       		.byte	0x1
 829 011d 1701     		.2byte	0x117
 830 011f 6B000000 		.4byte	0x6b
 831 0123 02       		.uleb128 0x2
 832 0124 91       		.byte	0x91
 833 0125 77       		.sleb128 -9
 834 0126 00       		.byte	0
 835 0127 0A       		.uleb128 0xa
 836 0128 06000000 		.4byte	.LASF21
 837 012c 01       		.byte	0x1
 838 012d 2E01     		.2byte	0x12e
 839 012f 00000000 		.4byte	.LFB5
 840 0133 14000000 		.4byte	.LFE5-.LFB5
 841 0137 01       		.uleb128 0x1
 842 0138 9C       		.byte	0x9c
 843 0139 0B       		.uleb128 0xb
ARM GAS  C:\Users\ologa\AppData\Local\Temp\ccCX9U4x.s 			page 25


 844 013a CE020000 		.4byte	.LASF22
 845 013e 01       		.byte	0x1
 846 013f 4D01     		.2byte	0x14d
 847 0141 6B000000 		.4byte	0x6b
 848 0145 00000000 		.4byte	.LFB6
 849 0149 18000000 		.4byte	.LFE6-.LFB6
 850 014d 01       		.uleb128 0x1
 851 014e 9C       		.byte	0x9c
 852 014f 0B       		.uleb128 0xb
 853 0150 08020000 		.4byte	.LASF23
 854 0154 01       		.byte	0x1
 855 0155 6401     		.2byte	0x164
 856 0157 6B000000 		.4byte	0x6b
 857 015b 00000000 		.4byte	.LFB7
 858 015f 18000000 		.4byte	.LFE7-.LFB7
 859 0163 01       		.uleb128 0x1
 860 0164 9C       		.byte	0x9c
 861 0165 08       		.uleb128 0x8
 862 0166 EB010000 		.4byte	.LASF25
 863 016a 01       		.byte	0x1
 864 016b 7B01     		.2byte	0x17b
 865 016d 00000000 		.4byte	.LFB8
 866 0171 20000000 		.4byte	.LFE8-.LFB8
 867 0175 01       		.uleb128 0x1
 868 0176 9C       		.byte	0x9c
 869 0177 8B010000 		.4byte	0x18b
 870 017b 09       		.uleb128 0x9
 871 017c A7000000 		.4byte	.LASF27
 872 0180 01       		.byte	0x1
 873 0181 7B01     		.2byte	0x17b
 874 0183 6B000000 		.4byte	0x6b
 875 0187 02       		.uleb128 0x2
 876 0188 91       		.byte	0x91
 877 0189 77       		.sleb128 -9
 878 018a 00       		.byte	0
 879 018b 0B       		.uleb128 0xb
 880 018c 7C000000 		.4byte	.LASF28
 881 0190 01       		.byte	0x1
 882 0191 9501     		.2byte	0x195
 883 0193 6B000000 		.4byte	0x6b
 884 0197 00000000 		.4byte	.LFB9
 885 019b 1C000000 		.4byte	.LFE9-.LFB9
 886 019f 01       		.uleb128 0x1
 887 01a0 9C       		.byte	0x9c
 888 01a1 08       		.uleb128 0x8
 889 01a2 1E000000 		.4byte	.LASF29
 890 01a6 01       		.byte	0x1
 891 01a7 AF01     		.2byte	0x1af
 892 01a9 00000000 		.4byte	.LFB10
 893 01ad 24000000 		.4byte	.LFE10-.LFB10
 894 01b1 01       		.uleb128 0x1
 895 01b2 9C       		.byte	0x9c
 896 01b3 D6010000 		.4byte	0x1d6
 897 01b7 09       		.uleb128 0x9
 898 01b8 32000000 		.4byte	.LASF30
 899 01bc 01       		.byte	0x1
 900 01bd AF01     		.2byte	0x1af
ARM GAS  C:\Users\ologa\AppData\Local\Temp\ccCX9U4x.s 			page 26


 901 01bf 6B000000 		.4byte	0x6b
 902 01c3 02       		.uleb128 0x2
 903 01c4 91       		.byte	0x91
 904 01c5 6F       		.sleb128 -17
 905 01c6 0C       		.uleb128 0xc
 906 01c7 7F020000 		.4byte	.LASF38
 907 01cb 01       		.byte	0x1
 908 01cc B201     		.2byte	0x1b2
 909 01ce 76000000 		.4byte	0x76
 910 01d2 02       		.uleb128 0x2
 911 01d3 91       		.byte	0x91
 912 01d4 76       		.sleb128 -10
 913 01d5 00       		.byte	0
 914 01d6 0B       		.uleb128 0xb
 915 01d7 6B020000 		.4byte	.LASF31
 916 01db 01       		.byte	0x1
 917 01dc C801     		.2byte	0x1c8
 918 01de 6B000000 		.4byte	0x6b
 919 01e2 00000000 		.4byte	.LFB11
 920 01e6 1C000000 		.4byte	.LFE11-.LFB11
 921 01ea 01       		.uleb128 0x1
 922 01eb 9C       		.byte	0x9c
 923 01ec 08       		.uleb128 0x8
 924 01ed 56020000 		.4byte	.LASF32
 925 01f1 01       		.byte	0x1
 926 01f2 E001     		.2byte	0x1e0
 927 01f4 00000000 		.4byte	.LFB12
 928 01f8 20000000 		.4byte	.LFE12-.LFB12
 929 01fc 01       		.uleb128 0x1
 930 01fd 9C       		.byte	0x9c
 931 01fe 12020000 		.4byte	0x212
 932 0202 09       		.uleb128 0x9
 933 0203 5F000000 		.4byte	.LASF33
 934 0207 01       		.byte	0x1
 935 0208 E001     		.2byte	0x1e0
 936 020a 6B000000 		.4byte	0x6b
 937 020e 02       		.uleb128 0x2
 938 020f 91       		.byte	0x91
 939 0210 77       		.sleb128 -9
 940 0211 00       		.byte	0
 941 0212 0B       		.uleb128 0xb
 942 0213 B0020000 		.4byte	.LASF34
 943 0217 01       		.byte	0x1
 944 0218 FC01     		.2byte	0x1fc
 945 021a 6B000000 		.4byte	0x6b
 946 021e 00000000 		.4byte	.LFB13
 947 0222 24000000 		.4byte	.LFE13-.LFB13
 948 0226 01       		.uleb128 0x1
 949 0227 9C       		.byte	0x9c
 950 0228 0D       		.uleb128 0xd
 951 0229 67000000 		.4byte	.LASF39
 952 022d 01       		.byte	0x1
 953 022e 1A       		.byte	0x1a
 954 022f 6B000000 		.4byte	0x6b
 955 0233 05       		.uleb128 0x5
 956 0234 03       		.byte	0x3
 957 0235 00000000 		.4byte	Timer_1_initVar
ARM GAS  C:\Users\ologa\AppData\Local\Temp\ccCX9U4x.s 			page 27


 958 0239 00       		.byte	0
 959              		.section	.debug_abbrev,"",%progbits
 960              	.Ldebug_abbrev0:
 961 0000 01       		.uleb128 0x1
 962 0001 11       		.uleb128 0x11
 963 0002 01       		.byte	0x1
 964 0003 25       		.uleb128 0x25
 965 0004 0E       		.uleb128 0xe
 966 0005 13       		.uleb128 0x13
 967 0006 0B       		.uleb128 0xb
 968 0007 03       		.uleb128 0x3
 969 0008 0E       		.uleb128 0xe
 970 0009 1B       		.uleb128 0x1b
 971 000a 0E       		.uleb128 0xe
 972 000b 55       		.uleb128 0x55
 973 000c 17       		.uleb128 0x17
 974 000d 11       		.uleb128 0x11
 975 000e 01       		.uleb128 0x1
 976 000f 10       		.uleb128 0x10
 977 0010 17       		.uleb128 0x17
 978 0011 00       		.byte	0
 979 0012 00       		.byte	0
 980 0013 02       		.uleb128 0x2
 981 0014 24       		.uleb128 0x24
 982 0015 00       		.byte	0
 983 0016 0B       		.uleb128 0xb
 984 0017 0B       		.uleb128 0xb
 985 0018 3E       		.uleb128 0x3e
 986 0019 0B       		.uleb128 0xb
 987 001a 03       		.uleb128 0x3
 988 001b 0E       		.uleb128 0xe
 989 001c 00       		.byte	0
 990 001d 00       		.byte	0
 991 001e 03       		.uleb128 0x3
 992 001f 24       		.uleb128 0x24
 993 0020 00       		.byte	0
 994 0021 0B       		.uleb128 0xb
 995 0022 0B       		.uleb128 0xb
 996 0023 3E       		.uleb128 0x3e
 997 0024 0B       		.uleb128 0xb
 998 0025 03       		.uleb128 0x3
 999 0026 08       		.uleb128 0x8
 1000 0027 00       		.byte	0
 1001 0028 00       		.byte	0
 1002 0029 04       		.uleb128 0x4
 1003 002a 16       		.uleb128 0x16
 1004 002b 00       		.byte	0
 1005 002c 03       		.uleb128 0x3
 1006 002d 0E       		.uleb128 0xe
 1007 002e 3A       		.uleb128 0x3a
 1008 002f 0B       		.uleb128 0xb
 1009 0030 3B       		.uleb128 0x3b
 1010 0031 0B       		.uleb128 0xb
 1011 0032 49       		.uleb128 0x49
 1012 0033 13       		.uleb128 0x13
 1013 0034 00       		.byte	0
 1014 0035 00       		.byte	0
ARM GAS  C:\Users\ologa\AppData\Local\Temp\ccCX9U4x.s 			page 28


 1015 0036 05       		.uleb128 0x5
 1016 0037 35       		.uleb128 0x35
 1017 0038 00       		.byte	0
 1018 0039 49       		.uleb128 0x49
 1019 003a 13       		.uleb128 0x13
 1020 003b 00       		.byte	0
 1021 003c 00       		.byte	0
 1022 003d 06       		.uleb128 0x6
 1023 003e 2E       		.uleb128 0x2e
 1024 003f 00       		.byte	0
 1025 0040 3F       		.uleb128 0x3f
 1026 0041 19       		.uleb128 0x19
 1027 0042 03       		.uleb128 0x3
 1028 0043 0E       		.uleb128 0xe
 1029 0044 3A       		.uleb128 0x3a
 1030 0045 0B       		.uleb128 0xb
 1031 0046 3B       		.uleb128 0x3b
 1032 0047 0B       		.uleb128 0xb
 1033 0048 27       		.uleb128 0x27
 1034 0049 19       		.uleb128 0x19
 1035 004a 11       		.uleb128 0x11
 1036 004b 01       		.uleb128 0x1
 1037 004c 12       		.uleb128 0x12
 1038 004d 06       		.uleb128 0x6
 1039 004e 40       		.uleb128 0x40
 1040 004f 18       		.uleb128 0x18
 1041 0050 9642     		.uleb128 0x2116
 1042 0052 19       		.uleb128 0x19
 1043 0053 00       		.byte	0
 1044 0054 00       		.byte	0
 1045 0055 07       		.uleb128 0x7
 1046 0056 2E       		.uleb128 0x2e
 1047 0057 00       		.byte	0
 1048 0058 3F       		.uleb128 0x3f
 1049 0059 19       		.uleb128 0x19
 1050 005a 03       		.uleb128 0x3
 1051 005b 0E       		.uleb128 0xe
 1052 005c 3A       		.uleb128 0x3a
 1053 005d 0B       		.uleb128 0xb
 1054 005e 3B       		.uleb128 0x3b
 1055 005f 0B       		.uleb128 0xb
 1056 0060 27       		.uleb128 0x27
 1057 0061 19       		.uleb128 0x19
 1058 0062 11       		.uleb128 0x11
 1059 0063 01       		.uleb128 0x1
 1060 0064 12       		.uleb128 0x12
 1061 0065 06       		.uleb128 0x6
 1062 0066 40       		.uleb128 0x40
 1063 0067 18       		.uleb128 0x18
 1064 0068 9742     		.uleb128 0x2117
 1065 006a 19       		.uleb128 0x19
 1066 006b 00       		.byte	0
 1067 006c 00       		.byte	0
 1068 006d 08       		.uleb128 0x8
 1069 006e 2E       		.uleb128 0x2e
 1070 006f 01       		.byte	0x1
 1071 0070 3F       		.uleb128 0x3f
ARM GAS  C:\Users\ologa\AppData\Local\Temp\ccCX9U4x.s 			page 29


 1072 0071 19       		.uleb128 0x19
 1073 0072 03       		.uleb128 0x3
 1074 0073 0E       		.uleb128 0xe
 1075 0074 3A       		.uleb128 0x3a
 1076 0075 0B       		.uleb128 0xb
 1077 0076 3B       		.uleb128 0x3b
 1078 0077 05       		.uleb128 0x5
 1079 0078 27       		.uleb128 0x27
 1080 0079 19       		.uleb128 0x19
 1081 007a 11       		.uleb128 0x11
 1082 007b 01       		.uleb128 0x1
 1083 007c 12       		.uleb128 0x12
 1084 007d 06       		.uleb128 0x6
 1085 007e 40       		.uleb128 0x40
 1086 007f 18       		.uleb128 0x18
 1087 0080 9742     		.uleb128 0x2117
 1088 0082 19       		.uleb128 0x19
 1089 0083 01       		.uleb128 0x1
 1090 0084 13       		.uleb128 0x13
 1091 0085 00       		.byte	0
 1092 0086 00       		.byte	0
 1093 0087 09       		.uleb128 0x9
 1094 0088 05       		.uleb128 0x5
 1095 0089 00       		.byte	0
 1096 008a 03       		.uleb128 0x3
 1097 008b 0E       		.uleb128 0xe
 1098 008c 3A       		.uleb128 0x3a
 1099 008d 0B       		.uleb128 0xb
 1100 008e 3B       		.uleb128 0x3b
 1101 008f 05       		.uleb128 0x5
 1102 0090 49       		.uleb128 0x49
 1103 0091 13       		.uleb128 0x13
 1104 0092 02       		.uleb128 0x2
 1105 0093 18       		.uleb128 0x18
 1106 0094 00       		.byte	0
 1107 0095 00       		.byte	0
 1108 0096 0A       		.uleb128 0xa
 1109 0097 2E       		.uleb128 0x2e
 1110 0098 00       		.byte	0
 1111 0099 3F       		.uleb128 0x3f
 1112 009a 19       		.uleb128 0x19
 1113 009b 03       		.uleb128 0x3
 1114 009c 0E       		.uleb128 0xe
 1115 009d 3A       		.uleb128 0x3a
 1116 009e 0B       		.uleb128 0xb
 1117 009f 3B       		.uleb128 0x3b
 1118 00a0 05       		.uleb128 0x5
 1119 00a1 27       		.uleb128 0x27
 1120 00a2 19       		.uleb128 0x19
 1121 00a3 11       		.uleb128 0x11
 1122 00a4 01       		.uleb128 0x1
 1123 00a5 12       		.uleb128 0x12
 1124 00a6 06       		.uleb128 0x6
 1125 00a7 40       		.uleb128 0x40
 1126 00a8 18       		.uleb128 0x18
 1127 00a9 9742     		.uleb128 0x2117
 1128 00ab 19       		.uleb128 0x19
ARM GAS  C:\Users\ologa\AppData\Local\Temp\ccCX9U4x.s 			page 30


 1129 00ac 00       		.byte	0
 1130 00ad 00       		.byte	0
 1131 00ae 0B       		.uleb128 0xb
 1132 00af 2E       		.uleb128 0x2e
 1133 00b0 00       		.byte	0
 1134 00b1 3F       		.uleb128 0x3f
 1135 00b2 19       		.uleb128 0x19
 1136 00b3 03       		.uleb128 0x3
 1137 00b4 0E       		.uleb128 0xe
 1138 00b5 3A       		.uleb128 0x3a
 1139 00b6 0B       		.uleb128 0xb
 1140 00b7 3B       		.uleb128 0x3b
 1141 00b8 05       		.uleb128 0x5
 1142 00b9 27       		.uleb128 0x27
 1143 00ba 19       		.uleb128 0x19
 1144 00bb 49       		.uleb128 0x49
 1145 00bc 13       		.uleb128 0x13
 1146 00bd 11       		.uleb128 0x11
 1147 00be 01       		.uleb128 0x1
 1148 00bf 12       		.uleb128 0x12
 1149 00c0 06       		.uleb128 0x6
 1150 00c1 40       		.uleb128 0x40
 1151 00c2 18       		.uleb128 0x18
 1152 00c3 9742     		.uleb128 0x2117
 1153 00c5 19       		.uleb128 0x19
 1154 00c6 00       		.byte	0
 1155 00c7 00       		.byte	0
 1156 00c8 0C       		.uleb128 0xc
 1157 00c9 34       		.uleb128 0x34
 1158 00ca 00       		.byte	0
 1159 00cb 03       		.uleb128 0x3
 1160 00cc 0E       		.uleb128 0xe
 1161 00cd 3A       		.uleb128 0x3a
 1162 00ce 0B       		.uleb128 0xb
 1163 00cf 3B       		.uleb128 0x3b
 1164 00d0 05       		.uleb128 0x5
 1165 00d1 49       		.uleb128 0x49
 1166 00d2 13       		.uleb128 0x13
 1167 00d3 02       		.uleb128 0x2
 1168 00d4 18       		.uleb128 0x18
 1169 00d5 00       		.byte	0
 1170 00d6 00       		.byte	0
 1171 00d7 0D       		.uleb128 0xd
 1172 00d8 34       		.uleb128 0x34
 1173 00d9 00       		.byte	0
 1174 00da 03       		.uleb128 0x3
 1175 00db 0E       		.uleb128 0xe
 1176 00dc 3A       		.uleb128 0x3a
 1177 00dd 0B       		.uleb128 0xb
 1178 00de 3B       		.uleb128 0x3b
 1179 00df 0B       		.uleb128 0xb
 1180 00e0 49       		.uleb128 0x49
 1181 00e1 13       		.uleb128 0x13
 1182 00e2 3F       		.uleb128 0x3f
 1183 00e3 19       		.uleb128 0x19
 1184 00e4 02       		.uleb128 0x2
 1185 00e5 18       		.uleb128 0x18
ARM GAS  C:\Users\ologa\AppData\Local\Temp\ccCX9U4x.s 			page 31


 1186 00e6 00       		.byte	0
 1187 00e7 00       		.byte	0
 1188 00e8 00       		.byte	0
 1189              		.section	.debug_aranges,"",%progbits
 1190 0000 84000000 		.4byte	0x84
 1191 0004 0200     		.2byte	0x2
 1192 0006 00000000 		.4byte	.Ldebug_info0
 1193 000a 04       		.byte	0x4
 1194 000b 00       		.byte	0
 1195 000c 0000     		.2byte	0
 1196 000e 0000     		.2byte	0
 1197 0010 00000000 		.4byte	.LFB0
 1198 0014 98000000 		.4byte	.LFE0-.LFB0
 1199 0018 00000000 		.4byte	.LFB1
 1200 001c 48000000 		.4byte	.LFE1-.LFB1
 1201 0020 00000000 		.4byte	.LFB2
 1202 0024 20000000 		.4byte	.LFE2-.LFB2
 1203 0028 00000000 		.4byte	.LFB3
 1204 002c 48000000 		.4byte	.LFE3-.LFB3
 1205 0030 00000000 		.4byte	.LFB4
 1206 0034 20000000 		.4byte	.LFE4-.LFB4
 1207 0038 00000000 		.4byte	.LFB5
 1208 003c 14000000 		.4byte	.LFE5-.LFB5
 1209 0040 00000000 		.4byte	.LFB6
 1210 0044 18000000 		.4byte	.LFE6-.LFB6
 1211 0048 00000000 		.4byte	.LFB7
 1212 004c 18000000 		.4byte	.LFE7-.LFB7
 1213 0050 00000000 		.4byte	.LFB8
 1214 0054 20000000 		.4byte	.LFE8-.LFB8
 1215 0058 00000000 		.4byte	.LFB9
 1216 005c 1C000000 		.4byte	.LFE9-.LFB9
 1217 0060 00000000 		.4byte	.LFB10
 1218 0064 24000000 		.4byte	.LFE10-.LFB10
 1219 0068 00000000 		.4byte	.LFB11
 1220 006c 1C000000 		.4byte	.LFE11-.LFB11
 1221 0070 00000000 		.4byte	.LFB12
 1222 0074 20000000 		.4byte	.LFE12-.LFB12
 1223 0078 00000000 		.4byte	.LFB13
 1224 007c 24000000 		.4byte	.LFE13-.LFB13
 1225 0080 00000000 		.4byte	0
 1226 0084 00000000 		.4byte	0
 1227              		.section	.debug_ranges,"",%progbits
 1228              	.Ldebug_ranges0:
 1229 0000 00000000 		.4byte	.LFB0
 1230 0004 98000000 		.4byte	.LFE0
 1231 0008 00000000 		.4byte	.LFB1
 1232 000c 48000000 		.4byte	.LFE1
 1233 0010 00000000 		.4byte	.LFB2
 1234 0014 20000000 		.4byte	.LFE2
 1235 0018 00000000 		.4byte	.LFB3
 1236 001c 48000000 		.4byte	.LFE3
 1237 0020 00000000 		.4byte	.LFB4
 1238 0024 20000000 		.4byte	.LFE4
 1239 0028 00000000 		.4byte	.LFB5
 1240 002c 14000000 		.4byte	.LFE5
 1241 0030 00000000 		.4byte	.LFB6
 1242 0034 18000000 		.4byte	.LFE6
ARM GAS  C:\Users\ologa\AppData\Local\Temp\ccCX9U4x.s 			page 32


 1243 0038 00000000 		.4byte	.LFB7
 1244 003c 18000000 		.4byte	.LFE7
 1245 0040 00000000 		.4byte	.LFB8
 1246 0044 20000000 		.4byte	.LFE8
 1247 0048 00000000 		.4byte	.LFB9
 1248 004c 1C000000 		.4byte	.LFE9
 1249 0050 00000000 		.4byte	.LFB10
 1250 0054 24000000 		.4byte	.LFE10
 1251 0058 00000000 		.4byte	.LFB11
 1252 005c 1C000000 		.4byte	.LFE11
 1253 0060 00000000 		.4byte	.LFB12
 1254 0064 20000000 		.4byte	.LFE12
 1255 0068 00000000 		.4byte	.LFB13
 1256 006c 24000000 		.4byte	.LFE13
 1257 0070 00000000 		.4byte	0
 1258 0074 00000000 		.4byte	0
 1259              		.section	.debug_line,"",%progbits
 1260              	.Ldebug_line0:
 1261 0000 5D010000 		.section	.debug_str,"MS",%progbits,1
 1261      02004600 
 1261      00000201 
 1261      FB0E0D00 
 1261      01010101 
 1262              	.LASF15:
 1263 0000 72656731 		.ascii	"reg16\000"
 1263      3600
 1264              	.LASF21:
 1265 0006 54696D65 		.ascii	"Timer_1_SoftwareCapture\000"
 1265      725F315F 
 1265      536F6674 
 1265      77617265 
 1265      43617074 
 1266              	.LASF29:
 1267 001e 54696D65 		.ascii	"Timer_1_WritePeriod\000"
 1267      725F315F 
 1267      57726974 
 1267      65506572 
 1267      696F6400 
 1268              	.LASF30:
 1269 0032 70657269 		.ascii	"period\000"
 1269      6F6400
 1270              	.LASF3:
 1271 0039 73686F72 		.ascii	"short unsigned int\000"
 1271      7420756E 
 1271      7369676E 
 1271      65642069 
 1271      6E7400
 1272              	.LASF8:
 1273 004c 756E7369 		.ascii	"unsigned int\000"
 1273      676E6564 
 1273      20696E74 
 1273      00
 1274              	.LASF11:
 1275 0059 666C6F61 		.ascii	"float\000"
 1275      7400
 1276              	.LASF33:
 1277 005f 636F756E 		.ascii	"counter\000"
ARM GAS  C:\Users\ologa\AppData\Local\Temp\ccCX9U4x.s 			page 33


 1277      74657200 
 1278              	.LASF39:
 1279 0067 54696D65 		.ascii	"Timer_1_initVar\000"
 1279      725F315F 
 1279      696E6974 
 1279      56617200 
 1280              	.LASF14:
 1281 0077 72656738 		.ascii	"reg8\000"
 1281      00
 1282              	.LASF28:
 1283 007c 54696D65 		.ascii	"Timer_1_ReadPeriod\000"
 1283      725F315F 
 1283      52656164 
 1283      50657269 
 1283      6F6400
 1284              	.LASF5:
 1285 008f 6C6F6E67 		.ascii	"long unsigned int\000"
 1285      20756E73 
 1285      69676E65 
 1285      6420696E 
 1285      7400
 1286              	.LASF9:
 1287 00a1 75696E74 		.ascii	"uint8\000"
 1287      3800
 1288              	.LASF27:
 1289 00a7 636F6E74 		.ascii	"control\000"
 1289      726F6C00 
 1290              	.LASF1:
 1291 00af 756E7369 		.ascii	"unsigned char\000"
 1291      676E6564 
 1291      20636861 
 1291      7200
 1292              	.LASF18:
 1293 00bd 54696D65 		.ascii	"Timer_1_Enable\000"
 1293      725F315F 
 1293      456E6162 
 1293      6C6500
 1294              	.LASF35:
 1295 00cc 474E5520 		.ascii	"GNU C 4.9.3 20150303 (release) [ARM/embedded-4_9-br"
 1295      4320342E 
 1295      392E3320 
 1295      32303135 
 1295      30333033 
 1296 00ff 616E6368 		.ascii	"anch revision 221220] -mcpu=cortex-m3 -mthumb -g -O"
 1296      20726576 
 1296      6973696F 
 1296      6E203232 
 1296      31323230 
 1297 0132 30202D66 		.ascii	"0 -ffunction-sections -ffat-lto-objects\000"
 1297      66756E63 
 1297      74696F6E 
 1297      2D736563 
 1297      74696F6E 
 1298              	.LASF12:
 1299 015a 646F7562 		.ascii	"double\000"
 1299      6C6500
 1300              	.LASF36:
ARM GAS  C:\Users\ologa\AppData\Local\Temp\ccCX9U4x.s 			page 34


 1301 0161 2E5C4765 		.ascii	".\\Generated_Source\\PSoC5\\Timer_1.c\000"
 1301      6E657261 
 1301      7465645F 
 1301      536F7572 
 1301      63655C50 
 1302              	.LASF37:
 1303 0184 433A5C55 		.ascii	"C:\\Users\\ologa\\Documents\\MIT\\Senior S22\\6.115"
 1303      73657273 
 1303      5C6F6C6F 
 1303      67615C44 
 1303      6F63756D 
 1304 01b1 315C4669 		.ascii	"1\\Final Project\\vga.cydsn\000"
 1304      6E616C20 
 1304      50726F6A 
 1304      6563745C 
 1304      7667612E 
 1305              	.LASF24:
 1306 01cb 54696D65 		.ascii	"Timer_1_SetInterruptMode\000"
 1306      725F315F 
 1306      53657449 
 1306      6E746572 
 1306      72757074 
 1307              	.LASF10:
 1308 01e4 75696E74 		.ascii	"uint16\000"
 1308      313600
 1309              	.LASF25:
 1310 01eb 54696D65 		.ascii	"Timer_1_WriteControlRegister\000"
 1310      725F315F 
 1310      57726974 
 1310      65436F6E 
 1310      74726F6C 
 1311              	.LASF23:
 1312 0208 54696D65 		.ascii	"Timer_1_ReadControlRegister\000"
 1312      725F315F 
 1312      52656164 
 1312      436F6E74 
 1312      726F6C52 
 1313              	.LASF19:
 1314 0224 54696D65 		.ascii	"Timer_1_Start\000"
 1314      725F315F 
 1314      53746172 
 1314      7400
 1315              	.LASF17:
 1316 0232 54696D65 		.ascii	"Timer_1_Init\000"
 1316      725F315F 
 1316      496E6974 
 1316      00
 1317              	.LASF7:
 1318 023f 6C6F6E67 		.ascii	"long long unsigned int\000"
 1318      206C6F6E 
 1318      6720756E 
 1318      7369676E 
 1318      65642069 
 1319              	.LASF32:
 1320 0256 54696D65 		.ascii	"Timer_1_WriteCounter\000"
 1320      725F315F 
 1320      57726974 
ARM GAS  C:\Users\ologa\AppData\Local\Temp\ccCX9U4x.s 			page 35


 1320      65436F75 
 1320      6E746572 
 1321              	.LASF31:
 1322 026b 54696D65 		.ascii	"Timer_1_ReadCapture\000"
 1322      725F315F 
 1322      52656164 
 1322      43617074 
 1322      75726500 
 1323              	.LASF38:
 1324 027f 70657269 		.ascii	"period_temp\000"
 1324      6F645F74 
 1324      656D7000 
 1325              	.LASF16:
 1326 028b 73697A65 		.ascii	"sizetype\000"
 1326      74797065 
 1326      00
 1327              	.LASF6:
 1328 0294 6C6F6E67 		.ascii	"long long int\000"
 1328      206C6F6E 
 1328      6720696E 
 1328      7400
 1329              	.LASF26:
 1330 02a2 696E7465 		.ascii	"interruptMode\000"
 1330      72727570 
 1330      744D6F64 
 1330      6500
 1331              	.LASF34:
 1332 02b0 54696D65 		.ascii	"Timer_1_ReadCounter\000"
 1332      725F315F 
 1332      52656164 
 1332      436F756E 
 1332      74657200 
 1333              	.LASF2:
 1334 02c4 73686F72 		.ascii	"short int\000"
 1334      7420696E 
 1334      7400
 1335              	.LASF22:
 1336 02ce 54696D65 		.ascii	"Timer_1_ReadStatusRegister\000"
 1336      725F315F 
 1336      52656164 
 1336      53746174 
 1336      75735265 
 1337              	.LASF4:
 1338 02e9 6C6F6E67 		.ascii	"long int\000"
 1338      20696E74 
 1338      00
 1339              	.LASF13:
 1340 02f2 63686172 		.ascii	"char\000"
 1340      00
 1341              	.LASF0:
 1342 02f7 7369676E 		.ascii	"signed char\000"
 1342      65642063 
 1342      68617200 
 1343              	.LASF20:
 1344 0303 54696D65 		.ascii	"Timer_1_Stop\000"
 1344      725F315F 
 1344      53746F70 
ARM GAS  C:\Users\ologa\AppData\Local\Temp\ccCX9U4x.s 			page 36


 1344      00
 1345              		.ident	"GCC: (GNU Tools for ARM Embedded Processors) 4.9.3 20150303 (release) [ARM/embedded-4_9-br
