ARM GAS  C:\Users\ologa\AppData\Local\Temp\cc6SUGuF.s 			page 1


   1              		.syntax unified
   2              		.cpu cortex-m3
   3              		.fpu softvfp
   4              		.eabi_attribute 20, 1
   5              		.eabi_attribute 21, 1
   6              		.eabi_attribute 23, 3
   7              		.eabi_attribute 24, 1
   8              		.eabi_attribute 25, 1
   9              		.eabi_attribute 26, 1
  10              		.eabi_attribute 30, 6
  11              		.eabi_attribute 34, 1
  12              		.eabi_attribute 18, 4
  13              		.thumb
  14              		.file	"Timer_1_PM.c"
  15              		.text
  16              	.Ltext0:
  17              		.cfi_sections	.debug_frame
  18              		.bss
  19              		.align	2
  20              	Timer_1_backup:
  21 0000 00       		.space	1
  22 0001 000000   		.section	.text.Timer_1_SaveConfig,"ax",%progbits
  23              		.align	2
  24              		.global	Timer_1_SaveConfig
  25              		.thumb
  26              		.thumb_func
  27              		.type	Timer_1_SaveConfig, %function
  28              	Timer_1_SaveConfig:
  29              	.LFB0:
  30              		.file 1 ".\\Generated_Source\\PSoC5\\Timer_1_PM.c"
   1:.\Generated_Source\PSoC5/Timer_1_PM.c **** /*******************************************************************************
   2:.\Generated_Source\PSoC5/Timer_1_PM.c **** * File Name: Timer_1_PM.c
   3:.\Generated_Source\PSoC5/Timer_1_PM.c **** * Version 2.70
   4:.\Generated_Source\PSoC5/Timer_1_PM.c **** *
   5:.\Generated_Source\PSoC5/Timer_1_PM.c **** *  Description:
   6:.\Generated_Source\PSoC5/Timer_1_PM.c **** *     This file provides the power management source code to API for the
   7:.\Generated_Source\PSoC5/Timer_1_PM.c **** *     Timer.
   8:.\Generated_Source\PSoC5/Timer_1_PM.c **** *
   9:.\Generated_Source\PSoC5/Timer_1_PM.c **** *   Note:
  10:.\Generated_Source\PSoC5/Timer_1_PM.c **** *     None
  11:.\Generated_Source\PSoC5/Timer_1_PM.c **** *
  12:.\Generated_Source\PSoC5/Timer_1_PM.c **** *******************************************************************************
  13:.\Generated_Source\PSoC5/Timer_1_PM.c **** * Copyright 2008-2014, Cypress Semiconductor Corporation.  All rights reserved.
  14:.\Generated_Source\PSoC5/Timer_1_PM.c **** * You may use this file only in accordance with the license, terms, conditions,
  15:.\Generated_Source\PSoC5/Timer_1_PM.c **** * disclaimers, and limitations in the end user license agreement accompanying
  16:.\Generated_Source\PSoC5/Timer_1_PM.c **** * the software package with which this file was provided.
  17:.\Generated_Source\PSoC5/Timer_1_PM.c **** ********************************************************************************/
  18:.\Generated_Source\PSoC5/Timer_1_PM.c **** 
  19:.\Generated_Source\PSoC5/Timer_1_PM.c **** #include "Timer_1.h"
  20:.\Generated_Source\PSoC5/Timer_1_PM.c **** 
  21:.\Generated_Source\PSoC5/Timer_1_PM.c **** static Timer_1_backupStruct Timer_1_backup;
  22:.\Generated_Source\PSoC5/Timer_1_PM.c **** 
  23:.\Generated_Source\PSoC5/Timer_1_PM.c **** 
  24:.\Generated_Source\PSoC5/Timer_1_PM.c **** /*******************************************************************************
  25:.\Generated_Source\PSoC5/Timer_1_PM.c **** * Function Name: Timer_1_SaveConfig
  26:.\Generated_Source\PSoC5/Timer_1_PM.c **** ********************************************************************************
  27:.\Generated_Source\PSoC5/Timer_1_PM.c **** *
ARM GAS  C:\Users\ologa\AppData\Local\Temp\cc6SUGuF.s 			page 2


  28:.\Generated_Source\PSoC5/Timer_1_PM.c **** * Summary:
  29:.\Generated_Source\PSoC5/Timer_1_PM.c **** *     Save the current user configuration
  30:.\Generated_Source\PSoC5/Timer_1_PM.c **** *
  31:.\Generated_Source\PSoC5/Timer_1_PM.c **** * Parameters:
  32:.\Generated_Source\PSoC5/Timer_1_PM.c **** *  void
  33:.\Generated_Source\PSoC5/Timer_1_PM.c **** *
  34:.\Generated_Source\PSoC5/Timer_1_PM.c **** * Return:
  35:.\Generated_Source\PSoC5/Timer_1_PM.c **** *  void
  36:.\Generated_Source\PSoC5/Timer_1_PM.c **** *
  37:.\Generated_Source\PSoC5/Timer_1_PM.c **** * Global variables:
  38:.\Generated_Source\PSoC5/Timer_1_PM.c **** *  Timer_1_backup:  Variables of this global structure are modified to
  39:.\Generated_Source\PSoC5/Timer_1_PM.c **** *  store the values of non retention configuration registers when Sleep() API is
  40:.\Generated_Source\PSoC5/Timer_1_PM.c **** *  called.
  41:.\Generated_Source\PSoC5/Timer_1_PM.c **** *
  42:.\Generated_Source\PSoC5/Timer_1_PM.c **** *******************************************************************************/
  43:.\Generated_Source\PSoC5/Timer_1_PM.c **** void Timer_1_SaveConfig(void) 
  44:.\Generated_Source\PSoC5/Timer_1_PM.c **** {
  31              		.loc 1 44 0
  32              		.cfi_startproc
  33              		@ args = 0, pretend = 0, frame = 0
  34              		@ frame_needed = 1, uses_anonymous_args = 0
  35              		@ link register save eliminated.
  36 0000 80B4     		push	{r7}
  37              		.cfi_def_cfa_offset 4
  38              		.cfi_offset 7, -4
  39 0002 00AF     		add	r7, sp, #0
  40              		.cfi_def_cfa_register 7
  45:.\Generated_Source\PSoC5/Timer_1_PM.c ****     #if (!Timer_1_UsingFixedFunction)
  46:.\Generated_Source\PSoC5/Timer_1_PM.c ****         Timer_1_backup.TimerUdb = Timer_1_ReadCounter();
  47:.\Generated_Source\PSoC5/Timer_1_PM.c ****         Timer_1_backup.InterruptMaskValue = Timer_1_STATUS_MASK;
  48:.\Generated_Source\PSoC5/Timer_1_PM.c ****         #if (Timer_1_UsingHWCaptureCounter)
  49:.\Generated_Source\PSoC5/Timer_1_PM.c ****             Timer_1_backup.TimerCaptureCounter = Timer_1_ReadCaptureCount();
  50:.\Generated_Source\PSoC5/Timer_1_PM.c ****         #endif /* Back Up capture counter register  */
  51:.\Generated_Source\PSoC5/Timer_1_PM.c **** 
  52:.\Generated_Source\PSoC5/Timer_1_PM.c ****         #if(!Timer_1_UDB_CONTROL_REG_REMOVED)
  53:.\Generated_Source\PSoC5/Timer_1_PM.c ****             Timer_1_backup.TimerControlRegister = Timer_1_ReadControlRegister();
  54:.\Generated_Source\PSoC5/Timer_1_PM.c ****         #endif /* Backup the enable state of the Timer component */
  55:.\Generated_Source\PSoC5/Timer_1_PM.c ****     #endif /* Backup non retention registers in UDB implementation. All fixed function registers ar
  56:.\Generated_Source\PSoC5/Timer_1_PM.c **** }
  41              		.loc 1 56 0
  42 0004 BD46     		mov	sp, r7
  43              		.cfi_def_cfa_register 13
  44              		@ sp needed
  45 0006 5DF8047B 		ldr	r7, [sp], #4
  46              		.cfi_restore 7
  47              		.cfi_def_cfa_offset 0
  48 000a 7047     		bx	lr
  49              		.cfi_endproc
  50              	.LFE0:
  51              		.size	Timer_1_SaveConfig, .-Timer_1_SaveConfig
  52              		.section	.text.Timer_1_RestoreConfig,"ax",%progbits
  53              		.align	2
  54              		.global	Timer_1_RestoreConfig
  55              		.thumb
  56              		.thumb_func
  57              		.type	Timer_1_RestoreConfig, %function
  58              	Timer_1_RestoreConfig:
ARM GAS  C:\Users\ologa\AppData\Local\Temp\cc6SUGuF.s 			page 3


  59              	.LFB1:
  57:.\Generated_Source\PSoC5/Timer_1_PM.c **** 
  58:.\Generated_Source\PSoC5/Timer_1_PM.c **** 
  59:.\Generated_Source\PSoC5/Timer_1_PM.c **** /*******************************************************************************
  60:.\Generated_Source\PSoC5/Timer_1_PM.c **** * Function Name: Timer_1_RestoreConfig
  61:.\Generated_Source\PSoC5/Timer_1_PM.c **** ********************************************************************************
  62:.\Generated_Source\PSoC5/Timer_1_PM.c **** *
  63:.\Generated_Source\PSoC5/Timer_1_PM.c **** * Summary:
  64:.\Generated_Source\PSoC5/Timer_1_PM.c **** *  Restores the current user configuration.
  65:.\Generated_Source\PSoC5/Timer_1_PM.c **** *
  66:.\Generated_Source\PSoC5/Timer_1_PM.c **** * Parameters:
  67:.\Generated_Source\PSoC5/Timer_1_PM.c **** *  void
  68:.\Generated_Source\PSoC5/Timer_1_PM.c **** *
  69:.\Generated_Source\PSoC5/Timer_1_PM.c **** * Return:
  70:.\Generated_Source\PSoC5/Timer_1_PM.c **** *  void
  71:.\Generated_Source\PSoC5/Timer_1_PM.c **** *
  72:.\Generated_Source\PSoC5/Timer_1_PM.c **** * Global variables:
  73:.\Generated_Source\PSoC5/Timer_1_PM.c **** *  Timer_1_backup:  Variables of this global structure are used to
  74:.\Generated_Source\PSoC5/Timer_1_PM.c **** *  restore the values of non retention registers on wakeup from sleep mode.
  75:.\Generated_Source\PSoC5/Timer_1_PM.c **** *
  76:.\Generated_Source\PSoC5/Timer_1_PM.c **** *******************************************************************************/
  77:.\Generated_Source\PSoC5/Timer_1_PM.c **** void Timer_1_RestoreConfig(void) 
  78:.\Generated_Source\PSoC5/Timer_1_PM.c **** {   
  60              		.loc 1 78 0
  61              		.cfi_startproc
  62              		@ args = 0, pretend = 0, frame = 0
  63              		@ frame_needed = 1, uses_anonymous_args = 0
  64              		@ link register save eliminated.
  65 0000 80B4     		push	{r7}
  66              		.cfi_def_cfa_offset 4
  67              		.cfi_offset 7, -4
  68 0002 00AF     		add	r7, sp, #0
  69              		.cfi_def_cfa_register 7
  79:.\Generated_Source\PSoC5/Timer_1_PM.c ****     #if (!Timer_1_UsingFixedFunction)
  80:.\Generated_Source\PSoC5/Timer_1_PM.c **** 
  81:.\Generated_Source\PSoC5/Timer_1_PM.c ****         Timer_1_WriteCounter(Timer_1_backup.TimerUdb);
  82:.\Generated_Source\PSoC5/Timer_1_PM.c ****         Timer_1_STATUS_MASK =Timer_1_backup.InterruptMaskValue;
  83:.\Generated_Source\PSoC5/Timer_1_PM.c ****         #if (Timer_1_UsingHWCaptureCounter)
  84:.\Generated_Source\PSoC5/Timer_1_PM.c ****             Timer_1_SetCaptureCount(Timer_1_backup.TimerCaptureCounter);
  85:.\Generated_Source\PSoC5/Timer_1_PM.c ****         #endif /* Restore Capture counter register*/
  86:.\Generated_Source\PSoC5/Timer_1_PM.c **** 
  87:.\Generated_Source\PSoC5/Timer_1_PM.c ****         #if(!Timer_1_UDB_CONTROL_REG_REMOVED)
  88:.\Generated_Source\PSoC5/Timer_1_PM.c ****             Timer_1_WriteControlRegister(Timer_1_backup.TimerControlRegister);
  89:.\Generated_Source\PSoC5/Timer_1_PM.c ****         #endif /* Restore the enable state of the Timer component */
  90:.\Generated_Source\PSoC5/Timer_1_PM.c ****     #endif /* Restore non retention registers in the UDB implementation only */
  91:.\Generated_Source\PSoC5/Timer_1_PM.c **** }
  70              		.loc 1 91 0
  71 0004 BD46     		mov	sp, r7
  72              		.cfi_def_cfa_register 13
  73              		@ sp needed
  74 0006 5DF8047B 		ldr	r7, [sp], #4
  75              		.cfi_restore 7
  76              		.cfi_def_cfa_offset 0
  77 000a 7047     		bx	lr
  78              		.cfi_endproc
  79              	.LFE1:
  80              		.size	Timer_1_RestoreConfig, .-Timer_1_RestoreConfig
ARM GAS  C:\Users\ologa\AppData\Local\Temp\cc6SUGuF.s 			page 4


  81              		.section	.text.Timer_1_Sleep,"ax",%progbits
  82              		.align	2
  83              		.global	Timer_1_Sleep
  84              		.thumb
  85              		.thumb_func
  86              		.type	Timer_1_Sleep, %function
  87              	Timer_1_Sleep:
  88              	.LFB2:
  92:.\Generated_Source\PSoC5/Timer_1_PM.c **** 
  93:.\Generated_Source\PSoC5/Timer_1_PM.c **** 
  94:.\Generated_Source\PSoC5/Timer_1_PM.c **** /*******************************************************************************
  95:.\Generated_Source\PSoC5/Timer_1_PM.c **** * Function Name: Timer_1_Sleep
  96:.\Generated_Source\PSoC5/Timer_1_PM.c **** ********************************************************************************
  97:.\Generated_Source\PSoC5/Timer_1_PM.c **** *
  98:.\Generated_Source\PSoC5/Timer_1_PM.c **** * Summary:
  99:.\Generated_Source\PSoC5/Timer_1_PM.c **** *     Stop and Save the user configuration
 100:.\Generated_Source\PSoC5/Timer_1_PM.c **** *
 101:.\Generated_Source\PSoC5/Timer_1_PM.c **** * Parameters:
 102:.\Generated_Source\PSoC5/Timer_1_PM.c **** *  void
 103:.\Generated_Source\PSoC5/Timer_1_PM.c **** *
 104:.\Generated_Source\PSoC5/Timer_1_PM.c **** * Return:
 105:.\Generated_Source\PSoC5/Timer_1_PM.c **** *  void
 106:.\Generated_Source\PSoC5/Timer_1_PM.c **** *
 107:.\Generated_Source\PSoC5/Timer_1_PM.c **** * Global variables:
 108:.\Generated_Source\PSoC5/Timer_1_PM.c **** *  Timer_1_backup.TimerEnableState:  Is modified depending on the
 109:.\Generated_Source\PSoC5/Timer_1_PM.c **** *  enable state of the block before entering sleep mode.
 110:.\Generated_Source\PSoC5/Timer_1_PM.c **** *
 111:.\Generated_Source\PSoC5/Timer_1_PM.c **** *******************************************************************************/
 112:.\Generated_Source\PSoC5/Timer_1_PM.c **** void Timer_1_Sleep(void) 
 113:.\Generated_Source\PSoC5/Timer_1_PM.c **** {
  89              		.loc 1 113 0
  90              		.cfi_startproc
  91              		@ args = 0, pretend = 0, frame = 0
  92              		@ frame_needed = 1, uses_anonymous_args = 0
  93 0000 80B5     		push	{r7, lr}
  94              		.cfi_def_cfa_offset 8
  95              		.cfi_offset 7, -8
  96              		.cfi_offset 14, -4
  97 0002 00AF     		add	r7, sp, #0
  98              		.cfi_def_cfa_register 7
 114:.\Generated_Source\PSoC5/Timer_1_PM.c ****     #if(!Timer_1_UDB_CONTROL_REG_REMOVED)
 115:.\Generated_Source\PSoC5/Timer_1_PM.c ****         /* Save Counter's enable state */
 116:.\Generated_Source\PSoC5/Timer_1_PM.c ****         if(Timer_1_CTRL_ENABLE == (Timer_1_CONTROL & Timer_1_CTRL_ENABLE))
  99              		.loc 1 116 0
 100 0004 094B     		ldr	r3, .L6
 101 0006 1B78     		ldrb	r3, [r3]
 102 0008 DBB2     		uxtb	r3, r3
 103 000a 03F00103 		and	r3, r3, #1
 104 000e 002B     		cmp	r3, #0
 105 0010 03D0     		beq	.L4
 117:.\Generated_Source\PSoC5/Timer_1_PM.c ****         {
 118:.\Generated_Source\PSoC5/Timer_1_PM.c ****             /* Timer is enabled */
 119:.\Generated_Source\PSoC5/Timer_1_PM.c ****             Timer_1_backup.TimerEnableState = 1u;
 106              		.loc 1 119 0
 107 0012 074B     		ldr	r3, .L6+4
 108 0014 0122     		movs	r2, #1
 109 0016 1A70     		strb	r2, [r3]
ARM GAS  C:\Users\ologa\AppData\Local\Temp\cc6SUGuF.s 			page 5


 110 0018 02E0     		b	.L5
 111              	.L4:
 120:.\Generated_Source\PSoC5/Timer_1_PM.c ****         }
 121:.\Generated_Source\PSoC5/Timer_1_PM.c ****         else
 122:.\Generated_Source\PSoC5/Timer_1_PM.c ****         {
 123:.\Generated_Source\PSoC5/Timer_1_PM.c ****             /* Timer is disabled */
 124:.\Generated_Source\PSoC5/Timer_1_PM.c ****             Timer_1_backup.TimerEnableState = 0u;
 112              		.loc 1 124 0
 113 001a 054B     		ldr	r3, .L6+4
 114 001c 0022     		movs	r2, #0
 115 001e 1A70     		strb	r2, [r3]
 116              	.L5:
 125:.\Generated_Source\PSoC5/Timer_1_PM.c ****         }
 126:.\Generated_Source\PSoC5/Timer_1_PM.c ****     #endif /* Back up enable state from the Timer control register */
 127:.\Generated_Source\PSoC5/Timer_1_PM.c ****     Timer_1_Stop();
 117              		.loc 1 127 0
 118 0020 FFF7FEFF 		bl	Timer_1_Stop
 128:.\Generated_Source\PSoC5/Timer_1_PM.c ****     Timer_1_SaveConfig();
 119              		.loc 1 128 0
 120 0024 FFF7FEFF 		bl	Timer_1_SaveConfig
 129:.\Generated_Source\PSoC5/Timer_1_PM.c **** }
 121              		.loc 1 129 0
 122 0028 80BD     		pop	{r7, pc}
 123              	.L7:
 124 002a 00BF     		.align	2
 125              	.L6:
 126 002c 004F0040 		.word	1073762048
 127 0030 00000000 		.word	Timer_1_backup
 128              		.cfi_endproc
 129              	.LFE2:
 130              		.size	Timer_1_Sleep, .-Timer_1_Sleep
 131              		.section	.text.Timer_1_Wakeup,"ax",%progbits
 132              		.align	2
 133              		.global	Timer_1_Wakeup
 134              		.thumb
 135              		.thumb_func
 136              		.type	Timer_1_Wakeup, %function
 137              	Timer_1_Wakeup:
 138              	.LFB3:
 130:.\Generated_Source\PSoC5/Timer_1_PM.c **** 
 131:.\Generated_Source\PSoC5/Timer_1_PM.c **** 
 132:.\Generated_Source\PSoC5/Timer_1_PM.c **** /*******************************************************************************
 133:.\Generated_Source\PSoC5/Timer_1_PM.c **** * Function Name: Timer_1_Wakeup
 134:.\Generated_Source\PSoC5/Timer_1_PM.c **** ********************************************************************************
 135:.\Generated_Source\PSoC5/Timer_1_PM.c **** *
 136:.\Generated_Source\PSoC5/Timer_1_PM.c **** * Summary:
 137:.\Generated_Source\PSoC5/Timer_1_PM.c **** *  Restores and enables the user configuration
 138:.\Generated_Source\PSoC5/Timer_1_PM.c **** *
 139:.\Generated_Source\PSoC5/Timer_1_PM.c **** * Parameters:
 140:.\Generated_Source\PSoC5/Timer_1_PM.c **** *  void
 141:.\Generated_Source\PSoC5/Timer_1_PM.c **** *
 142:.\Generated_Source\PSoC5/Timer_1_PM.c **** * Return:
 143:.\Generated_Source\PSoC5/Timer_1_PM.c **** *  void
 144:.\Generated_Source\PSoC5/Timer_1_PM.c **** *
 145:.\Generated_Source\PSoC5/Timer_1_PM.c **** * Global variables:
 146:.\Generated_Source\PSoC5/Timer_1_PM.c **** *  Timer_1_backup.enableState:  Is used to restore the enable state of
 147:.\Generated_Source\PSoC5/Timer_1_PM.c **** *  block on wakeup from sleep mode.
ARM GAS  C:\Users\ologa\AppData\Local\Temp\cc6SUGuF.s 			page 6


 148:.\Generated_Source\PSoC5/Timer_1_PM.c **** *
 149:.\Generated_Source\PSoC5/Timer_1_PM.c **** *******************************************************************************/
 150:.\Generated_Source\PSoC5/Timer_1_PM.c **** void Timer_1_Wakeup(void) 
 151:.\Generated_Source\PSoC5/Timer_1_PM.c **** {
 139              		.loc 1 151 0
 140              		.cfi_startproc
 141              		@ args = 0, pretend = 0, frame = 0
 142              		@ frame_needed = 1, uses_anonymous_args = 0
 143 0000 80B5     		push	{r7, lr}
 144              		.cfi_def_cfa_offset 8
 145              		.cfi_offset 7, -8
 146              		.cfi_offset 14, -4
 147 0002 00AF     		add	r7, sp, #0
 148              		.cfi_def_cfa_register 7
 152:.\Generated_Source\PSoC5/Timer_1_PM.c ****     Timer_1_RestoreConfig();
 149              		.loc 1 152 0
 150 0004 FFF7FEFF 		bl	Timer_1_RestoreConfig
 153:.\Generated_Source\PSoC5/Timer_1_PM.c ****     #if(!Timer_1_UDB_CONTROL_REG_REMOVED)
 154:.\Generated_Source\PSoC5/Timer_1_PM.c ****         if(Timer_1_backup.TimerEnableState == 1u)
 151              		.loc 1 154 0
 152 0008 034B     		ldr	r3, .L10
 153 000a 1B78     		ldrb	r3, [r3]	@ zero_extendqisi2
 154 000c 012B     		cmp	r3, #1
 155 000e 01D1     		bne	.L8
 155:.\Generated_Source\PSoC5/Timer_1_PM.c ****         {     /* Enable Timer's operation */
 156:.\Generated_Source\PSoC5/Timer_1_PM.c ****                 Timer_1_Enable();
 156              		.loc 1 156 0
 157 0010 FFF7FEFF 		bl	Timer_1_Enable
 158              	.L8:
 157:.\Generated_Source\PSoC5/Timer_1_PM.c ****         } /* Do nothing if Timer was disabled before */
 158:.\Generated_Source\PSoC5/Timer_1_PM.c ****     #endif /* Remove this code section if Control register is removed */
 159:.\Generated_Source\PSoC5/Timer_1_PM.c **** }
 159              		.loc 1 159 0
 160 0014 80BD     		pop	{r7, pc}
 161              	.L11:
 162 0016 00BF     		.align	2
 163              	.L10:
 164 0018 00000000 		.word	Timer_1_backup
 165              		.cfi_endproc
 166              	.LFE3:
 167              		.size	Timer_1_Wakeup, .-Timer_1_Wakeup
 168              		.text
 169              	.Letext0:
 170              		.file 2 ".\\Generated_Source\\PSoC5\\cytypes.h"
 171              		.file 3 ".\\Generated_Source\\PSoC5\\Timer_1.h"
 172              		.section	.debug_info,"",%progbits
 173              	.Ldebug_info0:
 174 0000 14010000 		.4byte	0x114
 175 0004 0400     		.2byte	0x4
 176 0006 00000000 		.4byte	.Ldebug_abbrev0
 177 000a 04       		.byte	0x4
 178 000b 01       		.uleb128 0x1
 179 000c BD000000 		.4byte	.LASF20
 180 0010 01       		.byte	0x1
 181 0011 7F010000 		.4byte	.LASF21
 182 0015 AB010000 		.4byte	.LASF22
 183 0019 00000000 		.4byte	.Ldebug_ranges0+0
ARM GAS  C:\Users\ologa\AppData\Local\Temp\cc6SUGuF.s 			page 7


 184 001d 00000000 		.4byte	0
 185 0021 00000000 		.4byte	.Ldebug_line0
 186 0025 02       		.uleb128 0x2
 187 0026 01       		.byte	0x1
 188 0027 06       		.byte	0x6
 189 0028 65010000 		.4byte	.LASF0
 190 002c 02       		.uleb128 0x2
 191 002d 01       		.byte	0x1
 192 002e 08       		.byte	0x8
 193 002f 71010000 		.4byte	.LASF1
 194 0033 02       		.uleb128 0x2
 195 0034 02       		.byte	0x2
 196 0035 05       		.byte	0x5
 197 0036 08020000 		.4byte	.LASF2
 198 003a 02       		.uleb128 0x2
 199 003b 02       		.byte	0x2
 200 003c 07       		.byte	0x7
 201 003d 52010000 		.4byte	.LASF3
 202 0041 02       		.uleb128 0x2
 203 0042 04       		.byte	0x4
 204 0043 05       		.byte	0x5
 205 0044 B4000000 		.4byte	.LASF4
 206 0048 02       		.uleb128 0x2
 207 0049 04       		.byte	0x4
 208 004a 07       		.byte	0x7
 209 004b 53000000 		.4byte	.LASF5
 210 004f 02       		.uleb128 0x2
 211 0050 08       		.byte	0x8
 212 0051 05       		.byte	0x5
 213 0052 00000000 		.4byte	.LASF6
 214 0056 02       		.uleb128 0x2
 215 0057 08       		.byte	0x8
 216 0058 07       		.byte	0x7
 217 0059 65000000 		.4byte	.LASF7
 218 005d 03       		.uleb128 0x3
 219 005e 04       		.byte	0x4
 220 005f 05       		.byte	0x5
 221 0060 696E7400 		.ascii	"int\000"
 222 0064 02       		.uleb128 0x2
 223 0065 04       		.byte	0x4
 224 0066 07       		.byte	0x7
 225 0067 0E000000 		.4byte	.LASF8
 226 006b 04       		.uleb128 0x4
 227 006c 4D000000 		.4byte	.LASF12
 228 0070 02       		.byte	0x2
 229 0071 5B       		.byte	0x5b
 230 0072 2C000000 		.4byte	0x2c
 231 0076 02       		.uleb128 0x2
 232 0077 04       		.byte	0x4
 233 0078 04       		.byte	0x4
 234 0079 A5010000 		.4byte	.LASF9
 235 007d 02       		.uleb128 0x2
 236 007e 08       		.byte	0x8
 237 007f 04       		.byte	0x4
 238 0080 4B010000 		.4byte	.LASF10
 239 0084 02       		.uleb128 0x2
 240 0085 01       		.byte	0x1
ARM GAS  C:\Users\ologa\AppData\Local\Temp\cc6SUGuF.s 			page 8


 241 0086 08       		.byte	0x8
 242 0087 AF000000 		.4byte	.LASF11
 243 008b 04       		.uleb128 0x4
 244 008c 12020000 		.4byte	.LASF13
 245 0090 02       		.byte	0x2
 246 0091 F0       		.byte	0xf0
 247 0092 96000000 		.4byte	0x96
 248 0096 05       		.uleb128 0x5
 249 0097 6B000000 		.4byte	0x6b
 250 009b 02       		.uleb128 0x2
 251 009c 04       		.byte	0x4
 252 009d 07       		.byte	0x7
 253 009e 17020000 		.4byte	.LASF14
 254 00a2 06       		.uleb128 0x6
 255 00a3 01       		.byte	0x1
 256 00a4 03       		.byte	0x3
 257 00a5 43       		.byte	0x43
 258 00a6 B7000000 		.4byte	0xb7
 259 00aa 07       		.uleb128 0x7
 260 00ab 7C000000 		.4byte	.LASF23
 261 00af 03       		.byte	0x3
 262 00b0 45       		.byte	0x45
 263 00b1 6B000000 		.4byte	0x6b
 264 00b5 00       		.byte	0
 265 00b6 00       		.byte	0
 266 00b7 04       		.uleb128 0x4
 267 00b8 1B000000 		.4byte	.LASF15
 268 00bc 03       		.byte	0x3
 269 00bd 53       		.byte	0x53
 270 00be A2000000 		.4byte	0xa2
 271 00c2 08       		.uleb128 0x8
 272 00c3 8D000000 		.4byte	.LASF16
 273 00c7 01       		.byte	0x1
 274 00c8 2B       		.byte	0x2b
 275 00c9 00000000 		.4byte	.LFB0
 276 00cd 0C000000 		.4byte	.LFE0-.LFB0
 277 00d1 01       		.uleb128 0x1
 278 00d2 9C       		.byte	0x9c
 279 00d3 08       		.uleb128 0x8
 280 00d4 F2010000 		.4byte	.LASF17
 281 00d8 01       		.byte	0x1
 282 00d9 4D       		.byte	0x4d
 283 00da 00000000 		.4byte	.LFB1
 284 00de 0C000000 		.4byte	.LFE1-.LFB1
 285 00e2 01       		.uleb128 0x1
 286 00e3 9C       		.byte	0x9c
 287 00e4 09       		.uleb128 0x9
 288 00e5 30000000 		.4byte	.LASF18
 289 00e9 01       		.byte	0x1
 290 00ea 70       		.byte	0x70
 291 00eb 00000000 		.4byte	.LFB2
 292 00ef 34000000 		.4byte	.LFE2-.LFB2
 293 00f3 01       		.uleb128 0x1
 294 00f4 9C       		.byte	0x9c
 295 00f5 09       		.uleb128 0x9
 296 00f6 A0000000 		.4byte	.LASF19
 297 00fa 01       		.byte	0x1
ARM GAS  C:\Users\ologa\AppData\Local\Temp\cc6SUGuF.s 			page 9


 298 00fb 96       		.byte	0x96
 299 00fc 00000000 		.4byte	.LFB3
 300 0100 1C000000 		.4byte	.LFE3-.LFB3
 301 0104 01       		.uleb128 0x1
 302 0105 9C       		.byte	0x9c
 303 0106 0A       		.uleb128 0xa
 304 0107 3E000000 		.4byte	.LASF24
 305 010b 01       		.byte	0x1
 306 010c 15       		.byte	0x15
 307 010d B7000000 		.4byte	0xb7
 308 0111 05       		.uleb128 0x5
 309 0112 03       		.byte	0x3
 310 0113 00000000 		.4byte	Timer_1_backup
 311 0117 00       		.byte	0
 312              		.section	.debug_abbrev,"",%progbits
 313              	.Ldebug_abbrev0:
 314 0000 01       		.uleb128 0x1
 315 0001 11       		.uleb128 0x11
 316 0002 01       		.byte	0x1
 317 0003 25       		.uleb128 0x25
 318 0004 0E       		.uleb128 0xe
 319 0005 13       		.uleb128 0x13
 320 0006 0B       		.uleb128 0xb
 321 0007 03       		.uleb128 0x3
 322 0008 0E       		.uleb128 0xe
 323 0009 1B       		.uleb128 0x1b
 324 000a 0E       		.uleb128 0xe
 325 000b 55       		.uleb128 0x55
 326 000c 17       		.uleb128 0x17
 327 000d 11       		.uleb128 0x11
 328 000e 01       		.uleb128 0x1
 329 000f 10       		.uleb128 0x10
 330 0010 17       		.uleb128 0x17
 331 0011 00       		.byte	0
 332 0012 00       		.byte	0
 333 0013 02       		.uleb128 0x2
 334 0014 24       		.uleb128 0x24
 335 0015 00       		.byte	0
 336 0016 0B       		.uleb128 0xb
 337 0017 0B       		.uleb128 0xb
 338 0018 3E       		.uleb128 0x3e
 339 0019 0B       		.uleb128 0xb
 340 001a 03       		.uleb128 0x3
 341 001b 0E       		.uleb128 0xe
 342 001c 00       		.byte	0
 343 001d 00       		.byte	0
 344 001e 03       		.uleb128 0x3
 345 001f 24       		.uleb128 0x24
 346 0020 00       		.byte	0
 347 0021 0B       		.uleb128 0xb
 348 0022 0B       		.uleb128 0xb
 349 0023 3E       		.uleb128 0x3e
 350 0024 0B       		.uleb128 0xb
 351 0025 03       		.uleb128 0x3
 352 0026 08       		.uleb128 0x8
 353 0027 00       		.byte	0
 354 0028 00       		.byte	0
ARM GAS  C:\Users\ologa\AppData\Local\Temp\cc6SUGuF.s 			page 10


 355 0029 04       		.uleb128 0x4
 356 002a 16       		.uleb128 0x16
 357 002b 00       		.byte	0
 358 002c 03       		.uleb128 0x3
 359 002d 0E       		.uleb128 0xe
 360 002e 3A       		.uleb128 0x3a
 361 002f 0B       		.uleb128 0xb
 362 0030 3B       		.uleb128 0x3b
 363 0031 0B       		.uleb128 0xb
 364 0032 49       		.uleb128 0x49
 365 0033 13       		.uleb128 0x13
 366 0034 00       		.byte	0
 367 0035 00       		.byte	0
 368 0036 05       		.uleb128 0x5
 369 0037 35       		.uleb128 0x35
 370 0038 00       		.byte	0
 371 0039 49       		.uleb128 0x49
 372 003a 13       		.uleb128 0x13
 373 003b 00       		.byte	0
 374 003c 00       		.byte	0
 375 003d 06       		.uleb128 0x6
 376 003e 13       		.uleb128 0x13
 377 003f 01       		.byte	0x1
 378 0040 0B       		.uleb128 0xb
 379 0041 0B       		.uleb128 0xb
 380 0042 3A       		.uleb128 0x3a
 381 0043 0B       		.uleb128 0xb
 382 0044 3B       		.uleb128 0x3b
 383 0045 0B       		.uleb128 0xb
 384 0046 01       		.uleb128 0x1
 385 0047 13       		.uleb128 0x13
 386 0048 00       		.byte	0
 387 0049 00       		.byte	0
 388 004a 07       		.uleb128 0x7
 389 004b 0D       		.uleb128 0xd
 390 004c 00       		.byte	0
 391 004d 03       		.uleb128 0x3
 392 004e 0E       		.uleb128 0xe
 393 004f 3A       		.uleb128 0x3a
 394 0050 0B       		.uleb128 0xb
 395 0051 3B       		.uleb128 0x3b
 396 0052 0B       		.uleb128 0xb
 397 0053 49       		.uleb128 0x49
 398 0054 13       		.uleb128 0x13
 399 0055 38       		.uleb128 0x38
 400 0056 0B       		.uleb128 0xb
 401 0057 00       		.byte	0
 402 0058 00       		.byte	0
 403 0059 08       		.uleb128 0x8
 404 005a 2E       		.uleb128 0x2e
 405 005b 00       		.byte	0
 406 005c 3F       		.uleb128 0x3f
 407 005d 19       		.uleb128 0x19
 408 005e 03       		.uleb128 0x3
 409 005f 0E       		.uleb128 0xe
 410 0060 3A       		.uleb128 0x3a
 411 0061 0B       		.uleb128 0xb
ARM GAS  C:\Users\ologa\AppData\Local\Temp\cc6SUGuF.s 			page 11


 412 0062 3B       		.uleb128 0x3b
 413 0063 0B       		.uleb128 0xb
 414 0064 27       		.uleb128 0x27
 415 0065 19       		.uleb128 0x19
 416 0066 11       		.uleb128 0x11
 417 0067 01       		.uleb128 0x1
 418 0068 12       		.uleb128 0x12
 419 0069 06       		.uleb128 0x6
 420 006a 40       		.uleb128 0x40
 421 006b 18       		.uleb128 0x18
 422 006c 9742     		.uleb128 0x2117
 423 006e 19       		.uleb128 0x19
 424 006f 00       		.byte	0
 425 0070 00       		.byte	0
 426 0071 09       		.uleb128 0x9
 427 0072 2E       		.uleb128 0x2e
 428 0073 00       		.byte	0
 429 0074 3F       		.uleb128 0x3f
 430 0075 19       		.uleb128 0x19
 431 0076 03       		.uleb128 0x3
 432 0077 0E       		.uleb128 0xe
 433 0078 3A       		.uleb128 0x3a
 434 0079 0B       		.uleb128 0xb
 435 007a 3B       		.uleb128 0x3b
 436 007b 0B       		.uleb128 0xb
 437 007c 27       		.uleb128 0x27
 438 007d 19       		.uleb128 0x19
 439 007e 11       		.uleb128 0x11
 440 007f 01       		.uleb128 0x1
 441 0080 12       		.uleb128 0x12
 442 0081 06       		.uleb128 0x6
 443 0082 40       		.uleb128 0x40
 444 0083 18       		.uleb128 0x18
 445 0084 9642     		.uleb128 0x2116
 446 0086 19       		.uleb128 0x19
 447 0087 00       		.byte	0
 448 0088 00       		.byte	0
 449 0089 0A       		.uleb128 0xa
 450 008a 34       		.uleb128 0x34
 451 008b 00       		.byte	0
 452 008c 03       		.uleb128 0x3
 453 008d 0E       		.uleb128 0xe
 454 008e 3A       		.uleb128 0x3a
 455 008f 0B       		.uleb128 0xb
 456 0090 3B       		.uleb128 0x3b
 457 0091 0B       		.uleb128 0xb
 458 0092 49       		.uleb128 0x49
 459 0093 13       		.uleb128 0x13
 460 0094 02       		.uleb128 0x2
 461 0095 18       		.uleb128 0x18
 462 0096 00       		.byte	0
 463 0097 00       		.byte	0
 464 0098 00       		.byte	0
 465              		.section	.debug_aranges,"",%progbits
 466 0000 34000000 		.4byte	0x34
 467 0004 0200     		.2byte	0x2
 468 0006 00000000 		.4byte	.Ldebug_info0
ARM GAS  C:\Users\ologa\AppData\Local\Temp\cc6SUGuF.s 			page 12


 469 000a 04       		.byte	0x4
 470 000b 00       		.byte	0
 471 000c 0000     		.2byte	0
 472 000e 0000     		.2byte	0
 473 0010 00000000 		.4byte	.LFB0
 474 0014 0C000000 		.4byte	.LFE0-.LFB0
 475 0018 00000000 		.4byte	.LFB1
 476 001c 0C000000 		.4byte	.LFE1-.LFB1
 477 0020 00000000 		.4byte	.LFB2
 478 0024 34000000 		.4byte	.LFE2-.LFB2
 479 0028 00000000 		.4byte	.LFB3
 480 002c 1C000000 		.4byte	.LFE3-.LFB3
 481 0030 00000000 		.4byte	0
 482 0034 00000000 		.4byte	0
 483              		.section	.debug_ranges,"",%progbits
 484              	.Ldebug_ranges0:
 485 0000 00000000 		.4byte	.LFB0
 486 0004 0C000000 		.4byte	.LFE0
 487 0008 00000000 		.4byte	.LFB1
 488 000c 0C000000 		.4byte	.LFE1
 489 0010 00000000 		.4byte	.LFB2
 490 0014 34000000 		.4byte	.LFE2
 491 0018 00000000 		.4byte	.LFB3
 492 001c 1C000000 		.4byte	.LFE3
 493 0020 00000000 		.4byte	0
 494 0024 00000000 		.4byte	0
 495              		.section	.debug_line,"",%progbits
 496              	.Ldebug_line0:
 497 0000 AB000000 		.section	.debug_str,"MS",%progbits,1
 497      02005600 
 497      00000201 
 497      FB0E0D00 
 497      01010101 
 498              	.LASF6:
 499 0000 6C6F6E67 		.ascii	"long long int\000"
 499      206C6F6E 
 499      6720696E 
 499      7400
 500              	.LASF8:
 501 000e 756E7369 		.ascii	"unsigned int\000"
 501      676E6564 
 501      20696E74 
 501      00
 502              	.LASF15:
 503 001b 54696D65 		.ascii	"Timer_1_backupStruct\000"
 503      725F315F 
 503      6261636B 
 503      75705374 
 503      72756374 
 504              	.LASF18:
 505 0030 54696D65 		.ascii	"Timer_1_Sleep\000"
 505      725F315F 
 505      536C6565 
 505      7000
 506              	.LASF24:
 507 003e 54696D65 		.ascii	"Timer_1_backup\000"
 507      725F315F 
ARM GAS  C:\Users\ologa\AppData\Local\Temp\cc6SUGuF.s 			page 13


 507      6261636B 
 507      757000
 508              	.LASF12:
 509 004d 75696E74 		.ascii	"uint8\000"
 509      3800
 510              	.LASF5:
 511 0053 6C6F6E67 		.ascii	"long unsigned int\000"
 511      20756E73 
 511      69676E65 
 511      6420696E 
 511      7400
 512              	.LASF7:
 513 0065 6C6F6E67 		.ascii	"long long unsigned int\000"
 513      206C6F6E 
 513      6720756E 
 513      7369676E 
 513      65642069 
 514              	.LASF23:
 515 007c 54696D65 		.ascii	"TimerEnableState\000"
 515      72456E61 
 515      626C6553 
 515      74617465 
 515      00
 516              	.LASF16:
 517 008d 54696D65 		.ascii	"Timer_1_SaveConfig\000"
 517      725F315F 
 517      53617665 
 517      436F6E66 
 517      696700
 518              	.LASF19:
 519 00a0 54696D65 		.ascii	"Timer_1_Wakeup\000"
 519      725F315F 
 519      57616B65 
 519      757000
 520              	.LASF11:
 521 00af 63686172 		.ascii	"char\000"
 521      00
 522              	.LASF4:
 523 00b4 6C6F6E67 		.ascii	"long int\000"
 523      20696E74 
 523      00
 524              	.LASF20:
 525 00bd 474E5520 		.ascii	"GNU C 4.9.3 20150303 (release) [ARM/embedded-4_9-br"
 525      4320342E 
 525      392E3320 
 525      32303135 
 525      30333033 
 526 00f0 616E6368 		.ascii	"anch revision 221220] -mcpu=cortex-m3 -mthumb -g -O"
 526      20726576 
 526      6973696F 
 526      6E203232 
 526      31323230 
 527 0123 30202D66 		.ascii	"0 -ffunction-sections -ffat-lto-objects\000"
 527      66756E63 
 527      74696F6E 
 527      2D736563 
 527      74696F6E 
ARM GAS  C:\Users\ologa\AppData\Local\Temp\cc6SUGuF.s 			page 14


 528              	.LASF10:
 529 014b 646F7562 		.ascii	"double\000"
 529      6C6500
 530              	.LASF3:
 531 0152 73686F72 		.ascii	"short unsigned int\000"
 531      7420756E 
 531      7369676E 
 531      65642069 
 531      6E7400
 532              	.LASF0:
 533 0165 7369676E 		.ascii	"signed char\000"
 533      65642063 
 533      68617200 
 534              	.LASF1:
 535 0171 756E7369 		.ascii	"unsigned char\000"
 535      676E6564 
 535      20636861 
 535      7200
 536              	.LASF21:
 537 017f 2E5C4765 		.ascii	".\\Generated_Source\\PSoC5\\Timer_1_PM.c\000"
 537      6E657261 
 537      7465645F 
 537      536F7572 
 537      63655C50 
 538              	.LASF9:
 539 01a5 666C6F61 		.ascii	"float\000"
 539      7400
 540              	.LASF22:
 541 01ab 433A5C55 		.ascii	"C:\\Users\\ologa\\Documents\\MIT\\Senior S22\\6.115"
 541      73657273 
 541      5C6F6C6F 
 541      67615C44 
 541      6F63756D 
 542 01d8 315C4669 		.ascii	"1\\Final Project\\vga.cydsn\000"
 542      6E616C20 
 542      50726F6A 
 542      6563745C 
 542      7667612E 
 543              	.LASF17:
 544 01f2 54696D65 		.ascii	"Timer_1_RestoreConfig\000"
 544      725F315F 
 544      52657374 
 544      6F726543 
 544      6F6E6669 
 545              	.LASF2:
 546 0208 73686F72 		.ascii	"short int\000"
 546      7420696E 
 546      7400
 547              	.LASF13:
 548 0212 72656738 		.ascii	"reg8\000"
 548      00
 549              	.LASF14:
 550 0217 73697A65 		.ascii	"sizetype\000"
 550      74797065 
 550      00
 551              		.ident	"GCC: (GNU Tools for ARM Embedded Processors) 4.9.3 20150303 (release) [ARM/embedded-4_9-br
