ARM GAS  C:\Users\ologa\AppData\Local\Temp\cc5O6kCn.s 			page 1


   1              		.syntax unified
   2              		.cpu cortex-m3
   3              		.fpu softvfp
   4              		.eabi_attribute 20, 1
   5              		.eabi_attribute 21, 1
   6              		.eabi_attribute 23, 3
   7              		.eabi_attribute 24, 1
   8              		.eabi_attribute 25, 1
   9              		.eabi_attribute 26, 1
  10              		.eabi_attribute 30, 1
  11              		.eabi_attribute 34, 1
  12              		.eabi_attribute 18, 4
  13              		.thumb
  14              		.file	"cymetadata.c"
  15              		.text
  16              	.Ltext0:
  17              		.cfi_sections	.debug_frame
  18              		.global	cy_metadata
  19              		.global	cy_meta_flashprotect
  20              		.global	cy_meta_wonvl
  21              		.global	cy_meta_custnvl
  22              		.global	cy_meta_configecc
  23              		.section	.cyconfigecc,"a",%progbits
  24              		.align	2
  25              		.type	cy_meta_configecc, %object
  26              		.size	cy_meta_configecc, 1084
  27              	cy_meta_configecc:
  28 0000 03       		.byte	3
  29 0001 52       		.byte	82
  30 0002 00       		.byte	0
  31 0003 40       		.byte	64
  32 0004 02       		.byte	2
  33 0005 64       		.byte	100
  34 0006 00       		.byte	0
  35 0007 40       		.byte	64
  36 0008 01       		.byte	1
  37 0009 65       		.byte	101
  38 000a 00       		.byte	0
  39 000b 40       		.byte	64
  40 000c 5C       		.byte	92
  41 000d 08       		.byte	8
  42 000e 01       		.byte	1
  43 000f 40       		.byte	64
  44 0010 3A       		.byte	58
  45 0011 09       		.byte	9
  46 0012 01       		.byte	1
  47 0013 40       		.byte	64
  48 0014 49       		.byte	73
  49 0015 14       		.byte	20
  50 0016 01       		.byte	1
  51 0017 40       		.byte	64
  52 0018 4C       		.byte	76
  53 0019 15       		.byte	21
  54 001a 01       		.byte	1
  55 001b 40       		.byte	64
  56 001c 08       		.byte	8
  57 001d 17       		.byte	23
ARM GAS  C:\Users\ologa\AppData\Local\Temp\cc5O6kCn.s 			page 2


  58 001e 01       		.byte	1
  59 001f 40       		.byte	64
  60 0020 45       		.byte	69
  61 0021 18       		.byte	24
  62 0022 01       		.byte	1
  63 0023 40       		.byte	64
  64 0024 46       		.byte	70
  65 0025 19       		.byte	25
  66 0026 01       		.byte	1
  67 0027 40       		.byte	64
  68 0028 0E       		.byte	14
  69 0029 1B       		.byte	27
  70 002a 01       		.byte	1
  71 002b 40       		.byte	64
  72 002c 14       		.byte	20
  73 002d 49       		.byte	73
  74 002e 01       		.byte	1
  75 002f 40       		.byte	64
  76 0030 05       		.byte	5
  77 0031 4C       		.byte	76
  78 0032 01       		.byte	1
  79 0033 40       		.byte	64
  80 0034 02       		.byte	2
  81 0035 4D       		.byte	77
  82 0036 01       		.byte	1
  83 0037 40       		.byte	64
  84 0038 05       		.byte	5
  85 0039 50       		.byte	80
  86 003a 01       		.byte	1
  87 003b 40       		.byte	64
  88 003c 0C       		.byte	12
  89 003d 80       		.byte	-128
  90 003e 18       		.byte	24
  91 003f 65       		.byte	101
  92 0040 19       		.byte	25
  93 0041 CC       		.byte	-52
  94 0042 88       		.byte	-120
  95 0043 72       		.byte	114
  96 0044 89       		.byte	-119
  97 0045 38       		.byte	56
  98 0046 84       		.byte	-124
  99 0047 0F       		.byte	15
 100 0048 01       		.byte	1
 101 0049 04       		.byte	4
 102 004a 04       		.byte	4
 103 004b 06       		.byte	6
 104 004c 05       		.byte	5
 105 004d 02       		.byte	2
 106 004e 08       		.byte	8
 107 004f 0F       		.byte	15
 108 0050 09       		.byte	9
 109 0051 06       		.byte	6
 110 0052 0C       		.byte	12
 111 0053 04       		.byte	4
 112 0054 10       		.byte	16
 113 0055 0E       		.byte	14
 114 0056 11       		.byte	17
ARM GAS  C:\Users\ologa\AppData\Local\Temp\cc5O6kCn.s 			page 3


 115 0057 06       		.byte	6
 116 0058 12       		.byte	18
 117 0059 01       		.byte	1
 118 005a 13       		.byte	19
 119 005b 01       		.byte	1
 120 005c 14       		.byte	20
 121 005d 09       		.byte	9
 122 005e 15       		.byte	21
 123 005f 01       		.byte	1
 124 0060 16       		.byte	22
 125 0061 06       		.byte	6
 126 0062 17       		.byte	23
 127 0063 06       		.byte	6
 128 0064 18       		.byte	24
 129 0065 0F       		.byte	15
 130 0066 19       		.byte	25
 131 0067 06       		.byte	6
 132 0068 1B       		.byte	27
 133 0069 01       		.byte	1
 134 006a 1E       		.byte	30
 135 006b 01       		.byte	1
 136 006c 23       		.byte	35
 137 006d 01       		.byte	1
 138 006e 24       		.byte	36
 139 006f 02       		.byte	2
 140 0070 29       		.byte	41
 141 0071 07       		.byte	7
 142 0072 32       		.byte	50
 143 0073 07       		.byte	7
 144 0074 34       		.byte	52
 145 0075 08       		.byte	8
 146 0076 37       		.byte	55
 147 0077 07       		.byte	7
 148 0078 3B       		.byte	59
 149 0079 80       		.byte	-128
 150 007a 3E       		.byte	62
 151 007b 10       		.byte	16
 152 007c 40       		.byte	64
 153 007d 02       		.byte	2
 154 007e 46       		.byte	70
 155 007f 04       		.byte	4
 156 0080 49       		.byte	73
 157 0081 FF       		.byte	-1
 158 0082 4A       		.byte	74
 159 0083 07       		.byte	7
 160 0084 4B       		.byte	75
 161 0085 FF       		.byte	-1
 162 0086 4C       		.byte	76
 163 0087 40       		.byte	64
 164 0088 4D       		.byte	77
 165 0089 20       		.byte	32
 166 008a 4E       		.byte	78
 167 008b F0       		.byte	-16
 168 008c 4F       		.byte	79
 169 008d 05       		.byte	5
 170 008e 50       		.byte	80
 171 008f 08       		.byte	8
ARM GAS  C:\Users\ologa\AppData\Local\Temp\cc5O6kCn.s 			page 4


 172 0090 56       		.byte	86
 173 0091 02       		.byte	2
 174 0092 57       		.byte	87
 175 0093 12       		.byte	18
 176 0094 58       		.byte	88
 177 0095 04       		.byte	4
 178 0096 59       		.byte	89
 179 0097 04       		.byte	4
 180 0098 5A       		.byte	90
 181 0099 04       		.byte	4
 182 009a 5B       		.byte	91
 183 009b 04       		.byte	4
 184 009c 5F       		.byte	95
 185 009d 01       		.byte	1
 186 009e 60       		.byte	96
 187 009f 40       		.byte	64
 188 00a0 61       		.byte	97
 189 00a1 A8       		.byte	-88
 190 00a2 62       		.byte	98
 191 00a3 40       		.byte	64
 192 00a4 63       		.byte	99
 193 00a5 20       		.byte	32
 194 00a6 89       		.byte	-119
 195 00a7 01       		.byte	1
 196 00a8 8B       		.byte	-117
 197 00a9 0E       		.byte	14
 198 00aa 95       		.byte	-107
 199 00ab 02       		.byte	2
 200 00ac 97       		.byte	-105
 201 00ad 31       		.byte	49
 202 00ae 99       		.byte	-103
 203 00af 07       		.byte	7
 204 00b0 A9       		.byte	-87
 205 00b1 07       		.byte	7
 206 00b2 AA       		.byte	-86
 207 00b3 01       		.byte	1
 208 00b4 AD       		.byte	-83
 209 00b5 04       		.byte	4
 210 00b6 AE       		.byte	-82
 211 00b7 01       		.byte	1
 212 00b8 AF       		.byte	-81
 213 00b9 11       		.byte	17
 214 00ba B1       		.byte	-79
 215 00bb 20       		.byte	32
 216 00bc B3       		.byte	-77
 217 00bd 07       		.byte	7
 218 00be B4       		.byte	-76
 219 00bf 01       		.byte	1
 220 00c0 B7       		.byte	-73
 221 00c1 18       		.byte	24
 222 00c2 BE       		.byte	-66
 223 00c3 10       		.byte	16
 224 00c4 BF       		.byte	-65
 225 00c5 40       		.byte	64
 226 00c6 C0       		.byte	-64
 227 00c7 35       		.byte	53
 228 00c8 C1       		.byte	-63
ARM GAS  C:\Users\ologa\AppData\Local\Temp\cc5O6kCn.s 			page 5


 229 00c9 06       		.byte	6
 230 00ca C2       		.byte	-62
 231 00cb 02       		.byte	2
 232 00cc C4       		.byte	-60
 233 00cd 01       		.byte	1
 234 00ce C5       		.byte	-59
 235 00cf C0       		.byte	-64
 236 00d0 C7       		.byte	-57
 237 00d1 E0       		.byte	-32
 238 00d2 C8       		.byte	-56
 239 00d3 22       		.byte	34
 240 00d4 C9       		.byte	-55
 241 00d5 FF       		.byte	-1
 242 00d6 CA       		.byte	-54
 243 00d7 FF       		.byte	-1
 244 00d8 CB       		.byte	-53
 245 00d9 FF       		.byte	-1
 246 00da CC       		.byte	-52
 247 00db 62       		.byte	98
 248 00dc CD       		.byte	-51
 249 00dd A0       		.byte	-96
 250 00de CE       		.byte	-50
 251 00df F0       		.byte	-16
 252 00e0 CF       		.byte	-49
 253 00e1 41       		.byte	65
 254 00e2 D0       		.byte	-48
 255 00e3 0C       		.byte	12
 256 00e4 D4       		.byte	-44
 257 00e5 18       		.byte	24
 258 00e6 D8       		.byte	-40
 259 00e7 04       		.byte	4
 260 00e8 D9       		.byte	-39
 261 00e9 04       		.byte	4
 262 00ea DA       		.byte	-38
 263 00eb 04       		.byte	4
 264 00ec DB       		.byte	-37
 265 00ed 04       		.byte	4
 266 00ee DF       		.byte	-33
 267 00ef 01       		.byte	1
 268 00f0 E6       		.byte	-26
 269 00f1 40       		.byte	64
 270 00f2 E7       		.byte	-25
 271 00f3 02       		.byte	2
 272 00f4 E9       		.byte	-23
 273 00f5 10       		.byte	16
 274 00f6 EA       		.byte	-22
 275 00f7 30       		.byte	48
 276 00f8 EB       		.byte	-21
 277 00f9 10       		.byte	16
 278 00fa ED       		.byte	-19
 279 00fb 10       		.byte	16
 280 00fc EE       		.byte	-18
 281 00fd 10       		.byte	16
 282 00fe EF       		.byte	-17
 283 00ff 12       		.byte	18
 284 0100 04       		.byte	4
 285 0101 20       		.byte	32
ARM GAS  C:\Users\ologa\AppData\Local\Temp\cc5O6kCn.s 			page 6


 286 0102 05       		.byte	5
 287 0103 30       		.byte	48
 288 0104 06       		.byte	6
 289 0105 10       		.byte	16
 290 0106 07       		.byte	7
 291 0107 02       		.byte	2
 292 0108 09       		.byte	9
 293 0109 20       		.byte	32
 294 010a 0B       		.byte	11
 295 010b 08       		.byte	8
 296 010c 0C       		.byte	12
 297 010d 15       		.byte	21
 298 010e 0D       		.byte	13
 299 010f 14       		.byte	20
 300 0110 0E       		.byte	14
 301 0111 82       		.byte	-126
 302 0112 0F       		.byte	15
 303 0113 20       		.byte	32
 304 0114 10       		.byte	16
 305 0115 02       		.byte	2
 306 0116 13       		.byte	19
 307 0117 10       		.byte	16
 308 0118 17       		.byte	23
 309 0119 08       		.byte	8
 310 011a 18       		.byte	24
 311 011b 04       		.byte	4
 312 011c 1E       		.byte	30
 313 011d 08       		.byte	8
 314 011e 1F       		.byte	31
 315 011f 04       		.byte	4
 316 0120 20       		.byte	32
 317 0121 11       		.byte	17
 318 0122 21       		.byte	33
 319 0123 01       		.byte	1
 320 0124 22       		.byte	34
 321 0125 04       		.byte	4
 322 0126 26       		.byte	38
 323 0127 40       		.byte	64
 324 0128 29       		.byte	41
 325 0129 40       		.byte	64
 326 012a 2B       		.byte	43
 327 012b 08       		.byte	8
 328 012c 2D       		.byte	45
 329 012d 20       		.byte	32
 330 012e 2F       		.byte	47
 331 012f 40       		.byte	64
 332 0130 30       		.byte	48
 333 0131 08       		.byte	8
 334 0132 33       		.byte	51
 335 0133 10       		.byte	16
 336 0134 34       		.byte	52
 337 0135 15       		.byte	21
 338 0136 38       		.byte	56
 339 0137 10       		.byte	16
 340 0138 3E       		.byte	62
 341 0139 2A       		.byte	42
 342 013a 40       		.byte	64
ARM GAS  C:\Users\ologa\AppData\Local\Temp\cc5O6kCn.s 			page 7


 343 013b 01       		.byte	1
 344 013c 41       		.byte	65
 345 013d 24       		.byte	36
 346 013e 45       		.byte	69
 347 013f 10       		.byte	16
 348 0140 49       		.byte	73
 349 0141 10       		.byte	16
 350 0142 4A       		.byte	74
 351 0143 01       		.byte	1
 352 0144 4B       		.byte	75
 353 0145 81       		.byte	-127
 354 0146 4D       		.byte	77
 355 0147 01       		.byte	1
 356 0148 4E       		.byte	78
 357 0149 80       		.byte	-128
 358 014a 50       		.byte	80
 359 014b 02       		.byte	2
 360 014c 57       		.byte	87
 361 014d 80       		.byte	-128
 362 014e 5A       		.byte	90
 363 014f 02       		.byte	2
 364 0150 5E       		.byte	94
 365 0151 08       		.byte	8
 366 0152 60       		.byte	96
 367 0153 04       		.byte	4
 368 0154 62       		.byte	98
 369 0155 40       		.byte	64
 370 0156 6E       		.byte	110
 371 0157 04       		.byte	4
 372 0158 6F       		.byte	111
 373 0159 1D       		.byte	29
 374 015a 74       		.byte	116
 375 015b 20       		.byte	32
 376 015c 76       		.byte	118
 377 015d 3E       		.byte	62
 378 015e 77       		.byte	119
 379 015f 0A       		.byte	10
 380 0160 C0       		.byte	-64
 381 0161 E0       		.byte	-32
 382 0162 C2       		.byte	-62
 383 0163 F0       		.byte	-16
 384 0164 C4       		.byte	-60
 385 0165 23       		.byte	35
 386 0166 CA       		.byte	-54
 387 0167 AC       		.byte	-84
 388 0168 CC       		.byte	-52
 389 0169 E6       		.byte	-26
 390 016a CE       		.byte	-50
 391 016b E4       		.byte	-28
 392 016c D0       		.byte	-48
 393 016d 2E       		.byte	46
 394 016e D2       		.byte	-46
 395 016f 0C       		.byte	12
 396 0170 D6       		.byte	-42
 397 0171 41       		.byte	65
 398 0172 D8       		.byte	-40
 399 0173 0C       		.byte	12
ARM GAS  C:\Users\ologa\AppData\Local\Temp\cc5O6kCn.s 			page 8


 400 0174 04       		.byte	4
 401 0175 1C       		.byte	28
 402 0176 05       		.byte	5
 403 0177 16       		.byte	22
 404 0178 06       		.byte	6
 405 0179 02       		.byte	2
 406 017a 07       		.byte	7
 407 017b 01       		.byte	1
 408 017c 09       		.byte	9
 409 017d 18       		.byte	24
 410 017e 0A       		.byte	10
 411 017f 03       		.byte	3
 412 0180 0B       		.byte	11
 413 0181 03       		.byte	3
 414 0182 0C       		.byte	12
 415 0183 09       		.byte	9
 416 0184 0E       		.byte	14
 417 0185 10       		.byte	16
 418 0186 0F       		.byte	15
 419 0187 09       		.byte	9
 420 0188 10       		.byte	16
 421 0189 14       		.byte	20
 422 018a 13       		.byte	19
 423 018b 06       		.byte	6
 424 018c 14       		.byte	20
 425 018d 10       		.byte	16
 426 018e 16       		.byte	22
 427 018f 0C       		.byte	12
 428 0190 19       		.byte	25
 429 0191 18       		.byte	24
 430 0192 1B       		.byte	27
 431 0193 05       		.byte	5
 432 0194 20       		.byte	32
 433 0195 10       		.byte	16
 434 0196 23       		.byte	35
 435 0197 02       		.byte	2
 436 0198 24       		.byte	36
 437 0199 0C       		.byte	12
 438 019a 26       		.byte	38
 439 019b 11       		.byte	17
 440 019c 29       		.byte	41
 441 019d 20       		.byte	32
 442 019e 33       		.byte	51
 443 019f 18       		.byte	24
 444 01a0 34       		.byte	52
 445 01a1 1F       		.byte	31
 446 01a2 35       		.byte	53
 447 01a3 07       		.byte	7
 448 01a4 37       		.byte	55
 449 01a5 20       		.byte	32
 450 01a6 39       		.byte	57
 451 01a7 08       		.byte	8
 452 01a8 3B       		.byte	59
 453 01a9 20       		.byte	32
 454 01aa 3F       		.byte	63
 455 01ab 44       		.byte	68
 456 01ac 40       		.byte	64
ARM GAS  C:\Users\ologa\AppData\Local\Temp\cc5O6kCn.s 			page 9


 457 01ad 25       		.byte	37
 458 01ae 41       		.byte	65
 459 01af 06       		.byte	6
 460 01b0 45       		.byte	69
 461 01b1 E0       		.byte	-32
 462 01b2 46       		.byte	70
 463 01b3 EC       		.byte	-20
 464 01b4 47       		.byte	71
 465 01b5 B0       		.byte	-80
 466 01b6 48       		.byte	72
 467 01b7 2E       		.byte	46
 468 01b8 49       		.byte	73
 469 01b9 FF       		.byte	-1
 470 01ba 4A       		.byte	74
 471 01bb FF       		.byte	-1
 472 01bc 4B       		.byte	75
 473 01bd FF       		.byte	-1
 474 01be 4E       		.byte	78
 475 01bf F0       		.byte	-16
 476 01c0 4F       		.byte	79
 477 01c1 44       		.byte	68
 478 01c2 50       		.byte	80
 479 01c3 0C       		.byte	12
 480 01c4 54       		.byte	84
 481 01c5 01       		.byte	1
 482 01c6 58       		.byte	88
 483 01c7 04       		.byte	4
 484 01c8 59       		.byte	89
 485 01c9 04       		.byte	4
 486 01ca 5A       		.byte	90
 487 01cb 04       		.byte	4
 488 01cc 5B       		.byte	91
 489 01cd 04       		.byte	4
 490 01ce 5F       		.byte	95
 491 01cf 01       		.byte	1
 492 01d0 66       		.byte	102
 493 01d1 C0       		.byte	-64
 494 01d2 6A       		.byte	106
 495 01d3 40       		.byte	64
 496 01d4 6B       		.byte	107
 497 01d5 02       		.byte	2
 498 01d6 82       		.byte	-126
 499 01d7 15       		.byte	21
 500 01d8 84       		.byte	-124
 501 01d9 0A       		.byte	10
 502 01da 86       		.byte	-122
 503 01db 14       		.byte	20
 504 01dc 87       		.byte	-121
 505 01dd 01       		.byte	1
 506 01de 89       		.byte	-119
 507 01df 01       		.byte	1
 508 01e0 8E       		.byte	-114
 509 01e1 08       		.byte	8
 510 01e2 98       		.byte	-104
 511 01e3 13       		.byte	19
 512 01e4 9A       		.byte	-102
 513 01e5 0C       		.byte	12
ARM GAS  C:\Users\ologa\AppData\Local\Temp\cc5O6kCn.s 			page 10


 514 01e6 9C       		.byte	-100
 515 01e7 03       		.byte	3
 516 01e8 9E       		.byte	-98
 517 01e9 14       		.byte	20
 518 01ea A5       		.byte	-91
 519 01eb 01       		.byte	1
 520 01ec A8       		.byte	-88
 521 01ed 13       		.byte	19
 522 01ee AA       		.byte	-86
 523 01ef 04       		.byte	4
 524 01f0 AD       		.byte	-83
 525 01f1 02       		.byte	2
 526 01f2 B1       		.byte	-79
 527 01f3 03       		.byte	3
 528 01f4 B4       		.byte	-76
 529 01f5 0F       		.byte	15
 530 01f6 B6       		.byte	-74
 531 01f7 10       		.byte	16
 532 01f8 B9       		.byte	-71
 533 01f9 02       		.byte	2
 534 01fa BA       		.byte	-70
 535 01fb 20       		.byte	32
 536 01fc BE       		.byte	-66
 537 01fd 40       		.byte	64
 538 01fe D8       		.byte	-40
 539 01ff 04       		.byte	4
 540 0200 D9       		.byte	-39
 541 0201 04       		.byte	4
 542 0202 DB       		.byte	-37
 543 0203 04       		.byte	4
 544 0204 DF       		.byte	-33
 545 0205 01       		.byte	1
 546 0206 00       		.byte	0
 547 0207 44       		.byte	68
 548 0208 01       		.byte	1
 549 0209 20       		.byte	32
 550 020a 04       		.byte	4
 551 020b 4C       		.byte	76
 552 020c 06       		.byte	6
 553 020d 40       		.byte	64
 554 020e 09       		.byte	9
 555 020f 02       		.byte	2
 556 0210 0B       		.byte	11
 557 0211 20       		.byte	32
 558 0212 0C       		.byte	12
 559 0213 80       		.byte	-128
 560 0214 0E       		.byte	14
 561 0215 08       		.byte	8
 562 0216 10       		.byte	16
 563 0217 40       		.byte	64
 564 0218 13       		.byte	19
 565 0219 04       		.byte	4
 566 021a 15       		.byte	21
 567 021b 20       		.byte	32
 568 021c 19       		.byte	25
 569 021d 20       		.byte	32
 570 021e 1D       		.byte	29
ARM GAS  C:\Users\ologa\AppData\Local\Temp\cc5O6kCn.s 			page 11


 571 021f 40       		.byte	64
 572 0220 1E       		.byte	30
 573 0221 08       		.byte	8
 574 0222 1F       		.byte	31
 575 0223 30       		.byte	48
 576 0224 20       		.byte	32
 577 0225 08       		.byte	8
 578 0226 21       		.byte	33
 579 0227 18       		.byte	24
 580 0228 22       		.byte	34
 581 0229 80       		.byte	-128
 582 022a 23       		.byte	35
 583 022b 04       		.byte	4
 584 022c 24       		.byte	36
 585 022d 40       		.byte	64
 586 022e 26       		.byte	38
 587 022f 03       		.byte	3
 588 0230 28       		.byte	40
 589 0231 40       		.byte	64
 590 0232 29       		.byte	41
 591 0233 20       		.byte	32
 592 0234 2D       		.byte	45
 593 0235 40       		.byte	64
 594 0236 2F       		.byte	47
 595 0237 20       		.byte	32
 596 0238 32       		.byte	50
 597 0239 02       		.byte	2
 598 023a 33       		.byte	51
 599 023b 20       		.byte	32
 600 023c 38       		.byte	56
 601 023d 08       		.byte	8
 602 023e 39       		.byte	57
 603 023f 70       		.byte	112
 604 0240 3A       		.byte	58
 605 0241 40       		.byte	64
 606 0242 3B       		.byte	59
 607 0243 40       		.byte	64
 608 0244 3C       		.byte	60
 609 0245 04       		.byte	4
 610 0246 3D       		.byte	61
 611 0247 10       		.byte	16
 612 0248 43       		.byte	67
 613 0249 20       		.byte	32
 614 024a 48       		.byte	72
 615 024b 04       		.byte	4
 616 024c 49       		.byte	73
 617 024d 01       		.byte	1
 618 024e 4B       		.byte	75
 619 024f 40       		.byte	64
 620 0250 50       		.byte	80
 621 0251 90       		.byte	-112
 622 0252 51       		.byte	81
 623 0253 02       		.byte	2
 624 0254 59       		.byte	89
 625 0255 41       		.byte	65
 626 0256 5B       		.byte	91
 627 0257 14       		.byte	20
ARM GAS  C:\Users\ologa\AppData\Local\Temp\cc5O6kCn.s 			page 12


 628 0258 6C       		.byte	108
 629 0259 08       		.byte	8
 630 025a 6D       		.byte	109
 631 025b 08       		.byte	8
 632 025c 6F       		.byte	111
 633 025d 42       		.byte	66
 634 025e 74       		.byte	116
 635 025f 10       		.byte	16
 636 0260 75       		.byte	117
 637 0261 0A       		.byte	10
 638 0262 76       		.byte	118
 639 0263 02       		.byte	2
 640 0264 80       		.byte	-128
 641 0265 08       		.byte	8
 642 0266 81       		.byte	-127
 643 0267 0C       		.byte	12
 644 0268 84       		.byte	-124
 645 0269 10       		.byte	16
 646 026a 86       		.byte	-122
 647 026b 02       		.byte	2
 648 026c 8B       		.byte	-117
 649 026d 26       		.byte	38
 650 026e 8C       		.byte	-116
 651 026f 80       		.byte	-128
 652 0270 8D       		.byte	-115
 653 0271 02       		.byte	2
 654 0272 8F       		.byte	-113
 655 0273 54       		.byte	84
 656 0274 90       		.byte	-112
 657 0275 08       		.byte	8
 658 0276 91       		.byte	-111
 659 0277 40       		.byte	64
 660 0278 94       		.byte	-108
 661 0279 20       		.byte	32
 662 027a 98       		.byte	-104
 663 027b 40       		.byte	64
 664 027c A5       		.byte	-91
 665 027d 08       		.byte	8
 666 027e A6       		.byte	-90
 667 027f 81       		.byte	-127
 668 0280 A8       		.byte	-88
 669 0281 04       		.byte	4
 670 0282 B5       		.byte	-75
 671 0283 08       		.byte	8
 672 0284 B6       		.byte	-74
 673 0285 01       		.byte	1
 674 0286 C0       		.byte	-64
 675 0287 B7       		.byte	-73
 676 0288 C2       		.byte	-62
 677 0289 CC       		.byte	-52
 678 028a C4       		.byte	-60
 679 028b 4C       		.byte	76
 680 028c CA       		.byte	-54
 681 028d 55       		.byte	85
 682 028e CC       		.byte	-52
 683 028f 05       		.byte	5
 684 0290 CE       		.byte	-50
ARM GAS  C:\Users\ologa\AppData\Local\Temp\cc5O6kCn.s 			page 13


 685 0291 6E       		.byte	110
 686 0292 D0       		.byte	-48
 687 0293 04       		.byte	4
 688 0294 D2       		.byte	-46
 689 0295 0C       		.byte	12
 690 0296 D6       		.byte	-42
 691 0297 0F       		.byte	15
 692 0298 E2       		.byte	-30
 693 0299 50       		.byte	80
 694 029a E6       		.byte	-26
 695 029b 80       		.byte	-128
 696 029c EE       		.byte	-18
 697 029d 01       		.byte	1
 698 029e 86       		.byte	-122
 699 029f 80       		.byte	-128
 700 02a0 8C       		.byte	-116
 701 02a1 10       		.byte	16
 702 02a2 91       		.byte	-111
 703 02a3 40       		.byte	64
 704 02a4 98       		.byte	-104
 705 02a5 40       		.byte	64
 706 02a6 AC       		.byte	-84
 707 02a7 40       		.byte	64
 708 02a8 B5       		.byte	-75
 709 02a9 40       		.byte	64
 710 02aa E4       		.byte	-28
 711 02ab 08       		.byte	8
 712 02ac EE       		.byte	-18
 713 02ad 08       		.byte	8
 714 02ae 00       		.byte	0
 715 02af 01       		.byte	1
 716 02b0 02       		.byte	2
 717 02b1 0E       		.byte	14
 718 02b2 03       		.byte	3
 719 02b3 04       		.byte	4
 720 02b4 04       		.byte	4
 721 02b5 0C       		.byte	12
 722 02b6 05       		.byte	5
 723 02b7 01       		.byte	1
 724 02b8 06       		.byte	6
 725 02b9 03       		.byte	3
 726 02ba 08       		.byte	8
 727 02bb 30       		.byte	48
 728 02bc 0C       		.byte	12
 729 02bd 20       		.byte	32
 730 02be 0E       		.byte	14
 731 02bf 10       		.byte	16
 732 02c0 11       		.byte	17
 733 02c1 01       		.byte	1
 734 02c2 14       		.byte	20
 735 02c3 10       		.byte	16
 736 02c4 15       		.byte	21
 737 02c5 01       		.byte	1
 738 02c6 16       		.byte	22
 739 02c7 20       		.byte	32
 740 02c8 18       		.byte	24
 741 02c9 30       		.byte	48
ARM GAS  C:\Users\ologa\AppData\Local\Temp\cc5O6kCn.s 			page 14


 742 02ca 22       		.byte	34
 743 02cb 03       		.byte	3
 744 02cc 26       		.byte	38
 745 02cd 08       		.byte	8
 746 02ce 2A       		.byte	42
 747 02cf 0C       		.byte	12
 748 02d0 2B       		.byte	43
 749 02d1 04       		.byte	4
 750 02d2 2C       		.byte	44
 751 02d3 01       		.byte	1
 752 02d4 2D       		.byte	45
 753 02d5 02       		.byte	2
 754 02d6 2E       		.byte	46
 755 02d7 06       		.byte	6
 756 02d8 31       		.byte	49
 757 02d9 02       		.byte	2
 758 02da 32       		.byte	50
 759 02db 0F       		.byte	15
 760 02dc 33       		.byte	51
 761 02dd 04       		.byte	4
 762 02de 35       		.byte	53
 763 02df 01       		.byte	1
 764 02e0 36       		.byte	54
 765 02e1 30       		.byte	48
 766 02e2 3A       		.byte	58
 767 02e3 08       		.byte	8
 768 02e4 3F       		.byte	63
 769 02e5 05       		.byte	5
 770 02e6 58       		.byte	88
 771 02e7 04       		.byte	4
 772 02e8 59       		.byte	89
 773 02e9 04       		.byte	4
 774 02ea 5F       		.byte	95
 775 02eb 01       		.byte	1
 776 02ec 80       		.byte	-128
 777 02ed 02       		.byte	2
 778 02ee 83       		.byte	-125
 779 02ef 04       		.byte	4
 780 02f0 84       		.byte	-124
 781 02f1 03       		.byte	3
 782 02f2 85       		.byte	-123
 783 02f3 08       		.byte	8
 784 02f4 86       		.byte	-122
 785 02f5 0C       		.byte	12
 786 02f6 88       		.byte	-120
 787 02f7 0F       		.byte	15
 788 02f8 89       		.byte	-119
 789 02f9 FF       		.byte	-1
 790 02fa 8C       		.byte	-116
 791 02fb 01       		.byte	1
 792 02fc 8F       		.byte	-113
 793 02fd C3       		.byte	-61
 794 02fe 90       		.byte	-112
 795 02ff 0F       		.byte	15
 796 0300 91       		.byte	-111
 797 0301 1C       		.byte	28
 798 0302 93       		.byte	-109
ARM GAS  C:\Users\ologa\AppData\Local\Temp\cc5O6kCn.s 			page 15


 799 0303 E1       		.byte	-31
 800 0304 94       		.byte	-108
 801 0305 0C       		.byte	12
 802 0306 95       		.byte	-107
 803 0307 44       		.byte	68
 804 0308 96       		.byte	-106
 805 0309 03       		.byte	3
 806 030a 98       		.byte	-104
 807 030b 03       		.byte	3
 808 030c 99       		.byte	-103
 809 030d 1C       		.byte	28
 810 030e 9B       		.byte	-101
 811 030f E2       		.byte	-30
 812 0310 9D       		.byte	-99
 813 0311 10       		.byte	16
 814 0312 A0       		.byte	-96
 815 0313 08       		.byte	8
 816 0314 A1       		.byte	-95
 817 0315 C0       		.byte	-64
 818 0316 A4       		.byte	-92
 819 0317 04       		.byte	4
 820 0318 A5       		.byte	-91
 821 0319 E7       		.byte	-25
 822 031a A7       		.byte	-89
 823 031b 18       		.byte	24
 824 031c A8       		.byte	-88
 825 031d 0C       		.byte	12
 826 031e A9       		.byte	-87
 827 031f 18       		.byte	24
 828 0320 AD       		.byte	-83
 829 0321 80       		.byte	-128
 830 0322 AE       		.byte	-82
 831 0323 03       		.byte	3
 832 0324 B1       		.byte	-79
 833 0325 C0       		.byte	-64
 834 0326 B3       		.byte	-77
 835 0327 20       		.byte	32
 836 0328 B4       		.byte	-76
 837 0329 0F       		.byte	15
 838 032a B5       		.byte	-75
 839 032b 1F       		.byte	31
 840 032c B9       		.byte	-71
 841 032d 08       		.byte	8
 842 032e BA       		.byte	-70
 843 032f 28       		.byte	40
 844 0330 BB       		.byte	-69
 845 0331 20       		.byte	32
 846 0332 D8       		.byte	-40
 847 0333 04       		.byte	4
 848 0334 D9       		.byte	-39
 849 0335 04       		.byte	4
 850 0336 DF       		.byte	-33
 851 0337 01       		.byte	1
 852 0338 00       		.byte	0
 853 0339 80       		.byte	-128
 854 033a 01       		.byte	1
 855 033b 10       		.byte	16
ARM GAS  C:\Users\ologa\AppData\Local\Temp\cc5O6kCn.s 			page 16


 856 033c 03       		.byte	3
 857 033d A0       		.byte	-96
 858 033e 05       		.byte	5
 859 033f 44       		.byte	68
 860 0340 06       		.byte	6
 861 0341 80       		.byte	-128
 862 0342 07       		.byte	7
 863 0343 04       		.byte	4
 864 0344 08       		.byte	8
 865 0345 01       		.byte	1
 866 0346 0A       		.byte	10
 867 0347 28       		.byte	40
 868 0348 0C       		.byte	12
 869 0349 08       		.byte	8
 870 034a 0E       		.byte	14
 871 034b 04       		.byte	4
 872 034c 10       		.byte	16
 873 034d A6       		.byte	-90
 874 034e 13       		.byte	19
 875 034f 02       		.byte	2
 876 0350 14       		.byte	20
 877 0351 20       		.byte	32
 878 0352 15       		.byte	21
 879 0353 01       		.byte	1
 880 0354 16       		.byte	22
 881 0355 0A       		.byte	10
 882 0356 18       		.byte	24
 883 0357 20       		.byte	32
 884 0358 1B       		.byte	27
 885 0359 30       		.byte	48
 886 035a 1D       		.byte	29
 887 035b 44       		.byte	68
 888 035c 1F       		.byte	31
 889 035d 88       		.byte	-120
 890 035e 21       		.byte	33
 891 035f 10       		.byte	16
 892 0360 22       		.byte	34
 893 0361 11       		.byte	17
 894 0362 23       		.byte	35
 895 0363 10       		.byte	16
 896 0364 24       		.byte	36
 897 0365 80       		.byte	-128
 898 0366 26       		.byte	38
 899 0367 08       		.byte	8
 900 0368 27       		.byte	39
 901 0369 08       		.byte	8
 902 036a 28       		.byte	40
 903 036b 44       		.byte	68
 904 036c 29       		.byte	41
 905 036d 40       		.byte	64
 906 036e 2A       		.byte	42
 907 036f 10       		.byte	16
 908 0370 2B       		.byte	43
 909 0371 10       		.byte	16
 910 0372 2E       		.byte	46
 911 0373 40       		.byte	64
 912 0374 2F       		.byte	47
ARM GAS  C:\Users\ologa\AppData\Local\Temp\cc5O6kCn.s 			page 17


 913 0375 04       		.byte	4
 914 0376 30       		.byte	48
 915 0377 89       		.byte	-119
 916 0378 32       		.byte	50
 917 0379 10       		.byte	16
 918 037a 37       		.byte	55
 919 037b 05       		.byte	5
 920 037c 38       		.byte	56
 921 037d 20       		.byte	32
 922 037e 39       		.byte	57
 923 037f 12       		.byte	18
 924 0380 3A       		.byte	58
 925 0381 04       		.byte	4
 926 0382 3B       		.byte	59
 927 0383 80       		.byte	-128
 928 0384 3E       		.byte	62
 929 0385 04       		.byte	4
 930 0386 3F       		.byte	63
 931 0387 01       		.byte	1
 932 0388 88       		.byte	-120
 933 0389 40       		.byte	64
 934 038a 8A       		.byte	-118
 935 038b 4C       		.byte	76
 936 038c 8E       		.byte	-114
 937 038d 40       		.byte	64
 938 038e 91       		.byte	-111
 939 038f 03       		.byte	3
 940 0390 92       		.byte	-110
 941 0391 0C       		.byte	12
 942 0392 93       		.byte	-109
 943 0393 09       		.byte	9
 944 0394 94       		.byte	-108
 945 0395 20       		.byte	32
 946 0396 95       		.byte	-107
 947 0397 20       		.byte	32
 948 0398 96       		.byte	-106
 949 0399 02       		.byte	2
 950 039a 97       		.byte	-105
 951 039b 90       		.byte	-112
 952 039c 98       		.byte	-104
 953 039d 21       		.byte	33
 954 039e 9A       		.byte	-102
 955 039f 14       		.byte	20
 956 03a0 9B       		.byte	-101
 957 03a1 07       		.byte	7
 958 03a2 9D       		.byte	-99
 959 03a3 40       		.byte	64
 960 03a4 9E       		.byte	-98
 961 03a5 40       		.byte	64
 962 03a6 A0       		.byte	-96
 963 03a7 20       		.byte	32
 964 03a8 A4       		.byte	-92
 965 03a9 08       		.byte	8
 966 03aa A5       		.byte	-91
 967 03ab 10       		.byte	16
 968 03ac A7       		.byte	-89
 969 03ad 10       		.byte	16
ARM GAS  C:\Users\ologa\AppData\Local\Temp\cc5O6kCn.s 			page 18


 970 03ae AC       		.byte	-84
 971 03af 20       		.byte	32
 972 03b0 AF       		.byte	-81
 973 03b1 80       		.byte	-128
 974 03b2 B6       		.byte	-74
 975 03b3 80       		.byte	-128
 976 03b4 C0       		.byte	-64
 977 03b5 FF       		.byte	-1
 978 03b6 C2       		.byte	-62
 979 03b7 6E       		.byte	110
 980 03b8 C4       		.byte	-60
 981 03b9 FF       		.byte	-1
 982 03ba CA       		.byte	-54
 983 03bb 3F       		.byte	63
 984 03bc CC       		.byte	-52
 985 03bd CF       		.byte	-49
 986 03be CE       		.byte	-50
 987 03bf CF       		.byte	-49
 988 03c0 E4       		.byte	-28
 989 03c1 48       		.byte	72
 990 03c2 EA       		.byte	-22
 991 03c3 40       		.byte	64
 992 03c4 8A       		.byte	-118
 993 03c5 82       		.byte	-126
 994 03c6 8C       		.byte	-116
 995 03c7 40       		.byte	64
 996 03c8 90       		.byte	-112
 997 03c9 80       		.byte	-128
 998 03ca 9E       		.byte	-98
 999 03cb 82       		.byte	-126
 1000 03cc AB       		.byte	-85
 1001 03cd 08       		.byte	8
 1002 03ce B0       		.byte	-80
 1003 03cf 4A       		.byte	74
 1004 03d0 B3       		.byte	-77
 1005 03d1 48       		.byte	72
 1006 03d2 B5       		.byte	-75
 1007 03d3 10       		.byte	16
 1008 03d4 B6       		.byte	-74
 1009 03d5 08       		.byte	8
 1010 03d6 E0       		.byte	-32
 1011 03d7 80       		.byte	-128
 1012 03d8 E4       		.byte	-28
 1013 03d9 20       		.byte	32
 1014 03da E6       		.byte	-26
 1015 03db 10       		.byte	16
 1016 03dc E8       		.byte	-24
 1017 03dd 10       		.byte	16
 1018 03de EC       		.byte	-20
 1019 03df 10       		.byte	16
 1020 03e0 51       		.byte	81
 1021 03e1 08       		.byte	8
 1022 03e2 56       		.byte	86
 1023 03e3 20       		.byte	32
 1024 03e4 5A       		.byte	90
 1025 03e5 80       		.byte	-128
 1026 03e6 5D       		.byte	93
ARM GAS  C:\Users\ologa\AppData\Local\Temp\cc5O6kCn.s 			page 19


 1027 03e7 01       		.byte	1
 1028 03e8 5E       		.byte	94
 1029 03e9 40       		.byte	64
 1030 03ea 63       		.byte	99
 1031 03eb 0A       		.byte	10
 1032 03ec 64       		.byte	100
 1033 03ed 08       		.byte	8
 1034 03ee 80       		.byte	-128
 1035 03ef 08       		.byte	8
 1036 03f0 81       		.byte	-127
 1037 03f1 08       		.byte	8
 1038 03f2 82       		.byte	-126
 1039 03f3 40       		.byte	64
 1040 03f4 85       		.byte	-123
 1041 03f5 01       		.byte	1
 1042 03f6 87       		.byte	-121
 1043 03f7 01       		.byte	1
 1044 03f8 8A       		.byte	-118
 1045 03f9 20       		.byte	32
 1046 03fa 8E       		.byte	-114
 1047 03fb 40       		.byte	64
 1048 03fc 8F       		.byte	-113
 1049 03fd 04       		.byte	4
 1050 03fe D4       		.byte	-44
 1051 03ff E0       		.byte	-32
 1052 0400 D6       		.byte	-42
 1053 0401 E0       		.byte	-32
 1054 0402 D8       		.byte	-40
 1055 0403 C0       		.byte	-64
 1056 0404 E2       		.byte	-30
 1057 0405 B0       		.byte	-80
 1058 0406 E6       		.byte	-26
 1059 0407 30       		.byte	48
 1060 0408 0C       		.byte	12
 1061 0409 20       		.byte	32
 1062 040a 63       		.byte	99
 1063 040b 02       		.byte	2
 1064 040c 87       		.byte	-121
 1065 040d 01       		.byte	1
 1066 040e C2       		.byte	-62
 1067 040f 01       		.byte	1
 1068 0410 D6       		.byte	-42
 1069 0411 02       		.byte	2
 1070 0412 B0       		.byte	-80
 1071 0413 20       		.byte	32
 1072 0414 EE       		.byte	-18
 1073 0415 04       		.byte	4
 1074 0416 00       		.byte	0
 1075 0417 01       		.byte	1
 1076 0418 0C       		.byte	12
 1077 0419 01       		.byte	1
 1078 041a 10       		.byte	16
 1079 041b 01       		.byte	1
 1080 041c 1A       		.byte	26
 1081 041d 01       		.byte	1
 1082 041e 1C       		.byte	28
 1083 041f 01       		.byte	1
ARM GAS  C:\Users\ologa\AppData\Local\Temp\cc5O6kCn.s 			page 20


 1084 0420 40       		.byte	64
 1085 0421 00       		.byte	0
 1086 0422 80       		.byte	-128
 1087 0423 40       		.byte	64
 1088 0424 40       		.byte	64
 1089 0425 00       		.byte	0
 1090 0426 40       		.byte	64
 1091 0427 00       		.byte	0
 1092 0428 00       		.byte	0
 1093 0429 00       		.byte	0
 1094 042a 00       		.byte	0
 1095 042b 00       		.byte	0
 1096 042c 00       		.byte	0
 1097 042d 7F       		.byte	127
 1098 042e 7F       		.byte	127
 1099 042f 00       		.byte	0
 1100 0430 00       		.byte	0
 1101 0431 00       		.byte	0
 1102 0432 00       		.byte	0
 1103 0433 00       		.byte	0
 1104 0434 00       		.byte	0
 1105 0435 FF       		.byte	-1
 1106 0436 FF       		.byte	-1
 1107 0437 00       		.byte	0
 1108 0438 FF       		.byte	-1
 1109 0439 00       		.byte	0
 1110 043a 00       		.byte	0
 1111 043b 00       		.byte	0
 1112              		.section	.cywolatch,"a",%progbits
 1113              		.align	2
 1114              		.type	cy_meta_wonvl, %object
 1115              		.size	cy_meta_wonvl, 4
 1116              	cy_meta_wonvl:
 1117 0000 BC       		.byte	-68
 1118 0001 90       		.byte	-112
 1119 0002 AC       		.byte	-84
 1120 0003 AF       		.byte	-81
 1121              		.section	.cycustnvl,"a",%progbits
 1122              		.align	2
 1123              		.type	cy_meta_custnvl, %object
 1124              		.size	cy_meta_custnvl, 4
 1125              	cy_meta_custnvl:
 1126 0000 00       		.byte	0
 1127 0001 00       		.byte	0
 1128 0002 40       		.byte	64
 1129 0003 05       		.byte	5
 1130              		.section	.cymeta,"a",%progbits
 1131              		.align	2
 1132              		.type	cy_metadata, %object
 1133              		.size	cy_metadata, 12
 1134              	cy_metadata:
 1135 0000 00       		.byte	0
 1136 0001 01       		.byte	1
 1137 0002 2E       		.byte	46
 1138 0003 12       		.byte	18
 1139 0004 30       		.byte	48
 1140 0005 69       		.byte	105
ARM GAS  C:\Users\ologa\AppData\Local\Temp\cc5O6kCn.s 			page 21


 1141 0006 00       		.byte	0
 1142 0007 01       		.byte	1
 1143 0008 00       		.byte	0
 1144 0009 00       		.byte	0
 1145 000a 00       		.byte	0
 1146 000b 00       		.byte	0
 1147              		.section	.cyflashprotect,"a",%progbits
 1148              		.align	2
 1149              		.type	cy_meta_flashprotect, %object
 1150              		.size	cy_meta_flashprotect, 256
 1151              	cy_meta_flashprotect:
 1152 0000 00000000 		.space	256
 1152      00000000 
 1152      00000000 
 1152      00000000 
 1152      00000000 
 1153              		.text
 1154              	.Letext0:
 1155              		.file 1 ".\\Generated_Source\\PSoC5\\cymetadata.c"
 1156              		.file 2 ".\\Generated_Source\\PSoC5\\cytypes.h"
 1157              		.section	.debug_info,"",%progbits
 1158              	.Ldebug_info0:
 1159 0000 37010000 		.4byte	0x137
 1160 0004 0400     		.2byte	0x4
 1161 0006 00000000 		.4byte	.Ldebug_abbrev0
 1162 000a 04       		.byte	0x4
 1163 000b 01       		.uleb128 0x1
 1164 000c EE000000 		.4byte	.LASF18
 1165 0010 01       		.byte	0x1
 1166 0011 5A000000 		.4byte	.LASF19
 1167 0015 00000000 		.4byte	.LASF20
 1168 0019 00000000 		.4byte	.Ldebug_line0
 1169 001d 02       		.uleb128 0x2
 1170 001e 01       		.byte	0x1
 1171 001f 06       		.byte	0x6
 1172 0020 F8010000 		.4byte	.LASF0
 1173 0024 02       		.uleb128 0x2
 1174 0025 01       		.byte	0x1
 1175 0026 08       		.byte	0x8
 1176 0027 92000000 		.4byte	.LASF1
 1177 002b 02       		.uleb128 0x2
 1178 002c 02       		.byte	0x2
 1179 002d 05       		.byte	0x5
 1180 002e DF010000 		.4byte	.LASF2
 1181 0032 02       		.uleb128 0x2
 1182 0033 02       		.byte	0x2
 1183 0034 07       		.byte	0x7
 1184 0035 B2000000 		.4byte	.LASF3
 1185 0039 02       		.uleb128 0x2
 1186 003a 04       		.byte	0x4
 1187 003b 05       		.byte	0x5
 1188 003c EF010000 		.4byte	.LASF4
 1189 0040 02       		.uleb128 0x2
 1190 0041 04       		.byte	0x4
 1191 0042 07       		.byte	0x7
 1192 0043 A0000000 		.4byte	.LASF5
 1193 0047 02       		.uleb128 0x2
ARM GAS  C:\Users\ologa\AppData\Local\Temp\cc5O6kCn.s 			page 22


 1194 0048 08       		.byte	0x8
 1195 0049 05       		.byte	0x5
 1196 004a CC010000 		.4byte	.LASF6
 1197 004e 02       		.uleb128 0x2
 1198 004f 08       		.byte	0x8
 1199 0050 07       		.byte	0x7
 1200 0051 89010000 		.4byte	.LASF7
 1201 0055 03       		.uleb128 0x3
 1202 0056 04       		.byte	0x4
 1203 0057 05       		.byte	0x5
 1204 0058 696E7400 		.ascii	"int\000"
 1205 005c 02       		.uleb128 0x2
 1206 005d 04       		.byte	0x4
 1207 005e 07       		.byte	0x7
 1208 005f 7C010000 		.4byte	.LASF8
 1209 0063 04       		.uleb128 0x4
 1210 0064 E9010000 		.4byte	.LASF21
 1211 0068 02       		.byte	0x2
 1212 0069 9201     		.2byte	0x192
 1213 006b 24000000 		.4byte	0x24
 1214 006f 02       		.uleb128 0x2
 1215 0070 04       		.byte	0x4
 1216 0071 04       		.byte	0x4
 1217 0072 8C000000 		.4byte	.LASF9
 1218 0076 02       		.uleb128 0x2
 1219 0077 08       		.byte	0x8
 1220 0078 04       		.byte	0x4
 1221 0079 C5000000 		.4byte	.LASF10
 1222 007d 02       		.uleb128 0x2
 1223 007e 01       		.byte	0x1
 1224 007f 08       		.byte	0x8
 1225 0080 DA010000 		.4byte	.LASF11
 1226 0084 05       		.uleb128 0x5
 1227 0085 63000000 		.4byte	0x63
 1228 0089 95000000 		.4byte	0x95
 1229 008d 06       		.uleb128 0x6
 1230 008e 95000000 		.4byte	0x95
 1231 0092 3B04     		.2byte	0x43b
 1232 0094 00       		.byte	0
 1233 0095 02       		.uleb128 0x2
 1234 0096 04       		.byte	0x4
 1235 0097 07       		.byte	0x7
 1236 0098 C3010000 		.4byte	.LASF12
 1237 009c 07       		.uleb128 0x7
 1238 009d DC000000 		.4byte	.LASF13
 1239 00a1 01       		.byte	0x1
 1240 00a2 1F       		.byte	0x1f
 1241 00a3 AD000000 		.4byte	0xad
 1242 00a7 05       		.uleb128 0x5
 1243 00a8 03       		.byte	0x3
 1244 00a9 00000000 		.4byte	cy_meta_configecc
 1245 00ad 08       		.uleb128 0x8
 1246 00ae 84000000 		.4byte	0x84
 1247 00b2 05       		.uleb128 0x5
 1248 00b3 63000000 		.4byte	0x63
 1249 00b7 C2000000 		.4byte	0xc2
 1250 00bb 09       		.uleb128 0x9
ARM GAS  C:\Users\ologa\AppData\Local\Temp\cc5O6kCn.s 			page 23


 1251 00bc 95000000 		.4byte	0x95
 1252 00c0 03       		.byte	0x3
 1253 00c1 00       		.byte	0
 1254 00c2 07       		.uleb128 0x7
 1255 00c3 CC000000 		.4byte	.LASF14
 1256 00c7 01       		.byte	0x1
 1257 00c8 B4       		.byte	0xb4
 1258 00c9 D3000000 		.4byte	0xd3
 1259 00cd 05       		.uleb128 0x5
 1260 00ce 03       		.byte	0x3
 1261 00cf 00000000 		.4byte	cy_meta_custnvl
 1262 00d3 08       		.uleb128 0x8
 1263 00d4 B2000000 		.4byte	0xb2
 1264 00d8 07       		.uleb128 0x7
 1265 00d9 B5010000 		.4byte	.LASF15
 1266 00dd 01       		.byte	0x1
 1267 00de C2       		.byte	0xc2
 1268 00df E9000000 		.4byte	0xe9
 1269 00e3 05       		.uleb128 0x5
 1270 00e4 03       		.byte	0x3
 1271 00e5 00000000 		.4byte	cy_meta_wonvl
 1272 00e9 08       		.uleb128 0x8
 1273 00ea B2000000 		.4byte	0xb2
 1274 00ee 05       		.uleb128 0x5
 1275 00ef 63000000 		.4byte	0x63
 1276 00f3 FE000000 		.4byte	0xfe
 1277 00f7 09       		.uleb128 0x9
 1278 00f8 95000000 		.4byte	0x95
 1279 00fc FF       		.byte	0xff
 1280 00fd 00       		.byte	0
 1281 00fe 07       		.uleb128 0x7
 1282 00ff A0010000 		.4byte	.LASF16
 1283 0103 01       		.byte	0x1
 1284 0104 D0       		.byte	0xd0
 1285 0105 0F010000 		.4byte	0x10f
 1286 0109 05       		.uleb128 0x5
 1287 010a 03       		.byte	0x3
 1288 010b 00000000 		.4byte	cy_meta_flashprotect
 1289 010f 08       		.uleb128 0x8
 1290 0110 EE000000 		.4byte	0xee
 1291 0114 05       		.uleb128 0x5
 1292 0115 63000000 		.4byte	0x63
 1293 0119 24010000 		.4byte	0x124
 1294 011d 09       		.uleb128 0x9
 1295 011e 95000000 		.4byte	0x95
 1296 0122 0B       		.byte	0xb
 1297 0123 00       		.byte	0
 1298 0124 07       		.uleb128 0x7
 1299 0125 80000000 		.4byte	.LASF17
 1300 0129 01       		.byte	0x1
 1301 012a FD       		.byte	0xfd
 1302 012b 35010000 		.4byte	0x135
 1303 012f 05       		.uleb128 0x5
 1304 0130 03       		.byte	0x3
 1305 0131 00000000 		.4byte	cy_metadata
 1306 0135 08       		.uleb128 0x8
 1307 0136 14010000 		.4byte	0x114
ARM GAS  C:\Users\ologa\AppData\Local\Temp\cc5O6kCn.s 			page 24


 1308 013a 00       		.byte	0
 1309              		.section	.debug_abbrev,"",%progbits
 1310              	.Ldebug_abbrev0:
 1311 0000 01       		.uleb128 0x1
 1312 0001 11       		.uleb128 0x11
 1313 0002 01       		.byte	0x1
 1314 0003 25       		.uleb128 0x25
 1315 0004 0E       		.uleb128 0xe
 1316 0005 13       		.uleb128 0x13
 1317 0006 0B       		.uleb128 0xb
 1318 0007 03       		.uleb128 0x3
 1319 0008 0E       		.uleb128 0xe
 1320 0009 1B       		.uleb128 0x1b
 1321 000a 0E       		.uleb128 0xe
 1322 000b 10       		.uleb128 0x10
 1323 000c 17       		.uleb128 0x17
 1324 000d 00       		.byte	0
 1325 000e 00       		.byte	0
 1326 000f 02       		.uleb128 0x2
 1327 0010 24       		.uleb128 0x24
 1328 0011 00       		.byte	0
 1329 0012 0B       		.uleb128 0xb
 1330 0013 0B       		.uleb128 0xb
 1331 0014 3E       		.uleb128 0x3e
 1332 0015 0B       		.uleb128 0xb
 1333 0016 03       		.uleb128 0x3
 1334 0017 0E       		.uleb128 0xe
 1335 0018 00       		.byte	0
 1336 0019 00       		.byte	0
 1337 001a 03       		.uleb128 0x3
 1338 001b 24       		.uleb128 0x24
 1339 001c 00       		.byte	0
 1340 001d 0B       		.uleb128 0xb
 1341 001e 0B       		.uleb128 0xb
 1342 001f 3E       		.uleb128 0x3e
 1343 0020 0B       		.uleb128 0xb
 1344 0021 03       		.uleb128 0x3
 1345 0022 08       		.uleb128 0x8
 1346 0023 00       		.byte	0
 1347 0024 00       		.byte	0
 1348 0025 04       		.uleb128 0x4
 1349 0026 16       		.uleb128 0x16
 1350 0027 00       		.byte	0
 1351 0028 03       		.uleb128 0x3
 1352 0029 0E       		.uleb128 0xe
 1353 002a 3A       		.uleb128 0x3a
 1354 002b 0B       		.uleb128 0xb
 1355 002c 3B       		.uleb128 0x3b
 1356 002d 05       		.uleb128 0x5
 1357 002e 49       		.uleb128 0x49
 1358 002f 13       		.uleb128 0x13
 1359 0030 00       		.byte	0
 1360 0031 00       		.byte	0
 1361 0032 05       		.uleb128 0x5
 1362 0033 01       		.uleb128 0x1
 1363 0034 01       		.byte	0x1
 1364 0035 49       		.uleb128 0x49
ARM GAS  C:\Users\ologa\AppData\Local\Temp\cc5O6kCn.s 			page 25


 1365 0036 13       		.uleb128 0x13
 1366 0037 01       		.uleb128 0x1
 1367 0038 13       		.uleb128 0x13
 1368 0039 00       		.byte	0
 1369 003a 00       		.byte	0
 1370 003b 06       		.uleb128 0x6
 1371 003c 21       		.uleb128 0x21
 1372 003d 00       		.byte	0
 1373 003e 49       		.uleb128 0x49
 1374 003f 13       		.uleb128 0x13
 1375 0040 2F       		.uleb128 0x2f
 1376 0041 05       		.uleb128 0x5
 1377 0042 00       		.byte	0
 1378 0043 00       		.byte	0
 1379 0044 07       		.uleb128 0x7
 1380 0045 34       		.uleb128 0x34
 1381 0046 00       		.byte	0
 1382 0047 03       		.uleb128 0x3
 1383 0048 0E       		.uleb128 0xe
 1384 0049 3A       		.uleb128 0x3a
 1385 004a 0B       		.uleb128 0xb
 1386 004b 3B       		.uleb128 0x3b
 1387 004c 0B       		.uleb128 0xb
 1388 004d 49       		.uleb128 0x49
 1389 004e 13       		.uleb128 0x13
 1390 004f 3F       		.uleb128 0x3f
 1391 0050 19       		.uleb128 0x19
 1392 0051 02       		.uleb128 0x2
 1393 0052 18       		.uleb128 0x18
 1394 0053 00       		.byte	0
 1395 0054 00       		.byte	0
 1396 0055 08       		.uleb128 0x8
 1397 0056 26       		.uleb128 0x26
 1398 0057 00       		.byte	0
 1399 0058 49       		.uleb128 0x49
 1400 0059 13       		.uleb128 0x13
 1401 005a 00       		.byte	0
 1402 005b 00       		.byte	0
 1403 005c 09       		.uleb128 0x9
 1404 005d 21       		.uleb128 0x21
 1405 005e 00       		.byte	0
 1406 005f 49       		.uleb128 0x49
 1407 0060 13       		.uleb128 0x13
 1408 0061 2F       		.uleb128 0x2f
 1409 0062 0B       		.uleb128 0xb
 1410 0063 00       		.byte	0
 1411 0064 00       		.byte	0
 1412 0065 00       		.byte	0
 1413              		.section	.debug_aranges,"",%progbits
 1414 0000 14000000 		.4byte	0x14
 1415 0004 0200     		.2byte	0x2
 1416 0006 00000000 		.4byte	.Ldebug_info0
 1417 000a 04       		.byte	0x4
 1418 000b 00       		.byte	0
 1419 000c 0000     		.2byte	0
 1420 000e 0000     		.2byte	0
 1421 0010 00000000 		.4byte	0
ARM GAS  C:\Users\ologa\AppData\Local\Temp\cc5O6kCn.s 			page 26


 1422 0014 00000000 		.4byte	0
 1423              		.section	.debug_line,"",%progbits
 1424              	.Ldebug_line0:
 1425 0000 4F000000 		.section	.debug_str,"MS",%progbits,1
 1425      02004900 
 1425      00000201 
 1425      FB0E0D00 
 1425      01010101 
 1426              	.LASF20:
 1427 0000 433A5C55 		.ascii	"C:\\Users\\ologa\\Documents\\MIT\\Senior S22\\6.115"
 1427      73657273 
 1427      5C6F6C6F 
 1427      67615C44 
 1427      6F63756D 
 1428 002d 315C4669 		.ascii	"1\\Final Project\\Reciever\\Reciever\\Echo.cydsn\000"
 1428      6E616C20 
 1428      50726F6A 
 1428      6563745C 
 1428      52656369 
 1429              	.LASF19:
 1430 005a 2E5C4765 		.ascii	".\\Generated_Source\\PSoC5\\cymetadata.c\000"
 1430      6E657261 
 1430      7465645F 
 1430      536F7572 
 1430      63655C50 
 1431              	.LASF17:
 1432 0080 63795F6D 		.ascii	"cy_metadata\000"
 1432      65746164 
 1432      61746100 
 1433              	.LASF9:
 1434 008c 666C6F61 		.ascii	"float\000"
 1434      7400
 1435              	.LASF1:
 1436 0092 756E7369 		.ascii	"unsigned char\000"
 1436      676E6564 
 1436      20636861 
 1436      7200
 1437              	.LASF5:
 1438 00a0 6C6F6E67 		.ascii	"long unsigned int\000"
 1438      20756E73 
 1438      69676E65 
 1438      6420696E 
 1438      7400
 1439              	.LASF3:
 1440 00b2 73686F72 		.ascii	"short unsigned int\000"
 1440      7420756E 
 1440      7369676E 
 1440      65642069 
 1440      6E7400
 1441              	.LASF10:
 1442 00c5 646F7562 		.ascii	"double\000"
 1442      6C6500
 1443              	.LASF14:
 1444 00cc 63795F6D 		.ascii	"cy_meta_custnvl\000"
 1444      6574615F 
 1444      63757374 
 1444      6E766C00 
ARM GAS  C:\Users\ologa\AppData\Local\Temp\cc5O6kCn.s 			page 27


 1445              	.LASF13:
 1446 00dc 63795F6D 		.ascii	"cy_meta_configecc\000"
 1446      6574615F 
 1446      636F6E66 
 1446      69676563 
 1446      6300
 1447              	.LASF18:
 1448 00ee 474E5520 		.ascii	"GNU C 4.9.3 20150303 (release) [ARM/embedded-4_9-br"
 1448      4320342E 
 1448      392E3320 
 1448      32303135 
 1448      30333033 
 1449 0121 616E6368 		.ascii	"anch revision 221220] -mcpu=cortex-m3 -mthumb -g -O"
 1449      20726576 
 1449      6973696F 
 1449      6E203232 
 1449      31323230 
 1450 0154 67202D66 		.ascii	"g -ffunction-sections -ffat-lto-objects\000"
 1450      66756E63 
 1450      74696F6E 
 1450      2D736563 
 1450      74696F6E 
 1451              	.LASF8:
 1452 017c 756E7369 		.ascii	"unsigned int\000"
 1452      676E6564 
 1452      20696E74 
 1452      00
 1453              	.LASF7:
 1454 0189 6C6F6E67 		.ascii	"long long unsigned int\000"
 1454      206C6F6E 
 1454      6720756E 
 1454      7369676E 
 1454      65642069 
 1455              	.LASF16:
 1456 01a0 63795F6D 		.ascii	"cy_meta_flashprotect\000"
 1456      6574615F 
 1456      666C6173 
 1456      6870726F 
 1456      74656374 
 1457              	.LASF15:
 1458 01b5 63795F6D 		.ascii	"cy_meta_wonvl\000"
 1458      6574615F 
 1458      776F6E76 
 1458      6C00
 1459              	.LASF12:
 1460 01c3 73697A65 		.ascii	"sizetype\000"
 1460      74797065 
 1460      00
 1461              	.LASF6:
 1462 01cc 6C6F6E67 		.ascii	"long long int\000"
 1462      206C6F6E 
 1462      6720696E 
 1462      7400
 1463              	.LASF11:
 1464 01da 63686172 		.ascii	"char\000"
 1464      00
 1465              	.LASF2:
ARM GAS  C:\Users\ologa\AppData\Local\Temp\cc5O6kCn.s 			page 28


 1466 01df 73686F72 		.ascii	"short int\000"
 1466      7420696E 
 1466      7400
 1467              	.LASF21:
 1468 01e9 75696E74 		.ascii	"uint8\000"
 1468      3800
 1469              	.LASF4:
 1470 01ef 6C6F6E67 		.ascii	"long int\000"
 1470      20696E74 
 1470      00
 1471              	.LASF0:
 1472 01f8 7369676E 		.ascii	"signed char\000"
 1472      65642063 
 1472      68617200 
 1473              		.ident	"GCC: (GNU Tools for ARM Embedded Processors) 4.9.3 20150303 (release) [ARM/embedded-4_9-br
