ARM GAS  C:\Users\ologa\AppData\Local\Temp\ccL6vlEO.s 			page 1


   1              		.syntax unified
   2              		.cpu cortex-m3
   3              		.fpu softvfp
   4              		.eabi_attribute 20, 1
   5              		.eabi_attribute 21, 1
   6              		.eabi_attribute 23, 3
   7              		.eabi_attribute 24, 1
   8              		.eabi_attribute 25, 1
   9              		.eabi_attribute 26, 1
  10              		.eabi_attribute 30, 1
  11              		.eabi_attribute 34, 1
  12              		.eabi_attribute 18, 4
  13              		.thumb
  14              		.file	"main.c"
  15              		.text
  16              	.Ltext0:
  17              		.cfi_sections	.debug_frame
  18              		.section	.text.main,"ax",%progbits
  19              		.align	2
  20              		.global	main
  21              		.thumb
  22              		.thumb_func
  23              		.type	main, %function
  24              	main:
  25              	.LFB63:
  26              		.file 1 ".\\main.c"
   1:.\main.c      **** /* ========================================
   2:.\main.c      ****  *
   3:.\main.c      ****  * Copyright YOUR COMPANY, THE YEAR
   4:.\main.c      ****  * All Rights Reserved
   5:.\main.c      ****  * UNPUBLISHED, LICENSED SOFTWARE.
   6:.\main.c      ****  *
   7:.\main.c      ****  * CONFIDENTIAL AND PROPRIETARY INFORMATION
   8:.\main.c      ****  * WHICH IS THE PROPERTY OF your company.
   9:.\main.c      ****  *
  10:.\main.c      ****  * ========================================
  11:.\main.c      **** */
  12:.\main.c      **** #include <project.h>
  13:.\main.c      **** 
  14:.\main.c      **** int main()
  15:.\main.c      **** {
  27              		.loc 1 15 0
  28              		.cfi_startproc
  29              		@ args = 0, pretend = 0, frame = 0
  30              		@ frame_needed = 0, uses_anonymous_args = 0
  31 0000 10B5     		push	{r4, lr}
  32              		.cfi_def_cfa_offset 8
  33              		.cfi_offset 4, -8
  34              		.cfi_offset 14, -4
  16:.\main.c      ****     
  17:.\main.c      ****     CyGlobalIntEnable; /* Enable global interrupts. */
  35              		.loc 1 17 0
  36              	@ 17 ".\main.c" 1
  37 0002 62B6     		CPSIE   i
  38              	@ 0 "" 2
  39              	.LVL0:
  18:.\main.c      **** 
ARM GAS  C:\Users\ologa\AppData\Local\Temp\ccL6vlEO.s 			page 2


  19:.\main.c      ****     /* Place your initialization/startup code here (e.g. MyInst_Start()) */
  20:.\main.c      ****     unsigned char j = 255;
  21:.\main.c      ****     UART_1_Init();
  40              		.loc 1 21 0
  41              		.thumb
  42 0004 FFF7FEFF 		bl	UART_1_Init
  43              	.LVL1:
  22:.\main.c      ****     UART_1_Start();
  44              		.loc 1 22 0
  45 0008 FFF7FEFF 		bl	UART_1_Start
  46              	.LVL2:
  23:.\main.c      ****     //UART_2_Init();
  24:.\main.c      ****     //UART_2_Start();
  25:.\main.c      ****     LCD_Char_1_Start();
  47              		.loc 1 25 0
  48 000c FFF7FEFF 		bl	LCD_Char_1_Start
  49              	.LVL3:
  26:.\main.c      **** 	LCD_Char_1_ClearDisplay();
  50              		.loc 1 26 0
  51 0010 0120     		movs	r0, #1
  52 0012 FFF7FEFF 		bl	LCD_Char_1_WriteControl
  53              	.LVL4:
  27:.\main.c      ****     LCD_Char_1_PrintString("OUT : ");
  54              		.loc 1 27 0
  55 0016 0E48     		ldr	r0, .L7
  56 0018 FFF7FEFF 		bl	LCD_Char_1_PrintString
  57              	.LVL5:
  58              	.L5:
  59              	.LBB2:
  28:.\main.c      ****     /*
  29:.\main.c      ****     int k = 0;
  30:.\main.c      ****     char response[3];
  31:.\main.c      ****     while(k<3){
  32:.\main.c      ****         if (UART_1_GetRxBufferSize() > 0) {
  33:.\main.c      ****             uint8 c = UART_1_GetChar();
  34:.\main.c      ****             response[k]= c;
  35:.\main.c      ****             k++;
  36:.\main.c      ****         }
  37:.\main.c      ****         }
  38:.\main.c      ****     LCD_Char_1_Position(0, 6);
  39:.\main.c      **** 	LCD_Char_1_PrintString("     ");			// clean up the previous display
  40:.\main.c      **** 	LCD_Char_1_Position(0, 6); 
  41:.\main.c      ****     LCD_Char_1_PrintString(response);
  42:.\main.c      ****     */    
  43:.\main.c      ****     
  44:.\main.c      ****     for(;;)
  45:.\main.c      ****     {   
  46:.\main.c      ****         int i;
  47:.\main.c      ****         LCD_Char_1_Position(0, 6);
  60              		.loc 1 47 0
  61 001c 0020     		movs	r0, #0
  62 001e 0621     		movs	r1, #6
  63 0020 FFF7FEFF 		bl	LCD_Char_1_Position
  64              	.LVL6:
  48:.\main.c      **** 		LCD_Char_1_PrintString("     ");			// clean up the previous display
  65              		.loc 1 48 0
  66 0024 0B48     		ldr	r0, .L7+4
ARM GAS  C:\Users\ologa\AppData\Local\Temp\ccL6vlEO.s 			page 3


  67 0026 FFF7FEFF 		bl	LCD_Char_1_PrintString
  68              	.LVL7:
  49:.\main.c      **** 		LCD_Char_1_Position(0, 6); 
  69              		.loc 1 49 0
  70 002a 0020     		movs	r0, #0
  71 002c 0621     		movs	r1, #6
  72 002e FFF7FEFF 		bl	LCD_Char_1_Position
  73              	.LVL8:
  50:.\main.c      ****         char response[3];
  51:.\main.c      ****         for(i=0; i<3; i++){
  74              		.loc 1 51 0
  75 0032 0024     		movs	r4, #0
  76 0034 05E0     		b	.L2
  77              	.LVL9:
  78              	.L4:
  52:.\main.c      ****         if (UART_1_GetRxBufferSize() > 0) {
  79              		.loc 1 52 0
  80 0036 FFF7FEFF 		bl	UART_1_GetRxBufferSize
  81              	.LVL10:
  82 003a 08B1     		cbz	r0, .L3
  83              	.LBB3:
  53:.\main.c      ****             uint8 c = UART_1_GetChar();
  84              		.loc 1 53 0
  85 003c FFF7FEFF 		bl	UART_1_GetChar
  86              	.LVL11:
  87              	.L3:
  88              	.LBE3:
  51:.\main.c      ****         if (UART_1_GetRxBufferSize() > 0) {
  89              		.loc 1 51 0 discriminator 2
  90 0040 0134     		adds	r4, r4, #1
  91              	.LVL12:
  92              	.L2:
  51:.\main.c      ****         if (UART_1_GetRxBufferSize() > 0) {
  93              		.loc 1 51 0 is_stmt 0 discriminator 1
  94 0042 022C     		cmp	r4, #2
  95 0044 F7DD     		ble	.L4
  54:.\main.c      ****             response[i]= c;
  55:.\main.c      ****         }
  56:.\main.c      ****         }
  57:.\main.c      ****         //LCD_Char_1_PrintString(response);
  58:.\main.c      ****         //UART_2_PutString(response);
  59:.\main.c      ****         CyDelay(j);
  96              		.loc 1 59 0 is_stmt 1
  97 0046 FF20     		movs	r0, #255
  98 0048 FFF7FEFF 		bl	CyDelay
  99              	.LVL13:
 100              	.LBE2:
  60:.\main.c      ****         //CyDelay(j);
  61:.\main.c      ****     }
 101              		.loc 1 61 0
 102 004c E6E7     		b	.L5
 103              	.L8:
 104 004e 00BF     		.align	2
 105              	.L7:
 106 0050 00000000 		.word	.LC0
 107 0054 08000000 		.word	.LC1
 108              		.cfi_endproc
ARM GAS  C:\Users\ologa\AppData\Local\Temp\ccL6vlEO.s 			page 4


 109              	.LFE63:
 110              		.size	main, .-main
 111              		.section	.rodata.str1.4,"aMS",%progbits,1
 112              		.align	2
 113              	.LC0:
 114 0000 4F555420 		.ascii	"OUT : \000"
 114      3A2000
 115 0007 00       		.space	1
 116              	.LC1:
 117 0008 20202020 		.ascii	"     \000"
 117      2000
 118 000e 0000     		.text
 119              	.Letext0:
 120              		.file 2 "c:\\program files (x86)\\cypress\\psoc creator\\3.3\\psoc creator\\import\\gnu\\arm\\4.9.
 121              		.file 3 "c:\\program files (x86)\\cypress\\psoc creator\\3.3\\psoc creator\\import\\gnu\\arm\\4.9.
 122              		.file 4 "Generated_Source\\PSoC5/cytypes.h"
 123              		.file 5 "Generated_Source\\PSoC5/LCD_Char_1.h"
 124              		.file 6 "Generated_Source\\PSoC5/UART_1.h"
 125              		.file 7 "Generated_Source\\PSoC5/CyLib.h"
 126              		.file 8 "Generated_Source\\PSoC5/core_cm3.h"
 127              		.section	.debug_info,"",%progbits
 128              	.Ldebug_info0:
 129 0000 65020000 		.4byte	0x265
 130 0004 0400     		.2byte	0x4
 131 0006 00000000 		.4byte	.Ldebug_abbrev0
 132 000a 04       		.byte	0x4
 133 000b 01       		.uleb128 0x1
 134 000c 25010000 		.4byte	.LASF27
 135 0010 01       		.byte	0x1
 136 0011 95000000 		.4byte	.LASF28
 137 0015 3B000000 		.4byte	.LASF29
 138 0019 00000000 		.4byte	.Ldebug_ranges0+0
 139 001d 00000000 		.4byte	0
 140 0021 00000000 		.4byte	.Ldebug_line0
 141 0025 02       		.uleb128 0x2
 142 0026 01       		.byte	0x1
 143 0027 06       		.byte	0x6
 144 0028 57020000 		.4byte	.LASF0
 145 002c 02       		.uleb128 0x2
 146 002d 01       		.byte	0x1
 147 002e 08       		.byte	0x8
 148 002f 04010000 		.4byte	.LASF1
 149 0033 02       		.uleb128 0x2
 150 0034 02       		.byte	0x2
 151 0035 05       		.byte	0x5
 152 0036 3E020000 		.4byte	.LASF2
 153 003a 02       		.uleb128 0x2
 154 003b 02       		.byte	0x2
 155 003c 07       		.byte	0x7
 156 003d E4000000 		.4byte	.LASF3
 157 0041 03       		.uleb128 0x3
 158 0042 31000000 		.4byte	.LASF9
 159 0046 02       		.byte	0x2
 160 0047 3F       		.byte	0x3f
 161 0048 4C000000 		.4byte	0x4c
 162 004c 02       		.uleb128 0x2
 163 004d 04       		.byte	0x4
ARM GAS  C:\Users\ologa\AppData\Local\Temp\ccL6vlEO.s 			page 5


 164 004e 05       		.byte	0x5
 165 004f 4E020000 		.4byte	.LASF4
 166 0053 02       		.uleb128 0x2
 167 0054 04       		.byte	0x4
 168 0055 07       		.byte	0x7
 169 0056 D2000000 		.4byte	.LASF5
 170 005a 02       		.uleb128 0x2
 171 005b 08       		.byte	0x8
 172 005c 05       		.byte	0x5
 173 005d 17020000 		.4byte	.LASF6
 174 0061 02       		.uleb128 0x2
 175 0062 08       		.byte	0x8
 176 0063 07       		.byte	0x7
 177 0064 C0010000 		.4byte	.LASF7
 178 0068 04       		.uleb128 0x4
 179 0069 04       		.byte	0x4
 180 006a 05       		.byte	0x5
 181 006b 696E7400 		.ascii	"int\000"
 182 006f 02       		.uleb128 0x2
 183 0070 04       		.byte	0x4
 184 0071 07       		.byte	0x7
 185 0072 B3010000 		.4byte	.LASF8
 186 0076 03       		.uleb128 0x3
 187 0077 06020000 		.4byte	.LASF10
 188 007b 03       		.byte	0x3
 189 007c 2C       		.byte	0x2c
 190 007d 41000000 		.4byte	0x41
 191 0081 05       		.uleb128 0x5
 192 0082 48020000 		.4byte	.LASF11
 193 0086 04       		.byte	0x4
 194 0087 9201     		.2byte	0x192
 195 0089 2C000000 		.4byte	0x2c
 196 008d 05       		.uleb128 0x5
 197 008e 1E010000 		.4byte	.LASF12
 198 0092 04       		.byte	0x4
 199 0093 9401     		.2byte	0x194
 200 0095 53000000 		.4byte	0x53
 201 0099 02       		.uleb128 0x2
 202 009a 04       		.byte	0x4
 203 009b 04       		.byte	0x4
 204 009c 9E000000 		.4byte	.LASF13
 205 00a0 02       		.uleb128 0x2
 206 00a1 08       		.byte	0x8
 207 00a2 04       		.byte	0x4
 208 00a3 12010000 		.4byte	.LASF14
 209 00a7 05       		.uleb128 0x5
 210 00a8 CC000000 		.4byte	.LASF15
 211 00ac 04       		.byte	0x4
 212 00ad A301     		.2byte	0x1a3
 213 00af B3000000 		.4byte	0xb3
 214 00b3 02       		.uleb128 0x2
 215 00b4 01       		.byte	0x1
 216 00b5 08       		.byte	0x8
 217 00b6 25020000 		.4byte	.LASF16
 218 00ba 02       		.uleb128 0x2
 219 00bb 04       		.byte	0x4
 220 00bc 07       		.byte	0x7
ARM GAS  C:\Users\ologa\AppData\Local\Temp\ccL6vlEO.s 			page 6


 221 00bd 0E020000 		.4byte	.LASF17
 222 00c1 06       		.uleb128 0x6
 223 00c2 19010000 		.4byte	.LASF30
 224 00c6 01       		.byte	0x1
 225 00c7 0E       		.byte	0xe
 226 00c8 68000000 		.4byte	0x68
 227 00cc 00000000 		.4byte	.LFB63
 228 00d0 58000000 		.4byte	.LFE63-.LFB63
 229 00d4 01       		.uleb128 0x1
 230 00d5 9C       		.byte	0x9c
 231 00d6 CC010000 		.4byte	0x1cc
 232 00da 07       		.uleb128 0x7
 233 00db 6A00     		.ascii	"j\000"
 234 00dd 01       		.byte	0x1
 235 00de 14       		.byte	0x14
 236 00df 2C000000 		.4byte	0x2c
 237 00e3 7F       		.sleb128 -1
 238 00e4 08       		.uleb128 0x8
 239 00e5 1C000000 		.4byte	.LBB2
 240 00e9 30000000 		.4byte	.LBE2-.LBB2
 241 00ed 8A010000 		.4byte	0x18a
 242 00f1 09       		.uleb128 0x9
 243 00f2 6900     		.ascii	"i\000"
 244 00f4 01       		.byte	0x1
 245 00f5 2E       		.byte	0x2e
 246 00f6 68000000 		.4byte	0x68
 247 00fa 00000000 		.4byte	.LLST0
 248 00fe 0A       		.uleb128 0xa
 249 00ff EE010000 		.4byte	.LASF18
 250 0103 01       		.byte	0x1
 251 0104 32       		.byte	0x32
 252 0105 CC010000 		.4byte	0x1cc
 253 0109 08       		.uleb128 0x8
 254 010a 3C000000 		.4byte	.LBB3
 255 010e 04000000 		.4byte	.LBE3-.LBB3
 256 0112 29010000 		.4byte	0x129
 257 0116 0B       		.uleb128 0xb
 258 0117 6300     		.ascii	"c\000"
 259 0119 01       		.byte	0x1
 260 011a 35       		.byte	0x35
 261 011b 81000000 		.4byte	0x81
 262 011f 0C       		.uleb128 0xc
 263 0120 40000000 		.4byte	.LVL11
 264 0124 ED010000 		.4byte	0x1ed
 265 0128 00       		.byte	0
 266 0129 0D       		.uleb128 0xd
 267 012a 24000000 		.4byte	.LVL6
 268 012e F8010000 		.4byte	0x1f8
 269 0132 41010000 		.4byte	0x141
 270 0136 0E       		.uleb128 0xe
 271 0137 01       		.uleb128 0x1
 272 0138 51       		.byte	0x51
 273 0139 01       		.uleb128 0x1
 274 013a 36       		.byte	0x36
 275 013b 0E       		.uleb128 0xe
 276 013c 01       		.uleb128 0x1
 277 013d 50       		.byte	0x50
ARM GAS  C:\Users\ologa\AppData\Local\Temp\ccL6vlEO.s 			page 7


 278 013e 01       		.uleb128 0x1
 279 013f 30       		.byte	0x30
 280 0140 00       		.byte	0
 281 0141 0D       		.uleb128 0xd
 282 0142 2A000000 		.4byte	.LVL7
 283 0146 0E020000 		.4byte	0x20e
 284 014a 58010000 		.4byte	0x158
 285 014e 0E       		.uleb128 0xe
 286 014f 01       		.uleb128 0x1
 287 0150 50       		.byte	0x50
 288 0151 05       		.uleb128 0x5
 289 0152 03       		.byte	0x3
 290 0153 08000000 		.4byte	.LC1
 291 0157 00       		.byte	0
 292 0158 0D       		.uleb128 0xd
 293 0159 32000000 		.4byte	.LVL8
 294 015d F8010000 		.4byte	0x1f8
 295 0161 70010000 		.4byte	0x170
 296 0165 0E       		.uleb128 0xe
 297 0166 01       		.uleb128 0x1
 298 0167 51       		.byte	0x51
 299 0168 01       		.uleb128 0x1
 300 0169 36       		.byte	0x36
 301 016a 0E       		.uleb128 0xe
 302 016b 01       		.uleb128 0x1
 303 016c 50       		.byte	0x50
 304 016d 01       		.uleb128 0x1
 305 016e 30       		.byte	0x30
 306 016f 00       		.byte	0
 307 0170 0C       		.uleb128 0xc
 308 0171 3A000000 		.4byte	.LVL10
 309 0175 2A020000 		.4byte	0x22a
 310 0179 0F       		.uleb128 0xf
 311 017a 4C000000 		.4byte	.LVL13
 312 017e 35020000 		.4byte	0x235
 313 0182 0E       		.uleb128 0xe
 314 0183 01       		.uleb128 0x1
 315 0184 50       		.byte	0x50
 316 0185 02       		.uleb128 0x2
 317 0186 08       		.byte	0x8
 318 0187 FF       		.byte	0xff
 319 0188 00       		.byte	0
 320 0189 00       		.byte	0
 321 018a 0C       		.uleb128 0xc
 322 018b 08000000 		.4byte	.LVL1
 323 018f 46020000 		.4byte	0x246
 324 0193 0C       		.uleb128 0xc
 325 0194 0C000000 		.4byte	.LVL2
 326 0198 4D020000 		.4byte	0x24d
 327 019c 0C       		.uleb128 0xc
 328 019d 10000000 		.4byte	.LVL3
 329 01a1 54020000 		.4byte	0x254
 330 01a5 0D       		.uleb128 0xd
 331 01a6 16000000 		.4byte	.LVL4
 332 01aa 5B020000 		.4byte	0x25b
 333 01ae B8010000 		.4byte	0x1b8
 334 01b2 0E       		.uleb128 0xe
ARM GAS  C:\Users\ologa\AppData\Local\Temp\ccL6vlEO.s 			page 8


 335 01b3 01       		.uleb128 0x1
 336 01b4 50       		.byte	0x50
 337 01b5 01       		.uleb128 0x1
 338 01b6 31       		.byte	0x31
 339 01b7 00       		.byte	0
 340 01b8 0F       		.uleb128 0xf
 341 01b9 1C000000 		.4byte	.LVL5
 342 01bd 0E020000 		.4byte	0x20e
 343 01c1 0E       		.uleb128 0xe
 344 01c2 01       		.uleb128 0x1
 345 01c3 50       		.byte	0x50
 346 01c4 05       		.uleb128 0x5
 347 01c5 03       		.byte	0x3
 348 01c6 00000000 		.4byte	.LC0
 349 01ca 00       		.byte	0
 350 01cb 00       		.byte	0
 351 01cc 10       		.uleb128 0x10
 352 01cd B3000000 		.4byte	0xb3
 353 01d1 DC010000 		.4byte	0x1dc
 354 01d5 11       		.uleb128 0x11
 355 01d6 BA000000 		.4byte	0xba
 356 01da 02       		.byte	0x2
 357 01db 00       		.byte	0
 358 01dc 12       		.uleb128 0x12
 359 01dd F7000000 		.4byte	.LASF31
 360 01e1 08       		.byte	0x8
 361 01e2 9606     		.2byte	0x696
 362 01e4 E8010000 		.4byte	0x1e8
 363 01e8 13       		.uleb128 0x13
 364 01e9 76000000 		.4byte	0x76
 365 01ed 14       		.uleb128 0x14
 366 01ee F7010000 		.4byte	.LASF21
 367 01f2 06       		.byte	0x6
 368 01f3 71       		.byte	0x71
 369 01f4 81000000 		.4byte	0x81
 370 01f8 15       		.uleb128 0x15
 371 01f9 2A020000 		.4byte	.LASF19
 372 01fd 05       		.byte	0x5
 373 01fe 3D       		.byte	0x3d
 374 01ff 0E020000 		.4byte	0x20e
 375 0203 16       		.uleb128 0x16
 376 0204 81000000 		.4byte	0x81
 377 0208 16       		.uleb128 0x16
 378 0209 81000000 		.4byte	0x81
 379 020d 00       		.byte	0
 380 020e 15       		.uleb128 0x15
 381 020f B5000000 		.4byte	.LASF20
 382 0213 05       		.byte	0x5
 383 0214 3C       		.byte	0x3c
 384 0215 1F020000 		.4byte	0x21f
 385 0219 16       		.uleb128 0x16
 386 021a 1F020000 		.4byte	0x21f
 387 021e 00       		.byte	0
 388 021f 17       		.uleb128 0x17
 389 0220 04       		.byte	0x4
 390 0221 25020000 		.4byte	0x225
 391 0225 18       		.uleb128 0x18
ARM GAS  C:\Users\ologa\AppData\Local\Temp\ccL6vlEO.s 			page 9


 392 0226 A7000000 		.4byte	0xa7
 393 022a 14       		.uleb128 0x14
 394 022b D7010000 		.4byte	.LASF22
 395 022f 06       		.byte	0x6
 396 0230 73       		.byte	0x73
 397 0231 81000000 		.4byte	0x81
 398 0235 15       		.uleb128 0x15
 399 0236 63020000 		.4byte	.LASF23
 400 023a 07       		.byte	0x7
 401 023b 76       		.byte	0x76
 402 023c 46020000 		.4byte	0x246
 403 0240 16       		.uleb128 0x16
 404 0241 8D000000 		.4byte	0x8d
 405 0245 00       		.byte	0
 406 0246 19       		.uleb128 0x19
 407 0247 00000000 		.4byte	.LASF24
 408 024b 06       		.byte	0x6
 409 024c 59       		.byte	0x59
 410 024d 19       		.uleb128 0x19
 411 024e 0C000000 		.4byte	.LASF25
 412 0252 06       		.byte	0x6
 413 0253 54       		.byte	0x54
 414 0254 19       		.uleb128 0x19
 415 0255 A4000000 		.4byte	.LASF26
 416 0259 05       		.byte	0x5
 417 025a 38       		.byte	0x38
 418 025b 1A       		.uleb128 0x1a
 419 025c 19000000 		.4byte	.LASF32
 420 0260 05       		.byte	0x5
 421 0261 3A       		.byte	0x3a
 422 0262 16       		.uleb128 0x16
 423 0263 81000000 		.4byte	0x81
 424 0267 00       		.byte	0
 425 0268 00       		.byte	0
 426              		.section	.debug_abbrev,"",%progbits
 427              	.Ldebug_abbrev0:
 428 0000 01       		.uleb128 0x1
 429 0001 11       		.uleb128 0x11
 430 0002 01       		.byte	0x1
 431 0003 25       		.uleb128 0x25
 432 0004 0E       		.uleb128 0xe
 433 0005 13       		.uleb128 0x13
 434 0006 0B       		.uleb128 0xb
 435 0007 03       		.uleb128 0x3
 436 0008 0E       		.uleb128 0xe
 437 0009 1B       		.uleb128 0x1b
 438 000a 0E       		.uleb128 0xe
 439 000b 55       		.uleb128 0x55
 440 000c 17       		.uleb128 0x17
 441 000d 11       		.uleb128 0x11
 442 000e 01       		.uleb128 0x1
 443 000f 10       		.uleb128 0x10
 444 0010 17       		.uleb128 0x17
 445 0011 00       		.byte	0
 446 0012 00       		.byte	0
 447 0013 02       		.uleb128 0x2
 448 0014 24       		.uleb128 0x24
ARM GAS  C:\Users\ologa\AppData\Local\Temp\ccL6vlEO.s 			page 10


 449 0015 00       		.byte	0
 450 0016 0B       		.uleb128 0xb
 451 0017 0B       		.uleb128 0xb
 452 0018 3E       		.uleb128 0x3e
 453 0019 0B       		.uleb128 0xb
 454 001a 03       		.uleb128 0x3
 455 001b 0E       		.uleb128 0xe
 456 001c 00       		.byte	0
 457 001d 00       		.byte	0
 458 001e 03       		.uleb128 0x3
 459 001f 16       		.uleb128 0x16
 460 0020 00       		.byte	0
 461 0021 03       		.uleb128 0x3
 462 0022 0E       		.uleb128 0xe
 463 0023 3A       		.uleb128 0x3a
 464 0024 0B       		.uleb128 0xb
 465 0025 3B       		.uleb128 0x3b
 466 0026 0B       		.uleb128 0xb
 467 0027 49       		.uleb128 0x49
 468 0028 13       		.uleb128 0x13
 469 0029 00       		.byte	0
 470 002a 00       		.byte	0
 471 002b 04       		.uleb128 0x4
 472 002c 24       		.uleb128 0x24
 473 002d 00       		.byte	0
 474 002e 0B       		.uleb128 0xb
 475 002f 0B       		.uleb128 0xb
 476 0030 3E       		.uleb128 0x3e
 477 0031 0B       		.uleb128 0xb
 478 0032 03       		.uleb128 0x3
 479 0033 08       		.uleb128 0x8
 480 0034 00       		.byte	0
 481 0035 00       		.byte	0
 482 0036 05       		.uleb128 0x5
 483 0037 16       		.uleb128 0x16
 484 0038 00       		.byte	0
 485 0039 03       		.uleb128 0x3
 486 003a 0E       		.uleb128 0xe
 487 003b 3A       		.uleb128 0x3a
 488 003c 0B       		.uleb128 0xb
 489 003d 3B       		.uleb128 0x3b
 490 003e 05       		.uleb128 0x5
 491 003f 49       		.uleb128 0x49
 492 0040 13       		.uleb128 0x13
 493 0041 00       		.byte	0
 494 0042 00       		.byte	0
 495 0043 06       		.uleb128 0x6
 496 0044 2E       		.uleb128 0x2e
 497 0045 01       		.byte	0x1
 498 0046 3F       		.uleb128 0x3f
 499 0047 19       		.uleb128 0x19
 500 0048 03       		.uleb128 0x3
 501 0049 0E       		.uleb128 0xe
 502 004a 3A       		.uleb128 0x3a
 503 004b 0B       		.uleb128 0xb
 504 004c 3B       		.uleb128 0x3b
 505 004d 0B       		.uleb128 0xb
ARM GAS  C:\Users\ologa\AppData\Local\Temp\ccL6vlEO.s 			page 11


 506 004e 49       		.uleb128 0x49
 507 004f 13       		.uleb128 0x13
 508 0050 11       		.uleb128 0x11
 509 0051 01       		.uleb128 0x1
 510 0052 12       		.uleb128 0x12
 511 0053 06       		.uleb128 0x6
 512 0054 40       		.uleb128 0x40
 513 0055 18       		.uleb128 0x18
 514 0056 9742     		.uleb128 0x2117
 515 0058 19       		.uleb128 0x19
 516 0059 01       		.uleb128 0x1
 517 005a 13       		.uleb128 0x13
 518 005b 00       		.byte	0
 519 005c 00       		.byte	0
 520 005d 07       		.uleb128 0x7
 521 005e 34       		.uleb128 0x34
 522 005f 00       		.byte	0
 523 0060 03       		.uleb128 0x3
 524 0061 08       		.uleb128 0x8
 525 0062 3A       		.uleb128 0x3a
 526 0063 0B       		.uleb128 0xb
 527 0064 3B       		.uleb128 0x3b
 528 0065 0B       		.uleb128 0xb
 529 0066 49       		.uleb128 0x49
 530 0067 13       		.uleb128 0x13
 531 0068 1C       		.uleb128 0x1c
 532 0069 0D       		.uleb128 0xd
 533 006a 00       		.byte	0
 534 006b 00       		.byte	0
 535 006c 08       		.uleb128 0x8
 536 006d 0B       		.uleb128 0xb
 537 006e 01       		.byte	0x1
 538 006f 11       		.uleb128 0x11
 539 0070 01       		.uleb128 0x1
 540 0071 12       		.uleb128 0x12
 541 0072 06       		.uleb128 0x6
 542 0073 01       		.uleb128 0x1
 543 0074 13       		.uleb128 0x13
 544 0075 00       		.byte	0
 545 0076 00       		.byte	0
 546 0077 09       		.uleb128 0x9
 547 0078 34       		.uleb128 0x34
 548 0079 00       		.byte	0
 549 007a 03       		.uleb128 0x3
 550 007b 08       		.uleb128 0x8
 551 007c 3A       		.uleb128 0x3a
 552 007d 0B       		.uleb128 0xb
 553 007e 3B       		.uleb128 0x3b
 554 007f 0B       		.uleb128 0xb
 555 0080 49       		.uleb128 0x49
 556 0081 13       		.uleb128 0x13
 557 0082 02       		.uleb128 0x2
 558 0083 17       		.uleb128 0x17
 559 0084 00       		.byte	0
 560 0085 00       		.byte	0
 561 0086 0A       		.uleb128 0xa
 562 0087 34       		.uleb128 0x34
ARM GAS  C:\Users\ologa\AppData\Local\Temp\ccL6vlEO.s 			page 12


 563 0088 00       		.byte	0
 564 0089 03       		.uleb128 0x3
 565 008a 0E       		.uleb128 0xe
 566 008b 3A       		.uleb128 0x3a
 567 008c 0B       		.uleb128 0xb
 568 008d 3B       		.uleb128 0x3b
 569 008e 0B       		.uleb128 0xb
 570 008f 49       		.uleb128 0x49
 571 0090 13       		.uleb128 0x13
 572 0091 00       		.byte	0
 573 0092 00       		.byte	0
 574 0093 0B       		.uleb128 0xb
 575 0094 34       		.uleb128 0x34
 576 0095 00       		.byte	0
 577 0096 03       		.uleb128 0x3
 578 0097 08       		.uleb128 0x8
 579 0098 3A       		.uleb128 0x3a
 580 0099 0B       		.uleb128 0xb
 581 009a 3B       		.uleb128 0x3b
 582 009b 0B       		.uleb128 0xb
 583 009c 49       		.uleb128 0x49
 584 009d 13       		.uleb128 0x13
 585 009e 00       		.byte	0
 586 009f 00       		.byte	0
 587 00a0 0C       		.uleb128 0xc
 588 00a1 898201   		.uleb128 0x4109
 589 00a4 00       		.byte	0
 590 00a5 11       		.uleb128 0x11
 591 00a6 01       		.uleb128 0x1
 592 00a7 31       		.uleb128 0x31
 593 00a8 13       		.uleb128 0x13
 594 00a9 00       		.byte	0
 595 00aa 00       		.byte	0
 596 00ab 0D       		.uleb128 0xd
 597 00ac 898201   		.uleb128 0x4109
 598 00af 01       		.byte	0x1
 599 00b0 11       		.uleb128 0x11
 600 00b1 01       		.uleb128 0x1
 601 00b2 31       		.uleb128 0x31
 602 00b3 13       		.uleb128 0x13
 603 00b4 01       		.uleb128 0x1
 604 00b5 13       		.uleb128 0x13
 605 00b6 00       		.byte	0
 606 00b7 00       		.byte	0
 607 00b8 0E       		.uleb128 0xe
 608 00b9 8A8201   		.uleb128 0x410a
 609 00bc 00       		.byte	0
 610 00bd 02       		.uleb128 0x2
 611 00be 18       		.uleb128 0x18
 612 00bf 9142     		.uleb128 0x2111
 613 00c1 18       		.uleb128 0x18
 614 00c2 00       		.byte	0
 615 00c3 00       		.byte	0
 616 00c4 0F       		.uleb128 0xf
 617 00c5 898201   		.uleb128 0x4109
 618 00c8 01       		.byte	0x1
 619 00c9 11       		.uleb128 0x11
ARM GAS  C:\Users\ologa\AppData\Local\Temp\ccL6vlEO.s 			page 13


 620 00ca 01       		.uleb128 0x1
 621 00cb 31       		.uleb128 0x31
 622 00cc 13       		.uleb128 0x13
 623 00cd 00       		.byte	0
 624 00ce 00       		.byte	0
 625 00cf 10       		.uleb128 0x10
 626 00d0 01       		.uleb128 0x1
 627 00d1 01       		.byte	0x1
 628 00d2 49       		.uleb128 0x49
 629 00d3 13       		.uleb128 0x13
 630 00d4 01       		.uleb128 0x1
 631 00d5 13       		.uleb128 0x13
 632 00d6 00       		.byte	0
 633 00d7 00       		.byte	0
 634 00d8 11       		.uleb128 0x11
 635 00d9 21       		.uleb128 0x21
 636 00da 00       		.byte	0
 637 00db 49       		.uleb128 0x49
 638 00dc 13       		.uleb128 0x13
 639 00dd 2F       		.uleb128 0x2f
 640 00de 0B       		.uleb128 0xb
 641 00df 00       		.byte	0
 642 00e0 00       		.byte	0
 643 00e1 12       		.uleb128 0x12
 644 00e2 34       		.uleb128 0x34
 645 00e3 00       		.byte	0
 646 00e4 03       		.uleb128 0x3
 647 00e5 0E       		.uleb128 0xe
 648 00e6 3A       		.uleb128 0x3a
 649 00e7 0B       		.uleb128 0xb
 650 00e8 3B       		.uleb128 0x3b
 651 00e9 05       		.uleb128 0x5
 652 00ea 49       		.uleb128 0x49
 653 00eb 13       		.uleb128 0x13
 654 00ec 3F       		.uleb128 0x3f
 655 00ed 19       		.uleb128 0x19
 656 00ee 3C       		.uleb128 0x3c
 657 00ef 19       		.uleb128 0x19
 658 00f0 00       		.byte	0
 659 00f1 00       		.byte	0
 660 00f2 13       		.uleb128 0x13
 661 00f3 35       		.uleb128 0x35
 662 00f4 00       		.byte	0
 663 00f5 49       		.uleb128 0x49
 664 00f6 13       		.uleb128 0x13
 665 00f7 00       		.byte	0
 666 00f8 00       		.byte	0
 667 00f9 14       		.uleb128 0x14
 668 00fa 2E       		.uleb128 0x2e
 669 00fb 00       		.byte	0
 670 00fc 3F       		.uleb128 0x3f
 671 00fd 19       		.uleb128 0x19
 672 00fe 03       		.uleb128 0x3
 673 00ff 0E       		.uleb128 0xe
 674 0100 3A       		.uleb128 0x3a
 675 0101 0B       		.uleb128 0xb
 676 0102 3B       		.uleb128 0x3b
ARM GAS  C:\Users\ologa\AppData\Local\Temp\ccL6vlEO.s 			page 14


 677 0103 0B       		.uleb128 0xb
 678 0104 27       		.uleb128 0x27
 679 0105 19       		.uleb128 0x19
 680 0106 49       		.uleb128 0x49
 681 0107 13       		.uleb128 0x13
 682 0108 3C       		.uleb128 0x3c
 683 0109 19       		.uleb128 0x19
 684 010a 00       		.byte	0
 685 010b 00       		.byte	0
 686 010c 15       		.uleb128 0x15
 687 010d 2E       		.uleb128 0x2e
 688 010e 01       		.byte	0x1
 689 010f 3F       		.uleb128 0x3f
 690 0110 19       		.uleb128 0x19
 691 0111 03       		.uleb128 0x3
 692 0112 0E       		.uleb128 0xe
 693 0113 3A       		.uleb128 0x3a
 694 0114 0B       		.uleb128 0xb
 695 0115 3B       		.uleb128 0x3b
 696 0116 0B       		.uleb128 0xb
 697 0117 27       		.uleb128 0x27
 698 0118 19       		.uleb128 0x19
 699 0119 3C       		.uleb128 0x3c
 700 011a 19       		.uleb128 0x19
 701 011b 01       		.uleb128 0x1
 702 011c 13       		.uleb128 0x13
 703 011d 00       		.byte	0
 704 011e 00       		.byte	0
 705 011f 16       		.uleb128 0x16
 706 0120 05       		.uleb128 0x5
 707 0121 00       		.byte	0
 708 0122 49       		.uleb128 0x49
 709 0123 13       		.uleb128 0x13
 710 0124 00       		.byte	0
 711 0125 00       		.byte	0
 712 0126 17       		.uleb128 0x17
 713 0127 0F       		.uleb128 0xf
 714 0128 00       		.byte	0
 715 0129 0B       		.uleb128 0xb
 716 012a 0B       		.uleb128 0xb
 717 012b 49       		.uleb128 0x49
 718 012c 13       		.uleb128 0x13
 719 012d 00       		.byte	0
 720 012e 00       		.byte	0
 721 012f 18       		.uleb128 0x18
 722 0130 26       		.uleb128 0x26
 723 0131 00       		.byte	0
 724 0132 49       		.uleb128 0x49
 725 0133 13       		.uleb128 0x13
 726 0134 00       		.byte	0
 727 0135 00       		.byte	0
 728 0136 19       		.uleb128 0x19
 729 0137 2E       		.uleb128 0x2e
 730 0138 00       		.byte	0
 731 0139 3F       		.uleb128 0x3f
 732 013a 19       		.uleb128 0x19
 733 013b 03       		.uleb128 0x3
ARM GAS  C:\Users\ologa\AppData\Local\Temp\ccL6vlEO.s 			page 15


 734 013c 0E       		.uleb128 0xe
 735 013d 3A       		.uleb128 0x3a
 736 013e 0B       		.uleb128 0xb
 737 013f 3B       		.uleb128 0x3b
 738 0140 0B       		.uleb128 0xb
 739 0141 27       		.uleb128 0x27
 740 0142 19       		.uleb128 0x19
 741 0143 3C       		.uleb128 0x3c
 742 0144 19       		.uleb128 0x19
 743 0145 00       		.byte	0
 744 0146 00       		.byte	0
 745 0147 1A       		.uleb128 0x1a
 746 0148 2E       		.uleb128 0x2e
 747 0149 01       		.byte	0x1
 748 014a 3F       		.uleb128 0x3f
 749 014b 19       		.uleb128 0x19
 750 014c 03       		.uleb128 0x3
 751 014d 0E       		.uleb128 0xe
 752 014e 3A       		.uleb128 0x3a
 753 014f 0B       		.uleb128 0xb
 754 0150 3B       		.uleb128 0x3b
 755 0151 0B       		.uleb128 0xb
 756 0152 27       		.uleb128 0x27
 757 0153 19       		.uleb128 0x19
 758 0154 3C       		.uleb128 0x3c
 759 0155 19       		.uleb128 0x19
 760 0156 00       		.byte	0
 761 0157 00       		.byte	0
 762 0158 00       		.byte	0
 763              		.section	.debug_loc,"",%progbits
 764              	.Ldebug_loc0:
 765              	.LLST0:
 766 0000 32000000 		.4byte	.LVL8
 767 0004 36000000 		.4byte	.LVL9
 768 0008 0200     		.2byte	0x2
 769 000a 30       		.byte	0x30
 770 000b 9F       		.byte	0x9f
 771 000c 36000000 		.4byte	.LVL9
 772 0010 58000000 		.4byte	.LFE63
 773 0014 0100     		.2byte	0x1
 774 0016 54       		.byte	0x54
 775 0017 00000000 		.4byte	0
 776 001b 00000000 		.4byte	0
 777              		.section	.debug_aranges,"",%progbits
 778 0000 1C000000 		.4byte	0x1c
 779 0004 0200     		.2byte	0x2
 780 0006 00000000 		.4byte	.Ldebug_info0
 781 000a 04       		.byte	0x4
 782 000b 00       		.byte	0
 783 000c 0000     		.2byte	0
 784 000e 0000     		.2byte	0
 785 0010 00000000 		.4byte	.LFB63
 786 0014 58000000 		.4byte	.LFE63-.LFB63
 787 0018 00000000 		.4byte	0
 788 001c 00000000 		.4byte	0
 789              		.section	.debug_ranges,"",%progbits
 790              	.Ldebug_ranges0:
ARM GAS  C:\Users\ologa\AppData\Local\Temp\ccL6vlEO.s 			page 16


 791 0000 00000000 		.4byte	.LFB63
 792 0004 58000000 		.4byte	.LFE63
 793 0008 00000000 		.4byte	0
 794 000c 00000000 		.4byte	0
 795              		.section	.debug_line,"",%progbits
 796              	.Ldebug_line0:
 797 0000 A1010000 		.section	.debug_str,"MS",%progbits,1
 797      02007001 
 797      00000201 
 797      FB0E0D00 
 797      01010101 
 798              	.LASF24:
 799 0000 55415254 		.ascii	"UART_1_Init\000"
 799      5F315F49 
 799      6E697400 
 800              	.LASF25:
 801 000c 55415254 		.ascii	"UART_1_Start\000"
 801      5F315F53 
 801      74617274 
 801      00
 802              	.LASF32:
 803 0019 4C43445F 		.ascii	"LCD_Char_1_WriteControl\000"
 803      43686172 
 803      5F315F57 
 803      72697465 
 803      436F6E74 
 804              	.LASF9:
 805 0031 5F5F696E 		.ascii	"__int32_t\000"
 805      7433325F 
 805      7400
 806              	.LASF29:
 807 003b 433A5C55 		.ascii	"C:\\Users\\ologa\\Documents\\MIT\\Senior S22\\6.115"
 807      73657273 
 807      5C6F6C6F 
 807      67615C44 
 807      6F63756D 
 808 0068 315C4669 		.ascii	"1\\Final Project\\Reciever\\Reciever\\Echo.cydsn\000"
 808      6E616C20 
 808      50726F6A 
 808      6563745C 
 808      52656369 
 809              	.LASF28:
 810 0095 2E5C6D61 		.ascii	".\\main.c\000"
 810      696E2E63 
 810      00
 811              	.LASF13:
 812 009e 666C6F61 		.ascii	"float\000"
 812      7400
 813              	.LASF26:
 814 00a4 4C43445F 		.ascii	"LCD_Char_1_Start\000"
 814      43686172 
 814      5F315F53 
 814      74617274 
 814      00
 815              	.LASF20:
 816 00b5 4C43445F 		.ascii	"LCD_Char_1_PrintString\000"
 816      43686172 
ARM GAS  C:\Users\ologa\AppData\Local\Temp\ccL6vlEO.s 			page 17


 816      5F315F50 
 816      72696E74 
 816      53747269 
 817              	.LASF15:
 818 00cc 63686172 		.ascii	"char8\000"
 818      3800
 819              	.LASF5:
 820 00d2 6C6F6E67 		.ascii	"long unsigned int\000"
 820      20756E73 
 820      69676E65 
 820      6420696E 
 820      7400
 821              	.LASF3:
 822 00e4 73686F72 		.ascii	"short unsigned int\000"
 822      7420756E 
 822      7369676E 
 822      65642069 
 822      6E7400
 823              	.LASF31:
 824 00f7 49544D5F 		.ascii	"ITM_RxBuffer\000"
 824      52784275 
 824      66666572 
 824      00
 825              	.LASF1:
 826 0104 756E7369 		.ascii	"unsigned char\000"
 826      676E6564 
 826      20636861 
 826      7200
 827              	.LASF14:
 828 0112 646F7562 		.ascii	"double\000"
 828      6C6500
 829              	.LASF30:
 830 0119 6D61696E 		.ascii	"main\000"
 830      00
 831              	.LASF12:
 832 011e 75696E74 		.ascii	"uint32\000"
 832      333200
 833              	.LASF27:
 834 0125 474E5520 		.ascii	"GNU C 4.9.3 20150303 (release) [ARM/embedded-4_9-br"
 834      4320342E 
 834      392E3320 
 834      32303135 
 834      30333033 
 835 0158 616E6368 		.ascii	"anch revision 221220] -mcpu=cortex-m3 -mthumb -g -O"
 835      20726576 
 835      6973696F 
 835      6E203232 
 835      31323230 
 836 018b 67202D66 		.ascii	"g -ffunction-sections -ffat-lto-objects\000"
 836      66756E63 
 836      74696F6E 
 836      2D736563 
 836      74696F6E 
 837              	.LASF8:
 838 01b3 756E7369 		.ascii	"unsigned int\000"
 838      676E6564 
 838      20696E74 
ARM GAS  C:\Users\ologa\AppData\Local\Temp\ccL6vlEO.s 			page 18


 838      00
 839              	.LASF7:
 840 01c0 6C6F6E67 		.ascii	"long long unsigned int\000"
 840      206C6F6E 
 840      6720756E 
 840      7369676E 
 840      65642069 
 841              	.LASF22:
 842 01d7 55415254 		.ascii	"UART_1_GetRxBufferSize\000"
 842      5F315F47 
 842      65745278 
 842      42756666 
 842      65725369 
 843              	.LASF18:
 844 01ee 72657370 		.ascii	"response\000"
 844      6F6E7365 
 844      00
 845              	.LASF21:
 846 01f7 55415254 		.ascii	"UART_1_GetChar\000"
 846      5F315F47 
 846      65744368 
 846      617200
 847              	.LASF10:
 848 0206 696E7433 		.ascii	"int32_t\000"
 848      325F7400 
 849              	.LASF17:
 850 020e 73697A65 		.ascii	"sizetype\000"
 850      74797065 
 850      00
 851              	.LASF6:
 852 0217 6C6F6E67 		.ascii	"long long int\000"
 852      206C6F6E 
 852      6720696E 
 852      7400
 853              	.LASF16:
 854 0225 63686172 		.ascii	"char\000"
 854      00
 855              	.LASF19:
 856 022a 4C43445F 		.ascii	"LCD_Char_1_Position\000"
 856      43686172 
 856      5F315F50 
 856      6F736974 
 856      696F6E00 
 857              	.LASF2:
 858 023e 73686F72 		.ascii	"short int\000"
 858      7420696E 
 858      7400
 859              	.LASF11:
 860 0248 75696E74 		.ascii	"uint8\000"
 860      3800
 861              	.LASF4:
 862 024e 6C6F6E67 		.ascii	"long int\000"
 862      20696E74 
 862      00
 863              	.LASF0:
 864 0257 7369676E 		.ascii	"signed char\000"
 864      65642063 
ARM GAS  C:\Users\ologa\AppData\Local\Temp\ccL6vlEO.s 			page 19


 864      68617200 
 865              	.LASF23:
 866 0263 43794465 		.ascii	"CyDelay\000"
 866      6C617900 
 867              		.ident	"GCC: (GNU Tools for ARM Embedded Processors) 4.9.3 20150303 (release) [ARM/embedded-4_9-br
