ARM GAS  C:\Users\ologa\AppData\Local\Temp\ccjvPwKU.s 			page 1


   1              		.syntax unified
   2              		.cpu cortex-m3
   3              		.fpu softvfp
   4              		.eabi_attribute 20, 1
   5              		.eabi_attribute 21, 1
   6              		.eabi_attribute 23, 3
   7              		.eabi_attribute 24, 1
   8              		.eabi_attribute 25, 1
   9              		.eabi_attribute 26, 1
  10              		.eabi_attribute 30, 6
  11              		.eabi_attribute 34, 1
  12              		.eabi_attribute 18, 4
  13              		.thumb
  14              		.file	"draw.c"
  15              		.text
  16              	.Ltext0:
  17              		.cfi_sections	.debug_frame
  18              		.section	.text.test,"ax",%progbits
  19              		.align	2
  20              		.global	test
  21              		.thumb
  22              		.thumb_func
  23              		.type	test, %function
  24              	test:
  25              	.LFB56:
  26              		.file 1 ".\\draw.c"
   1:.\draw.c      **** #include <device.h>
   2:.\draw.c      **** 
   3:.\draw.c      **** extern uint8 buf[96][128];
   4:.\draw.c      **** extern void update();
   5:.\draw.c      **** 
   6:.\draw.c      **** void test() {
  27              		.loc 1 6 0
  28              		.cfi_startproc
  29              		@ args = 0, pretend = 0, frame = 0
  30              		@ frame_needed = 1, uses_anonymous_args = 0
  31 0000 80B5     		push	{r7, lr}
  32              		.cfi_def_cfa_offset 8
  33              		.cfi_offset 7, -8
  34              		.cfi_offset 14, -4
  35 0002 00AF     		add	r7, sp, #0
  36              		.cfi_def_cfa_register 7
   7:.\draw.c      ****     buf[0][0] ^= 63;
  37              		.loc 1 7 0
  38 0004 044B     		ldr	r3, .L2
  39 0006 1B78     		ldrb	r3, [r3]	@ zero_extendqisi2
  40 0008 83F03F03 		eor	r3, r3, #63
  41 000c DAB2     		uxtb	r2, r3
  42 000e 024B     		ldr	r3, .L2
  43 0010 1A70     		strb	r2, [r3]
   8:.\draw.c      ****     update();
  44              		.loc 1 8 0
  45 0012 FFF7FEFF 		bl	update
   9:.\draw.c      **** }...
  46              		.loc 1 9 0
  47 0016 80BD     		pop	{r7, pc}
  48              	.L3:
ARM GAS  C:\Users\ologa\AppData\Local\Temp\ccjvPwKU.s 			page 2


  49              		.align	2
  50              	.L2:
  51 0018 00000000 		.word	buf
  52              		.cfi_endproc
  53              	.LFE56:
  54              		.size	test, .-test
  55              		.text
  56              	.Letext0:
  57              		.file 2 "c:\\program files (x86)\\cypress\\psoc creator\\3.3\\psoc creator\\import\\gnu\\arm\\4.9.
  58              		.file 3 "c:\\program files (x86)\\cypress\\psoc creator\\3.3\\psoc creator\\import\\gnu\\arm\\4.9.
  59              		.file 4 "Generated_Source\\PSoC5/cytypes.h"
  60              		.file 5 "Generated_Source\\PSoC5/core_cm3.h"
  61              		.section	.debug_info,"",%progbits
  62              	.Ldebug_info0:
  63 0000 E8000000 		.4byte	0xe8
  64 0004 0400     		.2byte	0x4
  65 0006 00000000 		.4byte	.Ldebug_abbrev0
  66 000a 04       		.byte	0x4
  67 000b 01       		.uleb128 0x1
  68 000c 81000000 		.4byte	.LASF17
  69 0010 01       		.byte	0x1
  70 0011 95010000 		.4byte	.LASF18
  71 0015 44010000 		.4byte	.LASF19
  72 0019 00000000 		.4byte	.Ldebug_ranges0+0
  73 001d 00000000 		.4byte	0
  74 0021 00000000 		.4byte	.Ldebug_line0
  75 0025 02       		.uleb128 0x2
  76 0026 01       		.byte	0x1
  77 0027 06       		.byte	0x6
  78 0028 23010000 		.4byte	.LASF0
  79 002c 02       		.uleb128 0x2
  80 002d 01       		.byte	0x1
  81 002e 08       		.byte	0x8
  82 002f 65000000 		.4byte	.LASF1
  83 0033 02       		.uleb128 0x2
  84 0034 02       		.byte	0x2
  85 0035 05       		.byte	0x5
  86 0036 8B010000 		.4byte	.LASF2
  87 003a 02       		.uleb128 0x2
  88 003b 02       		.byte	0x2
  89 003c 07       		.byte	0x7
  90 003d 0E000000 		.4byte	.LASF3
  91 0041 03       		.uleb128 0x3
  92 0042 2F010000 		.4byte	.LASF9
  93 0046 02       		.byte	0x2
  94 0047 3F       		.byte	0x3f
  95 0048 4C000000 		.4byte	0x4c
  96 004c 02       		.uleb128 0x2
  97 004d 04       		.byte	0x4
  98 004e 05       		.byte	0x5
  99 004f 78000000 		.4byte	.LASF4
 100 0053 02       		.uleb128 0x2
 101 0054 04       		.byte	0x4
 102 0055 07       		.byte	0x7
 103 0056 3C000000 		.4byte	.LASF5
 104 005a 02       		.uleb128 0x2
 105 005b 08       		.byte	0x8
ARM GAS  C:\Users\ologa\AppData\Local\Temp\ccjvPwKU.s 			page 3


 106 005c 05       		.byte	0x5
 107 005d 00000000 		.4byte	.LASF6
 108 0061 02       		.uleb128 0x2
 109 0062 08       		.byte	0x8
 110 0063 07       		.byte	0x7
 111 0064 4E000000 		.4byte	.LASF7
 112 0068 04       		.uleb128 0x4
 113 0069 04       		.byte	0x4
 114 006a 05       		.byte	0x5
 115 006b 696E7400 		.ascii	"int\000"
 116 006f 02       		.uleb128 0x2
 117 0070 04       		.byte	0x4
 118 0071 07       		.byte	0x7
 119 0072 21000000 		.4byte	.LASF8
 120 0076 03       		.uleb128 0x3
 121 0077 34000000 		.4byte	.LASF10
 122 007b 03       		.byte	0x3
 123 007c 2C       		.byte	0x2c
 124 007d 41000000 		.4byte	0x41
 125 0081 03       		.uleb128 0x3
 126 0082 2E000000 		.4byte	.LASF11
 127 0086 04       		.byte	0x4
 128 0087 5B       		.byte	0x5b
 129 0088 2C000000 		.4byte	0x2c
 130 008c 02       		.uleb128 0x2
 131 008d 04       		.byte	0x4
 132 008e 04       		.byte	0x4
 133 008f 3E010000 		.4byte	.LASF12
 134 0093 02       		.uleb128 0x2
 135 0094 08       		.byte	0x8
 136 0095 04       		.byte	0x4
 137 0096 0F010000 		.4byte	.LASF13
 138 009a 02       		.uleb128 0x2
 139 009b 01       		.byte	0x1
 140 009c 08       		.byte	0x8
 141 009d 73000000 		.4byte	.LASF14
 142 00a1 02       		.uleb128 0x2
 143 00a2 04       		.byte	0x4
 144 00a3 07       		.byte	0x7
 145 00a4 9E010000 		.4byte	.LASF15
 146 00a8 05       		.uleb128 0x5
 147 00a9 39010000 		.4byte	.LASF20
 148 00ad 01       		.byte	0x1
 149 00ae 06       		.byte	0x6
 150 00af 00000000 		.4byte	.LFB56
 151 00b3 1C000000 		.4byte	.LFE56-.LFB56
 152 00b7 01       		.uleb128 0x1
 153 00b8 9C       		.byte	0x9c
 154 00b9 06       		.uleb128 0x6
 155 00ba 16010000 		.4byte	.LASF16
 156 00be 05       		.byte	0x5
 157 00bf 1606     		.2byte	0x616
 158 00c1 C5000000 		.4byte	0xc5
 159 00c5 07       		.uleb128 0x7
 160 00c6 76000000 		.4byte	0x76
 161 00ca 08       		.uleb128 0x8
 162 00cb 81000000 		.4byte	0x81
ARM GAS  C:\Users\ologa\AppData\Local\Temp\ccjvPwKU.s 			page 4


 163 00cf E0000000 		.4byte	0xe0
 164 00d3 09       		.uleb128 0x9
 165 00d4 A1000000 		.4byte	0xa1
 166 00d8 5F       		.byte	0x5f
 167 00d9 09       		.uleb128 0x9
 168 00da A1000000 		.4byte	0xa1
 169 00de 7F       		.byte	0x7f
 170 00df 00       		.byte	0
 171 00e0 0A       		.uleb128 0xa
 172 00e1 62756600 		.ascii	"buf\000"
 173 00e5 01       		.byte	0x1
 174 00e6 03       		.byte	0x3
 175 00e7 CA000000 		.4byte	0xca
 176 00eb 00       		.byte	0
 177              		.section	.debug_abbrev,"",%progbits
 178              	.Ldebug_abbrev0:
 179 0000 01       		.uleb128 0x1
 180 0001 11       		.uleb128 0x11
 181 0002 01       		.byte	0x1
 182 0003 25       		.uleb128 0x25
 183 0004 0E       		.uleb128 0xe
 184 0005 13       		.uleb128 0x13
 185 0006 0B       		.uleb128 0xb
 186 0007 03       		.uleb128 0x3
 187 0008 0E       		.uleb128 0xe
 188 0009 1B       		.uleb128 0x1b
 189 000a 0E       		.uleb128 0xe
 190 000b 55       		.uleb128 0x55
 191 000c 17       		.uleb128 0x17
 192 000d 11       		.uleb128 0x11
 193 000e 01       		.uleb128 0x1
 194 000f 10       		.uleb128 0x10
 195 0010 17       		.uleb128 0x17
 196 0011 00       		.byte	0
 197 0012 00       		.byte	0
 198 0013 02       		.uleb128 0x2
 199 0014 24       		.uleb128 0x24
 200 0015 00       		.byte	0
 201 0016 0B       		.uleb128 0xb
 202 0017 0B       		.uleb128 0xb
 203 0018 3E       		.uleb128 0x3e
 204 0019 0B       		.uleb128 0xb
 205 001a 03       		.uleb128 0x3
 206 001b 0E       		.uleb128 0xe
 207 001c 00       		.byte	0
 208 001d 00       		.byte	0
 209 001e 03       		.uleb128 0x3
 210 001f 16       		.uleb128 0x16
 211 0020 00       		.byte	0
 212 0021 03       		.uleb128 0x3
 213 0022 0E       		.uleb128 0xe
 214 0023 3A       		.uleb128 0x3a
 215 0024 0B       		.uleb128 0xb
 216 0025 3B       		.uleb128 0x3b
 217 0026 0B       		.uleb128 0xb
 218 0027 49       		.uleb128 0x49
 219 0028 13       		.uleb128 0x13
ARM GAS  C:\Users\ologa\AppData\Local\Temp\ccjvPwKU.s 			page 5


 220 0029 00       		.byte	0
 221 002a 00       		.byte	0
 222 002b 04       		.uleb128 0x4
 223 002c 24       		.uleb128 0x24
 224 002d 00       		.byte	0
 225 002e 0B       		.uleb128 0xb
 226 002f 0B       		.uleb128 0xb
 227 0030 3E       		.uleb128 0x3e
 228 0031 0B       		.uleb128 0xb
 229 0032 03       		.uleb128 0x3
 230 0033 08       		.uleb128 0x8
 231 0034 00       		.byte	0
 232 0035 00       		.byte	0
 233 0036 05       		.uleb128 0x5
 234 0037 2E       		.uleb128 0x2e
 235 0038 00       		.byte	0
 236 0039 3F       		.uleb128 0x3f
 237 003a 19       		.uleb128 0x19
 238 003b 03       		.uleb128 0x3
 239 003c 0E       		.uleb128 0xe
 240 003d 3A       		.uleb128 0x3a
 241 003e 0B       		.uleb128 0xb
 242 003f 3B       		.uleb128 0x3b
 243 0040 0B       		.uleb128 0xb
 244 0041 11       		.uleb128 0x11
 245 0042 01       		.uleb128 0x1
 246 0043 12       		.uleb128 0x12
 247 0044 06       		.uleb128 0x6
 248 0045 40       		.uleb128 0x40
 249 0046 18       		.uleb128 0x18
 250 0047 9642     		.uleb128 0x2116
 251 0049 19       		.uleb128 0x19
 252 004a 00       		.byte	0
 253 004b 00       		.byte	0
 254 004c 06       		.uleb128 0x6
 255 004d 34       		.uleb128 0x34
 256 004e 00       		.byte	0
 257 004f 03       		.uleb128 0x3
 258 0050 0E       		.uleb128 0xe
 259 0051 3A       		.uleb128 0x3a
 260 0052 0B       		.uleb128 0xb
 261 0053 3B       		.uleb128 0x3b
 262 0054 05       		.uleb128 0x5
 263 0055 49       		.uleb128 0x49
 264 0056 13       		.uleb128 0x13
 265 0057 3F       		.uleb128 0x3f
 266 0058 19       		.uleb128 0x19
 267 0059 3C       		.uleb128 0x3c
 268 005a 19       		.uleb128 0x19
 269 005b 00       		.byte	0
 270 005c 00       		.byte	0
 271 005d 07       		.uleb128 0x7
 272 005e 35       		.uleb128 0x35
 273 005f 00       		.byte	0
 274 0060 49       		.uleb128 0x49
 275 0061 13       		.uleb128 0x13
 276 0062 00       		.byte	0
ARM GAS  C:\Users\ologa\AppData\Local\Temp\ccjvPwKU.s 			page 6


 277 0063 00       		.byte	0
 278 0064 08       		.uleb128 0x8
 279 0065 01       		.uleb128 0x1
 280 0066 01       		.byte	0x1
 281 0067 49       		.uleb128 0x49
 282 0068 13       		.uleb128 0x13
 283 0069 01       		.uleb128 0x1
 284 006a 13       		.uleb128 0x13
 285 006b 00       		.byte	0
 286 006c 00       		.byte	0
 287 006d 09       		.uleb128 0x9
 288 006e 21       		.uleb128 0x21
 289 006f 00       		.byte	0
 290 0070 49       		.uleb128 0x49
 291 0071 13       		.uleb128 0x13
 292 0072 2F       		.uleb128 0x2f
 293 0073 0B       		.uleb128 0xb
 294 0074 00       		.byte	0
 295 0075 00       		.byte	0
 296 0076 0A       		.uleb128 0xa
 297 0077 34       		.uleb128 0x34
 298 0078 00       		.byte	0
 299 0079 03       		.uleb128 0x3
 300 007a 08       		.uleb128 0x8
 301 007b 3A       		.uleb128 0x3a
 302 007c 0B       		.uleb128 0xb
 303 007d 3B       		.uleb128 0x3b
 304 007e 0B       		.uleb128 0xb
 305 007f 49       		.uleb128 0x49
 306 0080 13       		.uleb128 0x13
 307 0081 3F       		.uleb128 0x3f
 308 0082 19       		.uleb128 0x19
 309 0083 3C       		.uleb128 0x3c
 310 0084 19       		.uleb128 0x19
 311 0085 00       		.byte	0
 312 0086 00       		.byte	0
 313 0087 00       		.byte	0
 314              		.section	.debug_aranges,"",%progbits
 315 0000 1C000000 		.4byte	0x1c
 316 0004 0200     		.2byte	0x2
 317 0006 00000000 		.4byte	.Ldebug_info0
 318 000a 04       		.byte	0x4
 319 000b 00       		.byte	0
 320 000c 0000     		.2byte	0
 321 000e 0000     		.2byte	0
 322 0010 00000000 		.4byte	.LFB56
 323 0014 1C000000 		.4byte	.LFE56-.LFB56
 324 0018 00000000 		.4byte	0
 325 001c 00000000 		.4byte	0
 326              		.section	.debug_ranges,"",%progbits
 327              	.Ldebug_ranges0:
 328 0000 00000000 		.4byte	.LFB56
 329 0004 1C000000 		.4byte	.LFE56
 330 0008 00000000 		.4byte	0
 331 000c 00000000 		.4byte	0
 332              		.section	.debug_line,"",%progbits
 333              	.Ldebug_line0:
ARM GAS  C:\Users\ologa\AppData\Local\Temp\ccjvPwKU.s 			page 7


 334 0000 5F010000 		.section	.debug_str,"MS",%progbits,1
 334      02004901 
 334      00000201 
 334      FB0E0D00 
 334      01010101 
 335              	.LASF6:
 336 0000 6C6F6E67 		.ascii	"long long int\000"
 336      206C6F6E 
 336      6720696E 
 336      7400
 337              	.LASF3:
 338 000e 73686F72 		.ascii	"short unsigned int\000"
 338      7420756E 
 338      7369676E 
 338      65642069 
 338      6E7400
 339              	.LASF8:
 340 0021 756E7369 		.ascii	"unsigned int\000"
 340      676E6564 
 340      20696E74 
 340      00
 341              	.LASF11:
 342 002e 75696E74 		.ascii	"uint8\000"
 342      3800
 343              	.LASF10:
 344 0034 696E7433 		.ascii	"int32_t\000"
 344      325F7400 
 345              	.LASF5:
 346 003c 6C6F6E67 		.ascii	"long unsigned int\000"
 346      20756E73 
 346      69676E65 
 346      6420696E 
 346      7400
 347              	.LASF7:
 348 004e 6C6F6E67 		.ascii	"long long unsigned int\000"
 348      206C6F6E 
 348      6720756E 
 348      7369676E 
 348      65642069 
 349              	.LASF1:
 350 0065 756E7369 		.ascii	"unsigned char\000"
 350      676E6564 
 350      20636861 
 350      7200
 351              	.LASF14:
 352 0073 63686172 		.ascii	"char\000"
 352      00
 353              	.LASF4:
 354 0078 6C6F6E67 		.ascii	"long int\000"
 354      20696E74 
 354      00
 355              	.LASF17:
 356 0081 474E5520 		.ascii	"GNU C 4.9.3 20150303 (release) [ARM/embedded-4_9-br"
 356      4320342E 
 356      392E3320 
 356      32303135 
 356      30333033 
ARM GAS  C:\Users\ologa\AppData\Local\Temp\ccjvPwKU.s 			page 8


 357 00b4 616E6368 		.ascii	"anch revision 221220] -mcpu=cortex-m3 -mthumb -g -O"
 357      20726576 
 357      6973696F 
 357      6E203232 
 357      31323230 
 358 00e7 30202D66 		.ascii	"0 -ffunction-sections -ffat-lto-objects\000"
 358      66756E63 
 358      74696F6E 
 358      2D736563 
 358      74696F6E 
 359              	.LASF13:
 360 010f 646F7562 		.ascii	"double\000"
 360      6C6500
 361              	.LASF16:
 362 0116 49544D5F 		.ascii	"ITM_RxBuffer\000"
 362      52784275 
 362      66666572 
 362      00
 363              	.LASF0:
 364 0123 7369676E 		.ascii	"signed char\000"
 364      65642063 
 364      68617200 
 365              	.LASF9:
 366 012f 5F5F696E 		.ascii	"__int32_t\000"
 366      7433325F 
 366      7400
 367              	.LASF20:
 368 0139 74657374 		.ascii	"test\000"
 368      00
 369              	.LASF12:
 370 013e 666C6F61 		.ascii	"float\000"
 370      7400
 371              	.LASF19:
 372 0144 433A5C55 		.ascii	"C:\\Users\\ologa\\Documents\\MIT\\Senior S22\\6.115"
 372      73657273 
 372      5C6F6C6F 
 372      67615C44 
 372      6F63756D 
 373 0171 315C4669 		.ascii	"1\\Final Project\\vga.cydsn\000"
 373      6E616C20 
 373      50726F6A 
 373      6563745C 
 373      7667612E 
 374              	.LASF2:
 375 018b 73686F72 		.ascii	"short int\000"
 375      7420696E 
 375      7400
 376              	.LASF18:
 377 0195 2E5C6472 		.ascii	".\\draw.c\000"
 377      61772E63 
 377      00
 378              	.LASF15:
 379 019e 73697A65 		.ascii	"sizetype\000"
 379      74797065 
 379      00
 380              		.ident	"GCC: (GNU Tools for ARM Embedded Processors) 4.9.3 20150303 (release) [ARM/embedded-4_9-br
