ARM GAS  C:\Users\ologa\AppData\Local\Temp\ccWnv5Wj.s 			page 1


   1              		.syntax unified
   2              		.cpu cortex-m3
   3              		.fpu softvfp
   4              		.eabi_attribute 20, 1
   5              		.eabi_attribute 21, 1
   6              		.eabi_attribute 23, 3
   7              		.eabi_attribute 24, 1
   8              		.eabi_attribute 25, 1
   9              		.eabi_attribute 26, 1
  10              		.eabi_attribute 30, 6
  11              		.eabi_attribute 34, 1
  12              		.eabi_attribute 18, 4
  13              		.thumb
  14              		.file	"UART_1_PM.c"
  15              		.text
  16              	.Ltext0:
  17              		.cfi_sections	.debug_frame
  18              		.bss
  19              		.align	2
  20              	UART_1_backup:
  21 0000 00       		.space	1
  22 0001 000000   		.section	.text.UART_1_SaveConfig,"ax",%progbits
  23              		.align	2
  24              		.global	UART_1_SaveConfig
  25              		.thumb
  26              		.thumb_func
  27              		.type	UART_1_SaveConfig, %function
  28              	UART_1_SaveConfig:
  29              	.LFB0:
  30              		.file 1 ".\\Generated_Source\\PSoC5\\UART_1_PM.c"
   1:.\Generated_Source\PSoC5/UART_1_PM.c **** /*******************************************************************************
   2:.\Generated_Source\PSoC5/UART_1_PM.c **** * File Name: UART_1_PM.c
   3:.\Generated_Source\PSoC5/UART_1_PM.c **** * Version 2.50
   4:.\Generated_Source\PSoC5/UART_1_PM.c **** *
   5:.\Generated_Source\PSoC5/UART_1_PM.c **** * Description:
   6:.\Generated_Source\PSoC5/UART_1_PM.c **** *  This file provides Sleep/WakeUp APIs functionality.
   7:.\Generated_Source\PSoC5/UART_1_PM.c **** *
   8:.\Generated_Source\PSoC5/UART_1_PM.c **** * Note:
   9:.\Generated_Source\PSoC5/UART_1_PM.c **** *
  10:.\Generated_Source\PSoC5/UART_1_PM.c **** ********************************************************************************
  11:.\Generated_Source\PSoC5/UART_1_PM.c **** * Copyright 2008-2015, Cypress Semiconductor Corporation.  All rights reserved.
  12:.\Generated_Source\PSoC5/UART_1_PM.c **** * You may use this file only in accordance with the license, terms, conditions,
  13:.\Generated_Source\PSoC5/UART_1_PM.c **** * disclaimers, and limitations in the end user license agreement accompanying
  14:.\Generated_Source\PSoC5/UART_1_PM.c **** * the software package with which this file was provided.
  15:.\Generated_Source\PSoC5/UART_1_PM.c **** *******************************************************************************/
  16:.\Generated_Source\PSoC5/UART_1_PM.c **** 
  17:.\Generated_Source\PSoC5/UART_1_PM.c **** #include "UART_1.h"
  18:.\Generated_Source\PSoC5/UART_1_PM.c **** 
  19:.\Generated_Source\PSoC5/UART_1_PM.c **** 
  20:.\Generated_Source\PSoC5/UART_1_PM.c **** /***************************************
  21:.\Generated_Source\PSoC5/UART_1_PM.c **** * Local data allocation
  22:.\Generated_Source\PSoC5/UART_1_PM.c **** ***************************************/
  23:.\Generated_Source\PSoC5/UART_1_PM.c **** 
  24:.\Generated_Source\PSoC5/UART_1_PM.c **** static UART_1_BACKUP_STRUCT  UART_1_backup =
  25:.\Generated_Source\PSoC5/UART_1_PM.c **** {
  26:.\Generated_Source\PSoC5/UART_1_PM.c ****     /* enableState - disabled */
  27:.\Generated_Source\PSoC5/UART_1_PM.c ****     0u,
ARM GAS  C:\Users\ologa\AppData\Local\Temp\ccWnv5Wj.s 			page 2


  28:.\Generated_Source\PSoC5/UART_1_PM.c **** };
  29:.\Generated_Source\PSoC5/UART_1_PM.c **** 
  30:.\Generated_Source\PSoC5/UART_1_PM.c **** 
  31:.\Generated_Source\PSoC5/UART_1_PM.c **** 
  32:.\Generated_Source\PSoC5/UART_1_PM.c **** /*******************************************************************************
  33:.\Generated_Source\PSoC5/UART_1_PM.c **** * Function Name: UART_1_SaveConfig
  34:.\Generated_Source\PSoC5/UART_1_PM.c **** ********************************************************************************
  35:.\Generated_Source\PSoC5/UART_1_PM.c **** *
  36:.\Generated_Source\PSoC5/UART_1_PM.c **** * Summary:
  37:.\Generated_Source\PSoC5/UART_1_PM.c **** *  This function saves the component nonretention control register.
  38:.\Generated_Source\PSoC5/UART_1_PM.c **** *  Does not save the FIFO which is a set of nonretention registers.
  39:.\Generated_Source\PSoC5/UART_1_PM.c **** *  This function is called by the UART_1_Sleep() function.
  40:.\Generated_Source\PSoC5/UART_1_PM.c **** *
  41:.\Generated_Source\PSoC5/UART_1_PM.c **** * Parameters:
  42:.\Generated_Source\PSoC5/UART_1_PM.c **** *  None.
  43:.\Generated_Source\PSoC5/UART_1_PM.c **** *
  44:.\Generated_Source\PSoC5/UART_1_PM.c **** * Return:
  45:.\Generated_Source\PSoC5/UART_1_PM.c **** *  None.
  46:.\Generated_Source\PSoC5/UART_1_PM.c **** *
  47:.\Generated_Source\PSoC5/UART_1_PM.c **** * Global Variables:
  48:.\Generated_Source\PSoC5/UART_1_PM.c **** *  UART_1_backup - modified when non-retention registers are saved.
  49:.\Generated_Source\PSoC5/UART_1_PM.c **** *
  50:.\Generated_Source\PSoC5/UART_1_PM.c **** * Reentrant:
  51:.\Generated_Source\PSoC5/UART_1_PM.c **** *  No.
  52:.\Generated_Source\PSoC5/UART_1_PM.c **** *
  53:.\Generated_Source\PSoC5/UART_1_PM.c **** *******************************************************************************/
  54:.\Generated_Source\PSoC5/UART_1_PM.c **** void UART_1_SaveConfig(void)
  55:.\Generated_Source\PSoC5/UART_1_PM.c **** {
  31              		.loc 1 55 0
  32              		.cfi_startproc
  33              		@ args = 0, pretend = 0, frame = 0
  34              		@ frame_needed = 1, uses_anonymous_args = 0
  35              		@ link register save eliminated.
  36 0000 80B4     		push	{r7}
  37              		.cfi_def_cfa_offset 4
  38              		.cfi_offset 7, -4
  39 0002 00AF     		add	r7, sp, #0
  40              		.cfi_def_cfa_register 7
  56:.\Generated_Source\PSoC5/UART_1_PM.c ****     #if(UART_1_CONTROL_REG_REMOVED == 0u)
  57:.\Generated_Source\PSoC5/UART_1_PM.c ****         UART_1_backup.cr = UART_1_CONTROL_REG;
  58:.\Generated_Source\PSoC5/UART_1_PM.c ****     #endif /* End UART_1_CONTROL_REG_REMOVED */
  59:.\Generated_Source\PSoC5/UART_1_PM.c **** }
  41              		.loc 1 59 0
  42 0004 BD46     		mov	sp, r7
  43              		.cfi_def_cfa_register 13
  44              		@ sp needed
  45 0006 5DF8047B 		ldr	r7, [sp], #4
  46              		.cfi_restore 7
  47              		.cfi_def_cfa_offset 0
  48 000a 7047     		bx	lr
  49              		.cfi_endproc
  50              	.LFE0:
  51              		.size	UART_1_SaveConfig, .-UART_1_SaveConfig
  52              		.section	.text.UART_1_RestoreConfig,"ax",%progbits
  53              		.align	2
  54              		.global	UART_1_RestoreConfig
  55              		.thumb
ARM GAS  C:\Users\ologa\AppData\Local\Temp\ccWnv5Wj.s 			page 3


  56              		.thumb_func
  57              		.type	UART_1_RestoreConfig, %function
  58              	UART_1_RestoreConfig:
  59              	.LFB1:
  60:.\Generated_Source\PSoC5/UART_1_PM.c **** 
  61:.\Generated_Source\PSoC5/UART_1_PM.c **** 
  62:.\Generated_Source\PSoC5/UART_1_PM.c **** /*******************************************************************************
  63:.\Generated_Source\PSoC5/UART_1_PM.c **** * Function Name: UART_1_RestoreConfig
  64:.\Generated_Source\PSoC5/UART_1_PM.c **** ********************************************************************************
  65:.\Generated_Source\PSoC5/UART_1_PM.c **** *
  66:.\Generated_Source\PSoC5/UART_1_PM.c **** * Summary:
  67:.\Generated_Source\PSoC5/UART_1_PM.c **** *  Restores the nonretention control register except FIFO.
  68:.\Generated_Source\PSoC5/UART_1_PM.c **** *  Does not restore the FIFO which is a set of nonretention registers.
  69:.\Generated_Source\PSoC5/UART_1_PM.c **** *
  70:.\Generated_Source\PSoC5/UART_1_PM.c **** * Parameters:
  71:.\Generated_Source\PSoC5/UART_1_PM.c **** *  None.
  72:.\Generated_Source\PSoC5/UART_1_PM.c **** *
  73:.\Generated_Source\PSoC5/UART_1_PM.c **** * Return:
  74:.\Generated_Source\PSoC5/UART_1_PM.c **** *  None.
  75:.\Generated_Source\PSoC5/UART_1_PM.c **** *
  76:.\Generated_Source\PSoC5/UART_1_PM.c **** * Global Variables:
  77:.\Generated_Source\PSoC5/UART_1_PM.c **** *  UART_1_backup - used when non-retention registers are restored.
  78:.\Generated_Source\PSoC5/UART_1_PM.c **** *
  79:.\Generated_Source\PSoC5/UART_1_PM.c **** * Reentrant:
  80:.\Generated_Source\PSoC5/UART_1_PM.c **** *  No.
  81:.\Generated_Source\PSoC5/UART_1_PM.c **** *
  82:.\Generated_Source\PSoC5/UART_1_PM.c **** * Notes:
  83:.\Generated_Source\PSoC5/UART_1_PM.c **** *  If this function is called without calling UART_1_SaveConfig() 
  84:.\Generated_Source\PSoC5/UART_1_PM.c **** *  first, the data loaded may be incorrect.
  85:.\Generated_Source\PSoC5/UART_1_PM.c **** *
  86:.\Generated_Source\PSoC5/UART_1_PM.c **** *******************************************************************************/
  87:.\Generated_Source\PSoC5/UART_1_PM.c **** void UART_1_RestoreConfig(void)
  88:.\Generated_Source\PSoC5/UART_1_PM.c **** {
  60              		.loc 1 88 0
  61              		.cfi_startproc
  62              		@ args = 0, pretend = 0, frame = 0
  63              		@ frame_needed = 1, uses_anonymous_args = 0
  64              		@ link register save eliminated.
  65 0000 80B4     		push	{r7}
  66              		.cfi_def_cfa_offset 4
  67              		.cfi_offset 7, -4
  68 0002 00AF     		add	r7, sp, #0
  69              		.cfi_def_cfa_register 7
  89:.\Generated_Source\PSoC5/UART_1_PM.c ****     #if(UART_1_CONTROL_REG_REMOVED == 0u)
  90:.\Generated_Source\PSoC5/UART_1_PM.c ****         UART_1_CONTROL_REG = UART_1_backup.cr;
  91:.\Generated_Source\PSoC5/UART_1_PM.c ****     #endif /* End UART_1_CONTROL_REG_REMOVED */
  92:.\Generated_Source\PSoC5/UART_1_PM.c **** }
  70              		.loc 1 92 0
  71 0004 BD46     		mov	sp, r7
  72              		.cfi_def_cfa_register 13
  73              		@ sp needed
  74 0006 5DF8047B 		ldr	r7, [sp], #4
  75              		.cfi_restore 7
  76              		.cfi_def_cfa_offset 0
  77 000a 7047     		bx	lr
  78              		.cfi_endproc
  79              	.LFE1:
ARM GAS  C:\Users\ologa\AppData\Local\Temp\ccWnv5Wj.s 			page 4


  80              		.size	UART_1_RestoreConfig, .-UART_1_RestoreConfig
  81              		.section	.text.UART_1_Sleep,"ax",%progbits
  82              		.align	2
  83              		.global	UART_1_Sleep
  84              		.thumb
  85              		.thumb_func
  86              		.type	UART_1_Sleep, %function
  87              	UART_1_Sleep:
  88              	.LFB2:
  93:.\Generated_Source\PSoC5/UART_1_PM.c **** 
  94:.\Generated_Source\PSoC5/UART_1_PM.c **** 
  95:.\Generated_Source\PSoC5/UART_1_PM.c **** /*******************************************************************************
  96:.\Generated_Source\PSoC5/UART_1_PM.c **** * Function Name: UART_1_Sleep
  97:.\Generated_Source\PSoC5/UART_1_PM.c **** ********************************************************************************
  98:.\Generated_Source\PSoC5/UART_1_PM.c **** *
  99:.\Generated_Source\PSoC5/UART_1_PM.c **** * Summary:
 100:.\Generated_Source\PSoC5/UART_1_PM.c **** *  This is the preferred API to prepare the component for sleep. 
 101:.\Generated_Source\PSoC5/UART_1_PM.c **** *  The UART_1_Sleep() API saves the current component state. Then it
 102:.\Generated_Source\PSoC5/UART_1_PM.c **** *  calls the UART_1_Stop() function and calls 
 103:.\Generated_Source\PSoC5/UART_1_PM.c **** *  UART_1_SaveConfig() to save the hardware configuration.
 104:.\Generated_Source\PSoC5/UART_1_PM.c **** *  Call the UART_1_Sleep() function before calling the CyPmSleep() 
 105:.\Generated_Source\PSoC5/UART_1_PM.c **** *  or the CyPmHibernate() function. 
 106:.\Generated_Source\PSoC5/UART_1_PM.c **** *
 107:.\Generated_Source\PSoC5/UART_1_PM.c **** * Parameters:
 108:.\Generated_Source\PSoC5/UART_1_PM.c **** *  None.
 109:.\Generated_Source\PSoC5/UART_1_PM.c **** *
 110:.\Generated_Source\PSoC5/UART_1_PM.c **** * Return:
 111:.\Generated_Source\PSoC5/UART_1_PM.c **** *  None.
 112:.\Generated_Source\PSoC5/UART_1_PM.c **** *
 113:.\Generated_Source\PSoC5/UART_1_PM.c **** * Global Variables:
 114:.\Generated_Source\PSoC5/UART_1_PM.c **** *  UART_1_backup - modified when non-retention registers are saved.
 115:.\Generated_Source\PSoC5/UART_1_PM.c **** *
 116:.\Generated_Source\PSoC5/UART_1_PM.c **** * Reentrant:
 117:.\Generated_Source\PSoC5/UART_1_PM.c **** *  No.
 118:.\Generated_Source\PSoC5/UART_1_PM.c **** *
 119:.\Generated_Source\PSoC5/UART_1_PM.c **** *******************************************************************************/
 120:.\Generated_Source\PSoC5/UART_1_PM.c **** void UART_1_Sleep(void)
 121:.\Generated_Source\PSoC5/UART_1_PM.c **** {
  89              		.loc 1 121 0
  90              		.cfi_startproc
  91              		@ args = 0, pretend = 0, frame = 0
  92              		@ frame_needed = 1, uses_anonymous_args = 0
  93 0000 80B5     		push	{r7, lr}
  94              		.cfi_def_cfa_offset 8
  95              		.cfi_offset 7, -8
  96              		.cfi_offset 14, -4
  97 0002 00AF     		add	r7, sp, #0
  98              		.cfi_def_cfa_register 7
 122:.\Generated_Source\PSoC5/UART_1_PM.c ****     #if(UART_1_RX_ENABLED || UART_1_HD_ENABLED)
 123:.\Generated_Source\PSoC5/UART_1_PM.c ****         if((UART_1_RXSTATUS_ACTL_REG  & UART_1_INT_ENABLE) != 0u)
  99              		.loc 1 123 0
 100 0004 094B     		ldr	r3, .L6
 101 0006 1B78     		ldrb	r3, [r3]
 102 0008 DBB2     		uxtb	r3, r3
 103 000a 03F01003 		and	r3, r3, #16
 104 000e 002B     		cmp	r3, #0
 105 0010 03D0     		beq	.L4
ARM GAS  C:\Users\ologa\AppData\Local\Temp\ccWnv5Wj.s 			page 5


 124:.\Generated_Source\PSoC5/UART_1_PM.c ****         {
 125:.\Generated_Source\PSoC5/UART_1_PM.c ****             UART_1_backup.enableState = 1u;
 106              		.loc 1 125 0
 107 0012 074B     		ldr	r3, .L6+4
 108 0014 0122     		movs	r2, #1
 109 0016 1A70     		strb	r2, [r3]
 110 0018 02E0     		b	.L5
 111              	.L4:
 126:.\Generated_Source\PSoC5/UART_1_PM.c ****         }
 127:.\Generated_Source\PSoC5/UART_1_PM.c ****         else
 128:.\Generated_Source\PSoC5/UART_1_PM.c ****         {
 129:.\Generated_Source\PSoC5/UART_1_PM.c ****             UART_1_backup.enableState = 0u;
 112              		.loc 1 129 0
 113 001a 054B     		ldr	r3, .L6+4
 114 001c 0022     		movs	r2, #0
 115 001e 1A70     		strb	r2, [r3]
 116              	.L5:
 130:.\Generated_Source\PSoC5/UART_1_PM.c ****         }
 131:.\Generated_Source\PSoC5/UART_1_PM.c ****     #else
 132:.\Generated_Source\PSoC5/UART_1_PM.c ****         if((UART_1_TXSTATUS_ACTL_REG  & UART_1_INT_ENABLE) !=0u)
 133:.\Generated_Source\PSoC5/UART_1_PM.c ****         {
 134:.\Generated_Source\PSoC5/UART_1_PM.c ****             UART_1_backup.enableState = 1u;
 135:.\Generated_Source\PSoC5/UART_1_PM.c ****         }
 136:.\Generated_Source\PSoC5/UART_1_PM.c ****         else
 137:.\Generated_Source\PSoC5/UART_1_PM.c ****         {
 138:.\Generated_Source\PSoC5/UART_1_PM.c ****             UART_1_backup.enableState = 0u;
 139:.\Generated_Source\PSoC5/UART_1_PM.c ****         }
 140:.\Generated_Source\PSoC5/UART_1_PM.c ****     #endif /* End UART_1_RX_ENABLED || UART_1_HD_ENABLED*/
 141:.\Generated_Source\PSoC5/UART_1_PM.c **** 
 142:.\Generated_Source\PSoC5/UART_1_PM.c ****     UART_1_Stop();
 117              		.loc 1 142 0
 118 0020 FFF7FEFF 		bl	UART_1_Stop
 143:.\Generated_Source\PSoC5/UART_1_PM.c ****     UART_1_SaveConfig();
 119              		.loc 1 143 0
 120 0024 FFF7FEFF 		bl	UART_1_SaveConfig
 144:.\Generated_Source\PSoC5/UART_1_PM.c **** }
 121              		.loc 1 144 0
 122 0028 80BD     		pop	{r7, pc}
 123              	.L7:
 124 002a 00BF     		.align	2
 125              	.L6:
 126 002c 9B650040 		.word	1073767835
 127 0030 00000000 		.word	UART_1_backup
 128              		.cfi_endproc
 129              	.LFE2:
 130              		.size	UART_1_Sleep, .-UART_1_Sleep
 131              		.section	.text.UART_1_Wakeup,"ax",%progbits
 132              		.align	2
 133              		.global	UART_1_Wakeup
 134              		.thumb
 135              		.thumb_func
 136              		.type	UART_1_Wakeup, %function
 137              	UART_1_Wakeup:
 138              	.LFB3:
 145:.\Generated_Source\PSoC5/UART_1_PM.c **** 
 146:.\Generated_Source\PSoC5/UART_1_PM.c **** 
 147:.\Generated_Source\PSoC5/UART_1_PM.c **** /*******************************************************************************
ARM GAS  C:\Users\ologa\AppData\Local\Temp\ccWnv5Wj.s 			page 6


 148:.\Generated_Source\PSoC5/UART_1_PM.c **** * Function Name: UART_1_Wakeup
 149:.\Generated_Source\PSoC5/UART_1_PM.c **** ********************************************************************************
 150:.\Generated_Source\PSoC5/UART_1_PM.c **** *
 151:.\Generated_Source\PSoC5/UART_1_PM.c **** * Summary:
 152:.\Generated_Source\PSoC5/UART_1_PM.c **** *  This is the preferred API to restore the component to the state when 
 153:.\Generated_Source\PSoC5/UART_1_PM.c **** *  UART_1_Sleep() was called. The UART_1_Wakeup() function
 154:.\Generated_Source\PSoC5/UART_1_PM.c **** *  calls the UART_1_RestoreConfig() function to restore the 
 155:.\Generated_Source\PSoC5/UART_1_PM.c **** *  configuration. If the component was enabled before the 
 156:.\Generated_Source\PSoC5/UART_1_PM.c **** *  UART_1_Sleep() function was called, the UART_1_Wakeup()
 157:.\Generated_Source\PSoC5/UART_1_PM.c **** *  function will also re-enable the component.
 158:.\Generated_Source\PSoC5/UART_1_PM.c **** *
 159:.\Generated_Source\PSoC5/UART_1_PM.c **** * Parameters:
 160:.\Generated_Source\PSoC5/UART_1_PM.c **** *  None.
 161:.\Generated_Source\PSoC5/UART_1_PM.c **** *
 162:.\Generated_Source\PSoC5/UART_1_PM.c **** * Return:
 163:.\Generated_Source\PSoC5/UART_1_PM.c **** *  None.
 164:.\Generated_Source\PSoC5/UART_1_PM.c **** *
 165:.\Generated_Source\PSoC5/UART_1_PM.c **** * Global Variables:
 166:.\Generated_Source\PSoC5/UART_1_PM.c **** *  UART_1_backup - used when non-retention registers are restored.
 167:.\Generated_Source\PSoC5/UART_1_PM.c **** *
 168:.\Generated_Source\PSoC5/UART_1_PM.c **** * Reentrant:
 169:.\Generated_Source\PSoC5/UART_1_PM.c **** *  No.
 170:.\Generated_Source\PSoC5/UART_1_PM.c **** *
 171:.\Generated_Source\PSoC5/UART_1_PM.c **** *******************************************************************************/
 172:.\Generated_Source\PSoC5/UART_1_PM.c **** void UART_1_Wakeup(void)
 173:.\Generated_Source\PSoC5/UART_1_PM.c **** {
 139              		.loc 1 173 0
 140              		.cfi_startproc
 141              		@ args = 0, pretend = 0, frame = 0
 142              		@ frame_needed = 1, uses_anonymous_args = 0
 143 0000 80B5     		push	{r7, lr}
 144              		.cfi_def_cfa_offset 8
 145              		.cfi_offset 7, -8
 146              		.cfi_offset 14, -4
 147 0002 00AF     		add	r7, sp, #0
 148              		.cfi_def_cfa_register 7
 174:.\Generated_Source\PSoC5/UART_1_PM.c ****     UART_1_RestoreConfig();
 149              		.loc 1 174 0
 150 0004 FFF7FEFF 		bl	UART_1_RestoreConfig
 175:.\Generated_Source\PSoC5/UART_1_PM.c ****     #if( (UART_1_RX_ENABLED) || (UART_1_HD_ENABLED) )
 176:.\Generated_Source\PSoC5/UART_1_PM.c ****         UART_1_ClearRxBuffer();
 151              		.loc 1 176 0
 152 0008 FFF7FEFF 		bl	UART_1_ClearRxBuffer
 177:.\Generated_Source\PSoC5/UART_1_PM.c ****     #endif /* End (UART_1_RX_ENABLED) || (UART_1_HD_ENABLED) */
 178:.\Generated_Source\PSoC5/UART_1_PM.c ****     #if(UART_1_TX_ENABLED || UART_1_HD_ENABLED)
 179:.\Generated_Source\PSoC5/UART_1_PM.c ****         UART_1_ClearTxBuffer();
 153              		.loc 1 179 0
 154 000c FFF7FEFF 		bl	UART_1_ClearTxBuffer
 180:.\Generated_Source\PSoC5/UART_1_PM.c ****     #endif /* End UART_1_TX_ENABLED || UART_1_HD_ENABLED */
 181:.\Generated_Source\PSoC5/UART_1_PM.c **** 
 182:.\Generated_Source\PSoC5/UART_1_PM.c ****     if(UART_1_backup.enableState != 0u)
 155              		.loc 1 182 0
 156 0010 034B     		ldr	r3, .L10
 157 0012 1B78     		ldrb	r3, [r3]	@ zero_extendqisi2
 158 0014 002B     		cmp	r3, #0
 159 0016 01D0     		beq	.L8
 183:.\Generated_Source\PSoC5/UART_1_PM.c ****     {
ARM GAS  C:\Users\ologa\AppData\Local\Temp\ccWnv5Wj.s 			page 7


 184:.\Generated_Source\PSoC5/UART_1_PM.c ****         UART_1_Enable();
 160              		.loc 1 184 0
 161 0018 FFF7FEFF 		bl	UART_1_Enable
 162              	.L8:
 185:.\Generated_Source\PSoC5/UART_1_PM.c ****     }
 186:.\Generated_Source\PSoC5/UART_1_PM.c **** }
 163              		.loc 1 186 0
 164 001c 80BD     		pop	{r7, pc}
 165              	.L11:
 166 001e 00BF     		.align	2
 167              	.L10:
 168 0020 00000000 		.word	UART_1_backup
 169              		.cfi_endproc
 170              	.LFE3:
 171              		.size	UART_1_Wakeup, .-UART_1_Wakeup
 172              		.text
 173              	.Letext0:
 174              		.file 2 ".\\Generated_Source\\PSoC5\\cytypes.h"
 175              		.file 3 ".\\Generated_Source\\PSoC5\\UART_1.h"
 176              		.section	.debug_info,"",%progbits
 177              	.Ldebug_info0:
 178 0000 18010000 		.4byte	0x118
 179 0004 0400     		.2byte	0x4
 180 0006 00000000 		.4byte	.Ldebug_abbrev0
 181 000a 04       		.byte	0x4
 182 000b 01       		.uleb128 0x1
 183 000c A6000000 		.4byte	.LASF20
 184 0010 01       		.byte	0x1
 185 0011 49010000 		.4byte	.LASF21
 186 0015 A8010000 		.4byte	.LASF22
 187 0019 00000000 		.4byte	.Ldebug_ranges0+0
 188 001d 00000000 		.4byte	0
 189 0021 00000000 		.4byte	.Ldebug_line0
 190 0025 02       		.uleb128 0x2
 191 0026 01       		.byte	0x1
 192 0027 06       		.byte	0x6
 193 0028 81010000 		.4byte	.LASF0
 194 002c 02       		.uleb128 0x2
 195 002d 01       		.byte	0x1
 196 002e 08       		.byte	0x8
 197 002f 8A000000 		.4byte	.LASF1
 198 0033 02       		.uleb128 0x2
 199 0034 02       		.byte	0x2
 200 0035 05       		.byte	0x5
 201 0036 EF010000 		.4byte	.LASF2
 202 003a 02       		.uleb128 0x2
 203 003b 02       		.byte	0x2
 204 003c 07       		.byte	0x7
 205 003d 6E010000 		.4byte	.LASF3
 206 0041 02       		.uleb128 0x2
 207 0042 04       		.byte	0x4
 208 0043 05       		.byte	0x5
 209 0044 9D000000 		.4byte	.LASF4
 210 0048 02       		.uleb128 0x2
 211 0049 04       		.byte	0x4
 212 004a 07       		.byte	0x7
 213 004b 3A000000 		.4byte	.LASF5
ARM GAS  C:\Users\ologa\AppData\Local\Temp\ccWnv5Wj.s 			page 8


 214 004f 02       		.uleb128 0x2
 215 0050 08       		.byte	0x8
 216 0051 05       		.byte	0x5
 217 0052 00000000 		.4byte	.LASF6
 218 0056 02       		.uleb128 0x2
 219 0057 08       		.byte	0x8
 220 0058 07       		.byte	0x7
 221 0059 5E000000 		.4byte	.LASF7
 222 005d 03       		.uleb128 0x3
 223 005e 04       		.byte	0x4
 224 005f 05       		.byte	0x5
 225 0060 696E7400 		.ascii	"int\000"
 226 0064 02       		.uleb128 0x2
 227 0065 04       		.byte	0x4
 228 0066 07       		.byte	0x7
 229 0067 1A000000 		.4byte	.LASF8
 230 006b 04       		.uleb128 0x4
 231 006c 34000000 		.4byte	.LASF12
 232 0070 02       		.byte	0x2
 233 0071 5B       		.byte	0x5b
 234 0072 2C000000 		.4byte	0x2c
 235 0076 02       		.uleb128 0x2
 236 0077 04       		.byte	0x4
 237 0078 04       		.byte	0x4
 238 0079 A2010000 		.4byte	.LASF9
 239 007d 02       		.uleb128 0x2
 240 007e 08       		.byte	0x8
 241 007f 04       		.byte	0x4
 242 0080 34010000 		.4byte	.LASF10
 243 0084 02       		.uleb128 0x2
 244 0085 01       		.byte	0x1
 245 0086 08       		.byte	0x8
 246 0087 98000000 		.4byte	.LASF11
 247 008b 04       		.uleb128 0x4
 248 008c F9010000 		.4byte	.LASF13
 249 0090 02       		.byte	0x2
 250 0091 F0       		.byte	0xf0
 251 0092 96000000 		.4byte	0x96
 252 0096 05       		.uleb128 0x5
 253 0097 6B000000 		.4byte	0x6b
 254 009b 02       		.uleb128 0x2
 255 009c 04       		.byte	0x4
 256 009d 07       		.byte	0x7
 257 009e 0C020000 		.4byte	.LASF14
 258 00a2 06       		.uleb128 0x6
 259 00a3 75000000 		.4byte	.LASF23
 260 00a7 01       		.byte	0x1
 261 00a8 03       		.byte	0x3
 262 00a9 45       		.byte	0x45
 263 00aa BB000000 		.4byte	0xbb
 264 00ae 07       		.uleb128 0x7
 265 00af 0E000000 		.4byte	.LASF24
 266 00b3 03       		.byte	0x3
 267 00b4 47       		.byte	0x47
 268 00b5 6B000000 		.4byte	0x6b
 269 00b9 00       		.byte	0
 270 00ba 00       		.byte	0
ARM GAS  C:\Users\ologa\AppData\Local\Temp\ccWnv5Wj.s 			page 9


 271 00bb 04       		.uleb128 0x4
 272 00bc 15020000 		.4byte	.LASF15
 273 00c0 03       		.byte	0x3
 274 00c1 4D       		.byte	0x4d
 275 00c2 A2000000 		.4byte	0xa2
 276 00c6 08       		.uleb128 0x8
 277 00c7 4C000000 		.4byte	.LASF16
 278 00cb 01       		.byte	0x1
 279 00cc 36       		.byte	0x36
 280 00cd 00000000 		.4byte	.LFB0
 281 00d1 0C000000 		.4byte	.LFE0-.LFB0
 282 00d5 01       		.uleb128 0x1
 283 00d6 9C       		.byte	0x9c
 284 00d7 08       		.uleb128 0x8
 285 00d8 8D010000 		.4byte	.LASF17
 286 00dc 01       		.byte	0x1
 287 00dd 57       		.byte	0x57
 288 00de 00000000 		.4byte	.LFB1
 289 00e2 0C000000 		.4byte	.LFE1-.LFB1
 290 00e6 01       		.uleb128 0x1
 291 00e7 9C       		.byte	0x9c
 292 00e8 09       		.uleb128 0x9
 293 00e9 27000000 		.4byte	.LASF18
 294 00ed 01       		.byte	0x1
 295 00ee 78       		.byte	0x78
 296 00ef 00000000 		.4byte	.LFB2
 297 00f3 34000000 		.4byte	.LFE2-.LFB2
 298 00f7 01       		.uleb128 0x1
 299 00f8 9C       		.byte	0x9c
 300 00f9 09       		.uleb128 0x9
 301 00fa FE010000 		.4byte	.LASF19
 302 00fe 01       		.byte	0x1
 303 00ff AC       		.byte	0xac
 304 0100 00000000 		.4byte	.LFB3
 305 0104 24000000 		.4byte	.LFE3-.LFB3
 306 0108 01       		.uleb128 0x1
 307 0109 9C       		.byte	0x9c
 308 010a 0A       		.uleb128 0xa
 309 010b 3B010000 		.4byte	.LASF25
 310 010f 01       		.byte	0x1
 311 0110 18       		.byte	0x18
 312 0111 BB000000 		.4byte	0xbb
 313 0115 05       		.uleb128 0x5
 314 0116 03       		.byte	0x3
 315 0117 00000000 		.4byte	UART_1_backup
 316 011b 00       		.byte	0
 317              		.section	.debug_abbrev,"",%progbits
 318              	.Ldebug_abbrev0:
 319 0000 01       		.uleb128 0x1
 320 0001 11       		.uleb128 0x11
 321 0002 01       		.byte	0x1
 322 0003 25       		.uleb128 0x25
 323 0004 0E       		.uleb128 0xe
 324 0005 13       		.uleb128 0x13
 325 0006 0B       		.uleb128 0xb
 326 0007 03       		.uleb128 0x3
 327 0008 0E       		.uleb128 0xe
ARM GAS  C:\Users\ologa\AppData\Local\Temp\ccWnv5Wj.s 			page 10


 328 0009 1B       		.uleb128 0x1b
 329 000a 0E       		.uleb128 0xe
 330 000b 55       		.uleb128 0x55
 331 000c 17       		.uleb128 0x17
 332 000d 11       		.uleb128 0x11
 333 000e 01       		.uleb128 0x1
 334 000f 10       		.uleb128 0x10
 335 0010 17       		.uleb128 0x17
 336 0011 00       		.byte	0
 337 0012 00       		.byte	0
 338 0013 02       		.uleb128 0x2
 339 0014 24       		.uleb128 0x24
 340 0015 00       		.byte	0
 341 0016 0B       		.uleb128 0xb
 342 0017 0B       		.uleb128 0xb
 343 0018 3E       		.uleb128 0x3e
 344 0019 0B       		.uleb128 0xb
 345 001a 03       		.uleb128 0x3
 346 001b 0E       		.uleb128 0xe
 347 001c 00       		.byte	0
 348 001d 00       		.byte	0
 349 001e 03       		.uleb128 0x3
 350 001f 24       		.uleb128 0x24
 351 0020 00       		.byte	0
 352 0021 0B       		.uleb128 0xb
 353 0022 0B       		.uleb128 0xb
 354 0023 3E       		.uleb128 0x3e
 355 0024 0B       		.uleb128 0xb
 356 0025 03       		.uleb128 0x3
 357 0026 08       		.uleb128 0x8
 358 0027 00       		.byte	0
 359 0028 00       		.byte	0
 360 0029 04       		.uleb128 0x4
 361 002a 16       		.uleb128 0x16
 362 002b 00       		.byte	0
 363 002c 03       		.uleb128 0x3
 364 002d 0E       		.uleb128 0xe
 365 002e 3A       		.uleb128 0x3a
 366 002f 0B       		.uleb128 0xb
 367 0030 3B       		.uleb128 0x3b
 368 0031 0B       		.uleb128 0xb
 369 0032 49       		.uleb128 0x49
 370 0033 13       		.uleb128 0x13
 371 0034 00       		.byte	0
 372 0035 00       		.byte	0
 373 0036 05       		.uleb128 0x5
 374 0037 35       		.uleb128 0x35
 375 0038 00       		.byte	0
 376 0039 49       		.uleb128 0x49
 377 003a 13       		.uleb128 0x13
 378 003b 00       		.byte	0
 379 003c 00       		.byte	0
 380 003d 06       		.uleb128 0x6
 381 003e 13       		.uleb128 0x13
 382 003f 01       		.byte	0x1
 383 0040 03       		.uleb128 0x3
 384 0041 0E       		.uleb128 0xe
ARM GAS  C:\Users\ologa\AppData\Local\Temp\ccWnv5Wj.s 			page 11


 385 0042 0B       		.uleb128 0xb
 386 0043 0B       		.uleb128 0xb
 387 0044 3A       		.uleb128 0x3a
 388 0045 0B       		.uleb128 0xb
 389 0046 3B       		.uleb128 0x3b
 390 0047 0B       		.uleb128 0xb
 391 0048 01       		.uleb128 0x1
 392 0049 13       		.uleb128 0x13
 393 004a 00       		.byte	0
 394 004b 00       		.byte	0
 395 004c 07       		.uleb128 0x7
 396 004d 0D       		.uleb128 0xd
 397 004e 00       		.byte	0
 398 004f 03       		.uleb128 0x3
 399 0050 0E       		.uleb128 0xe
 400 0051 3A       		.uleb128 0x3a
 401 0052 0B       		.uleb128 0xb
 402 0053 3B       		.uleb128 0x3b
 403 0054 0B       		.uleb128 0xb
 404 0055 49       		.uleb128 0x49
 405 0056 13       		.uleb128 0x13
 406 0057 38       		.uleb128 0x38
 407 0058 0B       		.uleb128 0xb
 408 0059 00       		.byte	0
 409 005a 00       		.byte	0
 410 005b 08       		.uleb128 0x8
 411 005c 2E       		.uleb128 0x2e
 412 005d 00       		.byte	0
 413 005e 3F       		.uleb128 0x3f
 414 005f 19       		.uleb128 0x19
 415 0060 03       		.uleb128 0x3
 416 0061 0E       		.uleb128 0xe
 417 0062 3A       		.uleb128 0x3a
 418 0063 0B       		.uleb128 0xb
 419 0064 3B       		.uleb128 0x3b
 420 0065 0B       		.uleb128 0xb
 421 0066 27       		.uleb128 0x27
 422 0067 19       		.uleb128 0x19
 423 0068 11       		.uleb128 0x11
 424 0069 01       		.uleb128 0x1
 425 006a 12       		.uleb128 0x12
 426 006b 06       		.uleb128 0x6
 427 006c 40       		.uleb128 0x40
 428 006d 18       		.uleb128 0x18
 429 006e 9742     		.uleb128 0x2117
 430 0070 19       		.uleb128 0x19
 431 0071 00       		.byte	0
 432 0072 00       		.byte	0
 433 0073 09       		.uleb128 0x9
 434 0074 2E       		.uleb128 0x2e
 435 0075 00       		.byte	0
 436 0076 3F       		.uleb128 0x3f
 437 0077 19       		.uleb128 0x19
 438 0078 03       		.uleb128 0x3
 439 0079 0E       		.uleb128 0xe
 440 007a 3A       		.uleb128 0x3a
 441 007b 0B       		.uleb128 0xb
ARM GAS  C:\Users\ologa\AppData\Local\Temp\ccWnv5Wj.s 			page 12


 442 007c 3B       		.uleb128 0x3b
 443 007d 0B       		.uleb128 0xb
 444 007e 27       		.uleb128 0x27
 445 007f 19       		.uleb128 0x19
 446 0080 11       		.uleb128 0x11
 447 0081 01       		.uleb128 0x1
 448 0082 12       		.uleb128 0x12
 449 0083 06       		.uleb128 0x6
 450 0084 40       		.uleb128 0x40
 451 0085 18       		.uleb128 0x18
 452 0086 9642     		.uleb128 0x2116
 453 0088 19       		.uleb128 0x19
 454 0089 00       		.byte	0
 455 008a 00       		.byte	0
 456 008b 0A       		.uleb128 0xa
 457 008c 34       		.uleb128 0x34
 458 008d 00       		.byte	0
 459 008e 03       		.uleb128 0x3
 460 008f 0E       		.uleb128 0xe
 461 0090 3A       		.uleb128 0x3a
 462 0091 0B       		.uleb128 0xb
 463 0092 3B       		.uleb128 0x3b
 464 0093 0B       		.uleb128 0xb
 465 0094 49       		.uleb128 0x49
 466 0095 13       		.uleb128 0x13
 467 0096 02       		.uleb128 0x2
 468 0097 18       		.uleb128 0x18
 469 0098 00       		.byte	0
 470 0099 00       		.byte	0
 471 009a 00       		.byte	0
 472              		.section	.debug_aranges,"",%progbits
 473 0000 34000000 		.4byte	0x34
 474 0004 0200     		.2byte	0x2
 475 0006 00000000 		.4byte	.Ldebug_info0
 476 000a 04       		.byte	0x4
 477 000b 00       		.byte	0
 478 000c 0000     		.2byte	0
 479 000e 0000     		.2byte	0
 480 0010 00000000 		.4byte	.LFB0
 481 0014 0C000000 		.4byte	.LFE0-.LFB0
 482 0018 00000000 		.4byte	.LFB1
 483 001c 0C000000 		.4byte	.LFE1-.LFB1
 484 0020 00000000 		.4byte	.LFB2
 485 0024 34000000 		.4byte	.LFE2-.LFB2
 486 0028 00000000 		.4byte	.LFB3
 487 002c 24000000 		.4byte	.LFE3-.LFB3
 488 0030 00000000 		.4byte	0
 489 0034 00000000 		.4byte	0
 490              		.section	.debug_ranges,"",%progbits
 491              	.Ldebug_ranges0:
 492 0000 00000000 		.4byte	.LFB0
 493 0004 0C000000 		.4byte	.LFE0
 494 0008 00000000 		.4byte	.LFB1
 495 000c 0C000000 		.4byte	.LFE1
 496 0010 00000000 		.4byte	.LFB2
 497 0014 34000000 		.4byte	.LFE2
 498 0018 00000000 		.4byte	.LFB3
ARM GAS  C:\Users\ologa\AppData\Local\Temp\ccWnv5Wj.s 			page 13


 499 001c 24000000 		.4byte	.LFE3
 500 0020 00000000 		.4byte	0
 501 0024 00000000 		.4byte	0
 502              		.section	.debug_line,"",%progbits
 503              	.Ldebug_line0:
 504 0000 A9000000 		.section	.debug_str,"MS",%progbits,1
 504      02005400 
 504      00000201 
 504      FB0E0D00 
 504      01010101 
 505              	.LASF6:
 506 0000 6C6F6E67 		.ascii	"long long int\000"
 506      206C6F6E 
 506      6720696E 
 506      7400
 507              	.LASF24:
 508 000e 656E6162 		.ascii	"enableState\000"
 508      6C655374 
 508      61746500 
 509              	.LASF8:
 510 001a 756E7369 		.ascii	"unsigned int\000"
 510      676E6564 
 510      20696E74 
 510      00
 511              	.LASF18:
 512 0027 55415254 		.ascii	"UART_1_Sleep\000"
 512      5F315F53 
 512      6C656570 
 512      00
 513              	.LASF12:
 514 0034 75696E74 		.ascii	"uint8\000"
 514      3800
 515              	.LASF5:
 516 003a 6C6F6E67 		.ascii	"long unsigned int\000"
 516      20756E73 
 516      69676E65 
 516      6420696E 
 516      7400
 517              	.LASF16:
 518 004c 55415254 		.ascii	"UART_1_SaveConfig\000"
 518      5F315F53 
 518      61766543 
 518      6F6E6669 
 518      6700
 519              	.LASF7:
 520 005e 6C6F6E67 		.ascii	"long long unsigned int\000"
 520      206C6F6E 
 520      6720756E 
 520      7369676E 
 520      65642069 
 521              	.LASF23:
 522 0075 55415254 		.ascii	"UART_1_backupStruct_\000"
 522      5F315F62 
 522      61636B75 
 522      70537472 
 522      7563745F 
 523              	.LASF1:
ARM GAS  C:\Users\ologa\AppData\Local\Temp\ccWnv5Wj.s 			page 14


 524 008a 756E7369 		.ascii	"unsigned char\000"
 524      676E6564 
 524      20636861 
 524      7200
 525              	.LASF11:
 526 0098 63686172 		.ascii	"char\000"
 526      00
 527              	.LASF4:
 528 009d 6C6F6E67 		.ascii	"long int\000"
 528      20696E74 
 528      00
 529              	.LASF20:
 530 00a6 474E5520 		.ascii	"GNU C 4.9.3 20150303 (release) [ARM/embedded-4_9-br"
 530      4320342E 
 530      392E3320 
 530      32303135 
 530      30333033 
 531 00d9 616E6368 		.ascii	"anch revision 221220] -mcpu=cortex-m3 -mthumb -g -O"
 531      20726576 
 531      6973696F 
 531      6E203232 
 531      31323230 
 532 010c 30202D66 		.ascii	"0 -ffunction-sections -ffat-lto-objects\000"
 532      66756E63 
 532      74696F6E 
 532      2D736563 
 532      74696F6E 
 533              	.LASF10:
 534 0134 646F7562 		.ascii	"double\000"
 534      6C6500
 535              	.LASF25:
 536 013b 55415254 		.ascii	"UART_1_backup\000"
 536      5F315F62 
 536      61636B75 
 536      7000
 537              	.LASF21:
 538 0149 2E5C4765 		.ascii	".\\Generated_Source\\PSoC5\\UART_1_PM.c\000"
 538      6E657261 
 538      7465645F 
 538      536F7572 
 538      63655C50 
 539              	.LASF3:
 540 016e 73686F72 		.ascii	"short unsigned int\000"
 540      7420756E 
 540      7369676E 
 540      65642069 
 540      6E7400
 541              	.LASF0:
 542 0181 7369676E 		.ascii	"signed char\000"
 542      65642063 
 542      68617200 
 543              	.LASF17:
 544 018d 55415254 		.ascii	"UART_1_RestoreConfig\000"
 544      5F315F52 
 544      6573746F 
 544      7265436F 
 544      6E666967 
ARM GAS  C:\Users\ologa\AppData\Local\Temp\ccWnv5Wj.s 			page 15


 545              	.LASF9:
 546 01a2 666C6F61 		.ascii	"float\000"
 546      7400
 547              	.LASF22:
 548 01a8 433A5C55 		.ascii	"C:\\Users\\ologa\\Documents\\MIT\\Senior S22\\6.115"
 548      73657273 
 548      5C6F6C6F 
 548      67615C44 
 548      6F63756D 
 549 01d5 315C4669 		.ascii	"1\\Final Project\\vga.cydsn\000"
 549      6E616C20 
 549      50726F6A 
 549      6563745C 
 549      7667612E 
 550              	.LASF2:
 551 01ef 73686F72 		.ascii	"short int\000"
 551      7420696E 
 551      7400
 552              	.LASF13:
 553 01f9 72656738 		.ascii	"reg8\000"
 553      00
 554              	.LASF19:
 555 01fe 55415254 		.ascii	"UART_1_Wakeup\000"
 555      5F315F57 
 555      616B6575 
 555      7000
 556              	.LASF14:
 557 020c 73697A65 		.ascii	"sizetype\000"
 557      74797065 
 557      00
 558              	.LASF15:
 559 0215 55415254 		.ascii	"UART_1_BACKUP_STRUCT\000"
 559      5F315F42 
 559      41434B55 
 559      505F5354 
 559      52554354 
 560              		.ident	"GCC: (GNU Tools for ARM Embedded Processors) 4.9.3 20150303 (release) [ARM/embedded-4_9-br
