0000: 78 E6        mov R0, #0E6h;
0002: 79 1A        mov R1, #1Ah;
0004: 7A 02        mov R2, #2h;
0006: C0 00        PUSH 0;
0008: C0 01        PUSH 1;
                   main:
000A: D0 00                 POP 0;
000C: D0 01                 POP 1;
000E: C0 00                 PUSH 0;
0010: C0 01                 PUSH 1;
0012: E5 00                 mov A, 0;
0014: 12 00 1E              LCALL dacme;
0017: E5 01                 mov A, 1;
0019: 12 00 1E              LCALL dacme;
001C: 80 EC                 sjmp main;
                   
                   dacme:
001E: C2 87                 CLR P0.7;
                            loop:
0020: F5 90                 mov P1, A;
0022: DA FC                 DJNZ R2, loop;
0024: 22                    ret;
                            
                   
