0000: 78 E6                 mov R0, #0E6h; Load High 4.5 in Register 0
0002: 79 1A        mov R1, #1Ah; Load Low 4.5 in Register 1
0004: 7A 02        mov R2, #2h; Duty Cycle
0006: 7B 02        mov R3, #2h; Period
0008: C0 00        PUSH 0; Add to Stack
000A: C0 01        PUSH 1; Add to Stack
                   main:
000C: D0 00                 POP 0;Take from Stack
000E: D0 01                 POP 1;Take from Stack
0010: C0 00                 PUSH 0; Readd to Stack or else this will fail after
0012: C0 01                 PUSH 1;Readd to Stack or else this will fail after 
                   
0014: E5 00                 mov A, 0; Give accumulator value in Register 0
0016: 12 00 24              LCALL dacme; Call Dacme
                            loop:
0019: DA FE                         DJNZ R2, loop; Show Value for Sepcified Dut
001B: E5 01                 mov A, 1; Give accumulator value in Register 1
001D: 12 00 24              LCALL dacme; Call Dacme
                            loop2:
0020: DB FE                         DJNZ R3, loop2; Show Value for Sepcified Du
0022: 80 E8                 sjmp main; Reset
                   
                   dacme:
0024: C2 87                 CLR P0.7; Activate DAC
0026: F5 90                 mov P1, A; Move value of accumulator into Pin 1
0028: 22                    ret; Return to main
