ARM GAS  C:\Users\ologa\AppData\Local\Temp\ccdgZ5aC.s 			page 1


   1              		.syntax unified
   2              		.cpu cortex-m3
   3              		.fpu softvfp
   4              		.eabi_attribute 20, 1
   5              		.eabi_attribute 21, 1
   6              		.eabi_attribute 23, 3
   7              		.eabi_attribute 24, 1
   8              		.eabi_attribute 25, 1
   9              		.eabi_attribute 26, 1
  10              		.eabi_attribute 30, 6
  11              		.eabi_attribute 34, 1
  12              		.eabi_attribute 18, 4
  13              		.thumb
  14              		.file	"cyfitter_cfg.c"
  15              		.text
  16              	.Ltext0:
  17              		.cfi_sections	.debug_frame
  18              		.section	.text.CYMEMZERO,"ax",%progbits
  19              		.align	2
  20              		.thumb
  21              		.thumb_func
  22              		.type	CYMEMZERO, %function
  23              	CYMEMZERO:
  24              	.LFB0:
  25              		.file 1 ".\\Generated_Source\\PSoC5\\cyfitter_cfg.c"
   1:.\Generated_Source\PSoC5/cyfitter_cfg.c **** /*******************************************************************************
   2:.\Generated_Source\PSoC5/cyfitter_cfg.c **** * File Name: cyfitter_cfg.c
   3:.\Generated_Source\PSoC5/cyfitter_cfg.c **** * 
   4:.\Generated_Source\PSoC5/cyfitter_cfg.c **** * PSoC Creator  3.3 CP3
   5:.\Generated_Source\PSoC5/cyfitter_cfg.c **** *
   6:.\Generated_Source\PSoC5/cyfitter_cfg.c **** * Description:
   7:.\Generated_Source\PSoC5/cyfitter_cfg.c **** * This file contains device initialization code.
   8:.\Generated_Source\PSoC5/cyfitter_cfg.c **** * Except for the user defined sections in CyClockStartupError(), this file should not be modified.
   9:.\Generated_Source\PSoC5/cyfitter_cfg.c **** * This file is automatically generated by PSoC Creator.
  10:.\Generated_Source\PSoC5/cyfitter_cfg.c **** *
  11:.\Generated_Source\PSoC5/cyfitter_cfg.c **** ********************************************************************************
  12:.\Generated_Source\PSoC5/cyfitter_cfg.c **** * Copyright (c) 2007-2016 Cypress Semiconductor.  All rights reserved.
  13:.\Generated_Source\PSoC5/cyfitter_cfg.c **** * You may use this file only in accordance with the license, terms, conditions, 
  14:.\Generated_Source\PSoC5/cyfitter_cfg.c **** * disclaimers, and limitations in the end user license agreement accompanying 
  15:.\Generated_Source\PSoC5/cyfitter_cfg.c **** * the software package with which this file was provided.
  16:.\Generated_Source\PSoC5/cyfitter_cfg.c **** ********************************************************************************/
  17:.\Generated_Source\PSoC5/cyfitter_cfg.c **** 
  18:.\Generated_Source\PSoC5/cyfitter_cfg.c **** #include <string.h>
  19:.\Generated_Source\PSoC5/cyfitter_cfg.c **** #include "cytypes.h"
  20:.\Generated_Source\PSoC5/cyfitter_cfg.c **** #include "cydevice_trm.h"
  21:.\Generated_Source\PSoC5/cyfitter_cfg.c **** #include "cyfitter.h"
  22:.\Generated_Source\PSoC5/cyfitter_cfg.c **** #include "CyLib.h"
  23:.\Generated_Source\PSoC5/cyfitter_cfg.c **** #include "cyfitter_cfg.h"
  24:.\Generated_Source\PSoC5/cyfitter_cfg.c **** 
  25:.\Generated_Source\PSoC5/cyfitter_cfg.c **** #define CY_NEED_CYCLOCKSTARTUPERROR 1
  26:.\Generated_Source\PSoC5/cyfitter_cfg.c **** 
  27:.\Generated_Source\PSoC5/cyfitter_cfg.c **** 
  28:.\Generated_Source\PSoC5/cyfitter_cfg.c **** #if defined(__GNUC__) || defined(__ARMCC_VERSION)
  29:.\Generated_Source\PSoC5/cyfitter_cfg.c ****     #define CYPACKED 
  30:.\Generated_Source\PSoC5/cyfitter_cfg.c ****     #define CYPACKED_ATTR __attribute__ ((packed))
  31:.\Generated_Source\PSoC5/cyfitter_cfg.c ****     #define CYALIGNED __attribute__ ((aligned))
  32:.\Generated_Source\PSoC5/cyfitter_cfg.c ****     #define CY_CFG_UNUSED __attribute__ ((unused))
ARM GAS  C:\Users\ologa\AppData\Local\Temp\ccdgZ5aC.s 			page 2


  33:.\Generated_Source\PSoC5/cyfitter_cfg.c ****     #ifndef CY_CFG_SECTION
  34:.\Generated_Source\PSoC5/cyfitter_cfg.c ****         #define CY_CFG_SECTION __attribute__ ((section(".psocinit")))
  35:.\Generated_Source\PSoC5/cyfitter_cfg.c ****     #endif
  36:.\Generated_Source\PSoC5/cyfitter_cfg.c ****     
  37:.\Generated_Source\PSoC5/cyfitter_cfg.c ****     #if defined(__ARMCC_VERSION)
  38:.\Generated_Source\PSoC5/cyfitter_cfg.c ****         #define CY_CFG_MEMORY_BARRIER() __memory_changed()
  39:.\Generated_Source\PSoC5/cyfitter_cfg.c ****     #else
  40:.\Generated_Source\PSoC5/cyfitter_cfg.c ****         #define CY_CFG_MEMORY_BARRIER() __sync_synchronize()
  41:.\Generated_Source\PSoC5/cyfitter_cfg.c ****     #endif
  42:.\Generated_Source\PSoC5/cyfitter_cfg.c ****     
  43:.\Generated_Source\PSoC5/cyfitter_cfg.c **** #elif defined(__ICCARM__)
  44:.\Generated_Source\PSoC5/cyfitter_cfg.c ****     #include <intrinsics.h>
  45:.\Generated_Source\PSoC5/cyfitter_cfg.c **** 
  46:.\Generated_Source\PSoC5/cyfitter_cfg.c ****     #define CYPACKED __packed
  47:.\Generated_Source\PSoC5/cyfitter_cfg.c ****     #define CYPACKED_ATTR 
  48:.\Generated_Source\PSoC5/cyfitter_cfg.c ****     #define CYALIGNED _Pragma("data_alignment=4")
  49:.\Generated_Source\PSoC5/cyfitter_cfg.c ****     #define CY_CFG_UNUSED _Pragma("diag_suppress=Pe177")
  50:.\Generated_Source\PSoC5/cyfitter_cfg.c ****     #define CY_CFG_SECTION _Pragma("location=\".psocinit\"")
  51:.\Generated_Source\PSoC5/cyfitter_cfg.c ****     
  52:.\Generated_Source\PSoC5/cyfitter_cfg.c ****     #define CY_CFG_MEMORY_BARRIER() __DMB()
  53:.\Generated_Source\PSoC5/cyfitter_cfg.c ****     
  54:.\Generated_Source\PSoC5/cyfitter_cfg.c **** #else
  55:.\Generated_Source\PSoC5/cyfitter_cfg.c ****     #error Unsupported toolchain
  56:.\Generated_Source\PSoC5/cyfitter_cfg.c **** #endif
  57:.\Generated_Source\PSoC5/cyfitter_cfg.c **** 
  58:.\Generated_Source\PSoC5/cyfitter_cfg.c **** 
  59:.\Generated_Source\PSoC5/cyfitter_cfg.c **** CY_CFG_UNUSED
  60:.\Generated_Source\PSoC5/cyfitter_cfg.c **** static void CYMEMZERO(void *s, size_t n);
  61:.\Generated_Source\PSoC5/cyfitter_cfg.c **** CY_CFG_UNUSED
  62:.\Generated_Source\PSoC5/cyfitter_cfg.c **** static void CYMEMZERO(void *s, size_t n)
  63:.\Generated_Source\PSoC5/cyfitter_cfg.c **** {
  26              		.loc 1 63 0
  27              		.cfi_startproc
  28              		@ args = 0, pretend = 0, frame = 8
  29              		@ frame_needed = 1, uses_anonymous_args = 0
  30 0000 80B5     		push	{r7, lr}
  31              		.cfi_def_cfa_offset 8
  32              		.cfi_offset 7, -8
  33              		.cfi_offset 14, -4
  34 0002 82B0     		sub	sp, sp, #8
  35              		.cfi_def_cfa_offset 16
  36 0004 00AF     		add	r7, sp, #0
  37              		.cfi_def_cfa_register 7
  38 0006 7860     		str	r0, [r7, #4]
  39 0008 3960     		str	r1, [r7]
  64:.\Generated_Source\PSoC5/cyfitter_cfg.c **** 	(void)memset(s, 0, n);
  40              		.loc 1 64 0
  41 000a 7868     		ldr	r0, [r7, #4]
  42 000c 0021     		movs	r1, #0
  43 000e 3A68     		ldr	r2, [r7]
  44 0010 FFF7FEFF 		bl	memset
  65:.\Generated_Source\PSoC5/cyfitter_cfg.c **** }
  45              		.loc 1 65 0
  46 0014 0837     		adds	r7, r7, #8
  47              		.cfi_def_cfa_offset 8
  48 0016 BD46     		mov	sp, r7
  49              		.cfi_def_cfa_register 13
ARM GAS  C:\Users\ologa\AppData\Local\Temp\ccdgZ5aC.s 			page 3


  50              		@ sp needed
  51 0018 80BD     		pop	{r7, pc}
  52              		.cfi_endproc
  53              	.LFE0:
  54              		.size	CYMEMZERO, .-CYMEMZERO
  55 001a 00BF     		.section	.text.CYCONFIGCPY,"ax",%progbits
  56              		.align	2
  57              		.thumb
  58              		.thumb_func
  59              		.type	CYCONFIGCPY, %function
  60              	CYCONFIGCPY:
  61              	.LFB1:
  66:.\Generated_Source\PSoC5/cyfitter_cfg.c **** CY_CFG_UNUSED
  67:.\Generated_Source\PSoC5/cyfitter_cfg.c **** static void CYCONFIGCPY(void *dest, const void *src, size_t n);
  68:.\Generated_Source\PSoC5/cyfitter_cfg.c **** CY_CFG_UNUSED
  69:.\Generated_Source\PSoC5/cyfitter_cfg.c **** static void CYCONFIGCPY(void *dest, const void *src, size_t n)
  70:.\Generated_Source\PSoC5/cyfitter_cfg.c **** {
  62              		.loc 1 70 0
  63              		.cfi_startproc
  64              		@ args = 0, pretend = 0, frame = 16
  65              		@ frame_needed = 1, uses_anonymous_args = 0
  66 0000 80B5     		push	{r7, lr}
  67              		.cfi_def_cfa_offset 8
  68              		.cfi_offset 7, -8
  69              		.cfi_offset 14, -4
  70 0002 84B0     		sub	sp, sp, #16
  71              		.cfi_def_cfa_offset 24
  72 0004 00AF     		add	r7, sp, #0
  73              		.cfi_def_cfa_register 7
  74 0006 F860     		str	r0, [r7, #12]
  75 0008 B960     		str	r1, [r7, #8]
  76 000a 7A60     		str	r2, [r7, #4]
  71:.\Generated_Source\PSoC5/cyfitter_cfg.c **** 	(void)memcpy(dest, src, n);
  77              		.loc 1 71 0
  78 000c F868     		ldr	r0, [r7, #12]
  79 000e B968     		ldr	r1, [r7, #8]
  80 0010 7A68     		ldr	r2, [r7, #4]
  81 0012 FFF7FEFF 		bl	memcpy
  72:.\Generated_Source\PSoC5/cyfitter_cfg.c **** }
  82              		.loc 1 72 0
  83 0016 1037     		adds	r7, r7, #16
  84              		.cfi_def_cfa_offset 8
  85 0018 BD46     		mov	sp, r7
  86              		.cfi_def_cfa_register 13
  87              		@ sp needed
  88 001a 80BD     		pop	{r7, pc}
  89              		.cfi_endproc
  90              	.LFE1:
  91              		.size	CYCONFIGCPY, .-CYCONFIGCPY
  92              		.section	.text.CYCONFIGCPYCODE,"ax",%progbits
  93              		.align	2
  94              		.thumb
  95              		.thumb_func
  96              		.type	CYCONFIGCPYCODE, %function
  97              	CYCONFIGCPYCODE:
  98              	.LFB2:
  73:.\Generated_Source\PSoC5/cyfitter_cfg.c **** CY_CFG_UNUSED
ARM GAS  C:\Users\ologa\AppData\Local\Temp\ccdgZ5aC.s 			page 4


  74:.\Generated_Source\PSoC5/cyfitter_cfg.c **** static void CYCONFIGCPYCODE(void *dest, const void *src, size_t n);
  75:.\Generated_Source\PSoC5/cyfitter_cfg.c **** CY_CFG_UNUSED
  76:.\Generated_Source\PSoC5/cyfitter_cfg.c **** static void CYCONFIGCPYCODE(void *dest, const void *src, size_t n)
  77:.\Generated_Source\PSoC5/cyfitter_cfg.c **** {
  99              		.loc 1 77 0
 100              		.cfi_startproc
 101              		@ args = 0, pretend = 0, frame = 16
 102              		@ frame_needed = 1, uses_anonymous_args = 0
 103 0000 80B5     		push	{r7, lr}
 104              		.cfi_def_cfa_offset 8
 105              		.cfi_offset 7, -8
 106              		.cfi_offset 14, -4
 107 0002 84B0     		sub	sp, sp, #16
 108              		.cfi_def_cfa_offset 24
 109 0004 00AF     		add	r7, sp, #0
 110              		.cfi_def_cfa_register 7
 111 0006 F860     		str	r0, [r7, #12]
 112 0008 B960     		str	r1, [r7, #8]
 113 000a 7A60     		str	r2, [r7, #4]
  78:.\Generated_Source\PSoC5/cyfitter_cfg.c **** 	(void)memcpy(dest, src, n);
 114              		.loc 1 78 0
 115 000c F868     		ldr	r0, [r7, #12]
 116 000e B968     		ldr	r1, [r7, #8]
 117 0010 7A68     		ldr	r2, [r7, #4]
 118 0012 FFF7FEFF 		bl	memcpy
  79:.\Generated_Source\PSoC5/cyfitter_cfg.c **** }
 119              		.loc 1 79 0
 120 0016 1037     		adds	r7, r7, #16
 121              		.cfi_def_cfa_offset 8
 122 0018 BD46     		mov	sp, r7
 123              		.cfi_def_cfa_register 13
 124              		@ sp needed
 125 001a 80BD     		pop	{r7, pc}
 126              		.cfi_endproc
 127              	.LFE2:
 128              		.size	CYCONFIGCPYCODE, .-CYCONFIGCPYCODE
 129              		.section	.text.CyClockStartupError,"ax",%progbits
 130              		.align	2
 131              		.thumb
 132              		.thumb_func
 133              		.type	CyClockStartupError, %function
 134              	CyClockStartupError:
 135              	.LFB3:
  80:.\Generated_Source\PSoC5/cyfitter_cfg.c **** 
  81:.\Generated_Source\PSoC5/cyfitter_cfg.c **** 
  82:.\Generated_Source\PSoC5/cyfitter_cfg.c **** 
  83:.\Generated_Source\PSoC5/cyfitter_cfg.c **** /* Clock startup error codes                                                   */
  84:.\Generated_Source\PSoC5/cyfitter_cfg.c **** #define CYCLOCKSTART_NO_ERROR    0u
  85:.\Generated_Source\PSoC5/cyfitter_cfg.c **** #define CYCLOCKSTART_XTAL_ERROR  1u
  86:.\Generated_Source\PSoC5/cyfitter_cfg.c **** #define CYCLOCKSTART_32KHZ_ERROR 2u
  87:.\Generated_Source\PSoC5/cyfitter_cfg.c **** #define CYCLOCKSTART_PLL_ERROR   3u
  88:.\Generated_Source\PSoC5/cyfitter_cfg.c **** 
  89:.\Generated_Source\PSoC5/cyfitter_cfg.c **** #ifdef CY_NEED_CYCLOCKSTARTUPERROR
  90:.\Generated_Source\PSoC5/cyfitter_cfg.c **** /*******************************************************************************
  91:.\Generated_Source\PSoC5/cyfitter_cfg.c **** * Function Name: CyClockStartupError
  92:.\Generated_Source\PSoC5/cyfitter_cfg.c **** ********************************************************************************
  93:.\Generated_Source\PSoC5/cyfitter_cfg.c **** * Summary:
ARM GAS  C:\Users\ologa\AppData\Local\Temp\ccdgZ5aC.s 			page 5


  94:.\Generated_Source\PSoC5/cyfitter_cfg.c **** *  If an error is encountered during clock configuration (crystal startup error,
  95:.\Generated_Source\PSoC5/cyfitter_cfg.c **** *  PLL lock error, etc.), the system will end up here.  Unless reimplemented by
  96:.\Generated_Source\PSoC5/cyfitter_cfg.c **** *  the customer, this function will stop in an infinite loop.
  97:.\Generated_Source\PSoC5/cyfitter_cfg.c **** *
  98:.\Generated_Source\PSoC5/cyfitter_cfg.c **** * Parameters:
  99:.\Generated_Source\PSoC5/cyfitter_cfg.c **** *   void
 100:.\Generated_Source\PSoC5/cyfitter_cfg.c **** *
 101:.\Generated_Source\PSoC5/cyfitter_cfg.c **** * Return:
 102:.\Generated_Source\PSoC5/cyfitter_cfg.c **** *   void
 103:.\Generated_Source\PSoC5/cyfitter_cfg.c **** *
 104:.\Generated_Source\PSoC5/cyfitter_cfg.c **** *******************************************************************************/
 105:.\Generated_Source\PSoC5/cyfitter_cfg.c **** CY_CFG_UNUSED
 106:.\Generated_Source\PSoC5/cyfitter_cfg.c **** static void CyClockStartupError(uint8 errorCode);
 107:.\Generated_Source\PSoC5/cyfitter_cfg.c **** CY_CFG_UNUSED
 108:.\Generated_Source\PSoC5/cyfitter_cfg.c **** static void CyClockStartupError(uint8 errorCode)
 109:.\Generated_Source\PSoC5/cyfitter_cfg.c **** {
 136              		.loc 1 109 0
 137              		.cfi_startproc
 138              		@ args = 0, pretend = 0, frame = 8
 139              		@ frame_needed = 1, uses_anonymous_args = 0
 140              		@ link register save eliminated.
 141 0000 80B4     		push	{r7}
 142              		.cfi_def_cfa_offset 4
 143              		.cfi_offset 7, -4
 144 0002 83B0     		sub	sp, sp, #12
 145              		.cfi_def_cfa_offset 16
 146 0004 00AF     		add	r7, sp, #0
 147              		.cfi_def_cfa_register 7
 148 0006 0346     		mov	r3, r0
 149 0008 FB71     		strb	r3, [r7, #7]
 150              	.L5:
 110:.\Generated_Source\PSoC5/cyfitter_cfg.c ****     /* To remove the compiler warning if errorCode not used.                */
 111:.\Generated_Source\PSoC5/cyfitter_cfg.c ****     errorCode = errorCode;
 112:.\Generated_Source\PSoC5/cyfitter_cfg.c **** 
 113:.\Generated_Source\PSoC5/cyfitter_cfg.c ****     /* `#START CyClockStartupError` */
 114:.\Generated_Source\PSoC5/cyfitter_cfg.c **** 
 115:.\Generated_Source\PSoC5/cyfitter_cfg.c ****     /* If we have a clock startup error (bad MHz crystal, PLL lock, etc.),  */
 116:.\Generated_Source\PSoC5/cyfitter_cfg.c ****     /* we will end up here to allow the customer to implement something to  */
 117:.\Generated_Source\PSoC5/cyfitter_cfg.c ****     /* deal with the clock condition.                                       */
 118:.\Generated_Source\PSoC5/cyfitter_cfg.c **** 
 119:.\Generated_Source\PSoC5/cyfitter_cfg.c ****     /* `#END` */
 120:.\Generated_Source\PSoC5/cyfitter_cfg.c **** 
 121:.\Generated_Source\PSoC5/cyfitter_cfg.c ****     /* If nothing else, stop here since the clocks have not started         */
 122:.\Generated_Source\PSoC5/cyfitter_cfg.c ****     /* correctly.                                                           */
 123:.\Generated_Source\PSoC5/cyfitter_cfg.c ****     while(1) {}
 151              		.loc 1 123 0 discriminator 1
 152 000a FEE7     		b	.L5
 153              		.cfi_endproc
 154              	.LFE3:
 155              		.size	CyClockStartupError, .-CyClockStartupError
 156              		.section	.text.ClockSetup,"ax",%progbits
 157              		.align	2
 158              		.thumb
 159              		.thumb_func
 160              		.type	ClockSetup, %function
 161              	ClockSetup:
 162              	.LFB4:
ARM GAS  C:\Users\ologa\AppData\Local\Temp\ccdgZ5aC.s 			page 6


 124:.\Generated_Source\PSoC5/cyfitter_cfg.c **** }
 125:.\Generated_Source\PSoC5/cyfitter_cfg.c **** #endif
 126:.\Generated_Source\PSoC5/cyfitter_cfg.c **** 
 127:.\Generated_Source\PSoC5/cyfitter_cfg.c **** /* IOPINS0_7 Address: CYREG_PRT12_DM0 Size (bytes): 8 */
 128:.\Generated_Source\PSoC5/cyfitter_cfg.c **** #define BS_IOPINS0_7_VAL ((const uint8 CYFAR *)0x48000000u)
 129:.\Generated_Source\PSoC5/cyfitter_cfg.c **** 
 130:.\Generated_Source\PSoC5/cyfitter_cfg.c **** /* IOPINS0_5 Address: CYREG_PRT5_DM0 Size (bytes): 8 */
 131:.\Generated_Source\PSoC5/cyfitter_cfg.c **** #define BS_IOPINS0_5_VAL ((const uint8 CYFAR *)0x48000008u)
 132:.\Generated_Source\PSoC5/cyfitter_cfg.c **** 
 133:.\Generated_Source\PSoC5/cyfitter_cfg.c **** 
 134:.\Generated_Source\PSoC5/cyfitter_cfg.c **** /*******************************************************************************
 135:.\Generated_Source\PSoC5/cyfitter_cfg.c **** * Function Name: ClockSetup
 136:.\Generated_Source\PSoC5/cyfitter_cfg.c **** ********************************************************************************
 137:.\Generated_Source\PSoC5/cyfitter_cfg.c **** *
 138:.\Generated_Source\PSoC5/cyfitter_cfg.c **** * Summary:
 139:.\Generated_Source\PSoC5/cyfitter_cfg.c **** *  Performs the initialization of all of the clocks in the device based on the
 140:.\Generated_Source\PSoC5/cyfitter_cfg.c **** *  settings in the Clock tab of the DWR.  This includes enabling the requested
 141:.\Generated_Source\PSoC5/cyfitter_cfg.c **** *  clocks and setting the necessary dividers to produce the desired frequency. 
 142:.\Generated_Source\PSoC5/cyfitter_cfg.c **** *
 143:.\Generated_Source\PSoC5/cyfitter_cfg.c **** * Parameters:
 144:.\Generated_Source\PSoC5/cyfitter_cfg.c **** *  void
 145:.\Generated_Source\PSoC5/cyfitter_cfg.c **** *
 146:.\Generated_Source\PSoC5/cyfitter_cfg.c **** * Return:
 147:.\Generated_Source\PSoC5/cyfitter_cfg.c **** *  void
 148:.\Generated_Source\PSoC5/cyfitter_cfg.c **** *
 149:.\Generated_Source\PSoC5/cyfitter_cfg.c **** *******************************************************************************/
 150:.\Generated_Source\PSoC5/cyfitter_cfg.c **** static void ClockSetup(void);
 151:.\Generated_Source\PSoC5/cyfitter_cfg.c **** static void ClockSetup(void)
 152:.\Generated_Source\PSoC5/cyfitter_cfg.c **** {
 163              		.loc 1 152 0
 164              		.cfi_startproc
 165              		@ args = 0, pretend = 0, frame = 8
 166              		@ frame_needed = 1, uses_anonymous_args = 0
 167 0000 80B5     		push	{r7, lr}
 168              		.cfi_def_cfa_offset 8
 169              		.cfi_offset 7, -8
 170              		.cfi_offset 14, -4
 171 0002 82B0     		sub	sp, sp, #8
 172              		.cfi_def_cfa_offset 16
 173 0004 00AF     		add	r7, sp, #0
 174              		.cfi_def_cfa_register 7
 153:.\Generated_Source\PSoC5/cyfitter_cfg.c **** 	uint32 timeout;
 154:.\Generated_Source\PSoC5/cyfitter_cfg.c **** 	uint8 pllLock;
 155:.\Generated_Source\PSoC5/cyfitter_cfg.c **** 
 156:.\Generated_Source\PSoC5/cyfitter_cfg.c **** 
 157:.\Generated_Source\PSoC5/cyfitter_cfg.c **** 	/* Configure ILO based on settings from Clock DWR */
 158:.\Generated_Source\PSoC5/cyfitter_cfg.c **** 	CY_SET_XTND_REG8((void CYFAR *)(CYREG_SLOWCLK_ILO_CR0), 0x02u);
 175              		.loc 1 158 0
 176 0006 294B     		ldr	r3, .L11
 177 0008 0222     		movs	r2, #2
 178 000a 1A70     		strb	r2, [r3]
 159:.\Generated_Source\PSoC5/cyfitter_cfg.c **** 	CY_SET_XTND_REG8((void CYFAR *)(CYREG_CLKDIST_CR), 0x08u);
 179              		.loc 1 159 0
 180 000c 4FF04023 		mov	r3, #1073758208
 181 0010 0822     		movs	r2, #8
 182 0012 1A70     		strb	r2, [r3]
 160:.\Generated_Source\PSoC5/cyfitter_cfg.c **** 
ARM GAS  C:\Users\ologa\AppData\Local\Temp\ccdgZ5aC.s 			page 7


 161:.\Generated_Source\PSoC5/cyfitter_cfg.c **** 	/* Configure IMO based on settings from Clock DWR */
 162:.\Generated_Source\PSoC5/cyfitter_cfg.c **** 	CY_SET_XTND_REG8((void CYFAR *)(CYREG_FASTCLK_IMO_CR), 0x03u);
 183              		.loc 1 162 0
 184 0014 264B     		ldr	r3, .L11+4
 185 0016 0322     		movs	r2, #3
 186 0018 1A70     		strb	r2, [r3]
 163:.\Generated_Source\PSoC5/cyfitter_cfg.c **** 	CY_SET_XTND_REG8((void CYFAR *)(CYREG_IMO_TR1), (CY_GET_XTND_REG8((void CYFAR *)CYREG_FLSHID_CUST_
 187              		.loc 1 163 0
 188 001a 264B     		ldr	r3, .L11+8
 189 001c 264A     		ldr	r2, .L11+12
 190 001e 1278     		ldrb	r2, [r2]
 191 0020 D2B2     		uxtb	r2, r2
 192 0022 1A70     		strb	r2, [r3]
 164:.\Generated_Source\PSoC5/cyfitter_cfg.c **** 
 165:.\Generated_Source\PSoC5/cyfitter_cfg.c **** 	/* Configure PLL based on settings from Clock DWR */
 166:.\Generated_Source\PSoC5/cyfitter_cfg.c **** 	CY_SET_XTND_REG16((void CYFAR *)(CYREG_FASTCLK_PLL_P), 0x0008u);
 193              		.loc 1 166 0
 194 0024 254B     		ldr	r3, .L11+16
 195 0026 0822     		movs	r2, #8
 196 0028 1A80     		strh	r2, [r3]	@ movhi
 167:.\Generated_Source\PSoC5/cyfitter_cfg.c **** 	CY_SET_XTND_REG16((void CYFAR *)(CYREG_FASTCLK_PLL_CFG0), 0x1251u);
 197              		.loc 1 167 0
 198 002a 254B     		ldr	r3, .L11+20
 199 002c 41F25122 		movw	r2, #4689
 200 0030 1A80     		strh	r2, [r3]	@ movhi
 168:.\Generated_Source\PSoC5/cyfitter_cfg.c **** 	/* Wait up to 250us for the PLL to lock */
 169:.\Generated_Source\PSoC5/cyfitter_cfg.c **** 	pllLock = 0u;
 201              		.loc 1 169 0
 202 0032 0023     		movs	r3, #0
 203 0034 FB70     		strb	r3, [r7, #3]
 170:.\Generated_Source\PSoC5/cyfitter_cfg.c **** 	for (timeout = 250u / 10u; (timeout > 0u) && (pllLock != 0x03u); timeout--)
 204              		.loc 1 170 0
 205 0036 1923     		movs	r3, #25
 206 0038 7B60     		str	r3, [r7, #4]
 207 003a 14E0     		b	.L7
 208              	.L9:
 171:.\Generated_Source\PSoC5/cyfitter_cfg.c **** 	{ 
 172:.\Generated_Source\PSoC5/cyfitter_cfg.c **** 		pllLock = 0x03u & ((uint8)((uint8)pllLock << 1) | ((CY_GET_XTND_REG8((void CYFAR *)CYREG_FASTCLK_
 209              		.loc 1 172 0 discriminator 4
 210 003c FB78     		ldrb	r3, [r7, #3]
 211 003e 5B00     		lsls	r3, r3, #1
 212 0040 DAB2     		uxtb	r2, r3
 213 0042 204B     		ldr	r3, .L11+24
 214 0044 1B78     		ldrb	r3, [r3]
 215 0046 DBB2     		uxtb	r3, r3
 216 0048 03F00103 		and	r3, r3, #1
 217 004c DBB2     		uxtb	r3, r3
 218 004e 1343     		orrs	r3, r3, r2
 219 0050 DBB2     		uxtb	r3, r3
 220 0052 03F00303 		and	r3, r3, #3
 221 0056 FB70     		strb	r3, [r7, #3]
 173:.\Generated_Source\PSoC5/cyfitter_cfg.c **** 		CyDelayCycles(10u * 48u); /* Delay 10us based on 48MHz clock */
 222              		.loc 1 173 0 discriminator 4
 223 0058 4FF4F070 		mov	r0, #480
 224 005c FFF7FEFF 		bl	CyDelayCycles
 170:.\Generated_Source\PSoC5/cyfitter_cfg.c **** 	for (timeout = 250u / 10u; (timeout > 0u) && (pllLock != 0x03u); timeout--)
 225              		.loc 1 170 0 discriminator 4
ARM GAS  C:\Users\ologa\AppData\Local\Temp\ccdgZ5aC.s 			page 8


 226 0060 7B68     		ldr	r3, [r7, #4]
 227 0062 013B     		subs	r3, r3, #1
 228 0064 7B60     		str	r3, [r7, #4]
 229              	.L7:
 170:.\Generated_Source\PSoC5/cyfitter_cfg.c **** 	for (timeout = 250u / 10u; (timeout > 0u) && (pllLock != 0x03u); timeout--)
 230              		.loc 1 170 0 is_stmt 0 discriminator 1
 231 0066 7B68     		ldr	r3, [r7, #4]
 232 0068 002B     		cmp	r3, #0
 233 006a 02D0     		beq	.L8
 170:.\Generated_Source\PSoC5/cyfitter_cfg.c **** 	for (timeout = 250u / 10u; (timeout > 0u) && (pllLock != 0x03u); timeout--)
 234              		.loc 1 170 0 discriminator 3
 235 006c FB78     		ldrb	r3, [r7, #3]	@ zero_extendqisi2
 236 006e 032B     		cmp	r3, #3
 237 0070 E4D1     		bne	.L9
 238              	.L8:
 174:.\Generated_Source\PSoC5/cyfitter_cfg.c **** 	}
 175:.\Generated_Source\PSoC5/cyfitter_cfg.c **** 	/* If we ran out of time the PLL didn't lock so go to the error function */
 176:.\Generated_Source\PSoC5/cyfitter_cfg.c **** 	if (timeout == 0u)
 239              		.loc 1 176 0 is_stmt 1
 240 0072 7B68     		ldr	r3, [r7, #4]
 241 0074 002B     		cmp	r3, #0
 242 0076 02D1     		bne	.L10
 177:.\Generated_Source\PSoC5/cyfitter_cfg.c **** 	{
 178:.\Generated_Source\PSoC5/cyfitter_cfg.c **** 		CyClockStartupError(CYCLOCKSTART_PLL_ERROR);
 243              		.loc 1 178 0
 244 0078 0320     		movs	r0, #3
 245 007a FFF7FEFF 		bl	CyClockStartupError
 246              	.L10:
 179:.\Generated_Source\PSoC5/cyfitter_cfg.c **** 	}
 180:.\Generated_Source\PSoC5/cyfitter_cfg.c **** 
 181:.\Generated_Source\PSoC5/cyfitter_cfg.c **** 	/* Configure Bus/Master Clock based on settings from Clock DWR */
 182:.\Generated_Source\PSoC5/cyfitter_cfg.c **** 	CY_SET_XTND_REG16((void CYFAR *)(CYREG_CLKDIST_MSTR0), 0x0100u);
 247              		.loc 1 182 0
 248 007e 124B     		ldr	r3, .L11+28
 249 0080 4FF48072 		mov	r2, #256
 250 0084 1A80     		strh	r2, [r3]	@ movhi
 183:.\Generated_Source\PSoC5/cyfitter_cfg.c **** 	CY_SET_XTND_REG8((void CYFAR *)(CYREG_CLKDIST_MSTR0), 0x07u);
 251              		.loc 1 183 0
 252 0086 104B     		ldr	r3, .L11+28
 253 0088 0722     		movs	r2, #7
 254 008a 1A70     		strb	r2, [r3]
 184:.\Generated_Source\PSoC5/cyfitter_cfg.c **** 	CY_SET_XTND_REG8((void CYFAR *)(CYREG_CLKDIST_BCFG0), 0x00u);
 255              		.loc 1 184 0
 256 008c 0F4B     		ldr	r3, .L11+32
 257 008e 0022     		movs	r2, #0
 258 0090 1A70     		strb	r2, [r3]
 185:.\Generated_Source\PSoC5/cyfitter_cfg.c **** 	CY_SET_XTND_REG8((void CYFAR *)(CYREG_CLKDIST_BCFG2), 0x48u);
 259              		.loc 1 185 0
 260 0092 0F4B     		ldr	r3, .L11+36
 261 0094 4822     		movs	r2, #72
 262 0096 1A70     		strb	r2, [r3]
 186:.\Generated_Source\PSoC5/cyfitter_cfg.c **** 	CY_SET_XTND_REG8((void CYFAR *)(CYREG_CLKDIST_MSTR0), 0x00u);
 263              		.loc 1 186 0
 264 0098 0B4B     		ldr	r3, .L11+28
 265 009a 0022     		movs	r2, #0
 266 009c 1A70     		strb	r2, [r3]
 187:.\Generated_Source\PSoC5/cyfitter_cfg.c **** 	CY_SET_XTND_REG8((void CYFAR *)(CYREG_CLKDIST_LD), 0x02u);
ARM GAS  C:\Users\ologa\AppData\Local\Temp\ccdgZ5aC.s 			page 9


 267              		.loc 1 187 0
 268 009e 0D4B     		ldr	r3, .L11+40
 269 00a0 0222     		movs	r2, #2
 270 00a2 1A70     		strb	r2, [r3]
 188:.\Generated_Source\PSoC5/cyfitter_cfg.c **** }
 271              		.loc 1 188 0
 272 00a4 0837     		adds	r7, r7, #8
 273              		.cfi_def_cfa_offset 8
 274 00a6 BD46     		mov	sp, r7
 275              		.cfi_def_cfa_register 13
 276              		@ sp needed
 277 00a8 80BD     		pop	{r7, pc}
 278              	.L12:
 279 00aa 00BF     		.align	2
 280              	.L11:
 281 00ac 00430040 		.word	1073758976
 282 00b0 00420040 		.word	1073758720
 283 00b4 A1460040 		.word	1073759905
 284 00b8 08010049 		.word	1224737032
 285 00bc 22420040 		.word	1073758754
 286 00c0 20420040 		.word	1073758752
 287 00c4 25420040 		.word	1073758757
 288 00c8 04400040 		.word	1073758212
 289 00cc 06400040 		.word	1073758214
 290 00d0 08400040 		.word	1073758216
 291 00d4 01400040 		.word	1073758209
 292              		.cfi_endproc
 293              	.LFE4:
 294              		.size	ClockSetup, .-ClockSetup
 295              		.section	.text.AnalogSetDefault,"ax",%progbits
 296              		.align	2
 297              		.thumb
 298              		.thumb_func
 299              		.type	AnalogSetDefault, %function
 300              	AnalogSetDefault:
 301              	.LFB5:
 189:.\Generated_Source\PSoC5/cyfitter_cfg.c **** 
 190:.\Generated_Source\PSoC5/cyfitter_cfg.c **** 
 191:.\Generated_Source\PSoC5/cyfitter_cfg.c **** /* Analog API Functions */
 192:.\Generated_Source\PSoC5/cyfitter_cfg.c **** 
 193:.\Generated_Source\PSoC5/cyfitter_cfg.c **** 
 194:.\Generated_Source\PSoC5/cyfitter_cfg.c **** /*******************************************************************************
 195:.\Generated_Source\PSoC5/cyfitter_cfg.c **** * Function Name: AnalogSetDefault
 196:.\Generated_Source\PSoC5/cyfitter_cfg.c **** ********************************************************************************
 197:.\Generated_Source\PSoC5/cyfitter_cfg.c **** *
 198:.\Generated_Source\PSoC5/cyfitter_cfg.c **** * Summary:
 199:.\Generated_Source\PSoC5/cyfitter_cfg.c **** *  Sets up the analog portions of the chip to default values based on chip
 200:.\Generated_Source\PSoC5/cyfitter_cfg.c **** *  configuration options from the project.
 201:.\Generated_Source\PSoC5/cyfitter_cfg.c **** *
 202:.\Generated_Source\PSoC5/cyfitter_cfg.c **** * Parameters:
 203:.\Generated_Source\PSoC5/cyfitter_cfg.c **** *  void
 204:.\Generated_Source\PSoC5/cyfitter_cfg.c **** *
 205:.\Generated_Source\PSoC5/cyfitter_cfg.c **** * Return:
 206:.\Generated_Source\PSoC5/cyfitter_cfg.c **** *  void
 207:.\Generated_Source\PSoC5/cyfitter_cfg.c **** *
 208:.\Generated_Source\PSoC5/cyfitter_cfg.c **** *******************************************************************************/
 209:.\Generated_Source\PSoC5/cyfitter_cfg.c **** static void AnalogSetDefault(void);
ARM GAS  C:\Users\ologa\AppData\Local\Temp\ccdgZ5aC.s 			page 10


 210:.\Generated_Source\PSoC5/cyfitter_cfg.c **** static void AnalogSetDefault(void)
 211:.\Generated_Source\PSoC5/cyfitter_cfg.c **** {
 302              		.loc 1 211 0
 303              		.cfi_startproc
 304              		@ args = 0, pretend = 0, frame = 8
 305              		@ frame_needed = 1, uses_anonymous_args = 0
 306              		@ link register save eliminated.
 307 0000 80B4     		push	{r7}
 308              		.cfi_def_cfa_offset 4
 309              		.cfi_offset 7, -4
 310 0002 83B0     		sub	sp, sp, #12
 311              		.cfi_def_cfa_offset 16
 312 0004 00AF     		add	r7, sp, #0
 313              		.cfi_def_cfa_register 7
 212:.\Generated_Source\PSoC5/cyfitter_cfg.c **** 	uint8 bg_xover_inl_trim = CY_GET_XTND_REG8((void CYFAR *)(CYREG_FLSHID_MFG_CFG_BG_XOVER_INL_TRIM +
 314              		.loc 1 212 0
 315 0006 0B4B     		ldr	r3, .L14
 316 0008 1B78     		ldrb	r3, [r3]
 317 000a FB71     		strb	r3, [r7, #7]
 213:.\Generated_Source\PSoC5/cyfitter_cfg.c **** 	CY_SET_XTND_REG8((void CYFAR *)(CYREG_BG_DFT0), (bg_xover_inl_trim & 0x07u));
 318              		.loc 1 213 0
 319 000c 0A4A     		ldr	r2, .L14+4
 320 000e FB79     		ldrb	r3, [r7, #7]
 321 0010 03F00703 		and	r3, r3, #7
 322 0014 DBB2     		uxtb	r3, r3
 323 0016 1370     		strb	r3, [r2]
 214:.\Generated_Source\PSoC5/cyfitter_cfg.c **** 	CY_SET_XTND_REG8((void CYFAR *)(CYREG_BG_DFT1), ((bg_xover_inl_trim >> 4) & 0x0Fu));
 324              		.loc 1 214 0
 325 0018 084A     		ldr	r2, .L14+8
 326 001a FB79     		ldrb	r3, [r7, #7]	@ zero_extendqisi2
 327 001c 1B09     		lsrs	r3, r3, #4
 328 001e DBB2     		uxtb	r3, r3
 329 0020 1370     		strb	r3, [r2]
 215:.\Generated_Source\PSoC5/cyfitter_cfg.c **** 	CY_SET_XTND_REG8((void CYFAR *)CYREG_PUMP_CR0, 0x44u);
 330              		.loc 1 215 0
 331 0022 074B     		ldr	r3, .L14+12
 332 0024 4422     		movs	r2, #68
 333 0026 1A70     		strb	r2, [r3]
 216:.\Generated_Source\PSoC5/cyfitter_cfg.c **** }
 334              		.loc 1 216 0
 335 0028 0C37     		adds	r7, r7, #12
 336              		.cfi_def_cfa_offset 4
 337 002a BD46     		mov	sp, r7
 338              		.cfi_def_cfa_register 13
 339              		@ sp needed
 340 002c 5DF8047B 		ldr	r7, [sp], #4
 341              		.cfi_restore 7
 342              		.cfi_def_cfa_offset 0
 343 0030 7047     		bx	lr
 344              	.L15:
 345 0032 00BF     		.align	2
 346              	.L14:
 347 0034 CF010049 		.word	1224737231
 348 0038 6E580040 		.word	1073764462
 349 003c 6F580040 		.word	1073764463
 350 0040 76580040 		.word	1073764470
 351              		.cfi_endproc
ARM GAS  C:\Users\ologa\AppData\Local\Temp\ccdgZ5aC.s 			page 11


 352              	.LFE5:
 353              		.size	AnalogSetDefault, .-AnalogSetDefault
 354              		.section	.text.SetAnalogRoutingPumps,"ax",%progbits
 355              		.align	2
 356              		.global	SetAnalogRoutingPumps
 357              		.thumb
 358              		.thumb_func
 359              		.type	SetAnalogRoutingPumps, %function
 360              	SetAnalogRoutingPumps:
 361              	.LFB6:
 217:.\Generated_Source\PSoC5/cyfitter_cfg.c **** 
 218:.\Generated_Source\PSoC5/cyfitter_cfg.c **** 
 219:.\Generated_Source\PSoC5/cyfitter_cfg.c **** /*******************************************************************************
 220:.\Generated_Source\PSoC5/cyfitter_cfg.c **** * Function Name: SetAnalogRoutingPumps
 221:.\Generated_Source\PSoC5/cyfitter_cfg.c **** ********************************************************************************
 222:.\Generated_Source\PSoC5/cyfitter_cfg.c **** *
 223:.\Generated_Source\PSoC5/cyfitter_cfg.c **** * Summary:
 224:.\Generated_Source\PSoC5/cyfitter_cfg.c **** * Enables or disables the analog pumps feeding analog routing switches.
 225:.\Generated_Source\PSoC5/cyfitter_cfg.c **** * Intended to be called at startup, based on the Vdda system configuration;
 226:.\Generated_Source\PSoC5/cyfitter_cfg.c **** * may be called during operation when the user informs us that the Vdda voltage
 227:.\Generated_Source\PSoC5/cyfitter_cfg.c **** * crossed the pump threshold.
 228:.\Generated_Source\PSoC5/cyfitter_cfg.c **** *
 229:.\Generated_Source\PSoC5/cyfitter_cfg.c **** * Parameters:
 230:.\Generated_Source\PSoC5/cyfitter_cfg.c **** *  enabled - 1 to enable the pumps, 0 to disable the pumps
 231:.\Generated_Source\PSoC5/cyfitter_cfg.c **** *
 232:.\Generated_Source\PSoC5/cyfitter_cfg.c **** * Return:
 233:.\Generated_Source\PSoC5/cyfitter_cfg.c **** *  void
 234:.\Generated_Source\PSoC5/cyfitter_cfg.c **** *
 235:.\Generated_Source\PSoC5/cyfitter_cfg.c **** *******************************************************************************/
 236:.\Generated_Source\PSoC5/cyfitter_cfg.c **** void SetAnalogRoutingPumps(uint8 enabled)
 237:.\Generated_Source\PSoC5/cyfitter_cfg.c **** {
 362              		.loc 1 237 0
 363              		.cfi_startproc
 364              		@ args = 0, pretend = 0, frame = 16
 365              		@ frame_needed = 1, uses_anonymous_args = 0
 366              		@ link register save eliminated.
 367 0000 80B4     		push	{r7}
 368              		.cfi_def_cfa_offset 4
 369              		.cfi_offset 7, -4
 370 0002 85B0     		sub	sp, sp, #20
 371              		.cfi_def_cfa_offset 24
 372 0004 00AF     		add	r7, sp, #0
 373              		.cfi_def_cfa_register 7
 374 0006 0346     		mov	r3, r0
 375 0008 FB71     		strb	r3, [r7, #7]
 238:.\Generated_Source\PSoC5/cyfitter_cfg.c **** 	uint8 regValue = CY_GET_XTND_REG8((void CYFAR *)CYREG_PUMP_CR0);
 376              		.loc 1 238 0
 377 000a 064B     		ldr	r3, .L19
 378 000c 1B78     		ldrb	r3, [r3]
 379 000e FB73     		strb	r3, [r7, #15]
 239:.\Generated_Source\PSoC5/cyfitter_cfg.c **** 	if (enabled != 0u)
 380              		.loc 1 239 0
 381 0010 FB79     		ldrb	r3, [r7, #7]	@ zero_extendqisi2
 382 0012 002B     		cmp	r3, #0
 240:.\Generated_Source\PSoC5/cyfitter_cfg.c **** 	{
 241:.\Generated_Source\PSoC5/cyfitter_cfg.c **** 		regValue |= 0x00u;
 242:.\Generated_Source\PSoC5/cyfitter_cfg.c **** 	}
ARM GAS  C:\Users\ologa\AppData\Local\Temp\ccdgZ5aC.s 			page 12


 243:.\Generated_Source\PSoC5/cyfitter_cfg.c **** 	else
 244:.\Generated_Source\PSoC5/cyfitter_cfg.c **** 	{
 245:.\Generated_Source\PSoC5/cyfitter_cfg.c **** 		regValue &= (uint8)~0x00u;
 246:.\Generated_Source\PSoC5/cyfitter_cfg.c **** 	}
 247:.\Generated_Source\PSoC5/cyfitter_cfg.c **** 	CY_SET_XTND_REG8((void CYFAR *)CYREG_PUMP_CR0, regValue);
 383              		.loc 1 247 0
 384 0014 034A     		ldr	r2, .L19
 385 0016 FB7B     		ldrb	r3, [r7, #15]
 386 0018 1370     		strb	r3, [r2]
 248:.\Generated_Source\PSoC5/cyfitter_cfg.c **** }
 387              		.loc 1 248 0
 388 001a 1437     		adds	r7, r7, #20
 389              		.cfi_def_cfa_offset 4
 390 001c BD46     		mov	sp, r7
 391              		.cfi_def_cfa_register 13
 392              		@ sp needed
 393 001e 5DF8047B 		ldr	r7, [sp], #4
 394              		.cfi_restore 7
 395              		.cfi_def_cfa_offset 0
 396 0022 7047     		bx	lr
 397              	.L20:
 398              		.align	2
 399              	.L19:
 400 0024 76580040 		.word	1073764470
 401              		.cfi_endproc
 402              	.LFE6:
 403              		.size	SetAnalogRoutingPumps, .-SetAnalogRoutingPumps
 404              		.section	.text.cyfitter_cfg,"ax",%progbits
 405              		.align	2
 406              		.global	cyfitter_cfg
 407              		.thumb
 408              		.thumb_func
 409              		.type	cyfitter_cfg, %function
 410              	cyfitter_cfg:
 411              	.LFB7:
 249:.\Generated_Source\PSoC5/cyfitter_cfg.c **** 
 250:.\Generated_Source\PSoC5/cyfitter_cfg.c **** #define CY_AMUX_UNUSED CYREG_BOOST_SR
 251:.\Generated_Source\PSoC5/cyfitter_cfg.c **** 
 252:.\Generated_Source\PSoC5/cyfitter_cfg.c **** 
 253:.\Generated_Source\PSoC5/cyfitter_cfg.c **** /*******************************************************************************
 254:.\Generated_Source\PSoC5/cyfitter_cfg.c **** * Function Name: cyfitter_cfg
 255:.\Generated_Source\PSoC5/cyfitter_cfg.c **** ********************************************************************************
 256:.\Generated_Source\PSoC5/cyfitter_cfg.c **** * Summary:
 257:.\Generated_Source\PSoC5/cyfitter_cfg.c **** *  This function is called by the start-up code for the selected device. It
 258:.\Generated_Source\PSoC5/cyfitter_cfg.c **** *  performs all of the necessary device configuration based on the design
 259:.\Generated_Source\PSoC5/cyfitter_cfg.c **** *  settings.  This includes settings from the Design Wide Resources (DWR) such
 260:.\Generated_Source\PSoC5/cyfitter_cfg.c **** *  as Clocks and Pins as well as any component configuration that is necessary.
 261:.\Generated_Source\PSoC5/cyfitter_cfg.c **** *
 262:.\Generated_Source\PSoC5/cyfitter_cfg.c **** * Parameters:  
 263:.\Generated_Source\PSoC5/cyfitter_cfg.c **** *   void
 264:.\Generated_Source\PSoC5/cyfitter_cfg.c **** *
 265:.\Generated_Source\PSoC5/cyfitter_cfg.c **** * Return:
 266:.\Generated_Source\PSoC5/cyfitter_cfg.c **** *   void
 267:.\Generated_Source\PSoC5/cyfitter_cfg.c **** *
 268:.\Generated_Source\PSoC5/cyfitter_cfg.c **** *******************************************************************************/
 269:.\Generated_Source\PSoC5/cyfitter_cfg.c **** 
 270:.\Generated_Source\PSoC5/cyfitter_cfg.c **** void cyfitter_cfg(void)
ARM GAS  C:\Users\ologa\AppData\Local\Temp\ccdgZ5aC.s 			page 13


 271:.\Generated_Source\PSoC5/cyfitter_cfg.c **** {
 412              		.loc 1 271 0
 413              		.cfi_startproc
 414              		@ args = 0, pretend = 0, frame = 8
 415              		@ frame_needed = 1, uses_anonymous_args = 0
 416 0000 80B5     		push	{r7, lr}
 417              		.cfi_def_cfa_offset 8
 418              		.cfi_offset 7, -8
 419              		.cfi_offset 14, -4
 420 0002 82B0     		sub	sp, sp, #8
 421              		.cfi_def_cfa_offset 16
 422 0004 00AF     		add	r7, sp, #0
 423              		.cfi_def_cfa_register 7
 272:.\Generated_Source\PSoC5/cyfitter_cfg.c **** #ifdef CYGlobalIntDisable
 273:.\Generated_Source\PSoC5/cyfitter_cfg.c **** 	/* Disable interrupts by default. Let user enable if/when they want. */
 274:.\Generated_Source\PSoC5/cyfitter_cfg.c **** 	CYGlobalIntDisable
 424              		.loc 1 274 0
 425              	@ 274 ".\Generated_Source\PSoC5\cyfitter_cfg.c" 1
 426 0006 72B6     		CPSID   i
 427              	@ 0 "" 2
 275:.\Generated_Source\PSoC5/cyfitter_cfg.c **** #endif
 276:.\Generated_Source\PSoC5/cyfitter_cfg.c **** 
 277:.\Generated_Source\PSoC5/cyfitter_cfg.c **** 	/* Enable/Disable Debug functionality based on settings from System DWR */
 278:.\Generated_Source\PSoC5/cyfitter_cfg.c **** 	CY_SET_XTND_REG8((void CYFAR *)CYREG_MLOGIC_DEBUG, (CY_GET_XTND_REG8((void CYFAR *)CYREG_MLOGIC_DE
 428              		.loc 1 278 0
 429              		.thumb
 430 0008 344A     		ldr	r2, .L24
 431 000a 344B     		ldr	r3, .L24
 432 000c 1B78     		ldrb	r3, [r3]
 433 000e DBB2     		uxtb	r3, r3
 434 0010 43F00403 		orr	r3, r3, #4
 435 0014 DBB2     		uxtb	r3, r3
 436 0016 1370     		strb	r3, [r2]
 437              	.LBB2:
 279:.\Generated_Source\PSoC5/cyfitter_cfg.c **** 
 280:.\Generated_Source\PSoC5/cyfitter_cfg.c **** 	{
 281:.\Generated_Source\PSoC5/cyfitter_cfg.c **** 
 282:.\Generated_Source\PSoC5/cyfitter_cfg.c **** 		CYPACKED typedef struct {
 283:.\Generated_Source\PSoC5/cyfitter_cfg.c **** 			void CYFAR *address;
 284:.\Generated_Source\PSoC5/cyfitter_cfg.c **** 			uint16 size;
 285:.\Generated_Source\PSoC5/cyfitter_cfg.c **** 		} CYPACKED_ATTR cfg_memset_t;
 286:.\Generated_Source\PSoC5/cyfitter_cfg.c **** 
 287:.\Generated_Source\PSoC5/cyfitter_cfg.c **** 		static const cfg_memset_t CYCODE cfg_memset_list [] = {
 288:.\Generated_Source\PSoC5/cyfitter_cfg.c **** 			/* address, size */
 289:.\Generated_Source\PSoC5/cyfitter_cfg.c **** 			{(void CYFAR *)(CYREG_PRT0_DR), 80u},
 290:.\Generated_Source\PSoC5/cyfitter_cfg.c **** 			{(void CYFAR *)(CYREG_PRT6_DR), 16u},
 291:.\Generated_Source\PSoC5/cyfitter_cfg.c **** 			{(void CYFAR *)(CYREG_PRT15_DR), 16u},
 292:.\Generated_Source\PSoC5/cyfitter_cfg.c **** 			{(void CYFAR *)(CYDEV_UCFG_B0_P0_U0_BASE), 4096u},
 293:.\Generated_Source\PSoC5/cyfitter_cfg.c **** 			{(void CYFAR *)(CYDEV_UCFG_B1_P2_U0_BASE), 2048u},
 294:.\Generated_Source\PSoC5/cyfitter_cfg.c **** 			{(void CYFAR *)(CYDEV_UCFG_DSI0_BASE), 2560u},
 295:.\Generated_Source\PSoC5/cyfitter_cfg.c **** 			{(void CYFAR *)(CYDEV_UCFG_DSI12_BASE), 512u},
 296:.\Generated_Source\PSoC5/cyfitter_cfg.c **** 			{(void CYFAR *)(CYREG_BCTL0_MDCLK_EN), 32u},
 297:.\Generated_Source\PSoC5/cyfitter_cfg.c **** 		};
 298:.\Generated_Source\PSoC5/cyfitter_cfg.c **** 
 299:.\Generated_Source\PSoC5/cyfitter_cfg.c **** 		uint8 CYDATA i;
 300:.\Generated_Source\PSoC5/cyfitter_cfg.c **** 
 301:.\Generated_Source\PSoC5/cyfitter_cfg.c **** 		/* Zero out critical memory blocks before beginning configuration */
ARM GAS  C:\Users\ologa\AppData\Local\Temp\ccdgZ5aC.s 			page 14


 302:.\Generated_Source\PSoC5/cyfitter_cfg.c **** 		for (i = 0u; i < (sizeof(cfg_memset_list)/sizeof(cfg_memset_list[0])); i++)
 438              		.loc 1 302 0
 439 0018 0023     		movs	r3, #0
 440 001a FB71     		strb	r3, [r7, #7]
 441 001c 13E0     		b	.L22
 442              	.L23:
 443              	.LBB3:
 303:.\Generated_Source\PSoC5/cyfitter_cfg.c **** 		{
 304:.\Generated_Source\PSoC5/cyfitter_cfg.c **** 			const cfg_memset_t CYCODE * CYDATA ms = &cfg_memset_list[i];
 444              		.loc 1 304 0 discriminator 3
 445 001e FA79     		ldrb	r2, [r7, #7]	@ zero_extendqisi2
 446 0020 1346     		mov	r3, r2
 447 0022 5B00     		lsls	r3, r3, #1
 448 0024 1344     		add	r3, r3, r2
 449 0026 5B00     		lsls	r3, r3, #1
 450 0028 2D4A     		ldr	r2, .L24+4
 451 002a 1344     		add	r3, r3, r2
 452 002c 3B60     		str	r3, [r7]
 305:.\Generated_Source\PSoC5/cyfitter_cfg.c **** 			CYMEMZERO(ms->address, (size_t)(uint32)(ms->size));
 453              		.loc 1 305 0 discriminator 3
 454 002e 3B68     		ldr	r3, [r7]
 455 0030 1A68     		ldr	r2, [r3]	@ unaligned
 456 0032 3B68     		ldr	r3, [r7]
 457 0034 9B88     		ldrh	r3, [r3, #4]	@ unaligned
 458 0036 9BB2     		uxth	r3, r3
 459 0038 1046     		mov	r0, r2
 460 003a 1946     		mov	r1, r3
 461 003c FFF7FEFF 		bl	CYMEMZERO
 462              	.LBE3:
 302:.\Generated_Source\PSoC5/cyfitter_cfg.c **** 		{
 463              		.loc 1 302 0 discriminator 3
 464 0040 FB79     		ldrb	r3, [r7, #7]	@ zero_extendqisi2
 465 0042 0133     		adds	r3, r3, #1
 466 0044 FB71     		strb	r3, [r7, #7]
 467              	.L22:
 302:.\Generated_Source\PSoC5/cyfitter_cfg.c **** 		{
 468              		.loc 1 302 0 is_stmt 0 discriminator 1
 469 0046 FB79     		ldrb	r3, [r7, #7]	@ zero_extendqisi2
 470 0048 072B     		cmp	r3, #7
 471 004a E8D9     		bls	.L23
 306:.\Generated_Source\PSoC5/cyfitter_cfg.c **** 		}
 307:.\Generated_Source\PSoC5/cyfitter_cfg.c **** 
 308:.\Generated_Source\PSoC5/cyfitter_cfg.c **** 		/* Enable digital routing */
 309:.\Generated_Source\PSoC5/cyfitter_cfg.c **** 		CY_SET_XTND_REG8((void CYFAR *)CYREG_BCTL0_BANK_CTL, CY_GET_XTND_REG8((void CYFAR *)CYREG_BCTL0_B
 472              		.loc 1 309 0 is_stmt 1
 473 004c 254A     		ldr	r2, .L24+8
 474 004e 254B     		ldr	r3, .L24+8
 475 0050 1B78     		ldrb	r3, [r3]
 476 0052 DBB2     		uxtb	r3, r3
 477 0054 43F00203 		orr	r3, r3, #2
 478 0058 DBB2     		uxtb	r3, r3
 479 005a 1370     		strb	r3, [r2]
 310:.\Generated_Source\PSoC5/cyfitter_cfg.c **** 		CY_SET_XTND_REG8((void CYFAR *)CYREG_BCTL1_BANK_CTL, CY_GET_XTND_REG8((void CYFAR *)CYREG_BCTL1_B
 480              		.loc 1 310 0
 481 005c 224A     		ldr	r2, .L24+12
 482 005e 224B     		ldr	r3, .L24+12
 483 0060 1B78     		ldrb	r3, [r3]
ARM GAS  C:\Users\ologa\AppData\Local\Temp\ccdgZ5aC.s 			page 15


 484 0062 DBB2     		uxtb	r3, r3
 485 0064 43F00203 		orr	r3, r3, #2
 486 0068 DBB2     		uxtb	r3, r3
 487 006a 1370     		strb	r3, [r2]
 311:.\Generated_Source\PSoC5/cyfitter_cfg.c **** 
 312:.\Generated_Source\PSoC5/cyfitter_cfg.c **** 		/* Enable UDB array */
 313:.\Generated_Source\PSoC5/cyfitter_cfg.c **** 		CY_SET_XTND_REG8((void CYFAR *)CYREG_PM_ACT_CFG0, CY_GET_XTND_REG8((void CYFAR *)CYREG_PM_ACT_CFG
 488              		.loc 1 313 0
 489 006c 1F4A     		ldr	r2, .L24+16
 490 006e 1F4B     		ldr	r3, .L24+16
 491 0070 1B78     		ldrb	r3, [r3]
 492 0072 DBB2     		uxtb	r3, r3
 493 0074 43F04003 		orr	r3, r3, #64
 494 0078 DBB2     		uxtb	r3, r3
 495 007a 1370     		strb	r3, [r2]
 314:.\Generated_Source\PSoC5/cyfitter_cfg.c **** 		CY_SET_XTND_REG8((void CYFAR *)CYREG_PM_AVAIL_CR2, CY_GET_XTND_REG8((void CYFAR *)CYREG_PM_AVAIL_
 496              		.loc 1 314 0
 497 007c 1C4A     		ldr	r2, .L24+20
 498 007e 1C4B     		ldr	r3, .L24+20
 499 0080 1B78     		ldrb	r3, [r3]
 500 0082 DBB2     		uxtb	r3, r3
 501 0084 43F01003 		orr	r3, r3, #16
 502 0088 DBB2     		uxtb	r3, r3
 503 008a 1370     		strb	r3, [r2]
 504              	.LBE2:
 315:.\Generated_Source\PSoC5/cyfitter_cfg.c **** 	}
 316:.\Generated_Source\PSoC5/cyfitter_cfg.c **** 
 317:.\Generated_Source\PSoC5/cyfitter_cfg.c **** 
 318:.\Generated_Source\PSoC5/cyfitter_cfg.c **** 	/* Perform second pass device configuration. These items must be configured in specific order afte
 319:.\Generated_Source\PSoC5/cyfitter_cfg.c **** 	CYCONFIGCPY((void CYFAR *)(CYREG_PRT12_DM0), (const void CYFAR *)(BS_IOPINS0_7_VAL), 8u);
 505              		.loc 1 319 0
 506 008c 1948     		ldr	r0, .L24+24
 507 008e 4FF09041 		mov	r1, #1207959552
 508 0092 0822     		movs	r2, #8
 509 0094 FFF7FEFF 		bl	CYCONFIGCPY
 320:.\Generated_Source\PSoC5/cyfitter_cfg.c **** 	CYCONFIGCPY((void CYFAR *)(CYREG_PRT5_DM0), (const void CYFAR *)(BS_IOPINS0_5_VAL), 8u);
 510              		.loc 1 320 0
 511 0098 1748     		ldr	r0, .L24+28
 512 009a 1849     		ldr	r1, .L24+32
 513 009c 0822     		movs	r2, #8
 514 009e FFF7FEFF 		bl	CYCONFIGCPY
 321:.\Generated_Source\PSoC5/cyfitter_cfg.c **** 	/* Switch Boost to the precision bandgap reference from its internal reference */
 322:.\Generated_Source\PSoC5/cyfitter_cfg.c **** 	CY_SET_REG8((void CYXDATA *)CYREG_BOOST_CR2, (CY_GET_REG8((void CYXDATA *)CYREG_BOOST_CR2) | 0x08u
 515              		.loc 1 322 0
 516 00a2 174A     		ldr	r2, .L24+36
 517 00a4 164B     		ldr	r3, .L24+36
 518 00a6 1B78     		ldrb	r3, [r3]
 519 00a8 DBB2     		uxtb	r3, r3
 520 00aa 43F00803 		orr	r3, r3, #8
 521 00ae DBB2     		uxtb	r3, r3
 522 00b0 1370     		strb	r3, [r2]
 323:.\Generated_Source\PSoC5/cyfitter_cfg.c **** 
 324:.\Generated_Source\PSoC5/cyfitter_cfg.c **** 	/* Set Flash Cycles based on max possible frequency in case a glitch occurs during ClockSetup(). *
 325:.\Generated_Source\PSoC5/cyfitter_cfg.c **** 	CY_SET_XTND_REG8((void CYFAR *)(CYREG_CACHE_CC_CTL), (((CYDEV_INSTRUCT_CACHE_ENABLED) != 0) ? 0x01
 523              		.loc 1 325 0
 524 00b2 144B     		ldr	r3, .L24+40
 525 00b4 0122     		movs	r2, #1
ARM GAS  C:\Users\ologa\AppData\Local\Temp\ccdgZ5aC.s 			page 16


 526 00b6 1A70     		strb	r2, [r3]
 326:.\Generated_Source\PSoC5/cyfitter_cfg.c **** 	/* Setup clocks based on selections from Clock DWR */
 327:.\Generated_Source\PSoC5/cyfitter_cfg.c **** 	ClockSetup();
 527              		.loc 1 327 0
 528 00b8 FFF7FEFF 		bl	ClockSetup
 328:.\Generated_Source\PSoC5/cyfitter_cfg.c **** 	/* Set Flash Cycles based on newly configured 24.00MHz Bus Clock. */
 329:.\Generated_Source\PSoC5/cyfitter_cfg.c **** 	CY_SET_XTND_REG8((void CYFAR *)(CYREG_CACHE_CC_CTL), (((CYDEV_INSTRUCT_CACHE_ENABLED) != 0) ? 0x81
 529              		.loc 1 329 0
 530 00bc 114B     		ldr	r3, .L24+40
 531 00be 8122     		movs	r2, #129
 532 00c0 1A70     		strb	r2, [r3]
 330:.\Generated_Source\PSoC5/cyfitter_cfg.c **** 	CY_SET_XTND_REG8((void CYFAR *)(CYREG_PANTHER_WAITPIPE), 0x01u);
 533              		.loc 1 330 0
 534 00c2 114B     		ldr	r3, .L24+44
 535 00c4 0122     		movs	r2, #1
 536 00c6 1A70     		strb	r2, [r3]
 331:.\Generated_Source\PSoC5/cyfitter_cfg.c **** 
 332:.\Generated_Source\PSoC5/cyfitter_cfg.c **** 	/* Perform basic analog initialization to defaults */
 333:.\Generated_Source\PSoC5/cyfitter_cfg.c **** 	AnalogSetDefault();
 537              		.loc 1 333 0
 538 00c8 FFF7FEFF 		bl	AnalogSetDefault
 334:.\Generated_Source\PSoC5/cyfitter_cfg.c **** 
 335:.\Generated_Source\PSoC5/cyfitter_cfg.c **** 	/* Configure alternate active mode */
 336:.\Generated_Source\PSoC5/cyfitter_cfg.c **** 	CYCONFIGCPY((void CYFAR *)CYDEV_PM_STBY_BASE, (const void CYFAR *)CYDEV_PM_ACT_BASE, 14u);
 539              		.loc 1 336 0
 540 00cc 0F48     		ldr	r0, .L24+48
 541 00ce 0749     		ldr	r1, .L24+16
 542 00d0 0E22     		movs	r2, #14
 543 00d2 FFF7FEFF 		bl	CYCONFIGCPY
 337:.\Generated_Source\PSoC5/cyfitter_cfg.c **** }
 544              		.loc 1 337 0
 545 00d6 0837     		adds	r7, r7, #8
 546              		.cfi_def_cfa_offset 8
 547 00d8 BD46     		mov	sp, r7
 548              		.cfi_def_cfa_register 13
 549              		@ sp needed
 550 00da 80BD     		pop	{r7, pc}
 551              	.L25:
 552              		.align	2
 553              	.L24:
 554 00dc E8460040 		.word	1073759976
 555 00e0 00000000 		.word	cfg_memset_list.4859
 556 00e4 03500140 		.word	1073827843
 557 00e8 13500140 		.word	1073827859
 558 00ec A0430040 		.word	1073759136
 559 00f0 C2430040 		.word	1073759170
 560 00f4 C2510040 		.word	1073762754
 561 00f8 52510040 		.word	1073762642
 562 00fc 08000048 		.word	1207959560
 563 0100 22430040 		.word	1073759010
 564 0104 00480040 		.word	1073760256
 565 0108 04000840 		.word	1074266116
 566 010c B0430040 		.word	1073759152
 567              		.cfi_endproc
 568              	.LFE7:
 569              		.size	cyfitter_cfg, .-cyfitter_cfg
 570              		.section	.rodata
ARM GAS  C:\Users\ologa\AppData\Local\Temp\ccdgZ5aC.s 			page 17


 571              		.align	2
 572              		.type	cfg_memset_list.4859, %object
 573              		.size	cfg_memset_list.4859, 48
 574              	cfg_memset_list.4859:
 575 0000 00510040 		.word	1073762560
 576 0004 5000     		.short	80
 577 0006 60510040 		.4byte	1073762656
 578 000a 1000     		.short	16
 579 000c F0510040 		.word	1073762800
 580 0010 1000     		.short	16
 581 0012 00000140 		.4byte	1073807360
 582 0016 0010     		.short	4096
 583 0018 00140140 		.word	1073812480
 584 001c 0008     		.short	2048
 585 001e 00400140 		.4byte	1073823744
 586 0022 000A     		.short	2560
 587 0024 004C0140 		.word	1073826816
 588 0028 0002     		.short	512
 589 002a 00500140 		.4byte	1073827840
 590 002e 2000     		.short	32
 591              		.text
 592              	.Letext0:
 593              		.file 2 "c:\\program files (x86)\\cypress\\psoc creator\\3.3\\psoc creator\\import\\gnu\\arm\\4.9.
 594              		.file 3 ".\\Generated_Source\\PSoC5\\cytypes.h"
 595              		.section	.debug_info,"",%progbits
 596              	.Ldebug_info0:
 597 0000 D8020000 		.4byte	0x2d8
 598 0004 0400     		.2byte	0x4
 599 0006 00000000 		.4byte	.Ldebug_abbrev0
 600 000a 04       		.byte	0x4
 601 000b 01       		.uleb128 0x1
 602 000c 36010000 		.4byte	.LASF36
 603 0010 01       		.byte	0x1
 604 0011 52020000 		.4byte	.LASF37
 605 0015 64000000 		.4byte	.LASF38
 606 0019 00000000 		.4byte	.Ldebug_ranges0+0
 607 001d 00000000 		.4byte	0
 608 0021 00000000 		.4byte	.Ldebug_line0
 609 0025 02       		.uleb128 0x2
 610 0026 04       		.byte	0x4
 611 0027 05       		.byte	0x5
 612 0028 696E7400 		.ascii	"int\000"
 613 002c 03       		.uleb128 0x3
 614 002d 06000000 		.4byte	.LASF11
 615 0031 02       		.byte	0x2
 616 0032 D4       		.byte	0xd4
 617 0033 37000000 		.4byte	0x37
 618 0037 04       		.uleb128 0x4
 619 0038 04       		.byte	0x4
 620 0039 07       		.byte	0x7
 621 003a F0010000 		.4byte	.LASF0
 622 003e 04       		.uleb128 0x4
 623 003f 01       		.byte	0x1
 624 0040 06       		.byte	0x6
 625 0041 A2020000 		.4byte	.LASF1
 626 0045 04       		.uleb128 0x4
 627 0046 01       		.byte	0x1
ARM GAS  C:\Users\ologa\AppData\Local\Temp\ccdgZ5aC.s 			page 18


 628 0047 08       		.byte	0x8
 629 0048 28010000 		.4byte	.LASF2
 630 004c 04       		.uleb128 0x4
 631 004d 02       		.byte	0x2
 632 004e 05       		.byte	0x5
 633 004f 48020000 		.4byte	.LASF3
 634 0053 04       		.uleb128 0x4
 635 0054 02       		.byte	0x2
 636 0055 07       		.byte	0x7
 637 0056 49000000 		.4byte	.LASF4
 638 005a 04       		.uleb128 0x4
 639 005b 04       		.byte	0x4
 640 005c 05       		.byte	0x5
 641 005d 82020000 		.4byte	.LASF5
 642 0061 04       		.uleb128 0x4
 643 0062 04       		.byte	0x4
 644 0063 07       		.byte	0x7
 645 0064 F0000000 		.4byte	.LASF6
 646 0068 04       		.uleb128 0x4
 647 0069 08       		.byte	0x8
 648 006a 05       		.byte	0x5
 649 006b 32020000 		.4byte	.LASF7
 650 006f 04       		.uleb128 0x4
 651 0070 08       		.byte	0x8
 652 0071 07       		.byte	0x7
 653 0072 05020000 		.4byte	.LASF8
 654 0076 04       		.uleb128 0x4
 655 0077 04       		.byte	0x4
 656 0078 07       		.byte	0x7
 657 0079 29020000 		.4byte	.LASF9
 658 007d 05       		.uleb128 0x5
 659 007e 04       		.byte	0x4
 660 007f 04       		.uleb128 0x4
 661 0080 01       		.byte	0x1
 662 0081 08       		.byte	0x8
 663 0082 8B020000 		.4byte	.LASF10
 664 0086 06       		.uleb128 0x6
 665 0087 02010000 		.4byte	.LASF12
 666 008b 03       		.byte	0x3
 667 008c 9201     		.2byte	0x192
 668 008e 45000000 		.4byte	0x45
 669 0092 06       		.uleb128 0x6
 670 0093 D8010000 		.4byte	.LASF13
 671 0097 03       		.byte	0x3
 672 0098 9301     		.2byte	0x193
 673 009a 53000000 		.4byte	0x53
 674 009e 06       		.uleb128 0x6
 675 009f E9010000 		.4byte	.LASF14
 676 00a3 03       		.byte	0x3
 677 00a4 9401     		.2byte	0x194
 678 00a6 61000000 		.4byte	0x61
 679 00aa 04       		.uleb128 0x4
 680 00ab 04       		.byte	0x4
 681 00ac 04       		.byte	0x4
 682 00ad C7000000 		.4byte	.LASF15
 683 00b1 04       		.uleb128 0x4
 684 00b2 08       		.byte	0x8
ARM GAS  C:\Users\ologa\AppData\Local\Temp\ccdgZ5aC.s 			page 19


 685 00b3 04       		.byte	0x4
 686 00b4 C4010000 		.4byte	.LASF16
 687 00b8 06       		.uleb128 0x6
 688 00b9 EB000000 		.4byte	.LASF17
 689 00bd 03       		.byte	0x3
 690 00be 3C02     		.2byte	0x23c
 691 00c0 C4000000 		.4byte	0xc4
 692 00c4 07       		.uleb128 0x7
 693 00c5 86000000 		.4byte	0x86
 694 00c9 06       		.uleb128 0x6
 695 00ca 00000000 		.4byte	.LASF18
 696 00ce 03       		.byte	0x3
 697 00cf 3D02     		.2byte	0x23d
 698 00d1 D5000000 		.4byte	0xd5
 699 00d5 07       		.uleb128 0x7
 700 00d6 92000000 		.4byte	0x92
 701 00da 08       		.uleb128 0x8
 702 00db 08010000 		.4byte	.LASF19
 703 00df 01       		.byte	0x1
 704 00e0 3E       		.byte	0x3e
 705 00e1 00000000 		.4byte	.LFB0
 706 00e5 1A000000 		.4byte	.LFE0-.LFB0
 707 00e9 01       		.uleb128 0x1
 708 00ea 9C       		.byte	0x9c
 709 00eb 08010000 		.4byte	0x108
 710 00ef 09       		.uleb128 0x9
 711 00f0 7300     		.ascii	"s\000"
 712 00f2 01       		.byte	0x1
 713 00f3 3E       		.byte	0x3e
 714 00f4 7D000000 		.4byte	0x7d
 715 00f8 02       		.uleb128 0x2
 716 00f9 91       		.byte	0x91
 717 00fa 74       		.sleb128 -12
 718 00fb 09       		.uleb128 0x9
 719 00fc 6E00     		.ascii	"n\000"
 720 00fe 01       		.byte	0x1
 721 00ff 3E       		.byte	0x3e
 722 0100 2C000000 		.4byte	0x2c
 723 0104 02       		.uleb128 0x2
 724 0105 91       		.byte	0x91
 725 0106 70       		.sleb128 -16
 726 0107 00       		.byte	0
 727 0108 08       		.uleb128 0x8
 728 0109 B7020000 		.4byte	.LASF20
 729 010d 01       		.byte	0x1
 730 010e 45       		.byte	0x45
 731 010f 00000000 		.4byte	.LFB1
 732 0113 1C000000 		.4byte	.LFE1-.LFB1
 733 0117 01       		.uleb128 0x1
 734 0118 9C       		.byte	0x9c
 735 0119 46010000 		.4byte	0x146
 736 011d 0A       		.uleb128 0xa
 737 011e E1000000 		.4byte	.LASF21
 738 0122 01       		.byte	0x1
 739 0123 45       		.byte	0x45
 740 0124 7D000000 		.4byte	0x7d
 741 0128 02       		.uleb128 0x2
ARM GAS  C:\Users\ologa\AppData\Local\Temp\ccdgZ5aC.s 			page 20


 742 0129 91       		.byte	0x91
 743 012a 74       		.sleb128 -12
 744 012b 09       		.uleb128 0x9
 745 012c 73726300 		.ascii	"src\000"
 746 0130 01       		.byte	0x1
 747 0131 45       		.byte	0x45
 748 0132 46010000 		.4byte	0x146
 749 0136 02       		.uleb128 0x2
 750 0137 91       		.byte	0x91
 751 0138 70       		.sleb128 -16
 752 0139 09       		.uleb128 0x9
 753 013a 6E00     		.ascii	"n\000"
 754 013c 01       		.byte	0x1
 755 013d 45       		.byte	0x45
 756 013e 2C000000 		.4byte	0x2c
 757 0142 02       		.uleb128 0x2
 758 0143 91       		.byte	0x91
 759 0144 6C       		.sleb128 -20
 760 0145 00       		.byte	0
 761 0146 0B       		.uleb128 0xb
 762 0147 04       		.byte	0x4
 763 0148 4C010000 		.4byte	0x14c
 764 014c 0C       		.uleb128 0xc
 765 014d 08       		.uleb128 0x8
 766 014e 2E000000 		.4byte	.LASF22
 767 0152 01       		.byte	0x1
 768 0153 4C       		.byte	0x4c
 769 0154 00000000 		.4byte	.LFB2
 770 0158 1C000000 		.4byte	.LFE2-.LFB2
 771 015c 01       		.uleb128 0x1
 772 015d 9C       		.byte	0x9c
 773 015e 8B010000 		.4byte	0x18b
 774 0162 0A       		.uleb128 0xa
 775 0163 E1000000 		.4byte	.LASF21
 776 0167 01       		.byte	0x1
 777 0168 4C       		.byte	0x4c
 778 0169 7D000000 		.4byte	0x7d
 779 016d 02       		.uleb128 0x2
 780 016e 91       		.byte	0x91
 781 016f 74       		.sleb128 -12
 782 0170 09       		.uleb128 0x9
 783 0171 73726300 		.ascii	"src\000"
 784 0175 01       		.byte	0x1
 785 0176 4C       		.byte	0x4c
 786 0177 46010000 		.4byte	0x146
 787 017b 02       		.uleb128 0x2
 788 017c 91       		.byte	0x91
 789 017d 70       		.sleb128 -16
 790 017e 09       		.uleb128 0x9
 791 017f 6E00     		.ascii	"n\000"
 792 0181 01       		.byte	0x1
 793 0182 4C       		.byte	0x4c
 794 0183 2C000000 		.4byte	0x2c
 795 0187 02       		.uleb128 0x2
 796 0188 91       		.byte	0x91
 797 0189 6C       		.sleb128 -20
 798 018a 00       		.byte	0
ARM GAS  C:\Users\ologa\AppData\Local\Temp\ccdgZ5aC.s 			page 21


 799 018b 0D       		.uleb128 0xd
 800 018c CD000000 		.4byte	.LASF23
 801 0190 01       		.byte	0x1
 802 0191 6C       		.byte	0x6c
 803 0192 00000000 		.4byte	.LFB3
 804 0196 0C000000 		.4byte	.LFE3-.LFB3
 805 019a 01       		.uleb128 0x1
 806 019b 9C       		.byte	0x9c
 807 019c AF010000 		.4byte	0x1af
 808 01a0 0A       		.uleb128 0xa
 809 01a1 DF010000 		.4byte	.LASF24
 810 01a5 01       		.byte	0x1
 811 01a6 6C       		.byte	0x6c
 812 01a7 86000000 		.4byte	0x86
 813 01ab 02       		.uleb128 0x2
 814 01ac 91       		.byte	0x91
 815 01ad 77       		.sleb128 -9
 816 01ae 00       		.byte	0
 817 01af 08       		.uleb128 0x8
 818 01b0 3E000000 		.4byte	.LASF25
 819 01b4 01       		.byte	0x1
 820 01b5 97       		.byte	0x97
 821 01b6 00000000 		.4byte	.LFB4
 822 01ba D8000000 		.4byte	.LFE4-.LFB4
 823 01be 01       		.uleb128 0x1
 824 01bf 9C       		.byte	0x9c
 825 01c0 E1010000 		.4byte	0x1e1
 826 01c4 0E       		.uleb128 0xe
 827 01c5 40020000 		.4byte	.LASF26
 828 01c9 01       		.byte	0x1
 829 01ca 99       		.byte	0x99
 830 01cb 9E000000 		.4byte	0x9e
 831 01cf 02       		.uleb128 0x2
 832 01d0 91       		.byte	0x91
 833 01d1 74       		.sleb128 -12
 834 01d2 0E       		.uleb128 0xe
 835 01d3 5C000000 		.4byte	.LASF27
 836 01d7 01       		.byte	0x1
 837 01d8 9A       		.byte	0x9a
 838 01d9 86000000 		.4byte	0x86
 839 01dd 02       		.uleb128 0x2
 840 01de 91       		.byte	0x91
 841 01df 73       		.sleb128 -13
 842 01e0 00       		.byte	0
 843 01e1 0D       		.uleb128 0xd
 844 01e2 0D000000 		.4byte	.LASF28
 845 01e6 01       		.byte	0x1
 846 01e7 D2       		.byte	0xd2
 847 01e8 00000000 		.4byte	.LFB5
 848 01ec 44000000 		.4byte	.LFE5-.LFB5
 849 01f0 01       		.uleb128 0x1
 850 01f1 9C       		.byte	0x9c
 851 01f2 05020000 		.4byte	0x205
 852 01f6 0E       		.uleb128 0xe
 853 01f7 90020000 		.4byte	.LASF29
 854 01fb 01       		.byte	0x1
 855 01fc D4       		.byte	0xd4
ARM GAS  C:\Users\ologa\AppData\Local\Temp\ccdgZ5aC.s 			page 22


 856 01fd 86000000 		.4byte	0x86
 857 0201 02       		.uleb128 0x2
 858 0202 91       		.byte	0x91
 859 0203 77       		.sleb128 -9
 860 0204 00       		.byte	0
 861 0205 0F       		.uleb128 0xf
 862 0206 12010000 		.4byte	.LASF39
 863 020a 01       		.byte	0x1
 864 020b EC       		.byte	0xec
 865 020c 00000000 		.4byte	.LFB6
 866 0210 28000000 		.4byte	.LFE6-.LFB6
 867 0214 01       		.uleb128 0x1
 868 0215 9C       		.byte	0x9c
 869 0216 37020000 		.4byte	0x237
 870 021a 0A       		.uleb128 0xa
 871 021b 7A020000 		.4byte	.LASF30
 872 021f 01       		.byte	0x1
 873 0220 EC       		.byte	0xec
 874 0221 86000000 		.4byte	0x86
 875 0225 02       		.uleb128 0x2
 876 0226 91       		.byte	0x91
 877 0227 6F       		.sleb128 -17
 878 0228 0E       		.uleb128 0xe
 879 0229 AE020000 		.4byte	.LASF31
 880 022d 01       		.byte	0x1
 881 022e EE       		.byte	0xee
 882 022f 86000000 		.4byte	0x86
 883 0233 02       		.uleb128 0x2
 884 0234 91       		.byte	0x91
 885 0235 77       		.sleb128 -9
 886 0236 00       		.byte	0
 887 0237 10       		.uleb128 0x10
 888 0238 CB010000 		.4byte	.LASF40
 889 023c 01       		.byte	0x1
 890 023d 0E01     		.2byte	0x10e
 891 023f 00000000 		.4byte	.LFB7
 892 0243 10010000 		.4byte	.LFE7-.LFB7
 893 0247 01       		.uleb128 0x1
 894 0248 9C       		.byte	0x9c
 895 0249 11       		.uleb128 0x11
 896 024a 18000000 		.4byte	.LBB2
 897 024e 74000000 		.4byte	.LBE2-.LBB2
 898 0252 12       		.uleb128 0x12
 899 0253 06       		.byte	0x6
 900 0254 01       		.byte	0x1
 901 0255 1A01     		.2byte	0x11a
 902 0257 76020000 		.4byte	0x276
 903 025b 13       		.uleb128 0x13
 904 025c FD010000 		.4byte	.LASF32
 905 0260 01       		.byte	0x1
 906 0261 1B01     		.2byte	0x11b
 907 0263 7D000000 		.4byte	0x7d
 908 0267 00       		.byte	0
 909 0268 13       		.uleb128 0x13
 910 0269 E6000000 		.4byte	.LASF33
 911 026d 01       		.byte	0x1
 912 026e 1C01     		.2byte	0x11c
ARM GAS  C:\Users\ologa\AppData\Local\Temp\ccdgZ5aC.s 			page 23


 913 0270 92000000 		.4byte	0x92
 914 0274 04       		.byte	0x4
 915 0275 00       		.byte	0
 916 0276 06       		.uleb128 0x6
 917 0277 1C020000 		.4byte	.LASF34
 918 027b 01       		.byte	0x1
 919 027c 1D01     		.2byte	0x11d
 920 027e 52020000 		.4byte	0x252
 921 0282 14       		.uleb128 0x14
 922 0283 76020000 		.4byte	0x276
 923 0287 92020000 		.4byte	0x292
 924 028b 15       		.uleb128 0x15
 925 028c 76000000 		.4byte	0x76
 926 0290 07       		.byte	0x7
 927 0291 00       		.byte	0
 928 0292 16       		.uleb128 0x16
 929 0293 1E000000 		.4byte	.LASF35
 930 0297 01       		.byte	0x1
 931 0298 1F01     		.2byte	0x11f
 932 029a A4020000 		.4byte	0x2a4
 933 029e 05       		.uleb128 0x5
 934 029f 03       		.byte	0x3
 935 02a0 00000000 		.4byte	cfg_memset_list.4859
 936 02a4 17       		.uleb128 0x17
 937 02a5 82020000 		.4byte	0x282
 938 02a9 18       		.uleb128 0x18
 939 02aa 6900     		.ascii	"i\000"
 940 02ac 01       		.byte	0x1
 941 02ad 2B01     		.2byte	0x12b
 942 02af 86000000 		.4byte	0x86
 943 02b3 02       		.uleb128 0x2
 944 02b4 91       		.byte	0x91
 945 02b5 77       		.sleb128 -9
 946 02b6 11       		.uleb128 0x11
 947 02b7 1E000000 		.4byte	.LBB3
 948 02bb 22000000 		.4byte	.LBE3-.LBB3
 949 02bf 18       		.uleb128 0x18
 950 02c0 6D7300   		.ascii	"ms\000"
 951 02c3 01       		.byte	0x1
 952 02c4 3001     		.2byte	0x130
 953 02c6 CD020000 		.4byte	0x2cd
 954 02ca 02       		.uleb128 0x2
 955 02cb 91       		.byte	0x91
 956 02cc 70       		.sleb128 -16
 957 02cd 0B       		.uleb128 0xb
 958 02ce 04       		.byte	0x4
 959 02cf D3020000 		.4byte	0x2d3
 960 02d3 17       		.uleb128 0x17
 961 02d4 76020000 		.4byte	0x276
 962 02d8 00       		.byte	0
 963 02d9 00       		.byte	0
 964 02da 00       		.byte	0
 965 02db 00       		.byte	0
 966              		.section	.debug_abbrev,"",%progbits
 967              	.Ldebug_abbrev0:
 968 0000 01       		.uleb128 0x1
 969 0001 11       		.uleb128 0x11
ARM GAS  C:\Users\ologa\AppData\Local\Temp\ccdgZ5aC.s 			page 24


 970 0002 01       		.byte	0x1
 971 0003 25       		.uleb128 0x25
 972 0004 0E       		.uleb128 0xe
 973 0005 13       		.uleb128 0x13
 974 0006 0B       		.uleb128 0xb
 975 0007 03       		.uleb128 0x3
 976 0008 0E       		.uleb128 0xe
 977 0009 1B       		.uleb128 0x1b
 978 000a 0E       		.uleb128 0xe
 979 000b 55       		.uleb128 0x55
 980 000c 17       		.uleb128 0x17
 981 000d 11       		.uleb128 0x11
 982 000e 01       		.uleb128 0x1
 983 000f 10       		.uleb128 0x10
 984 0010 17       		.uleb128 0x17
 985 0011 00       		.byte	0
 986 0012 00       		.byte	0
 987 0013 02       		.uleb128 0x2
 988 0014 24       		.uleb128 0x24
 989 0015 00       		.byte	0
 990 0016 0B       		.uleb128 0xb
 991 0017 0B       		.uleb128 0xb
 992 0018 3E       		.uleb128 0x3e
 993 0019 0B       		.uleb128 0xb
 994 001a 03       		.uleb128 0x3
 995 001b 08       		.uleb128 0x8
 996 001c 00       		.byte	0
 997 001d 00       		.byte	0
 998 001e 03       		.uleb128 0x3
 999 001f 16       		.uleb128 0x16
 1000 0020 00       		.byte	0
 1001 0021 03       		.uleb128 0x3
 1002 0022 0E       		.uleb128 0xe
 1003 0023 3A       		.uleb128 0x3a
 1004 0024 0B       		.uleb128 0xb
 1005 0025 3B       		.uleb128 0x3b
 1006 0026 0B       		.uleb128 0xb
 1007 0027 49       		.uleb128 0x49
 1008 0028 13       		.uleb128 0x13
 1009 0029 00       		.byte	0
 1010 002a 00       		.byte	0
 1011 002b 04       		.uleb128 0x4
 1012 002c 24       		.uleb128 0x24
 1013 002d 00       		.byte	0
 1014 002e 0B       		.uleb128 0xb
 1015 002f 0B       		.uleb128 0xb
 1016 0030 3E       		.uleb128 0x3e
 1017 0031 0B       		.uleb128 0xb
 1018 0032 03       		.uleb128 0x3
 1019 0033 0E       		.uleb128 0xe
 1020 0034 00       		.byte	0
 1021 0035 00       		.byte	0
 1022 0036 05       		.uleb128 0x5
 1023 0037 0F       		.uleb128 0xf
 1024 0038 00       		.byte	0
 1025 0039 0B       		.uleb128 0xb
 1026 003a 0B       		.uleb128 0xb
ARM GAS  C:\Users\ologa\AppData\Local\Temp\ccdgZ5aC.s 			page 25


 1027 003b 00       		.byte	0
 1028 003c 00       		.byte	0
 1029 003d 06       		.uleb128 0x6
 1030 003e 16       		.uleb128 0x16
 1031 003f 00       		.byte	0
 1032 0040 03       		.uleb128 0x3
 1033 0041 0E       		.uleb128 0xe
 1034 0042 3A       		.uleb128 0x3a
 1035 0043 0B       		.uleb128 0xb
 1036 0044 3B       		.uleb128 0x3b
 1037 0045 05       		.uleb128 0x5
 1038 0046 49       		.uleb128 0x49
 1039 0047 13       		.uleb128 0x13
 1040 0048 00       		.byte	0
 1041 0049 00       		.byte	0
 1042 004a 07       		.uleb128 0x7
 1043 004b 35       		.uleb128 0x35
 1044 004c 00       		.byte	0
 1045 004d 49       		.uleb128 0x49
 1046 004e 13       		.uleb128 0x13
 1047 004f 00       		.byte	0
 1048 0050 00       		.byte	0
 1049 0051 08       		.uleb128 0x8
 1050 0052 2E       		.uleb128 0x2e
 1051 0053 01       		.byte	0x1
 1052 0054 03       		.uleb128 0x3
 1053 0055 0E       		.uleb128 0xe
 1054 0056 3A       		.uleb128 0x3a
 1055 0057 0B       		.uleb128 0xb
 1056 0058 3B       		.uleb128 0x3b
 1057 0059 0B       		.uleb128 0xb
 1058 005a 27       		.uleb128 0x27
 1059 005b 19       		.uleb128 0x19
 1060 005c 11       		.uleb128 0x11
 1061 005d 01       		.uleb128 0x1
 1062 005e 12       		.uleb128 0x12
 1063 005f 06       		.uleb128 0x6
 1064 0060 40       		.uleb128 0x40
 1065 0061 18       		.uleb128 0x18
 1066 0062 9642     		.uleb128 0x2116
 1067 0064 19       		.uleb128 0x19
 1068 0065 01       		.uleb128 0x1
 1069 0066 13       		.uleb128 0x13
 1070 0067 00       		.byte	0
 1071 0068 00       		.byte	0
 1072 0069 09       		.uleb128 0x9
 1073 006a 05       		.uleb128 0x5
 1074 006b 00       		.byte	0
 1075 006c 03       		.uleb128 0x3
 1076 006d 08       		.uleb128 0x8
 1077 006e 3A       		.uleb128 0x3a
 1078 006f 0B       		.uleb128 0xb
 1079 0070 3B       		.uleb128 0x3b
 1080 0071 0B       		.uleb128 0xb
 1081 0072 49       		.uleb128 0x49
 1082 0073 13       		.uleb128 0x13
 1083 0074 02       		.uleb128 0x2
ARM GAS  C:\Users\ologa\AppData\Local\Temp\ccdgZ5aC.s 			page 26


 1084 0075 18       		.uleb128 0x18
 1085 0076 00       		.byte	0
 1086 0077 00       		.byte	0
 1087 0078 0A       		.uleb128 0xa
 1088 0079 05       		.uleb128 0x5
 1089 007a 00       		.byte	0
 1090 007b 03       		.uleb128 0x3
 1091 007c 0E       		.uleb128 0xe
 1092 007d 3A       		.uleb128 0x3a
 1093 007e 0B       		.uleb128 0xb
 1094 007f 3B       		.uleb128 0x3b
 1095 0080 0B       		.uleb128 0xb
 1096 0081 49       		.uleb128 0x49
 1097 0082 13       		.uleb128 0x13
 1098 0083 02       		.uleb128 0x2
 1099 0084 18       		.uleb128 0x18
 1100 0085 00       		.byte	0
 1101 0086 00       		.byte	0
 1102 0087 0B       		.uleb128 0xb
 1103 0088 0F       		.uleb128 0xf
 1104 0089 00       		.byte	0
 1105 008a 0B       		.uleb128 0xb
 1106 008b 0B       		.uleb128 0xb
 1107 008c 49       		.uleb128 0x49
 1108 008d 13       		.uleb128 0x13
 1109 008e 00       		.byte	0
 1110 008f 00       		.byte	0
 1111 0090 0C       		.uleb128 0xc
 1112 0091 26       		.uleb128 0x26
 1113 0092 00       		.byte	0
 1114 0093 00       		.byte	0
 1115 0094 00       		.byte	0
 1116 0095 0D       		.uleb128 0xd
 1117 0096 2E       		.uleb128 0x2e
 1118 0097 01       		.byte	0x1
 1119 0098 03       		.uleb128 0x3
 1120 0099 0E       		.uleb128 0xe
 1121 009a 3A       		.uleb128 0x3a
 1122 009b 0B       		.uleb128 0xb
 1123 009c 3B       		.uleb128 0x3b
 1124 009d 0B       		.uleb128 0xb
 1125 009e 27       		.uleb128 0x27
 1126 009f 19       		.uleb128 0x19
 1127 00a0 11       		.uleb128 0x11
 1128 00a1 01       		.uleb128 0x1
 1129 00a2 12       		.uleb128 0x12
 1130 00a3 06       		.uleb128 0x6
 1131 00a4 40       		.uleb128 0x40
 1132 00a5 18       		.uleb128 0x18
 1133 00a6 9742     		.uleb128 0x2117
 1134 00a8 19       		.uleb128 0x19
 1135 00a9 01       		.uleb128 0x1
 1136 00aa 13       		.uleb128 0x13
 1137 00ab 00       		.byte	0
 1138 00ac 00       		.byte	0
 1139 00ad 0E       		.uleb128 0xe
 1140 00ae 34       		.uleb128 0x34
ARM GAS  C:\Users\ologa\AppData\Local\Temp\ccdgZ5aC.s 			page 27


 1141 00af 00       		.byte	0
 1142 00b0 03       		.uleb128 0x3
 1143 00b1 0E       		.uleb128 0xe
 1144 00b2 3A       		.uleb128 0x3a
 1145 00b3 0B       		.uleb128 0xb
 1146 00b4 3B       		.uleb128 0x3b
 1147 00b5 0B       		.uleb128 0xb
 1148 00b6 49       		.uleb128 0x49
 1149 00b7 13       		.uleb128 0x13
 1150 00b8 02       		.uleb128 0x2
 1151 00b9 18       		.uleb128 0x18
 1152 00ba 00       		.byte	0
 1153 00bb 00       		.byte	0
 1154 00bc 0F       		.uleb128 0xf
 1155 00bd 2E       		.uleb128 0x2e
 1156 00be 01       		.byte	0x1
 1157 00bf 3F       		.uleb128 0x3f
 1158 00c0 19       		.uleb128 0x19
 1159 00c1 03       		.uleb128 0x3
 1160 00c2 0E       		.uleb128 0xe
 1161 00c3 3A       		.uleb128 0x3a
 1162 00c4 0B       		.uleb128 0xb
 1163 00c5 3B       		.uleb128 0x3b
 1164 00c6 0B       		.uleb128 0xb
 1165 00c7 27       		.uleb128 0x27
 1166 00c8 19       		.uleb128 0x19
 1167 00c9 11       		.uleb128 0x11
 1168 00ca 01       		.uleb128 0x1
 1169 00cb 12       		.uleb128 0x12
 1170 00cc 06       		.uleb128 0x6
 1171 00cd 40       		.uleb128 0x40
 1172 00ce 18       		.uleb128 0x18
 1173 00cf 9742     		.uleb128 0x2117
 1174 00d1 19       		.uleb128 0x19
 1175 00d2 01       		.uleb128 0x1
 1176 00d3 13       		.uleb128 0x13
 1177 00d4 00       		.byte	0
 1178 00d5 00       		.byte	0
 1179 00d6 10       		.uleb128 0x10
 1180 00d7 2E       		.uleb128 0x2e
 1181 00d8 01       		.byte	0x1
 1182 00d9 3F       		.uleb128 0x3f
 1183 00da 19       		.uleb128 0x19
 1184 00db 03       		.uleb128 0x3
 1185 00dc 0E       		.uleb128 0xe
 1186 00dd 3A       		.uleb128 0x3a
 1187 00de 0B       		.uleb128 0xb
 1188 00df 3B       		.uleb128 0x3b
 1189 00e0 05       		.uleb128 0x5
 1190 00e1 27       		.uleb128 0x27
 1191 00e2 19       		.uleb128 0x19
 1192 00e3 11       		.uleb128 0x11
 1193 00e4 01       		.uleb128 0x1
 1194 00e5 12       		.uleb128 0x12
 1195 00e6 06       		.uleb128 0x6
 1196 00e7 40       		.uleb128 0x40
 1197 00e8 18       		.uleb128 0x18
ARM GAS  C:\Users\ologa\AppData\Local\Temp\ccdgZ5aC.s 			page 28


 1198 00e9 9642     		.uleb128 0x2116
 1199 00eb 19       		.uleb128 0x19
 1200 00ec 00       		.byte	0
 1201 00ed 00       		.byte	0
 1202 00ee 11       		.uleb128 0x11
 1203 00ef 0B       		.uleb128 0xb
 1204 00f0 01       		.byte	0x1
 1205 00f1 11       		.uleb128 0x11
 1206 00f2 01       		.uleb128 0x1
 1207 00f3 12       		.uleb128 0x12
 1208 00f4 06       		.uleb128 0x6
 1209 00f5 00       		.byte	0
 1210 00f6 00       		.byte	0
 1211 00f7 12       		.uleb128 0x12
 1212 00f8 13       		.uleb128 0x13
 1213 00f9 01       		.byte	0x1
 1214 00fa 0B       		.uleb128 0xb
 1215 00fb 0B       		.uleb128 0xb
 1216 00fc 3A       		.uleb128 0x3a
 1217 00fd 0B       		.uleb128 0xb
 1218 00fe 3B       		.uleb128 0x3b
 1219 00ff 05       		.uleb128 0x5
 1220 0100 01       		.uleb128 0x1
 1221 0101 13       		.uleb128 0x13
 1222 0102 00       		.byte	0
 1223 0103 00       		.byte	0
 1224 0104 13       		.uleb128 0x13
 1225 0105 0D       		.uleb128 0xd
 1226 0106 00       		.byte	0
 1227 0107 03       		.uleb128 0x3
 1228 0108 0E       		.uleb128 0xe
 1229 0109 3A       		.uleb128 0x3a
 1230 010a 0B       		.uleb128 0xb
 1231 010b 3B       		.uleb128 0x3b
 1232 010c 05       		.uleb128 0x5
 1233 010d 49       		.uleb128 0x49
 1234 010e 13       		.uleb128 0x13
 1235 010f 38       		.uleb128 0x38
 1236 0110 0B       		.uleb128 0xb
 1237 0111 00       		.byte	0
 1238 0112 00       		.byte	0
 1239 0113 14       		.uleb128 0x14
 1240 0114 01       		.uleb128 0x1
 1241 0115 01       		.byte	0x1
 1242 0116 49       		.uleb128 0x49
 1243 0117 13       		.uleb128 0x13
 1244 0118 01       		.uleb128 0x1
 1245 0119 13       		.uleb128 0x13
 1246 011a 00       		.byte	0
 1247 011b 00       		.byte	0
 1248 011c 15       		.uleb128 0x15
 1249 011d 21       		.uleb128 0x21
 1250 011e 00       		.byte	0
 1251 011f 49       		.uleb128 0x49
 1252 0120 13       		.uleb128 0x13
 1253 0121 2F       		.uleb128 0x2f
 1254 0122 0B       		.uleb128 0xb
ARM GAS  C:\Users\ologa\AppData\Local\Temp\ccdgZ5aC.s 			page 29


 1255 0123 00       		.byte	0
 1256 0124 00       		.byte	0
 1257 0125 16       		.uleb128 0x16
 1258 0126 34       		.uleb128 0x34
 1259 0127 00       		.byte	0
 1260 0128 03       		.uleb128 0x3
 1261 0129 0E       		.uleb128 0xe
 1262 012a 3A       		.uleb128 0x3a
 1263 012b 0B       		.uleb128 0xb
 1264 012c 3B       		.uleb128 0x3b
 1265 012d 05       		.uleb128 0x5
 1266 012e 49       		.uleb128 0x49
 1267 012f 13       		.uleb128 0x13
 1268 0130 02       		.uleb128 0x2
 1269 0131 18       		.uleb128 0x18
 1270 0132 00       		.byte	0
 1271 0133 00       		.byte	0
 1272 0134 17       		.uleb128 0x17
 1273 0135 26       		.uleb128 0x26
 1274 0136 00       		.byte	0
 1275 0137 49       		.uleb128 0x49
 1276 0138 13       		.uleb128 0x13
 1277 0139 00       		.byte	0
 1278 013a 00       		.byte	0
 1279 013b 18       		.uleb128 0x18
 1280 013c 34       		.uleb128 0x34
 1281 013d 00       		.byte	0
 1282 013e 03       		.uleb128 0x3
 1283 013f 08       		.uleb128 0x8
 1284 0140 3A       		.uleb128 0x3a
 1285 0141 0B       		.uleb128 0xb
 1286 0142 3B       		.uleb128 0x3b
 1287 0143 05       		.uleb128 0x5
 1288 0144 49       		.uleb128 0x49
 1289 0145 13       		.uleb128 0x13
 1290 0146 02       		.uleb128 0x2
 1291 0147 18       		.uleb128 0x18
 1292 0148 00       		.byte	0
 1293 0149 00       		.byte	0
 1294 014a 00       		.byte	0
 1295              		.section	.debug_aranges,"",%progbits
 1296 0000 54000000 		.4byte	0x54
 1297 0004 0200     		.2byte	0x2
 1298 0006 00000000 		.4byte	.Ldebug_info0
 1299 000a 04       		.byte	0x4
 1300 000b 00       		.byte	0
 1301 000c 0000     		.2byte	0
 1302 000e 0000     		.2byte	0
 1303 0010 00000000 		.4byte	.LFB0
 1304 0014 1A000000 		.4byte	.LFE0-.LFB0
 1305 0018 00000000 		.4byte	.LFB1
 1306 001c 1C000000 		.4byte	.LFE1-.LFB1
 1307 0020 00000000 		.4byte	.LFB2
 1308 0024 1C000000 		.4byte	.LFE2-.LFB2
 1309 0028 00000000 		.4byte	.LFB3
 1310 002c 0C000000 		.4byte	.LFE3-.LFB3
 1311 0030 00000000 		.4byte	.LFB4
ARM GAS  C:\Users\ologa\AppData\Local\Temp\ccdgZ5aC.s 			page 30


 1312 0034 D8000000 		.4byte	.LFE4-.LFB4
 1313 0038 00000000 		.4byte	.LFB5
 1314 003c 44000000 		.4byte	.LFE5-.LFB5
 1315 0040 00000000 		.4byte	.LFB6
 1316 0044 28000000 		.4byte	.LFE6-.LFB6
 1317 0048 00000000 		.4byte	.LFB7
 1318 004c 10010000 		.4byte	.LFE7-.LFB7
 1319 0050 00000000 		.4byte	0
 1320 0054 00000000 		.4byte	0
 1321              		.section	.debug_ranges,"",%progbits
 1322              	.Ldebug_ranges0:
 1323 0000 00000000 		.4byte	.LFB0
 1324 0004 1A000000 		.4byte	.LFE0
 1325 0008 00000000 		.4byte	.LFB1
 1326 000c 1C000000 		.4byte	.LFE1
 1327 0010 00000000 		.4byte	.LFB2
 1328 0014 1C000000 		.4byte	.LFE2
 1329 0018 00000000 		.4byte	.LFB3
 1330 001c 0C000000 		.4byte	.LFE3
 1331 0020 00000000 		.4byte	.LFB4
 1332 0024 D8000000 		.4byte	.LFE4
 1333 0028 00000000 		.4byte	.LFB5
 1334 002c 44000000 		.4byte	.LFE5
 1335 0030 00000000 		.4byte	.LFB6
 1336 0034 28000000 		.4byte	.LFE6
 1337 0038 00000000 		.4byte	.LFB7
 1338 003c 10010000 		.4byte	.LFE7
 1339 0040 00000000 		.4byte	0
 1340 0044 00000000 		.4byte	0
 1341              		.section	.debug_line,"",%progbits
 1342              	.Ldebug_line0:
 1343 0000 BD010000 		.section	.debug_str,"MS",%progbits,1
 1343      0200CD00 
 1343      00000201 
 1343      FB0E0D00 
 1343      01010101 
 1344              	.LASF18:
 1345 0000 72656731 		.ascii	"reg16\000"
 1345      3600
 1346              	.LASF11:
 1347 0006 73697A65 		.ascii	"size_t\000"
 1347      5F7400
 1348              	.LASF28:
 1349 000d 416E616C 		.ascii	"AnalogSetDefault\000"
 1349      6F675365 
 1349      74446566 
 1349      61756C74 
 1349      00
 1350              	.LASF35:
 1351 001e 6366675F 		.ascii	"cfg_memset_list\000"
 1351      6D656D73 
 1351      65745F6C 
 1351      69737400 
 1352              	.LASF22:
 1353 002e 4359434F 		.ascii	"CYCONFIGCPYCODE\000"
 1353      4E464947 
 1353      43505943 
ARM GAS  C:\Users\ologa\AppData\Local\Temp\ccdgZ5aC.s 			page 31


 1353      4F444500 
 1354              	.LASF25:
 1355 003e 436C6F63 		.ascii	"ClockSetup\000"
 1355      6B536574 
 1355      757000
 1356              	.LASF4:
 1357 0049 73686F72 		.ascii	"short unsigned int\000"
 1357      7420756E 
 1357      7369676E 
 1357      65642069 
 1357      6E7400
 1358              	.LASF27:
 1359 005c 706C6C4C 		.ascii	"pllLock\000"
 1359      6F636B00 
 1360              	.LASF38:
 1361 0064 433A5C55 		.ascii	"C:\\Users\\ologa\\Documents\\MIT\\Senior S22\\6.115"
 1361      73657273 
 1361      5C6F6C6F 
 1361      67615C44 
 1361      6F63756D 
 1362 0091 315C4C61 		.ascii	"1\\Lab2\\Exercise 9\\blinky_zip\\blinky\\115_is_coo"
 1362      62325C45 
 1362      78657263 
 1362      69736520 
 1362      395C626C 
 1363 00bf 6C2E6379 		.ascii	"l.cydsn\000"
 1363      64736E00 
 1364              	.LASF15:
 1365 00c7 666C6F61 		.ascii	"float\000"
 1365      7400
 1366              	.LASF23:
 1367 00cd 4379436C 		.ascii	"CyClockStartupError\000"
 1367      6F636B53 
 1367      74617274 
 1367      75704572 
 1367      726F7200 
 1368              	.LASF21:
 1369 00e1 64657374 		.ascii	"dest\000"
 1369      00
 1370              	.LASF33:
 1371 00e6 73697A65 		.ascii	"size\000"
 1371      00
 1372              	.LASF17:
 1373 00eb 72656738 		.ascii	"reg8\000"
 1373      00
 1374              	.LASF6:
 1375 00f0 6C6F6E67 		.ascii	"long unsigned int\000"
 1375      20756E73 
 1375      69676E65 
 1375      6420696E 
 1375      7400
 1376              	.LASF12:
 1377 0102 75696E74 		.ascii	"uint8\000"
 1377      3800
 1378              	.LASF19:
 1379 0108 43594D45 		.ascii	"CYMEMZERO\000"
 1379      4D5A4552 
ARM GAS  C:\Users\ologa\AppData\Local\Temp\ccdgZ5aC.s 			page 32


 1379      4F00
 1380              	.LASF39:
 1381 0112 53657441 		.ascii	"SetAnalogRoutingPumps\000"
 1381      6E616C6F 
 1381      67526F75 
 1381      74696E67 
 1381      50756D70 
 1382              	.LASF2:
 1383 0128 756E7369 		.ascii	"unsigned char\000"
 1383      676E6564 
 1383      20636861 
 1383      7200
 1384              	.LASF36:
 1385 0136 474E5520 		.ascii	"GNU C 4.9.3 20150303 (release) [ARM/embedded-4_9-br"
 1385      4320342E 
 1385      392E3320 
 1385      32303135 
 1385      30333033 
 1386 0169 616E6368 		.ascii	"anch revision 221220] -mcpu=cortex-m3 -mthumb -g -O"
 1386      20726576 
 1386      6973696F 
 1386      6E203232 
 1386      31323230 
 1387 019c 30202D66 		.ascii	"0 -ffunction-sections -ffat-lto-objects\000"
 1387      66756E63 
 1387      74696F6E 
 1387      2D736563 
 1387      74696F6E 
 1388              	.LASF16:
 1389 01c4 646F7562 		.ascii	"double\000"
 1389      6C6500
 1390              	.LASF40:
 1391 01cb 63796669 		.ascii	"cyfitter_cfg\000"
 1391      74746572 
 1391      5F636667 
 1391      00
 1392              	.LASF13:
 1393 01d8 75696E74 		.ascii	"uint16\000"
 1393      313600
 1394              	.LASF24:
 1395 01df 6572726F 		.ascii	"errorCode\000"
 1395      72436F64 
 1395      6500
 1396              	.LASF14:
 1397 01e9 75696E74 		.ascii	"uint32\000"
 1397      333200
 1398              	.LASF0:
 1399 01f0 756E7369 		.ascii	"unsigned int\000"
 1399      676E6564 
 1399      20696E74 
 1399      00
 1400              	.LASF32:
 1401 01fd 61646472 		.ascii	"address\000"
 1401      65737300 
 1402              	.LASF8:
 1403 0205 6C6F6E67 		.ascii	"long long unsigned int\000"
 1403      206C6F6E 
ARM GAS  C:\Users\ologa\AppData\Local\Temp\ccdgZ5aC.s 			page 33


 1403      6720756E 
 1403      7369676E 
 1403      65642069 
 1404              	.LASF34:
 1405 021c 6366675F 		.ascii	"cfg_memset_t\000"
 1405      6D656D73 
 1405      65745F74 
 1405      00
 1406              	.LASF9:
 1407 0229 73697A65 		.ascii	"sizetype\000"
 1407      74797065 
 1407      00
 1408              	.LASF7:
 1409 0232 6C6F6E67 		.ascii	"long long int\000"
 1409      206C6F6E 
 1409      6720696E 
 1409      7400
 1410              	.LASF26:
 1411 0240 74696D65 		.ascii	"timeout\000"
 1411      6F757400 
 1412              	.LASF3:
 1413 0248 73686F72 		.ascii	"short int\000"
 1413      7420696E 
 1413      7400
 1414              	.LASF37:
 1415 0252 2E5C4765 		.ascii	".\\Generated_Source\\PSoC5\\cyfitter_cfg.c\000"
 1415      6E657261 
 1415      7465645F 
 1415      536F7572 
 1415      63655C50 
 1416              	.LASF30:
 1417 027a 656E6162 		.ascii	"enabled\000"
 1417      6C656400 
 1418              	.LASF5:
 1419 0282 6C6F6E67 		.ascii	"long int\000"
 1419      20696E74 
 1419      00
 1420              	.LASF10:
 1421 028b 63686172 		.ascii	"char\000"
 1421      00
 1422              	.LASF29:
 1423 0290 62675F78 		.ascii	"bg_xover_inl_trim\000"
 1423      6F766572 
 1423      5F696E6C 
 1423      5F747269 
 1423      6D00
 1424              	.LASF1:
 1425 02a2 7369676E 		.ascii	"signed char\000"
 1425      65642063 
 1425      68617200 
 1426              	.LASF31:
 1427 02ae 72656756 		.ascii	"regValue\000"
 1427      616C7565 
 1427      00
 1428              	.LASF20:
 1429 02b7 4359434F 		.ascii	"CYCONFIGCPY\000"
 1429      4E464947 
ARM GAS  C:\Users\ologa\AppData\Local\Temp\ccdgZ5aC.s 			page 34


 1429      43505900 
 1430              		.ident	"GCC: (GNU Tools for ARM Embedded Processors) 4.9.3 20150303 (release) [ARM/embedded-4_9-br
