ARM GAS  C:\Users\ologa\AppData\Local\Temp\ccsVYH6e.s 			page 1


   1              		.syntax unified
   2              		.cpu cortex-m3
   3              		.fpu softvfp
   4              		.eabi_attribute 20, 1
   5              		.eabi_attribute 21, 1
   6              		.eabi_attribute 23, 3
   7              		.eabi_attribute 24, 1
   8              		.eabi_attribute 25, 1
   9              		.eabi_attribute 26, 1
  10              		.eabi_attribute 30, 1
  11              		.eabi_attribute 34, 1
  12              		.eabi_attribute 18, 4
  13              		.thumb
  14              		.file	"cyfitter_cfg.c"
  15              		.text
  16              	.Ltext0:
  17              		.cfi_sections	.debug_frame
  18              		.section	.text.CyClockStartupError,"ax",%progbits
  19              		.align	2
  20              		.thumb
  21              		.thumb_func
  22              		.type	CyClockStartupError, %function
  23              	CyClockStartupError:
  24              	.LFB3:
  25              		.file 1 ".\\Generated_Source\\PSoC5\\cyfitter_cfg.c"
   1:.\Generated_Source\PSoC5/cyfitter_cfg.c **** /*******************************************************************************
   2:.\Generated_Source\PSoC5/cyfitter_cfg.c **** * File Name: cyfitter_cfg.c
   3:.\Generated_Source\PSoC5/cyfitter_cfg.c **** * 
   4:.\Generated_Source\PSoC5/cyfitter_cfg.c **** * PSoC Creator  3.3 CP3
   5:.\Generated_Source\PSoC5/cyfitter_cfg.c **** *
   6:.\Generated_Source\PSoC5/cyfitter_cfg.c **** * Description:
   7:.\Generated_Source\PSoC5/cyfitter_cfg.c **** * This file contains device initialization code.
   8:.\Generated_Source\PSoC5/cyfitter_cfg.c **** * Except for the user defined sections in CyClockStartupError(), this file should not be modified.
   9:.\Generated_Source\PSoC5/cyfitter_cfg.c **** * This file is automatically generated by PSoC Creator.
  10:.\Generated_Source\PSoC5/cyfitter_cfg.c **** *
  11:.\Generated_Source\PSoC5/cyfitter_cfg.c **** ********************************************************************************
  12:.\Generated_Source\PSoC5/cyfitter_cfg.c **** * Copyright (c) 2007-2016 Cypress Semiconductor.  All rights reserved.
  13:.\Generated_Source\PSoC5/cyfitter_cfg.c **** * You may use this file only in accordance with the license, terms, conditions, 
  14:.\Generated_Source\PSoC5/cyfitter_cfg.c **** * disclaimers, and limitations in the end user license agreement accompanying 
  15:.\Generated_Source\PSoC5/cyfitter_cfg.c **** * the software package with which this file was provided.
  16:.\Generated_Source\PSoC5/cyfitter_cfg.c **** ********************************************************************************/
  17:.\Generated_Source\PSoC5/cyfitter_cfg.c **** 
  18:.\Generated_Source\PSoC5/cyfitter_cfg.c **** #include <string.h>
  19:.\Generated_Source\PSoC5/cyfitter_cfg.c **** #include "cytypes.h"
  20:.\Generated_Source\PSoC5/cyfitter_cfg.c **** #include "cydevice_trm.h"
  21:.\Generated_Source\PSoC5/cyfitter_cfg.c **** #include "cyfitter.h"
  22:.\Generated_Source\PSoC5/cyfitter_cfg.c **** #include "CyLib.h"
  23:.\Generated_Source\PSoC5/cyfitter_cfg.c **** #include "cyfitter_cfg.h"
  24:.\Generated_Source\PSoC5/cyfitter_cfg.c **** 
  25:.\Generated_Source\PSoC5/cyfitter_cfg.c **** #define CY_NEED_CYCLOCKSTARTUPERROR 1
  26:.\Generated_Source\PSoC5/cyfitter_cfg.c **** 
  27:.\Generated_Source\PSoC5/cyfitter_cfg.c **** 
  28:.\Generated_Source\PSoC5/cyfitter_cfg.c **** #if defined(__GNUC__) || defined(__ARMCC_VERSION)
  29:.\Generated_Source\PSoC5/cyfitter_cfg.c ****     #define CYPACKED 
  30:.\Generated_Source\PSoC5/cyfitter_cfg.c ****     #define CYPACKED_ATTR __attribute__ ((packed))
  31:.\Generated_Source\PSoC5/cyfitter_cfg.c ****     #define CYALIGNED __attribute__ ((aligned))
  32:.\Generated_Source\PSoC5/cyfitter_cfg.c ****     #define CY_CFG_UNUSED __attribute__ ((unused))
ARM GAS  C:\Users\ologa\AppData\Local\Temp\ccsVYH6e.s 			page 2


  33:.\Generated_Source\PSoC5/cyfitter_cfg.c ****     #ifndef CY_CFG_SECTION
  34:.\Generated_Source\PSoC5/cyfitter_cfg.c ****         #define CY_CFG_SECTION __attribute__ ((section(".psocinit")))
  35:.\Generated_Source\PSoC5/cyfitter_cfg.c ****     #endif
  36:.\Generated_Source\PSoC5/cyfitter_cfg.c ****     
  37:.\Generated_Source\PSoC5/cyfitter_cfg.c ****     #if defined(__ARMCC_VERSION)
  38:.\Generated_Source\PSoC5/cyfitter_cfg.c ****         #define CY_CFG_MEMORY_BARRIER() __memory_changed()
  39:.\Generated_Source\PSoC5/cyfitter_cfg.c ****     #else
  40:.\Generated_Source\PSoC5/cyfitter_cfg.c ****         #define CY_CFG_MEMORY_BARRIER() __sync_synchronize()
  41:.\Generated_Source\PSoC5/cyfitter_cfg.c ****     #endif
  42:.\Generated_Source\PSoC5/cyfitter_cfg.c ****     
  43:.\Generated_Source\PSoC5/cyfitter_cfg.c **** #elif defined(__ICCARM__)
  44:.\Generated_Source\PSoC5/cyfitter_cfg.c ****     #include <intrinsics.h>
  45:.\Generated_Source\PSoC5/cyfitter_cfg.c **** 
  46:.\Generated_Source\PSoC5/cyfitter_cfg.c ****     #define CYPACKED __packed
  47:.\Generated_Source\PSoC5/cyfitter_cfg.c ****     #define CYPACKED_ATTR 
  48:.\Generated_Source\PSoC5/cyfitter_cfg.c ****     #define CYALIGNED _Pragma("data_alignment=4")
  49:.\Generated_Source\PSoC5/cyfitter_cfg.c ****     #define CY_CFG_UNUSED _Pragma("diag_suppress=Pe177")
  50:.\Generated_Source\PSoC5/cyfitter_cfg.c ****     #define CY_CFG_SECTION _Pragma("location=\".psocinit\"")
  51:.\Generated_Source\PSoC5/cyfitter_cfg.c ****     
  52:.\Generated_Source\PSoC5/cyfitter_cfg.c ****     #define CY_CFG_MEMORY_BARRIER() __DMB()
  53:.\Generated_Source\PSoC5/cyfitter_cfg.c ****     
  54:.\Generated_Source\PSoC5/cyfitter_cfg.c **** #else
  55:.\Generated_Source\PSoC5/cyfitter_cfg.c ****     #error Unsupported toolchain
  56:.\Generated_Source\PSoC5/cyfitter_cfg.c **** #endif
  57:.\Generated_Source\PSoC5/cyfitter_cfg.c **** 
  58:.\Generated_Source\PSoC5/cyfitter_cfg.c **** 
  59:.\Generated_Source\PSoC5/cyfitter_cfg.c **** CY_CFG_UNUSED
  60:.\Generated_Source\PSoC5/cyfitter_cfg.c **** static void CYMEMZERO(void *s, size_t n);
  61:.\Generated_Source\PSoC5/cyfitter_cfg.c **** CY_CFG_UNUSED
  62:.\Generated_Source\PSoC5/cyfitter_cfg.c **** static void CYMEMZERO(void *s, size_t n)
  63:.\Generated_Source\PSoC5/cyfitter_cfg.c **** {
  64:.\Generated_Source\PSoC5/cyfitter_cfg.c **** 	(void)memset(s, 0, n);
  65:.\Generated_Source\PSoC5/cyfitter_cfg.c **** }
  66:.\Generated_Source\PSoC5/cyfitter_cfg.c **** CY_CFG_UNUSED
  67:.\Generated_Source\PSoC5/cyfitter_cfg.c **** static void CYCONFIGCPY(void *dest, const void *src, size_t n);
  68:.\Generated_Source\PSoC5/cyfitter_cfg.c **** CY_CFG_UNUSED
  69:.\Generated_Source\PSoC5/cyfitter_cfg.c **** static void CYCONFIGCPY(void *dest, const void *src, size_t n)
  70:.\Generated_Source\PSoC5/cyfitter_cfg.c **** {
  71:.\Generated_Source\PSoC5/cyfitter_cfg.c **** 	(void)memcpy(dest, src, n);
  72:.\Generated_Source\PSoC5/cyfitter_cfg.c **** }
  73:.\Generated_Source\PSoC5/cyfitter_cfg.c **** CY_CFG_UNUSED
  74:.\Generated_Source\PSoC5/cyfitter_cfg.c **** static void CYCONFIGCPYCODE(void *dest, const void *src, size_t n);
  75:.\Generated_Source\PSoC5/cyfitter_cfg.c **** CY_CFG_UNUSED
  76:.\Generated_Source\PSoC5/cyfitter_cfg.c **** static void CYCONFIGCPYCODE(void *dest, const void *src, size_t n)
  77:.\Generated_Source\PSoC5/cyfitter_cfg.c **** {
  78:.\Generated_Source\PSoC5/cyfitter_cfg.c **** 	(void)memcpy(dest, src, n);
  79:.\Generated_Source\PSoC5/cyfitter_cfg.c **** }
  80:.\Generated_Source\PSoC5/cyfitter_cfg.c **** 
  81:.\Generated_Source\PSoC5/cyfitter_cfg.c **** 
  82:.\Generated_Source\PSoC5/cyfitter_cfg.c **** 
  83:.\Generated_Source\PSoC5/cyfitter_cfg.c **** /* Clock startup error codes                                                   */
  84:.\Generated_Source\PSoC5/cyfitter_cfg.c **** #define CYCLOCKSTART_NO_ERROR    0u
  85:.\Generated_Source\PSoC5/cyfitter_cfg.c **** #define CYCLOCKSTART_XTAL_ERROR  1u
  86:.\Generated_Source\PSoC5/cyfitter_cfg.c **** #define CYCLOCKSTART_32KHZ_ERROR 2u
  87:.\Generated_Source\PSoC5/cyfitter_cfg.c **** #define CYCLOCKSTART_PLL_ERROR   3u
  88:.\Generated_Source\PSoC5/cyfitter_cfg.c **** 
  89:.\Generated_Source\PSoC5/cyfitter_cfg.c **** #ifdef CY_NEED_CYCLOCKSTARTUPERROR
ARM GAS  C:\Users\ologa\AppData\Local\Temp\ccsVYH6e.s 			page 3


  90:.\Generated_Source\PSoC5/cyfitter_cfg.c **** /*******************************************************************************
  91:.\Generated_Source\PSoC5/cyfitter_cfg.c **** * Function Name: CyClockStartupError
  92:.\Generated_Source\PSoC5/cyfitter_cfg.c **** ********************************************************************************
  93:.\Generated_Source\PSoC5/cyfitter_cfg.c **** * Summary:
  94:.\Generated_Source\PSoC5/cyfitter_cfg.c **** *  If an error is encountered during clock configuration (crystal startup error,
  95:.\Generated_Source\PSoC5/cyfitter_cfg.c **** *  PLL lock error, etc.), the system will end up here.  Unless reimplemented by
  96:.\Generated_Source\PSoC5/cyfitter_cfg.c **** *  the customer, this function will stop in an infinite loop.
  97:.\Generated_Source\PSoC5/cyfitter_cfg.c **** *
  98:.\Generated_Source\PSoC5/cyfitter_cfg.c **** * Parameters:
  99:.\Generated_Source\PSoC5/cyfitter_cfg.c **** *   void
 100:.\Generated_Source\PSoC5/cyfitter_cfg.c **** *
 101:.\Generated_Source\PSoC5/cyfitter_cfg.c **** * Return:
 102:.\Generated_Source\PSoC5/cyfitter_cfg.c **** *   void
 103:.\Generated_Source\PSoC5/cyfitter_cfg.c **** *
 104:.\Generated_Source\PSoC5/cyfitter_cfg.c **** *******************************************************************************/
 105:.\Generated_Source\PSoC5/cyfitter_cfg.c **** CY_CFG_UNUSED
 106:.\Generated_Source\PSoC5/cyfitter_cfg.c **** static void CyClockStartupError(uint8 errorCode);
 107:.\Generated_Source\PSoC5/cyfitter_cfg.c **** CY_CFG_UNUSED
 108:.\Generated_Source\PSoC5/cyfitter_cfg.c **** static void CyClockStartupError(uint8 errorCode)
 109:.\Generated_Source\PSoC5/cyfitter_cfg.c **** {
  26              		.loc 1 109 0
  27              		.cfi_startproc
  28              		@ Volatile: function does not return.
  29              		@ args = 0, pretend = 0, frame = 0
  30              		@ frame_needed = 0, uses_anonymous_args = 0
  31              		@ link register save eliminated.
  32              	.LVL0:
  33              	.L2:
 110:.\Generated_Source\PSoC5/cyfitter_cfg.c ****     /* To remove the compiler warning if errorCode not used.                */
 111:.\Generated_Source\PSoC5/cyfitter_cfg.c ****     errorCode = errorCode;
 112:.\Generated_Source\PSoC5/cyfitter_cfg.c **** 
 113:.\Generated_Source\PSoC5/cyfitter_cfg.c ****     /* `#START CyClockStartupError` */
 114:.\Generated_Source\PSoC5/cyfitter_cfg.c **** 
 115:.\Generated_Source\PSoC5/cyfitter_cfg.c ****     /* If we have a clock startup error (bad MHz crystal, PLL lock, etc.),  */
 116:.\Generated_Source\PSoC5/cyfitter_cfg.c ****     /* we will end up here to allow the customer to implement something to  */
 117:.\Generated_Source\PSoC5/cyfitter_cfg.c ****     /* deal with the clock condition.                                       */
 118:.\Generated_Source\PSoC5/cyfitter_cfg.c **** 
 119:.\Generated_Source\PSoC5/cyfitter_cfg.c ****     /* `#END` */
 120:.\Generated_Source\PSoC5/cyfitter_cfg.c **** 
 121:.\Generated_Source\PSoC5/cyfitter_cfg.c ****     /* If nothing else, stop here since the clocks have not started         */
 122:.\Generated_Source\PSoC5/cyfitter_cfg.c ****     /* correctly.                                                           */
 123:.\Generated_Source\PSoC5/cyfitter_cfg.c ****     while(1) {}
  34              		.loc 1 123 0 discriminator 1
  35 0000 FEE7     		b	.L2
  36              		.cfi_endproc
  37              	.LFE3:
  38              		.size	CyClockStartupError, .-CyClockStartupError
  39 0002 00BF     		.section	.text.AnalogSetDefault,"ax",%progbits
  40              		.align	2
  41              		.thumb
  42              		.thumb_func
  43              		.type	AnalogSetDefault, %function
  44              	AnalogSetDefault:
  45              	.LFB5:
 124:.\Generated_Source\PSoC5/cyfitter_cfg.c **** }
 125:.\Generated_Source\PSoC5/cyfitter_cfg.c **** #endif
 126:.\Generated_Source\PSoC5/cyfitter_cfg.c **** 
ARM GAS  C:\Users\ologa\AppData\Local\Temp\ccsVYH6e.s 			page 4


 127:.\Generated_Source\PSoC5/cyfitter_cfg.c **** /* IOPINS0_6 Address: CYREG_PRT6_DM0 Size (bytes): 8 */
 128:.\Generated_Source\PSoC5/cyfitter_cfg.c **** #define BS_IOPINS0_6_VAL ((const uint8 CYFAR *)0x48000000u)
 129:.\Generated_Source\PSoC5/cyfitter_cfg.c **** 
 130:.\Generated_Source\PSoC5/cyfitter_cfg.c **** 
 131:.\Generated_Source\PSoC5/cyfitter_cfg.c **** /*******************************************************************************
 132:.\Generated_Source\PSoC5/cyfitter_cfg.c **** * Function Name: ClockSetup
 133:.\Generated_Source\PSoC5/cyfitter_cfg.c **** ********************************************************************************
 134:.\Generated_Source\PSoC5/cyfitter_cfg.c **** *
 135:.\Generated_Source\PSoC5/cyfitter_cfg.c **** * Summary:
 136:.\Generated_Source\PSoC5/cyfitter_cfg.c **** *  Performs the initialization of all of the clocks in the device based on the
 137:.\Generated_Source\PSoC5/cyfitter_cfg.c **** *  settings in the Clock tab of the DWR.  This includes enabling the requested
 138:.\Generated_Source\PSoC5/cyfitter_cfg.c **** *  clocks and setting the necessary dividers to produce the desired frequency. 
 139:.\Generated_Source\PSoC5/cyfitter_cfg.c **** *
 140:.\Generated_Source\PSoC5/cyfitter_cfg.c **** * Parameters:
 141:.\Generated_Source\PSoC5/cyfitter_cfg.c **** *  void
 142:.\Generated_Source\PSoC5/cyfitter_cfg.c **** *
 143:.\Generated_Source\PSoC5/cyfitter_cfg.c **** * Return:
 144:.\Generated_Source\PSoC5/cyfitter_cfg.c **** *  void
 145:.\Generated_Source\PSoC5/cyfitter_cfg.c **** *
 146:.\Generated_Source\PSoC5/cyfitter_cfg.c **** *******************************************************************************/
 147:.\Generated_Source\PSoC5/cyfitter_cfg.c **** static void ClockSetup(void);
 148:.\Generated_Source\PSoC5/cyfitter_cfg.c **** static void ClockSetup(void)
 149:.\Generated_Source\PSoC5/cyfitter_cfg.c **** {
 150:.\Generated_Source\PSoC5/cyfitter_cfg.c **** 	uint32 timeout;
 151:.\Generated_Source\PSoC5/cyfitter_cfg.c **** 	uint8 pllLock;
 152:.\Generated_Source\PSoC5/cyfitter_cfg.c **** 
 153:.\Generated_Source\PSoC5/cyfitter_cfg.c **** 
 154:.\Generated_Source\PSoC5/cyfitter_cfg.c **** 	/* Configure ILO based on settings from Clock DWR */
 155:.\Generated_Source\PSoC5/cyfitter_cfg.c **** 	CY_SET_XTND_REG8((void CYFAR *)(CYREG_SLOWCLK_ILO_CR0), 0x02u);
 156:.\Generated_Source\PSoC5/cyfitter_cfg.c **** 	CY_SET_XTND_REG8((void CYFAR *)(CYREG_CLKDIST_CR), 0x08u);
 157:.\Generated_Source\PSoC5/cyfitter_cfg.c **** 
 158:.\Generated_Source\PSoC5/cyfitter_cfg.c **** 	/* Configure IMO based on settings from Clock DWR */
 159:.\Generated_Source\PSoC5/cyfitter_cfg.c **** 	CY_SET_XTND_REG8((void CYFAR *)(CYREG_FASTCLK_IMO_CR), 0x03u);
 160:.\Generated_Source\PSoC5/cyfitter_cfg.c **** 	CY_SET_XTND_REG8((void CYFAR *)(CYREG_IMO_TR1), (CY_GET_XTND_REG8((void CYFAR *)CYREG_FLSHID_CUST_
 161:.\Generated_Source\PSoC5/cyfitter_cfg.c **** 
 162:.\Generated_Source\PSoC5/cyfitter_cfg.c **** 	/* Configure PLL based on settings from Clock DWR */
 163:.\Generated_Source\PSoC5/cyfitter_cfg.c **** 	CY_SET_XTND_REG16((void CYFAR *)(CYREG_FASTCLK_PLL_P), 0x0008u);
 164:.\Generated_Source\PSoC5/cyfitter_cfg.c **** 	CY_SET_XTND_REG16((void CYFAR *)(CYREG_FASTCLK_PLL_CFG0), 0x1251u);
 165:.\Generated_Source\PSoC5/cyfitter_cfg.c **** 	/* Wait up to 250us for the PLL to lock */
 166:.\Generated_Source\PSoC5/cyfitter_cfg.c **** 	pllLock = 0u;
 167:.\Generated_Source\PSoC5/cyfitter_cfg.c **** 	for (timeout = 250u / 10u; (timeout > 0u) && (pllLock != 0x03u); timeout--)
 168:.\Generated_Source\PSoC5/cyfitter_cfg.c **** 	{ 
 169:.\Generated_Source\PSoC5/cyfitter_cfg.c **** 		pllLock = 0x03u & ((uint8)((uint8)pllLock << 1) | ((CY_GET_XTND_REG8((void CYFAR *)CYREG_FASTCLK_
 170:.\Generated_Source\PSoC5/cyfitter_cfg.c **** 		CyDelayCycles(10u * 48u); /* Delay 10us based on 48MHz clock */
 171:.\Generated_Source\PSoC5/cyfitter_cfg.c **** 	}
 172:.\Generated_Source\PSoC5/cyfitter_cfg.c **** 	/* If we ran out of time the PLL didn't lock so go to the error function */
 173:.\Generated_Source\PSoC5/cyfitter_cfg.c **** 	if (timeout == 0u)
 174:.\Generated_Source\PSoC5/cyfitter_cfg.c **** 	{
 175:.\Generated_Source\PSoC5/cyfitter_cfg.c **** 		CyClockStartupError(CYCLOCKSTART_PLL_ERROR);
 176:.\Generated_Source\PSoC5/cyfitter_cfg.c **** 	}
 177:.\Generated_Source\PSoC5/cyfitter_cfg.c **** 
 178:.\Generated_Source\PSoC5/cyfitter_cfg.c **** 	/* Configure Bus/Master Clock based on settings from Clock DWR */
 179:.\Generated_Source\PSoC5/cyfitter_cfg.c **** 	CY_SET_XTND_REG16((void CYFAR *)(CYREG_CLKDIST_MSTR0), 0x0100u);
 180:.\Generated_Source\PSoC5/cyfitter_cfg.c **** 	CY_SET_XTND_REG8((void CYFAR *)(CYREG_CLKDIST_MSTR0), 0x07u);
 181:.\Generated_Source\PSoC5/cyfitter_cfg.c **** 	CY_SET_XTND_REG8((void CYFAR *)(CYREG_CLKDIST_BCFG0), 0x00u);
 182:.\Generated_Source\PSoC5/cyfitter_cfg.c **** 	CY_SET_XTND_REG8((void CYFAR *)(CYREG_CLKDIST_BCFG2), 0x48u);
 183:.\Generated_Source\PSoC5/cyfitter_cfg.c **** 	CY_SET_XTND_REG8((void CYFAR *)(CYREG_CLKDIST_MSTR0), 0x00u);
ARM GAS  C:\Users\ologa\AppData\Local\Temp\ccsVYH6e.s 			page 5


 184:.\Generated_Source\PSoC5/cyfitter_cfg.c **** 	CY_SET_XTND_REG8((void CYFAR *)(CYREG_CLKDIST_LD), 0x02u);
 185:.\Generated_Source\PSoC5/cyfitter_cfg.c **** }
 186:.\Generated_Source\PSoC5/cyfitter_cfg.c **** 
 187:.\Generated_Source\PSoC5/cyfitter_cfg.c **** 
 188:.\Generated_Source\PSoC5/cyfitter_cfg.c **** /* Analog API Functions */
 189:.\Generated_Source\PSoC5/cyfitter_cfg.c **** 
 190:.\Generated_Source\PSoC5/cyfitter_cfg.c **** 
 191:.\Generated_Source\PSoC5/cyfitter_cfg.c **** /*******************************************************************************
 192:.\Generated_Source\PSoC5/cyfitter_cfg.c **** * Function Name: AnalogSetDefault
 193:.\Generated_Source\PSoC5/cyfitter_cfg.c **** ********************************************************************************
 194:.\Generated_Source\PSoC5/cyfitter_cfg.c **** *
 195:.\Generated_Source\PSoC5/cyfitter_cfg.c **** * Summary:
 196:.\Generated_Source\PSoC5/cyfitter_cfg.c **** *  Sets up the analog portions of the chip to default values based on chip
 197:.\Generated_Source\PSoC5/cyfitter_cfg.c **** *  configuration options from the project.
 198:.\Generated_Source\PSoC5/cyfitter_cfg.c **** *
 199:.\Generated_Source\PSoC5/cyfitter_cfg.c **** * Parameters:
 200:.\Generated_Source\PSoC5/cyfitter_cfg.c **** *  void
 201:.\Generated_Source\PSoC5/cyfitter_cfg.c **** *
 202:.\Generated_Source\PSoC5/cyfitter_cfg.c **** * Return:
 203:.\Generated_Source\PSoC5/cyfitter_cfg.c **** *  void
 204:.\Generated_Source\PSoC5/cyfitter_cfg.c **** *
 205:.\Generated_Source\PSoC5/cyfitter_cfg.c **** *******************************************************************************/
 206:.\Generated_Source\PSoC5/cyfitter_cfg.c **** static void AnalogSetDefault(void);
 207:.\Generated_Source\PSoC5/cyfitter_cfg.c **** static void AnalogSetDefault(void)
 208:.\Generated_Source\PSoC5/cyfitter_cfg.c **** {
  46              		.loc 1 208 0
  47              		.cfi_startproc
  48              		@ args = 0, pretend = 0, frame = 0
  49              		@ frame_needed = 0, uses_anonymous_args = 0
  50              		@ link register save eliminated.
 209:.\Generated_Source\PSoC5/cyfitter_cfg.c **** 	uint8 bg_xover_inl_trim = CY_GET_XTND_REG8((void CYFAR *)(CYREG_FLSHID_MFG_CFG_BG_XOVER_INL_TRIM +
  51              		.loc 1 209 0
  52 0000 064B     		ldr	r3, .L4
  53 0002 1B78     		ldrb	r3, [r3]	@ zero_extendqisi2
  54 0004 DBB2     		uxtb	r3, r3
  55              	.LVL1:
 210:.\Generated_Source\PSoC5/cyfitter_cfg.c **** 	CY_SET_XTND_REG8((void CYFAR *)(CYREG_BG_DFT0), (bg_xover_inl_trim & 0x07u));
  56              		.loc 1 210 0
  57 0006 03F00701 		and	r1, r3, #7
  58 000a 054A     		ldr	r2, .L4+4
  59 000c 1170     		strb	r1, [r2]
 211:.\Generated_Source\PSoC5/cyfitter_cfg.c **** 	CY_SET_XTND_REG8((void CYFAR *)(CYREG_BG_DFT1), ((bg_xover_inl_trim >> 4) & 0x0Fu));
  60              		.loc 1 211 0
  61 000e 1B09     		lsrs	r3, r3, #4
  62              	.LVL2:
  63 0010 0132     		adds	r2, r2, #1
  64 0012 1370     		strb	r3, [r2]
 212:.\Generated_Source\PSoC5/cyfitter_cfg.c **** 	CY_SET_XTND_REG8((void CYFAR *)CYREG_PUMP_CR0, 0x44u);
  65              		.loc 1 212 0
  66 0014 4422     		movs	r2, #68
  67 0016 034B     		ldr	r3, .L4+8
  68 0018 1A70     		strb	r2, [r3]
  69 001a 7047     		bx	lr
  70              	.L5:
  71              		.align	2
  72              	.L4:
  73 001c CF010049 		.word	1224737231
ARM GAS  C:\Users\ologa\AppData\Local\Temp\ccsVYH6e.s 			page 6


  74 0020 6E580040 		.word	1073764462
  75 0024 76580040 		.word	1073764470
  76              		.cfi_endproc
  77              	.LFE5:
  78              		.size	AnalogSetDefault, .-AnalogSetDefault
  79              		.section	.text.CYMEMZERO,"ax",%progbits
  80              		.align	2
  81              		.thumb
  82              		.thumb_func
  83              		.type	CYMEMZERO, %function
  84              	CYMEMZERO:
  85              	.LFB0:
  63:.\Generated_Source\PSoC5/cyfitter_cfg.c **** 	(void)memset(s, 0, n);
  86              		.loc 1 63 0
  87              		.cfi_startproc
  88              		@ args = 0, pretend = 0, frame = 0
  89              		@ frame_needed = 0, uses_anonymous_args = 0
  90              	.LVL3:
  91 0000 08B5     		push	{r3, lr}
  92              		.cfi_def_cfa_offset 8
  93              		.cfi_offset 3, -8
  94              		.cfi_offset 14, -4
  95 0002 0A46     		mov	r2, r1
  64:.\Generated_Source\PSoC5/cyfitter_cfg.c **** }
  96              		.loc 1 64 0
  97 0004 0021     		movs	r1, #0
  98              	.LVL4:
  99 0006 FFF7FEFF 		bl	memset
 100              	.LVL5:
 101 000a 08BD     		pop	{r3, pc}
 102              		.cfi_endproc
 103              	.LFE0:
 104              		.size	CYMEMZERO, .-CYMEMZERO
 105              		.section	.text.ClockSetup,"ax",%progbits
 106              		.align	2
 107              		.thumb
 108              		.thumb_func
 109              		.type	ClockSetup, %function
 110              	ClockSetup:
 111              	.LFB4:
 149:.\Generated_Source\PSoC5/cyfitter_cfg.c **** 	uint32 timeout;
 112              		.loc 1 149 0
 113              		.cfi_startproc
 114              		@ args = 0, pretend = 0, frame = 0
 115              		@ frame_needed = 0, uses_anonymous_args = 0
 116 0000 38B5     		push	{r3, r4, r5, lr}
 117              		.cfi_def_cfa_offset 16
 118              		.cfi_offset 3, -16
 119              		.cfi_offset 4, -12
 120              		.cfi_offset 5, -8
 121              		.cfi_offset 14, -4
 155:.\Generated_Source\PSoC5/cyfitter_cfg.c **** 	CY_SET_XTND_REG8((void CYFAR *)(CYREG_CLKDIST_CR), 0x08u);
 122              		.loc 1 155 0
 123 0002 0222     		movs	r2, #2
 124 0004 1E4B     		ldr	r3, .L14
 125 0006 1A70     		strb	r2, [r3]
 156:.\Generated_Source\PSoC5/cyfitter_cfg.c **** 
ARM GAS  C:\Users\ologa\AppData\Local\Temp\ccsVYH6e.s 			page 7


 126              		.loc 1 156 0
 127 0008 0822     		movs	r2, #8
 128 000a 4FF04023 		mov	r3, #1073758208
 129 000e 1A70     		strb	r2, [r3]
 159:.\Generated_Source\PSoC5/cyfitter_cfg.c **** 	CY_SET_XTND_REG8((void CYFAR *)(CYREG_IMO_TR1), (CY_GET_XTND_REG8((void CYFAR *)CYREG_FLSHID_CUST_
 130              		.loc 1 159 0
 131 0010 0321     		movs	r1, #3
 132 0012 03F50073 		add	r3, r3, #512
 133 0016 1970     		strb	r1, [r3]
 160:.\Generated_Source\PSoC5/cyfitter_cfg.c **** 
 134              		.loc 1 160 0
 135 0018 1A4B     		ldr	r3, .L14+4
 136 001a 1B78     		ldrb	r3, [r3]	@ zero_extendqisi2
 137 001c DBB2     		uxtb	r3, r3
 138 001e 1A49     		ldr	r1, .L14+8
 139 0020 0B70     		strb	r3, [r1]
 163:.\Generated_Source\PSoC5/cyfitter_cfg.c **** 	CY_SET_XTND_REG16((void CYFAR *)(CYREG_FASTCLK_PLL_CFG0), 0x1251u);
 140              		.loc 1 163 0
 141 0022 1A4B     		ldr	r3, .L14+12
 142 0024 1A80     		strh	r2, [r3]	@ movhi
 164:.\Generated_Source\PSoC5/cyfitter_cfg.c **** 	/* Wait up to 250us for the PLL to lock */
 143              		.loc 1 164 0
 144 0026 41F25122 		movw	r2, #4689
 145 002a 023B     		subs	r3, r3, #2
 146 002c 1A80     		strh	r2, [r3]	@ movhi
 147              	.LVL6:
 166:.\Generated_Source\PSoC5/cyfitter_cfg.c **** 	for (timeout = 250u / 10u; (timeout > 0u) && (pllLock != 0x03u); timeout--)
 148              		.loc 1 166 0
 149 002e 0024     		movs	r4, #0
 167:.\Generated_Source\PSoC5/cyfitter_cfg.c **** 	{ 
 150              		.loc 1 167 0
 151 0030 1925     		movs	r5, #25
 152 0032 0CE0     		b	.L9
 153              	.LVL7:
 154              	.L11:
 169:.\Generated_Source\PSoC5/cyfitter_cfg.c **** 		CyDelayCycles(10u * 48u); /* Delay 10us based on 48MHz clock */
 155              		.loc 1 169 0 discriminator 4
 156 0034 164B     		ldr	r3, .L14+16
 157 0036 1B78     		ldrb	r3, [r3]	@ zero_extendqisi2
 158 0038 03F00103 		and	r3, r3, #1
 159 003c 43EA4404 		orr	r4, r3, r4, lsl #1
 160              	.LVL8:
 161 0040 04F00304 		and	r4, r4, #3
 162              	.LVL9:
 170:.\Generated_Source\PSoC5/cyfitter_cfg.c **** 	}
 163              		.loc 1 170 0 discriminator 4
 164 0044 4FF4F070 		mov	r0, #480
 165 0048 FFF7FEFF 		bl	CyDelayCycles
 166              	.LVL10:
 167:.\Generated_Source\PSoC5/cyfitter_cfg.c **** 	{ 
 167              		.loc 1 167 0 discriminator 4
 168 004c 013D     		subs	r5, r5, #1
 169              	.LVL11:
 170              	.L9:
 167:.\Generated_Source\PSoC5/cyfitter_cfg.c **** 	{ 
 171              		.loc 1 167 0 is_stmt 0 discriminator 1
 172 004e 0DB1     		cbz	r5, .L10
ARM GAS  C:\Users\ologa\AppData\Local\Temp\ccsVYH6e.s 			page 8


 167:.\Generated_Source\PSoC5/cyfitter_cfg.c **** 	{ 
 173              		.loc 1 167 0 discriminator 3
 174 0050 032C     		cmp	r4, #3
 175 0052 EFD1     		bne	.L11
 176              	.L10:
 173:.\Generated_Source\PSoC5/cyfitter_cfg.c **** 	{
 177              		.loc 1 173 0 is_stmt 1
 178 0054 15B9     		cbnz	r5, .L12
 175:.\Generated_Source\PSoC5/cyfitter_cfg.c **** 	}
 179              		.loc 1 175 0
 180 0056 0320     		movs	r0, #3
 181 0058 FFF7FEFF 		bl	CyClockStartupError
 182              	.LVL12:
 183              	.L12:
 179:.\Generated_Source\PSoC5/cyfitter_cfg.c **** 	CY_SET_XTND_REG8((void CYFAR *)(CYREG_CLKDIST_MSTR0), 0x07u);
 184              		.loc 1 179 0
 185 005c 0D4B     		ldr	r3, .L14+20
 186 005e 4FF48072 		mov	r2, #256
 187 0062 1A80     		strh	r2, [r3]	@ movhi
 180:.\Generated_Source\PSoC5/cyfitter_cfg.c **** 	CY_SET_XTND_REG8((void CYFAR *)(CYREG_CLKDIST_BCFG0), 0x00u);
 188              		.loc 1 180 0
 189 0064 0722     		movs	r2, #7
 190 0066 1A70     		strb	r2, [r3]
 181:.\Generated_Source\PSoC5/cyfitter_cfg.c **** 	CY_SET_XTND_REG8((void CYFAR *)(CYREG_CLKDIST_BCFG2), 0x48u);
 191              		.loc 1 181 0
 192 0068 0022     		movs	r2, #0
 193 006a 0B49     		ldr	r1, .L14+24
 194 006c 0A70     		strb	r2, [r1]
 182:.\Generated_Source\PSoC5/cyfitter_cfg.c **** 	CY_SET_XTND_REG8((void CYFAR *)(CYREG_CLKDIST_MSTR0), 0x00u);
 195              		.loc 1 182 0
 196 006e 4820     		movs	r0, #72
 197 0070 0231     		adds	r1, r1, #2
 198 0072 0870     		strb	r0, [r1]
 183:.\Generated_Source\PSoC5/cyfitter_cfg.c **** 	CY_SET_XTND_REG8((void CYFAR *)(CYREG_CLKDIST_LD), 0x02u);
 199              		.loc 1 183 0
 200 0074 1A70     		strb	r2, [r3]
 184:.\Generated_Source\PSoC5/cyfitter_cfg.c **** }
 201              		.loc 1 184 0
 202 0076 0222     		movs	r2, #2
 203 0078 033B     		subs	r3, r3, #3
 204 007a 1A70     		strb	r2, [r3]
 205 007c 38BD     		pop	{r3, r4, r5, pc}
 206              	.LVL13:
 207              	.L15:
 208 007e 00BF     		.align	2
 209              	.L14:
 210 0080 00430040 		.word	1073758976
 211 0084 08010049 		.word	1224737032
 212 0088 A1460040 		.word	1073759905
 213 008c 22420040 		.word	1073758754
 214 0090 25420040 		.word	1073758757
 215 0094 04400040 		.word	1073758212
 216 0098 06400040 		.word	1073758214
 217              		.cfi_endproc
 218              	.LFE4:
 219              		.size	ClockSetup, .-ClockSetup
 220              		.section	.text.CYCONFIGCPY,"ax",%progbits
ARM GAS  C:\Users\ologa\AppData\Local\Temp\ccsVYH6e.s 			page 9


 221              		.align	2
 222              		.thumb
 223              		.thumb_func
 224              		.type	CYCONFIGCPY, %function
 225              	CYCONFIGCPY:
 226              	.LFB1:
  70:.\Generated_Source\PSoC5/cyfitter_cfg.c **** 	(void)memcpy(dest, src, n);
 227              		.loc 1 70 0
 228              		.cfi_startproc
 229              		@ args = 0, pretend = 0, frame = 0
 230              		@ frame_needed = 0, uses_anonymous_args = 0
 231              	.LVL14:
 232 0000 08B5     		push	{r3, lr}
 233              		.cfi_def_cfa_offset 8
 234              		.cfi_offset 3, -8
 235              		.cfi_offset 14, -4
  71:.\Generated_Source\PSoC5/cyfitter_cfg.c **** }
 236              		.loc 1 71 0
 237 0002 FFF7FEFF 		bl	memcpy
 238              	.LVL15:
 239 0006 08BD     		pop	{r3, pc}
 240              		.cfi_endproc
 241              	.LFE1:
 242              		.size	CYCONFIGCPY, .-CYCONFIGCPY
 243              		.section	.text.SetAnalogRoutingPumps,"ax",%progbits
 244              		.align	2
 245              		.global	SetAnalogRoutingPumps
 246              		.thumb
 247              		.thumb_func
 248              		.type	SetAnalogRoutingPumps, %function
 249              	SetAnalogRoutingPumps:
 250              	.LFB6:
 213:.\Generated_Source\PSoC5/cyfitter_cfg.c **** }
 214:.\Generated_Source\PSoC5/cyfitter_cfg.c **** 
 215:.\Generated_Source\PSoC5/cyfitter_cfg.c **** 
 216:.\Generated_Source\PSoC5/cyfitter_cfg.c **** /*******************************************************************************
 217:.\Generated_Source\PSoC5/cyfitter_cfg.c **** * Function Name: SetAnalogRoutingPumps
 218:.\Generated_Source\PSoC5/cyfitter_cfg.c **** ********************************************************************************
 219:.\Generated_Source\PSoC5/cyfitter_cfg.c **** *
 220:.\Generated_Source\PSoC5/cyfitter_cfg.c **** * Summary:
 221:.\Generated_Source\PSoC5/cyfitter_cfg.c **** * Enables or disables the analog pumps feeding analog routing switches.
 222:.\Generated_Source\PSoC5/cyfitter_cfg.c **** * Intended to be called at startup, based on the Vdda system configuration;
 223:.\Generated_Source\PSoC5/cyfitter_cfg.c **** * may be called during operation when the user informs us that the Vdda voltage
 224:.\Generated_Source\PSoC5/cyfitter_cfg.c **** * crossed the pump threshold.
 225:.\Generated_Source\PSoC5/cyfitter_cfg.c **** *
 226:.\Generated_Source\PSoC5/cyfitter_cfg.c **** * Parameters:
 227:.\Generated_Source\PSoC5/cyfitter_cfg.c **** *  enabled - 1 to enable the pumps, 0 to disable the pumps
 228:.\Generated_Source\PSoC5/cyfitter_cfg.c **** *
 229:.\Generated_Source\PSoC5/cyfitter_cfg.c **** * Return:
 230:.\Generated_Source\PSoC5/cyfitter_cfg.c **** *  void
 231:.\Generated_Source\PSoC5/cyfitter_cfg.c **** *
 232:.\Generated_Source\PSoC5/cyfitter_cfg.c **** *******************************************************************************/
 233:.\Generated_Source\PSoC5/cyfitter_cfg.c **** void SetAnalogRoutingPumps(uint8 enabled)
 234:.\Generated_Source\PSoC5/cyfitter_cfg.c **** {
 251              		.loc 1 234 0
 252              		.cfi_startproc
 253              		@ args = 0, pretend = 0, frame = 0
ARM GAS  C:\Users\ologa\AppData\Local\Temp\ccsVYH6e.s 			page 10


 254              		@ frame_needed = 0, uses_anonymous_args = 0
 255              		@ link register save eliminated.
 256              	.LVL16:
 235:.\Generated_Source\PSoC5/cyfitter_cfg.c **** 	uint8 regValue = CY_GET_XTND_REG8((void CYFAR *)CYREG_PUMP_CR0);
 257              		.loc 1 235 0
 258 0000 024A     		ldr	r2, .L19
 259 0002 1378     		ldrb	r3, [r2]	@ zero_extendqisi2
 260 0004 DBB2     		uxtb	r3, r3
 261              	.LVL17:
 236:.\Generated_Source\PSoC5/cyfitter_cfg.c **** 	if (enabled != 0u)
 237:.\Generated_Source\PSoC5/cyfitter_cfg.c **** 	{
 238:.\Generated_Source\PSoC5/cyfitter_cfg.c **** 		regValue |= 0x00u;
 239:.\Generated_Source\PSoC5/cyfitter_cfg.c **** 	}
 240:.\Generated_Source\PSoC5/cyfitter_cfg.c **** 	else
 241:.\Generated_Source\PSoC5/cyfitter_cfg.c **** 	{
 242:.\Generated_Source\PSoC5/cyfitter_cfg.c **** 		regValue &= (uint8)~0x00u;
 243:.\Generated_Source\PSoC5/cyfitter_cfg.c **** 	}
 244:.\Generated_Source\PSoC5/cyfitter_cfg.c **** 	CY_SET_XTND_REG8((void CYFAR *)CYREG_PUMP_CR0, regValue);
 262              		.loc 1 244 0
 263 0006 1370     		strb	r3, [r2]
 264 0008 7047     		bx	lr
 265              	.L20:
 266 000a 00BF     		.align	2
 267              	.L19:
 268 000c 76580040 		.word	1073764470
 269              		.cfi_endproc
 270              	.LFE6:
 271              		.size	SetAnalogRoutingPumps, .-SetAnalogRoutingPumps
 272              		.section	.text.cyfitter_cfg,"ax",%progbits
 273              		.align	2
 274              		.global	cyfitter_cfg
 275              		.thumb
 276              		.thumb_func
 277              		.type	cyfitter_cfg, %function
 278              	cyfitter_cfg:
 279              	.LFB7:
 245:.\Generated_Source\PSoC5/cyfitter_cfg.c **** }
 246:.\Generated_Source\PSoC5/cyfitter_cfg.c **** 
 247:.\Generated_Source\PSoC5/cyfitter_cfg.c **** #define CY_AMUX_UNUSED CYREG_BOOST_SR
 248:.\Generated_Source\PSoC5/cyfitter_cfg.c **** 
 249:.\Generated_Source\PSoC5/cyfitter_cfg.c **** 
 250:.\Generated_Source\PSoC5/cyfitter_cfg.c **** /*******************************************************************************
 251:.\Generated_Source\PSoC5/cyfitter_cfg.c **** * Function Name: cyfitter_cfg
 252:.\Generated_Source\PSoC5/cyfitter_cfg.c **** ********************************************************************************
 253:.\Generated_Source\PSoC5/cyfitter_cfg.c **** * Summary:
 254:.\Generated_Source\PSoC5/cyfitter_cfg.c **** *  This function is called by the start-up code for the selected device. It
 255:.\Generated_Source\PSoC5/cyfitter_cfg.c **** *  performs all of the necessary device configuration based on the design
 256:.\Generated_Source\PSoC5/cyfitter_cfg.c **** *  settings.  This includes settings from the Design Wide Resources (DWR) such
 257:.\Generated_Source\PSoC5/cyfitter_cfg.c **** *  as Clocks and Pins as well as any component configuration that is necessary.
 258:.\Generated_Source\PSoC5/cyfitter_cfg.c **** *
 259:.\Generated_Source\PSoC5/cyfitter_cfg.c **** * Parameters:  
 260:.\Generated_Source\PSoC5/cyfitter_cfg.c **** *   void
 261:.\Generated_Source\PSoC5/cyfitter_cfg.c **** *
 262:.\Generated_Source\PSoC5/cyfitter_cfg.c **** * Return:
 263:.\Generated_Source\PSoC5/cyfitter_cfg.c **** *   void
 264:.\Generated_Source\PSoC5/cyfitter_cfg.c **** *
 265:.\Generated_Source\PSoC5/cyfitter_cfg.c **** *******************************************************************************/
ARM GAS  C:\Users\ologa\AppData\Local\Temp\ccsVYH6e.s 			page 11


 266:.\Generated_Source\PSoC5/cyfitter_cfg.c **** 
 267:.\Generated_Source\PSoC5/cyfitter_cfg.c **** void cyfitter_cfg(void)
 268:.\Generated_Source\PSoC5/cyfitter_cfg.c **** {
 280              		.loc 1 268 0
 281              		.cfi_startproc
 282              		@ args = 0, pretend = 0, frame = 0
 283              		@ frame_needed = 0, uses_anonymous_args = 0
 284 0000 70B5     		push	{r4, r5, r6, lr}
 285              		.cfi_def_cfa_offset 16
 286              		.cfi_offset 4, -16
 287              		.cfi_offset 5, -12
 288              		.cfi_offset 6, -8
 289              		.cfi_offset 14, -4
 269:.\Generated_Source\PSoC5/cyfitter_cfg.c **** #ifdef CYGlobalIntDisable
 270:.\Generated_Source\PSoC5/cyfitter_cfg.c **** 	/* Disable interrupts by default. Let user enable if/when they want. */
 271:.\Generated_Source\PSoC5/cyfitter_cfg.c **** 	CYGlobalIntDisable
 290              		.loc 1 271 0
 291              	@ 271 ".\Generated_Source\PSoC5\cyfitter_cfg.c" 1
 292 0002 72B6     		CPSID   i
 293              	@ 0 "" 2
 294              	.LVL18:
 295              		.thumb
 296              	.LBB2:
 272:.\Generated_Source\PSoC5/cyfitter_cfg.c **** #endif
 273:.\Generated_Source\PSoC5/cyfitter_cfg.c **** 
 274:.\Generated_Source\PSoC5/cyfitter_cfg.c **** 	{
 275:.\Generated_Source\PSoC5/cyfitter_cfg.c **** 
 276:.\Generated_Source\PSoC5/cyfitter_cfg.c **** 		CYPACKED typedef struct {
 277:.\Generated_Source\PSoC5/cyfitter_cfg.c **** 			void CYFAR *address;
 278:.\Generated_Source\PSoC5/cyfitter_cfg.c **** 			uint16 size;
 279:.\Generated_Source\PSoC5/cyfitter_cfg.c **** 		} CYPACKED_ATTR cfg_memset_t;
 280:.\Generated_Source\PSoC5/cyfitter_cfg.c **** 
 281:.\Generated_Source\PSoC5/cyfitter_cfg.c **** 		static const cfg_memset_t CYCODE cfg_memset_list [] = {
 282:.\Generated_Source\PSoC5/cyfitter_cfg.c **** 			/* address, size */
 283:.\Generated_Source\PSoC5/cyfitter_cfg.c **** 			{(void CYFAR *)(CYREG_PRT0_DR), 96u},
 284:.\Generated_Source\PSoC5/cyfitter_cfg.c **** 			{(void CYFAR *)(CYREG_PRT12_DR), 16u},
 285:.\Generated_Source\PSoC5/cyfitter_cfg.c **** 			{(void CYFAR *)(CYREG_PRT15_DR), 16u},
 286:.\Generated_Source\PSoC5/cyfitter_cfg.c **** 			{(void CYFAR *)(CYDEV_UCFG_B0_P0_U0_BASE), 4096u},
 287:.\Generated_Source\PSoC5/cyfitter_cfg.c **** 			{(void CYFAR *)(CYDEV_UCFG_B1_P2_U0_BASE), 2048u},
 288:.\Generated_Source\PSoC5/cyfitter_cfg.c **** 			{(void CYFAR *)(CYDEV_UCFG_DSI0_BASE), 2560u},
 289:.\Generated_Source\PSoC5/cyfitter_cfg.c **** 			{(void CYFAR *)(CYDEV_UCFG_DSI12_BASE), 512u},
 290:.\Generated_Source\PSoC5/cyfitter_cfg.c **** 			{(void CYFAR *)(CYREG_BCTL0_MDCLK_EN), 32u},
 291:.\Generated_Source\PSoC5/cyfitter_cfg.c **** 		};
 292:.\Generated_Source\PSoC5/cyfitter_cfg.c **** 
 293:.\Generated_Source\PSoC5/cyfitter_cfg.c **** 		uint8 CYDATA i;
 294:.\Generated_Source\PSoC5/cyfitter_cfg.c **** 
 295:.\Generated_Source\PSoC5/cyfitter_cfg.c **** 		/* Zero out critical memory blocks before beginning configuration */
 296:.\Generated_Source\PSoC5/cyfitter_cfg.c **** 		for (i = 0u; i < (sizeof(cfg_memset_list)/sizeof(cfg_memset_list[0])); i++)
 297              		.loc 1 296 0
 298 0004 0024     		movs	r4, #0
 299 0006 0CE0     		b	.L22
 300              	.LVL19:
 301              	.L23:
 302              	.LBB3:
 297:.\Generated_Source\PSoC5/cyfitter_cfg.c **** 		{
 298:.\Generated_Source\PSoC5/cyfitter_cfg.c **** 			const cfg_memset_t CYCODE * CYDATA ms = &cfg_memset_list[i];
 299:.\Generated_Source\PSoC5/cyfitter_cfg.c **** 			CYMEMZERO(ms->address, (size_t)(uint32)(ms->size));
ARM GAS  C:\Users\ologa\AppData\Local\Temp\ccsVYH6e.s 			page 12


 303              		.loc 1 299 0 discriminator 3
 304 0008 2049     		ldr	r1, .L25
 305 000a 6300     		lsls	r3, r4, #1
 306 000c 1A19     		adds	r2, r3, r4
 307 000e 5200     		lsls	r2, r2, #1
 308 0010 0A44     		add	r2, r2, r1
 309 0012 2344     		add	r3, r3, r4
 310 0014 5B00     		lsls	r3, r3, #1
 311 0016 C858     		ldr	r0, [r1, r3]	@ unaligned
 312 0018 9188     		ldrh	r1, [r2, #4]
 313 001a FFF7FEFF 		bl	CYMEMZERO
 314              	.LVL20:
 315              	.LBE3:
 296:.\Generated_Source\PSoC5/cyfitter_cfg.c **** 		{
 316              		.loc 1 296 0 discriminator 3
 317 001e 0134     		adds	r4, r4, #1
 318              	.LVL21:
 319 0020 E4B2     		uxtb	r4, r4
 320              	.LVL22:
 321              	.L22:
 296:.\Generated_Source\PSoC5/cyfitter_cfg.c **** 		{
 322              		.loc 1 296 0 is_stmt 0 discriminator 1
 323 0022 072C     		cmp	r4, #7
 324 0024 F0D9     		bls	.L23
 300:.\Generated_Source\PSoC5/cyfitter_cfg.c **** 		}
 301:.\Generated_Source\PSoC5/cyfitter_cfg.c **** 
 302:.\Generated_Source\PSoC5/cyfitter_cfg.c **** 		/* Enable digital routing */
 303:.\Generated_Source\PSoC5/cyfitter_cfg.c **** 		CY_SET_XTND_REG8((void CYFAR *)CYREG_BCTL0_BANK_CTL, CY_GET_XTND_REG8((void CYFAR *)CYREG_BCTL0_B
 325              		.loc 1 303 0 is_stmt 1
 326 0026 1A4A     		ldr	r2, .L25+4
 327 0028 1378     		ldrb	r3, [r2]	@ zero_extendqisi2
 328 002a 43F00203 		orr	r3, r3, #2
 329 002e 1370     		strb	r3, [r2]
 304:.\Generated_Source\PSoC5/cyfitter_cfg.c **** 		CY_SET_XTND_REG8((void CYFAR *)CYREG_BCTL1_BANK_CTL, CY_GET_XTND_REG8((void CYFAR *)CYREG_BCTL1_B
 330              		.loc 1 304 0
 331 0030 1032     		adds	r2, r2, #16
 332 0032 1378     		ldrb	r3, [r2]	@ zero_extendqisi2
 333 0034 43F00203 		orr	r3, r3, #2
 334 0038 1370     		strb	r3, [r2]
 305:.\Generated_Source\PSoC5/cyfitter_cfg.c **** 
 306:.\Generated_Source\PSoC5/cyfitter_cfg.c **** 		/* Enable UDB array */
 307:.\Generated_Source\PSoC5/cyfitter_cfg.c **** 		CY_SET_XTND_REG8((void CYFAR *)CYREG_PM_ACT_CFG0, CY_GET_XTND_REG8((void CYFAR *)CYREG_PM_ACT_CFG
 335              		.loc 1 307 0
 336 003a 164C     		ldr	r4, .L25+8
 337              	.LVL23:
 338 003c 2378     		ldrb	r3, [r4]	@ zero_extendqisi2
 339 003e 43F04003 		orr	r3, r3, #64
 340 0042 2370     		strb	r3, [r4]
 308:.\Generated_Source\PSoC5/cyfitter_cfg.c **** 		CY_SET_XTND_REG8((void CYFAR *)CYREG_PM_AVAIL_CR2, CY_GET_XTND_REG8((void CYFAR *)CYREG_PM_AVAIL_
 341              		.loc 1 308 0
 342 0044 A2F58632 		sub	r2, r2, #68608
 343 0048 513A     		subs	r2, r2, #81
 344 004a 1378     		ldrb	r3, [r2]	@ zero_extendqisi2
 345 004c 43F01003 		orr	r3, r3, #16
 346 0050 1370     		strb	r3, [r2]
 347              	.LBE2:
 309:.\Generated_Source\PSoC5/cyfitter_cfg.c **** 	}
ARM GAS  C:\Users\ologa\AppData\Local\Temp\ccsVYH6e.s 			page 13


 310:.\Generated_Source\PSoC5/cyfitter_cfg.c **** 
 311:.\Generated_Source\PSoC5/cyfitter_cfg.c **** 
 312:.\Generated_Source\PSoC5/cyfitter_cfg.c **** 	/* Perform second pass device configuration. These items must be configured in specific order afte
 313:.\Generated_Source\PSoC5/cyfitter_cfg.c **** 	CYCONFIGCPY((void CYFAR *)(CYREG_PRT6_DM0), (const void CYFAR *)(BS_IOPINS0_6_VAL), 8u);
 348              		.loc 1 313 0
 349 0052 1148     		ldr	r0, .L25+12
 350 0054 4FF09041 		mov	r1, #1207959552
 351 0058 0822     		movs	r2, #8
 352 005a FFF7FEFF 		bl	CYCONFIGCPY
 353              	.LVL24:
 314:.\Generated_Source\PSoC5/cyfitter_cfg.c **** 	/* Switch Boost to the precision bandgap reference from its internal reference */
 315:.\Generated_Source\PSoC5/cyfitter_cfg.c **** 	CY_SET_REG8((void CYXDATA *)CYREG_BOOST_CR2, (CY_GET_REG8((void CYXDATA *)CYREG_BOOST_CR2) | 0x08u
 354              		.loc 1 315 0
 355 005e 0F4A     		ldr	r2, .L25+16
 356 0060 1378     		ldrb	r3, [r2]	@ zero_extendqisi2
 357 0062 43F00803 		orr	r3, r3, #8
 358 0066 1370     		strb	r3, [r2]
 316:.\Generated_Source\PSoC5/cyfitter_cfg.c **** 
 317:.\Generated_Source\PSoC5/cyfitter_cfg.c **** 	/* Set Flash Cycles based on max possible frequency in case a glitch occurs during ClockSetup(). *
 318:.\Generated_Source\PSoC5/cyfitter_cfg.c **** 	CY_SET_XTND_REG8((void CYFAR *)(CYREG_CACHE_CC_CTL), (((CYDEV_INSTRUCT_CACHE_ENABLED) != 0) ? 0x01
 359              		.loc 1 318 0
 360 0068 0D4E     		ldr	r6, .L25+20
 361 006a 0125     		movs	r5, #1
 362 006c 3570     		strb	r5, [r6]
 319:.\Generated_Source\PSoC5/cyfitter_cfg.c **** 	/* Setup clocks based on selections from Clock DWR */
 320:.\Generated_Source\PSoC5/cyfitter_cfg.c **** 	ClockSetup();
 363              		.loc 1 320 0
 364 006e FFF7FEFF 		bl	ClockSetup
 365              	.LVL25:
 321:.\Generated_Source\PSoC5/cyfitter_cfg.c **** 	/* Set Flash Cycles based on newly configured 24.00MHz Bus Clock. */
 322:.\Generated_Source\PSoC5/cyfitter_cfg.c **** 	CY_SET_XTND_REG8((void CYFAR *)(CYREG_CACHE_CC_CTL), (((CYDEV_INSTRUCT_CACHE_ENABLED) != 0) ? 0x81
 366              		.loc 1 322 0
 367 0072 8123     		movs	r3, #129
 368 0074 3370     		strb	r3, [r6]
 323:.\Generated_Source\PSoC5/cyfitter_cfg.c **** 	CY_SET_XTND_REG8((void CYFAR *)(CYREG_PANTHER_WAITPIPE), 0x01u);
 369              		.loc 1 323 0
 370 0076 0B4B     		ldr	r3, .L25+24
 371 0078 1D70     		strb	r5, [r3]
 324:.\Generated_Source\PSoC5/cyfitter_cfg.c **** 
 325:.\Generated_Source\PSoC5/cyfitter_cfg.c **** 	/* Perform basic analog initialization to defaults */
 326:.\Generated_Source\PSoC5/cyfitter_cfg.c **** 	AnalogSetDefault();
 372              		.loc 1 326 0
 373 007a FFF7FEFF 		bl	AnalogSetDefault
 374              	.LVL26:
 327:.\Generated_Source\PSoC5/cyfitter_cfg.c **** 
 328:.\Generated_Source\PSoC5/cyfitter_cfg.c **** 	/* Configure alternate active mode */
 329:.\Generated_Source\PSoC5/cyfitter_cfg.c **** 	CYCONFIGCPY((void CYFAR *)CYDEV_PM_STBY_BASE, (const void CYFAR *)CYDEV_PM_ACT_BASE, 14u);
 375              		.loc 1 329 0
 376 007e 0A48     		ldr	r0, .L25+28
 377 0080 2146     		mov	r1, r4
 378 0082 0E22     		movs	r2, #14
 379 0084 FFF7FEFF 		bl	CYCONFIGCPY
 380              	.LVL27:
 381 0088 70BD     		pop	{r4, r5, r6, pc}
 382              	.L26:
 383 008a 00BF     		.align	2
 384              	.L25:
ARM GAS  C:\Users\ologa\AppData\Local\Temp\ccsVYH6e.s 			page 14


 385 008c 00000000 		.word	.LANCHOR0
 386 0090 03500140 		.word	1073827843
 387 0094 A0430040 		.word	1073759136
 388 0098 62510040 		.word	1073762658
 389 009c 22430040 		.word	1073759010
 390 00a0 00480040 		.word	1073760256
 391 00a4 04000840 		.word	1074266116
 392 00a8 B0430040 		.word	1073759152
 393              		.cfi_endproc
 394              	.LFE7:
 395              		.size	cyfitter_cfg, .-cyfitter_cfg
 396              		.section	.rodata
 397              		.align	2
 398              		.set	.LANCHOR0,. + 0
 399              		.type	cfg_memset_list.4859, %object
 400              		.size	cfg_memset_list.4859, 48
 401              	cfg_memset_list.4859:
 402 0000 00510040 		.word	1073762560
 403 0004 6000     		.short	96
 404 0006 C0510040 		.4byte	1073762752
 405 000a 1000     		.short	16
 406 000c F0510040 		.word	1073762800
 407 0010 1000     		.short	16
 408 0012 00000140 		.4byte	1073807360
 409 0016 0010     		.short	4096
 410 0018 00140140 		.word	1073812480
 411 001c 0008     		.short	2048
 412 001e 00400140 		.4byte	1073823744
 413 0022 000A     		.short	2560
 414 0024 004C0140 		.word	1073826816
 415 0028 0002     		.short	512
 416 002a 00500140 		.4byte	1073827840
 417 002e 2000     		.short	32
 418              		.text
 419              	.Letext0:
 420              		.file 2 "c:\\program files (x86)\\cypress\\psoc creator\\3.3\\psoc creator\\import\\gnu\\arm\\4.9.
 421              		.file 3 ".\\Generated_Source\\PSoC5\\cytypes.h"
 422              		.file 4 ".\\Generated_Source\\PSoC5\\CyLib.h"
 423              		.section	.debug_info,"",%progbits
 424              	.Ldebug_info0:
 425 0000 AC030000 		.4byte	0x3ac
 426 0004 0400     		.2byte	0x4
 427 0006 00000000 		.4byte	.Ldebug_abbrev0
 428 000a 04       		.byte	0x4
 429 000b 01       		.uleb128 0x1
 430 000c 09010000 		.4byte	.LASF39
 431 0010 01       		.byte	0x1
 432 0011 45020000 		.4byte	.LASF40
 433 0015 FB010000 		.4byte	.LASF41
 434 0019 00000000 		.4byte	.Ldebug_ranges0+0
 435 001d 00000000 		.4byte	0
 436 0021 00000000 		.4byte	.Ldebug_line0
 437 0025 02       		.uleb128 0x2
 438 0026 04       		.byte	0x4
 439 0027 05       		.byte	0x5
 440 0028 696E7400 		.ascii	"int\000"
 441 002c 03       		.uleb128 0x3
ARM GAS  C:\Users\ologa\AppData\Local\Temp\ccsVYH6e.s 			page 15


 442 002d 14000000 		.4byte	.LASF11
 443 0031 02       		.byte	0x2
 444 0032 D4       		.byte	0xd4
 445 0033 37000000 		.4byte	0x37
 446 0037 04       		.uleb128 0x4
 447 0038 04       		.byte	0x4
 448 0039 07       		.byte	0x7
 449 003a 97010000 		.4byte	.LASF0
 450 003e 04       		.uleb128 0x4
 451 003f 01       		.byte	0x1
 452 0040 06       		.byte	0x6
 453 0041 95020000 		.4byte	.LASF1
 454 0045 04       		.uleb128 0x4
 455 0046 01       		.byte	0x1
 456 0047 08       		.byte	0x8
 457 0048 CB000000 		.4byte	.LASF2
 458 004c 04       		.uleb128 0x4
 459 004d 02       		.byte	0x2
 460 004e 05       		.byte	0x5
 461 004f E7000000 		.4byte	.LASF3
 462 0053 04       		.uleb128 0x4
 463 0054 02       		.byte	0x2
 464 0055 07       		.byte	0x7
 465 0056 4F000000 		.4byte	.LASF4
 466 005a 04       		.uleb128 0x4
 467 005b 04       		.byte	0x4
 468 005c 05       		.byte	0x5
 469 005d 75020000 		.4byte	.LASF5
 470 0061 04       		.uleb128 0x4
 471 0062 04       		.byte	0x4
 472 0063 07       		.byte	0x7
 473 0064 93000000 		.4byte	.LASF6
 474 0068 04       		.uleb128 0x4
 475 0069 08       		.byte	0x8
 476 006a 05       		.byte	0x5
 477 006b E6010000 		.4byte	.LASF7
 478 006f 04       		.uleb128 0x4
 479 0070 08       		.byte	0x8
 480 0071 07       		.byte	0x7
 481 0072 B9010000 		.4byte	.LASF8
 482 0076 04       		.uleb128 0x4
 483 0077 04       		.byte	0x4
 484 0078 07       		.byte	0x7
 485 0079 DD010000 		.4byte	.LASF9
 486 007d 05       		.uleb128 0x5
 487 007e 04       		.byte	0x4
 488 007f 04       		.uleb128 0x4
 489 0080 01       		.byte	0x1
 490 0081 08       		.byte	0x8
 491 0082 7E020000 		.4byte	.LASF10
 492 0086 06       		.uleb128 0x6
 493 0087 A5000000 		.4byte	.LASF12
 494 008b 03       		.byte	0x3
 495 008c 9201     		.2byte	0x192
 496 008e 45000000 		.4byte	0x45
 497 0092 06       		.uleb128 0x6
 498 0093 F1000000 		.4byte	.LASF13
ARM GAS  C:\Users\ologa\AppData\Local\Temp\ccsVYH6e.s 			page 16


 499 0097 03       		.byte	0x3
 500 0098 9301     		.2byte	0x193
 501 009a 53000000 		.4byte	0x53
 502 009e 06       		.uleb128 0x6
 503 009f 02010000 		.4byte	.LASF14
 504 00a3 03       		.byte	0x3
 505 00a4 9401     		.2byte	0x194
 506 00a6 61000000 		.4byte	0x61
 507 00aa 04       		.uleb128 0x4
 508 00ab 04       		.byte	0x4
 509 00ac 04       		.byte	0x4
 510 00ad 6A000000 		.4byte	.LASF15
 511 00b1 04       		.uleb128 0x4
 512 00b2 08       		.byte	0x8
 513 00b3 04       		.byte	0x4
 514 00b4 E0000000 		.4byte	.LASF16
 515 00b8 06       		.uleb128 0x6
 516 00b9 8E000000 		.4byte	.LASF17
 517 00bd 03       		.byte	0x3
 518 00be 3C02     		.2byte	0x23c
 519 00c0 C4000000 		.4byte	0xc4
 520 00c4 07       		.uleb128 0x7
 521 00c5 86000000 		.4byte	0x86
 522 00c9 06       		.uleb128 0x6
 523 00ca 00000000 		.4byte	.LASF18
 524 00ce 03       		.byte	0x3
 525 00cf 3D02     		.2byte	0x23d
 526 00d1 D5000000 		.4byte	0xd5
 527 00d5 07       		.uleb128 0x7
 528 00d6 92000000 		.4byte	0x92
 529 00da 08       		.uleb128 0x8
 530 00db 70000000 		.4byte	.LASF19
 531 00df 01       		.byte	0x1
 532 00e0 6C       		.byte	0x6c
 533 00e1 00000000 		.4byte	.LFB3
 534 00e5 02000000 		.4byte	.LFE3-.LFB3
 535 00e9 01       		.uleb128 0x1
 536 00ea 9C       		.byte	0x9c
 537 00eb FD000000 		.4byte	0xfd
 538 00ef 09       		.uleb128 0x9
 539 00f0 F8000000 		.4byte	.LASF22
 540 00f4 01       		.byte	0x1
 541 00f5 6C       		.byte	0x6c
 542 00f6 86000000 		.4byte	0x86
 543 00fa 01       		.uleb128 0x1
 544 00fb 50       		.byte	0x50
 545 00fc 00       		.byte	0
 546 00fd 08       		.uleb128 0x8
 547 00fe 1B000000 		.4byte	.LASF20
 548 0102 01       		.byte	0x1
 549 0103 CF       		.byte	0xcf
 550 0104 00000000 		.4byte	.LFB5
 551 0108 28000000 		.4byte	.LFE5-.LFB5
 552 010c 01       		.uleb128 0x1
 553 010d 9C       		.byte	0x9c
 554 010e 22010000 		.4byte	0x122
 555 0112 0A       		.uleb128 0xa
ARM GAS  C:\Users\ologa\AppData\Local\Temp\ccsVYH6e.s 			page 17


 556 0113 83020000 		.4byte	.LASF24
 557 0117 01       		.byte	0x1
 558 0118 D1       		.byte	0xd1
 559 0119 86000000 		.4byte	0x86
 560 011d 00000000 		.4byte	.LLST0
 561 0121 00       		.byte	0
 562 0122 08       		.uleb128 0x8
 563 0123 AB000000 		.4byte	.LASF21
 564 0127 01       		.byte	0x1
 565 0128 3E       		.byte	0x3e
 566 0129 00000000 		.4byte	.LFB0
 567 012d 0C000000 		.4byte	.LFE0-.LFB0
 568 0131 01       		.uleb128 0x1
 569 0132 9C       		.byte	0x9c
 570 0133 6F010000 		.4byte	0x16f
 571 0137 0B       		.uleb128 0xb
 572 0138 7300     		.ascii	"s\000"
 573 013a 01       		.byte	0x1
 574 013b 3E       		.byte	0x3e
 575 013c 7D000000 		.4byte	0x7d
 576 0140 13000000 		.4byte	.LLST1
 577 0144 0B       		.uleb128 0xb
 578 0145 6E00     		.ascii	"n\000"
 579 0147 01       		.byte	0x1
 580 0148 3E       		.byte	0x3e
 581 0149 2C000000 		.4byte	0x2c
 582 014d 34000000 		.4byte	.LLST2
 583 0151 0C       		.uleb128 0xc
 584 0152 0A000000 		.4byte	.LVL5
 585 0156 68030000 		.4byte	0x368
 586 015a 0D       		.uleb128 0xd
 587 015b 01       		.uleb128 0x1
 588 015c 52       		.byte	0x52
 589 015d 03       		.uleb128 0x3
 590 015e F3       		.byte	0xf3
 591 015f 01       		.uleb128 0x1
 592 0160 51       		.byte	0x51
 593 0161 0D       		.uleb128 0xd
 594 0162 01       		.uleb128 0x1
 595 0163 51       		.byte	0x51
 596 0164 01       		.uleb128 0x1
 597 0165 30       		.byte	0x30
 598 0166 0D       		.uleb128 0xd
 599 0167 01       		.uleb128 0x1
 600 0168 50       		.byte	0x50
 601 0169 03       		.uleb128 0x3
 602 016a F3       		.byte	0xf3
 603 016b 01       		.uleb128 0x1
 604 016c 50       		.byte	0x50
 605 016d 00       		.byte	0
 606 016e 00       		.byte	0
 607 016f 08       		.uleb128 0x8
 608 0170 44000000 		.4byte	.LASF23
 609 0174 01       		.byte	0x1
 610 0175 94       		.byte	0x94
 611 0176 00000000 		.4byte	.LFB4
 612 017a 9C000000 		.4byte	.LFE4-.LFB4
ARM GAS  C:\Users\ologa\AppData\Local\Temp\ccsVYH6e.s 			page 18


 613 017e 01       		.uleb128 0x1
 614 017f 9C       		.byte	0x9c
 615 0180 C7010000 		.4byte	0x1c7
 616 0184 0A       		.uleb128 0xa
 617 0185 2C000000 		.4byte	.LASF25
 618 0189 01       		.byte	0x1
 619 018a 96       		.byte	0x96
 620 018b 9E000000 		.4byte	0x9e
 621 018f 60000000 		.4byte	.LLST3
 622 0193 0A       		.uleb128 0xa
 623 0194 62000000 		.4byte	.LASF26
 624 0198 01       		.byte	0x1
 625 0199 97       		.byte	0x97
 626 019a 86000000 		.4byte	0x86
 627 019e 7F000000 		.4byte	.LLST4
 628 01a2 0E       		.uleb128 0xe
 629 01a3 4C000000 		.4byte	.LVL10
 630 01a7 85030000 		.4byte	0x385
 631 01ab B7010000 		.4byte	0x1b7
 632 01af 0D       		.uleb128 0xd
 633 01b0 01       		.uleb128 0x1
 634 01b1 50       		.byte	0x50
 635 01b2 03       		.uleb128 0x3
 636 01b3 0A       		.byte	0xa
 637 01b4 E001     		.2byte	0x1e0
 638 01b6 00       		.byte	0
 639 01b7 0C       		.uleb128 0xc
 640 01b8 5C000000 		.4byte	.LVL12
 641 01bc DA000000 		.4byte	0xda
 642 01c0 0D       		.uleb128 0xd
 643 01c1 01       		.uleb128 0x1
 644 01c2 50       		.byte	0x50
 645 01c3 01       		.uleb128 0x1
 646 01c4 33       		.byte	0x33
 647 01c5 00       		.byte	0
 648 01c6 00       		.byte	0
 649 01c7 08       		.uleb128 0x8
 650 01c8 AA020000 		.4byte	.LASF27
 651 01cc 01       		.byte	0x1
 652 01cd 45       		.byte	0x45
 653 01ce 00000000 		.4byte	.LFB1
 654 01d2 08000000 		.4byte	.LFE1-.LFB1
 655 01d6 01       		.uleb128 0x1
 656 01d7 9C       		.byte	0x9c
 657 01d8 27020000 		.4byte	0x227
 658 01dc 0F       		.uleb128 0xf
 659 01dd 84000000 		.4byte	.LASF28
 660 01e1 01       		.byte	0x1
 661 01e2 45       		.byte	0x45
 662 01e3 7D000000 		.4byte	0x7d
 663 01e7 A9000000 		.4byte	.LLST5
 664 01eb 0B       		.uleb128 0xb
 665 01ec 73726300 		.ascii	"src\000"
 666 01f0 01       		.byte	0x1
 667 01f1 45       		.byte	0x45
 668 01f2 27020000 		.4byte	0x227
 669 01f6 CA000000 		.4byte	.LLST6
ARM GAS  C:\Users\ologa\AppData\Local\Temp\ccsVYH6e.s 			page 19


 670 01fa 0B       		.uleb128 0xb
 671 01fb 6E00     		.ascii	"n\000"
 672 01fd 01       		.byte	0x1
 673 01fe 45       		.byte	0x45
 674 01ff 2C000000 		.4byte	0x2c
 675 0203 EB000000 		.4byte	.LLST7
 676 0207 0C       		.uleb128 0xc
 677 0208 06000000 		.4byte	.LVL15
 678 020c 96030000 		.4byte	0x396
 679 0210 0D       		.uleb128 0xd
 680 0211 01       		.uleb128 0x1
 681 0212 52       		.byte	0x52
 682 0213 03       		.uleb128 0x3
 683 0214 F3       		.byte	0xf3
 684 0215 01       		.uleb128 0x1
 685 0216 52       		.byte	0x52
 686 0217 0D       		.uleb128 0xd
 687 0218 01       		.uleb128 0x1
 688 0219 51       		.byte	0x51
 689 021a 03       		.uleb128 0x3
 690 021b F3       		.byte	0xf3
 691 021c 01       		.uleb128 0x1
 692 021d 51       		.byte	0x51
 693 021e 0D       		.uleb128 0xd
 694 021f 01       		.uleb128 0x1
 695 0220 50       		.byte	0x50
 696 0221 03       		.uleb128 0x3
 697 0222 F3       		.byte	0xf3
 698 0223 01       		.uleb128 0x1
 699 0224 50       		.byte	0x50
 700 0225 00       		.byte	0
 701 0226 00       		.byte	0
 702 0227 10       		.uleb128 0x10
 703 0228 04       		.byte	0x4
 704 0229 2D020000 		.4byte	0x22d
 705 022d 11       		.uleb128 0x11
 706 022e 12       		.uleb128 0x12
 707 022f B5000000 		.4byte	.LASF31
 708 0233 01       		.byte	0x1
 709 0234 E9       		.byte	0xe9
 710 0235 00000000 		.4byte	.LFB6
 711 0239 10000000 		.4byte	.LFE6-.LFB6
 712 023d 01       		.uleb128 0x1
 713 023e 9C       		.byte	0x9c
 714 023f 5E020000 		.4byte	0x25e
 715 0243 09       		.uleb128 0x9
 716 0244 6D020000 		.4byte	.LASF29
 717 0248 01       		.byte	0x1
 718 0249 E9       		.byte	0xe9
 719 024a 86000000 		.4byte	0x86
 720 024e 01       		.uleb128 0x1
 721 024f 50       		.byte	0x50
 722 0250 13       		.uleb128 0x13
 723 0251 A1020000 		.4byte	.LASF30
 724 0255 01       		.byte	0x1
 725 0256 EB       		.byte	0xeb
 726 0257 86000000 		.4byte	0x86
ARM GAS  C:\Users\ologa\AppData\Local\Temp\ccsVYH6e.s 			page 20


 727 025b 01       		.uleb128 0x1
 728 025c 53       		.byte	0x53
 729 025d 00       		.byte	0
 730 025e 14       		.uleb128 0x14
 731 025f A4010000 		.4byte	.LASF32
 732 0263 01       		.byte	0x1
 733 0264 0B01     		.2byte	0x10b
 734 0266 00000000 		.4byte	.LFB7
 735 026a AC000000 		.4byte	.LFE7-.LFB7
 736 026e 01       		.uleb128 0x1
 737 026f 9C       		.byte	0x9c
 738 0270 68030000 		.4byte	0x368
 739 0274 15       		.uleb128 0x15
 740 0275 04000000 		.4byte	.LBB2
 741 0279 4E000000 		.4byte	.LBE2-.LBB2
 742 027d 14030000 		.4byte	0x314
 743 0281 16       		.uleb128 0x16
 744 0282 06       		.byte	0x6
 745 0283 01       		.byte	0x1
 746 0284 1401     		.2byte	0x114
 747 0286 A5020000 		.4byte	0x2a5
 748 028a 17       		.uleb128 0x17
 749 028b B1010000 		.4byte	.LASF33
 750 028f 01       		.byte	0x1
 751 0290 1501     		.2byte	0x115
 752 0292 7D000000 		.4byte	0x7d
 753 0296 00       		.byte	0
 754 0297 17       		.uleb128 0x17
 755 0298 89000000 		.4byte	.LASF34
 756 029c 01       		.byte	0x1
 757 029d 1601     		.2byte	0x116
 758 029f 92000000 		.4byte	0x92
 759 02a3 04       		.byte	0x4
 760 02a4 00       		.byte	0
 761 02a5 06       		.uleb128 0x6
 762 02a6 D0010000 		.4byte	.LASF35
 763 02aa 01       		.byte	0x1
 764 02ab 1701     		.2byte	0x117
 765 02ad 81020000 		.4byte	0x281
 766 02b1 18       		.uleb128 0x18
 767 02b2 A5020000 		.4byte	0x2a5
 768 02b6 C1020000 		.4byte	0x2c1
 769 02ba 19       		.uleb128 0x19
 770 02bb 76000000 		.4byte	0x76
 771 02bf 07       		.byte	0x7
 772 02c0 00       		.byte	0
 773 02c1 1A       		.uleb128 0x1a
 774 02c2 34000000 		.4byte	.LASF36
 775 02c6 01       		.byte	0x1
 776 02c7 1901     		.2byte	0x119
 777 02c9 D3020000 		.4byte	0x2d3
 778 02cd 05       		.uleb128 0x5
 779 02ce 03       		.byte	0x3
 780 02cf 00000000 		.4byte	cfg_memset_list.4859
 781 02d3 1B       		.uleb128 0x1b
 782 02d4 B1020000 		.4byte	0x2b1
 783 02d8 1C       		.uleb128 0x1c
ARM GAS  C:\Users\ologa\AppData\Local\Temp\ccsVYH6e.s 			page 21


 784 02d9 6900     		.ascii	"i\000"
 785 02db 01       		.byte	0x1
 786 02dc 2501     		.2byte	0x125
 787 02de 86000000 		.4byte	0x86
 788 02e2 0C010000 		.4byte	.LLST8
 789 02e6 1D       		.uleb128 0x1d
 790 02e7 08000000 		.4byte	.LBB3
 791 02eb 16000000 		.4byte	.LBE3-.LBB3
 792 02ef 1C       		.uleb128 0x1c
 793 02f0 6D7300   		.ascii	"ms\000"
 794 02f3 01       		.byte	0x1
 795 02f4 2A01     		.2byte	0x12a
 796 02f6 FE020000 		.4byte	0x2fe
 797 02fa 36010000 		.4byte	.LLST9
 798 02fe 10       		.uleb128 0x10
 799 02ff 04       		.byte	0x4
 800 0300 04030000 		.4byte	0x304
 801 0304 1B       		.uleb128 0x1b
 802 0305 A5020000 		.4byte	0x2a5
 803 0309 1E       		.uleb128 0x1e
 804 030a 1E000000 		.4byte	.LVL20
 805 030e 22010000 		.4byte	0x122
 806 0312 00       		.byte	0
 807 0313 00       		.byte	0
 808 0314 0E       		.uleb128 0xe
 809 0315 5E000000 		.4byte	.LVL24
 810 0319 C7010000 		.4byte	0x1c7
 811 031d 37030000 		.4byte	0x337
 812 0321 0D       		.uleb128 0xd
 813 0322 01       		.uleb128 0x1
 814 0323 52       		.byte	0x52
 815 0324 01       		.uleb128 0x1
 816 0325 38       		.byte	0x38
 817 0326 0D       		.uleb128 0xd
 818 0327 01       		.uleb128 0x1
 819 0328 51       		.byte	0x51
 820 0329 03       		.uleb128 0x3
 821 032a 42       		.byte	0x42
 822 032b 4A       		.byte	0x4a
 823 032c 24       		.byte	0x24
 824 032d 0D       		.uleb128 0xd
 825 032e 01       		.uleb128 0x1
 826 032f 50       		.byte	0x50
 827 0330 05       		.uleb128 0x5
 828 0331 0C       		.byte	0xc
 829 0332 62510040 		.4byte	0x40005162
 830 0336 00       		.byte	0
 831 0337 1E       		.uleb128 0x1e
 832 0338 72000000 		.4byte	.LVL25
 833 033c 6F010000 		.4byte	0x16f
 834 0340 1E       		.uleb128 0x1e
 835 0341 7E000000 		.4byte	.LVL26
 836 0345 FD000000 		.4byte	0xfd
 837 0349 0C       		.uleb128 0xc
 838 034a 88000000 		.4byte	.LVL27
 839 034e C7010000 		.4byte	0x1c7
 840 0352 0D       		.uleb128 0xd
ARM GAS  C:\Users\ologa\AppData\Local\Temp\ccsVYH6e.s 			page 22


 841 0353 01       		.uleb128 0x1
 842 0354 52       		.byte	0x52
 843 0355 01       		.uleb128 0x1
 844 0356 3E       		.byte	0x3e
 845 0357 0D       		.uleb128 0xd
 846 0358 01       		.uleb128 0x1
 847 0359 51       		.byte	0x51
 848 035a 02       		.uleb128 0x2
 849 035b 74       		.byte	0x74
 850 035c 00       		.sleb128 0
 851 035d 0D       		.uleb128 0xd
 852 035e 01       		.uleb128 0x1
 853 035f 50       		.byte	0x50
 854 0360 05       		.uleb128 0x5
 855 0361 0C       		.byte	0xc
 856 0362 B0430040 		.4byte	0x400043b0
 857 0366 00       		.byte	0
 858 0367 00       		.byte	0
 859 0368 1F       		.uleb128 0x1f
 860 0369 D9000000 		.4byte	.LASF37
 861 036d 7D000000 		.4byte	0x7d
 862 0371 85030000 		.4byte	0x385
 863 0375 20       		.uleb128 0x20
 864 0376 7D000000 		.4byte	0x7d
 865 037a 20       		.uleb128 0x20
 866 037b 25000000 		.4byte	0x25
 867 037f 20       		.uleb128 0x20
 868 0380 76000000 		.4byte	0x76
 869 0384 00       		.byte	0
 870 0385 21       		.uleb128 0x21
 871 0386 06000000 		.4byte	.LASF38
 872 038a 04       		.byte	0x4
 873 038b 79       		.byte	0x79
 874 038c 96030000 		.4byte	0x396
 875 0390 20       		.uleb128 0x20
 876 0391 9E000000 		.4byte	0x9e
 877 0395 00       		.byte	0
 878 0396 22       		.uleb128 0x22
 879 0397 F4010000 		.4byte	.LASF42
 880 039b 7D000000 		.4byte	0x7d
 881 039f 20       		.uleb128 0x20
 882 03a0 7D000000 		.4byte	0x7d
 883 03a4 20       		.uleb128 0x20
 884 03a5 27020000 		.4byte	0x227
 885 03a9 20       		.uleb128 0x20
 886 03aa 76000000 		.4byte	0x76
 887 03ae 00       		.byte	0
 888 03af 00       		.byte	0
 889              		.section	.debug_abbrev,"",%progbits
 890              	.Ldebug_abbrev0:
 891 0000 01       		.uleb128 0x1
 892 0001 11       		.uleb128 0x11
 893 0002 01       		.byte	0x1
 894 0003 25       		.uleb128 0x25
 895 0004 0E       		.uleb128 0xe
 896 0005 13       		.uleb128 0x13
 897 0006 0B       		.uleb128 0xb
ARM GAS  C:\Users\ologa\AppData\Local\Temp\ccsVYH6e.s 			page 23


 898 0007 03       		.uleb128 0x3
 899 0008 0E       		.uleb128 0xe
 900 0009 1B       		.uleb128 0x1b
 901 000a 0E       		.uleb128 0xe
 902 000b 55       		.uleb128 0x55
 903 000c 17       		.uleb128 0x17
 904 000d 11       		.uleb128 0x11
 905 000e 01       		.uleb128 0x1
 906 000f 10       		.uleb128 0x10
 907 0010 17       		.uleb128 0x17
 908 0011 00       		.byte	0
 909 0012 00       		.byte	0
 910 0013 02       		.uleb128 0x2
 911 0014 24       		.uleb128 0x24
 912 0015 00       		.byte	0
 913 0016 0B       		.uleb128 0xb
 914 0017 0B       		.uleb128 0xb
 915 0018 3E       		.uleb128 0x3e
 916 0019 0B       		.uleb128 0xb
 917 001a 03       		.uleb128 0x3
 918 001b 08       		.uleb128 0x8
 919 001c 00       		.byte	0
 920 001d 00       		.byte	0
 921 001e 03       		.uleb128 0x3
 922 001f 16       		.uleb128 0x16
 923 0020 00       		.byte	0
 924 0021 03       		.uleb128 0x3
 925 0022 0E       		.uleb128 0xe
 926 0023 3A       		.uleb128 0x3a
 927 0024 0B       		.uleb128 0xb
 928 0025 3B       		.uleb128 0x3b
 929 0026 0B       		.uleb128 0xb
 930 0027 49       		.uleb128 0x49
 931 0028 13       		.uleb128 0x13
 932 0029 00       		.byte	0
 933 002a 00       		.byte	0
 934 002b 04       		.uleb128 0x4
 935 002c 24       		.uleb128 0x24
 936 002d 00       		.byte	0
 937 002e 0B       		.uleb128 0xb
 938 002f 0B       		.uleb128 0xb
 939 0030 3E       		.uleb128 0x3e
 940 0031 0B       		.uleb128 0xb
 941 0032 03       		.uleb128 0x3
 942 0033 0E       		.uleb128 0xe
 943 0034 00       		.byte	0
 944 0035 00       		.byte	0
 945 0036 05       		.uleb128 0x5
 946 0037 0F       		.uleb128 0xf
 947 0038 00       		.byte	0
 948 0039 0B       		.uleb128 0xb
 949 003a 0B       		.uleb128 0xb
 950 003b 00       		.byte	0
 951 003c 00       		.byte	0
 952 003d 06       		.uleb128 0x6
 953 003e 16       		.uleb128 0x16
 954 003f 00       		.byte	0
ARM GAS  C:\Users\ologa\AppData\Local\Temp\ccsVYH6e.s 			page 24


 955 0040 03       		.uleb128 0x3
 956 0041 0E       		.uleb128 0xe
 957 0042 3A       		.uleb128 0x3a
 958 0043 0B       		.uleb128 0xb
 959 0044 3B       		.uleb128 0x3b
 960 0045 05       		.uleb128 0x5
 961 0046 49       		.uleb128 0x49
 962 0047 13       		.uleb128 0x13
 963 0048 00       		.byte	0
 964 0049 00       		.byte	0
 965 004a 07       		.uleb128 0x7
 966 004b 35       		.uleb128 0x35
 967 004c 00       		.byte	0
 968 004d 49       		.uleb128 0x49
 969 004e 13       		.uleb128 0x13
 970 004f 00       		.byte	0
 971 0050 00       		.byte	0
 972 0051 08       		.uleb128 0x8
 973 0052 2E       		.uleb128 0x2e
 974 0053 01       		.byte	0x1
 975 0054 03       		.uleb128 0x3
 976 0055 0E       		.uleb128 0xe
 977 0056 3A       		.uleb128 0x3a
 978 0057 0B       		.uleb128 0xb
 979 0058 3B       		.uleb128 0x3b
 980 0059 0B       		.uleb128 0xb
 981 005a 27       		.uleb128 0x27
 982 005b 19       		.uleb128 0x19
 983 005c 11       		.uleb128 0x11
 984 005d 01       		.uleb128 0x1
 985 005e 12       		.uleb128 0x12
 986 005f 06       		.uleb128 0x6
 987 0060 40       		.uleb128 0x40
 988 0061 18       		.uleb128 0x18
 989 0062 9742     		.uleb128 0x2117
 990 0064 19       		.uleb128 0x19
 991 0065 01       		.uleb128 0x1
 992 0066 13       		.uleb128 0x13
 993 0067 00       		.byte	0
 994 0068 00       		.byte	0
 995 0069 09       		.uleb128 0x9
 996 006a 05       		.uleb128 0x5
 997 006b 00       		.byte	0
 998 006c 03       		.uleb128 0x3
 999 006d 0E       		.uleb128 0xe
 1000 006e 3A       		.uleb128 0x3a
 1001 006f 0B       		.uleb128 0xb
 1002 0070 3B       		.uleb128 0x3b
 1003 0071 0B       		.uleb128 0xb
 1004 0072 49       		.uleb128 0x49
 1005 0073 13       		.uleb128 0x13
 1006 0074 02       		.uleb128 0x2
 1007 0075 18       		.uleb128 0x18
 1008 0076 00       		.byte	0
 1009 0077 00       		.byte	0
 1010 0078 0A       		.uleb128 0xa
 1011 0079 34       		.uleb128 0x34
ARM GAS  C:\Users\ologa\AppData\Local\Temp\ccsVYH6e.s 			page 25


 1012 007a 00       		.byte	0
 1013 007b 03       		.uleb128 0x3
 1014 007c 0E       		.uleb128 0xe
 1015 007d 3A       		.uleb128 0x3a
 1016 007e 0B       		.uleb128 0xb
 1017 007f 3B       		.uleb128 0x3b
 1018 0080 0B       		.uleb128 0xb
 1019 0081 49       		.uleb128 0x49
 1020 0082 13       		.uleb128 0x13
 1021 0083 02       		.uleb128 0x2
 1022 0084 17       		.uleb128 0x17
 1023 0085 00       		.byte	0
 1024 0086 00       		.byte	0
 1025 0087 0B       		.uleb128 0xb
 1026 0088 05       		.uleb128 0x5
 1027 0089 00       		.byte	0
 1028 008a 03       		.uleb128 0x3
 1029 008b 08       		.uleb128 0x8
 1030 008c 3A       		.uleb128 0x3a
 1031 008d 0B       		.uleb128 0xb
 1032 008e 3B       		.uleb128 0x3b
 1033 008f 0B       		.uleb128 0xb
 1034 0090 49       		.uleb128 0x49
 1035 0091 13       		.uleb128 0x13
 1036 0092 02       		.uleb128 0x2
 1037 0093 17       		.uleb128 0x17
 1038 0094 00       		.byte	0
 1039 0095 00       		.byte	0
 1040 0096 0C       		.uleb128 0xc
 1041 0097 898201   		.uleb128 0x4109
 1042 009a 01       		.byte	0x1
 1043 009b 11       		.uleb128 0x11
 1044 009c 01       		.uleb128 0x1
 1045 009d 31       		.uleb128 0x31
 1046 009e 13       		.uleb128 0x13
 1047 009f 00       		.byte	0
 1048 00a0 00       		.byte	0
 1049 00a1 0D       		.uleb128 0xd
 1050 00a2 8A8201   		.uleb128 0x410a
 1051 00a5 00       		.byte	0
 1052 00a6 02       		.uleb128 0x2
 1053 00a7 18       		.uleb128 0x18
 1054 00a8 9142     		.uleb128 0x2111
 1055 00aa 18       		.uleb128 0x18
 1056 00ab 00       		.byte	0
 1057 00ac 00       		.byte	0
 1058 00ad 0E       		.uleb128 0xe
 1059 00ae 898201   		.uleb128 0x4109
 1060 00b1 01       		.byte	0x1
 1061 00b2 11       		.uleb128 0x11
 1062 00b3 01       		.uleb128 0x1
 1063 00b4 31       		.uleb128 0x31
 1064 00b5 13       		.uleb128 0x13
 1065 00b6 01       		.uleb128 0x1
 1066 00b7 13       		.uleb128 0x13
 1067 00b8 00       		.byte	0
 1068 00b9 00       		.byte	0
ARM GAS  C:\Users\ologa\AppData\Local\Temp\ccsVYH6e.s 			page 26


 1069 00ba 0F       		.uleb128 0xf
 1070 00bb 05       		.uleb128 0x5
 1071 00bc 00       		.byte	0
 1072 00bd 03       		.uleb128 0x3
 1073 00be 0E       		.uleb128 0xe
 1074 00bf 3A       		.uleb128 0x3a
 1075 00c0 0B       		.uleb128 0xb
 1076 00c1 3B       		.uleb128 0x3b
 1077 00c2 0B       		.uleb128 0xb
 1078 00c3 49       		.uleb128 0x49
 1079 00c4 13       		.uleb128 0x13
 1080 00c5 02       		.uleb128 0x2
 1081 00c6 17       		.uleb128 0x17
 1082 00c7 00       		.byte	0
 1083 00c8 00       		.byte	0
 1084 00c9 10       		.uleb128 0x10
 1085 00ca 0F       		.uleb128 0xf
 1086 00cb 00       		.byte	0
 1087 00cc 0B       		.uleb128 0xb
 1088 00cd 0B       		.uleb128 0xb
 1089 00ce 49       		.uleb128 0x49
 1090 00cf 13       		.uleb128 0x13
 1091 00d0 00       		.byte	0
 1092 00d1 00       		.byte	0
 1093 00d2 11       		.uleb128 0x11
 1094 00d3 26       		.uleb128 0x26
 1095 00d4 00       		.byte	0
 1096 00d5 00       		.byte	0
 1097 00d6 00       		.byte	0
 1098 00d7 12       		.uleb128 0x12
 1099 00d8 2E       		.uleb128 0x2e
 1100 00d9 01       		.byte	0x1
 1101 00da 3F       		.uleb128 0x3f
 1102 00db 19       		.uleb128 0x19
 1103 00dc 03       		.uleb128 0x3
 1104 00dd 0E       		.uleb128 0xe
 1105 00de 3A       		.uleb128 0x3a
 1106 00df 0B       		.uleb128 0xb
 1107 00e0 3B       		.uleb128 0x3b
 1108 00e1 0B       		.uleb128 0xb
 1109 00e2 27       		.uleb128 0x27
 1110 00e3 19       		.uleb128 0x19
 1111 00e4 11       		.uleb128 0x11
 1112 00e5 01       		.uleb128 0x1
 1113 00e6 12       		.uleb128 0x12
 1114 00e7 06       		.uleb128 0x6
 1115 00e8 40       		.uleb128 0x40
 1116 00e9 18       		.uleb128 0x18
 1117 00ea 9742     		.uleb128 0x2117
 1118 00ec 19       		.uleb128 0x19
 1119 00ed 01       		.uleb128 0x1
 1120 00ee 13       		.uleb128 0x13
 1121 00ef 00       		.byte	0
 1122 00f0 00       		.byte	0
 1123 00f1 13       		.uleb128 0x13
 1124 00f2 34       		.uleb128 0x34
 1125 00f3 00       		.byte	0
ARM GAS  C:\Users\ologa\AppData\Local\Temp\ccsVYH6e.s 			page 27


 1126 00f4 03       		.uleb128 0x3
 1127 00f5 0E       		.uleb128 0xe
 1128 00f6 3A       		.uleb128 0x3a
 1129 00f7 0B       		.uleb128 0xb
 1130 00f8 3B       		.uleb128 0x3b
 1131 00f9 0B       		.uleb128 0xb
 1132 00fa 49       		.uleb128 0x49
 1133 00fb 13       		.uleb128 0x13
 1134 00fc 02       		.uleb128 0x2
 1135 00fd 18       		.uleb128 0x18
 1136 00fe 00       		.byte	0
 1137 00ff 00       		.byte	0
 1138 0100 14       		.uleb128 0x14
 1139 0101 2E       		.uleb128 0x2e
 1140 0102 01       		.byte	0x1
 1141 0103 3F       		.uleb128 0x3f
 1142 0104 19       		.uleb128 0x19
 1143 0105 03       		.uleb128 0x3
 1144 0106 0E       		.uleb128 0xe
 1145 0107 3A       		.uleb128 0x3a
 1146 0108 0B       		.uleb128 0xb
 1147 0109 3B       		.uleb128 0x3b
 1148 010a 05       		.uleb128 0x5
 1149 010b 27       		.uleb128 0x27
 1150 010c 19       		.uleb128 0x19
 1151 010d 11       		.uleb128 0x11
 1152 010e 01       		.uleb128 0x1
 1153 010f 12       		.uleb128 0x12
 1154 0110 06       		.uleb128 0x6
 1155 0111 40       		.uleb128 0x40
 1156 0112 18       		.uleb128 0x18
 1157 0113 9742     		.uleb128 0x2117
 1158 0115 19       		.uleb128 0x19
 1159 0116 01       		.uleb128 0x1
 1160 0117 13       		.uleb128 0x13
 1161 0118 00       		.byte	0
 1162 0119 00       		.byte	0
 1163 011a 15       		.uleb128 0x15
 1164 011b 0B       		.uleb128 0xb
 1165 011c 01       		.byte	0x1
 1166 011d 11       		.uleb128 0x11
 1167 011e 01       		.uleb128 0x1
 1168 011f 12       		.uleb128 0x12
 1169 0120 06       		.uleb128 0x6
 1170 0121 01       		.uleb128 0x1
 1171 0122 13       		.uleb128 0x13
 1172 0123 00       		.byte	0
 1173 0124 00       		.byte	0
 1174 0125 16       		.uleb128 0x16
 1175 0126 13       		.uleb128 0x13
 1176 0127 01       		.byte	0x1
 1177 0128 0B       		.uleb128 0xb
 1178 0129 0B       		.uleb128 0xb
 1179 012a 3A       		.uleb128 0x3a
 1180 012b 0B       		.uleb128 0xb
 1181 012c 3B       		.uleb128 0x3b
 1182 012d 05       		.uleb128 0x5
ARM GAS  C:\Users\ologa\AppData\Local\Temp\ccsVYH6e.s 			page 28


 1183 012e 01       		.uleb128 0x1
 1184 012f 13       		.uleb128 0x13
 1185 0130 00       		.byte	0
 1186 0131 00       		.byte	0
 1187 0132 17       		.uleb128 0x17
 1188 0133 0D       		.uleb128 0xd
 1189 0134 00       		.byte	0
 1190 0135 03       		.uleb128 0x3
 1191 0136 0E       		.uleb128 0xe
 1192 0137 3A       		.uleb128 0x3a
 1193 0138 0B       		.uleb128 0xb
 1194 0139 3B       		.uleb128 0x3b
 1195 013a 05       		.uleb128 0x5
 1196 013b 49       		.uleb128 0x49
 1197 013c 13       		.uleb128 0x13
 1198 013d 38       		.uleb128 0x38
 1199 013e 0B       		.uleb128 0xb
 1200 013f 00       		.byte	0
 1201 0140 00       		.byte	0
 1202 0141 18       		.uleb128 0x18
 1203 0142 01       		.uleb128 0x1
 1204 0143 01       		.byte	0x1
 1205 0144 49       		.uleb128 0x49
 1206 0145 13       		.uleb128 0x13
 1207 0146 01       		.uleb128 0x1
 1208 0147 13       		.uleb128 0x13
 1209 0148 00       		.byte	0
 1210 0149 00       		.byte	0
 1211 014a 19       		.uleb128 0x19
 1212 014b 21       		.uleb128 0x21
 1213 014c 00       		.byte	0
 1214 014d 49       		.uleb128 0x49
 1215 014e 13       		.uleb128 0x13
 1216 014f 2F       		.uleb128 0x2f
 1217 0150 0B       		.uleb128 0xb
 1218 0151 00       		.byte	0
 1219 0152 00       		.byte	0
 1220 0153 1A       		.uleb128 0x1a
 1221 0154 34       		.uleb128 0x34
 1222 0155 00       		.byte	0
 1223 0156 03       		.uleb128 0x3
 1224 0157 0E       		.uleb128 0xe
 1225 0158 3A       		.uleb128 0x3a
 1226 0159 0B       		.uleb128 0xb
 1227 015a 3B       		.uleb128 0x3b
 1228 015b 05       		.uleb128 0x5
 1229 015c 49       		.uleb128 0x49
 1230 015d 13       		.uleb128 0x13
 1231 015e 02       		.uleb128 0x2
 1232 015f 18       		.uleb128 0x18
 1233 0160 00       		.byte	0
 1234 0161 00       		.byte	0
 1235 0162 1B       		.uleb128 0x1b
 1236 0163 26       		.uleb128 0x26
 1237 0164 00       		.byte	0
 1238 0165 49       		.uleb128 0x49
 1239 0166 13       		.uleb128 0x13
ARM GAS  C:\Users\ologa\AppData\Local\Temp\ccsVYH6e.s 			page 29


 1240 0167 00       		.byte	0
 1241 0168 00       		.byte	0
 1242 0169 1C       		.uleb128 0x1c
 1243 016a 34       		.uleb128 0x34
 1244 016b 00       		.byte	0
 1245 016c 03       		.uleb128 0x3
 1246 016d 08       		.uleb128 0x8
 1247 016e 3A       		.uleb128 0x3a
 1248 016f 0B       		.uleb128 0xb
 1249 0170 3B       		.uleb128 0x3b
 1250 0171 05       		.uleb128 0x5
 1251 0172 49       		.uleb128 0x49
 1252 0173 13       		.uleb128 0x13
 1253 0174 02       		.uleb128 0x2
 1254 0175 17       		.uleb128 0x17
 1255 0176 00       		.byte	0
 1256 0177 00       		.byte	0
 1257 0178 1D       		.uleb128 0x1d
 1258 0179 0B       		.uleb128 0xb
 1259 017a 01       		.byte	0x1
 1260 017b 11       		.uleb128 0x11
 1261 017c 01       		.uleb128 0x1
 1262 017d 12       		.uleb128 0x12
 1263 017e 06       		.uleb128 0x6
 1264 017f 00       		.byte	0
 1265 0180 00       		.byte	0
 1266 0181 1E       		.uleb128 0x1e
 1267 0182 898201   		.uleb128 0x4109
 1268 0185 00       		.byte	0
 1269 0186 11       		.uleb128 0x11
 1270 0187 01       		.uleb128 0x1
 1271 0188 31       		.uleb128 0x31
 1272 0189 13       		.uleb128 0x13
 1273 018a 00       		.byte	0
 1274 018b 00       		.byte	0
 1275 018c 1F       		.uleb128 0x1f
 1276 018d 2E       		.uleb128 0x2e
 1277 018e 01       		.byte	0x1
 1278 018f 3F       		.uleb128 0x3f
 1279 0190 19       		.uleb128 0x19
 1280 0191 03       		.uleb128 0x3
 1281 0192 0E       		.uleb128 0xe
 1282 0193 27       		.uleb128 0x27
 1283 0194 19       		.uleb128 0x19
 1284 0195 49       		.uleb128 0x49
 1285 0196 13       		.uleb128 0x13
 1286 0197 34       		.uleb128 0x34
 1287 0198 19       		.uleb128 0x19
 1288 0199 3C       		.uleb128 0x3c
 1289 019a 19       		.uleb128 0x19
 1290 019b 01       		.uleb128 0x1
 1291 019c 13       		.uleb128 0x13
 1292 019d 00       		.byte	0
 1293 019e 00       		.byte	0
 1294 019f 20       		.uleb128 0x20
 1295 01a0 05       		.uleb128 0x5
 1296 01a1 00       		.byte	0
ARM GAS  C:\Users\ologa\AppData\Local\Temp\ccsVYH6e.s 			page 30


 1297 01a2 49       		.uleb128 0x49
 1298 01a3 13       		.uleb128 0x13
 1299 01a4 00       		.byte	0
 1300 01a5 00       		.byte	0
 1301 01a6 21       		.uleb128 0x21
 1302 01a7 2E       		.uleb128 0x2e
 1303 01a8 01       		.byte	0x1
 1304 01a9 3F       		.uleb128 0x3f
 1305 01aa 19       		.uleb128 0x19
 1306 01ab 03       		.uleb128 0x3
 1307 01ac 0E       		.uleb128 0xe
 1308 01ad 3A       		.uleb128 0x3a
 1309 01ae 0B       		.uleb128 0xb
 1310 01af 3B       		.uleb128 0x3b
 1311 01b0 0B       		.uleb128 0xb
 1312 01b1 27       		.uleb128 0x27
 1313 01b2 19       		.uleb128 0x19
 1314 01b3 3C       		.uleb128 0x3c
 1315 01b4 19       		.uleb128 0x19
 1316 01b5 01       		.uleb128 0x1
 1317 01b6 13       		.uleb128 0x13
 1318 01b7 00       		.byte	0
 1319 01b8 00       		.byte	0
 1320 01b9 22       		.uleb128 0x22
 1321 01ba 2E       		.uleb128 0x2e
 1322 01bb 01       		.byte	0x1
 1323 01bc 3F       		.uleb128 0x3f
 1324 01bd 19       		.uleb128 0x19
 1325 01be 03       		.uleb128 0x3
 1326 01bf 0E       		.uleb128 0xe
 1327 01c0 27       		.uleb128 0x27
 1328 01c1 19       		.uleb128 0x19
 1329 01c2 49       		.uleb128 0x49
 1330 01c3 13       		.uleb128 0x13
 1331 01c4 34       		.uleb128 0x34
 1332 01c5 19       		.uleb128 0x19
 1333 01c6 3C       		.uleb128 0x3c
 1334 01c7 19       		.uleb128 0x19
 1335 01c8 00       		.byte	0
 1336 01c9 00       		.byte	0
 1337 01ca 00       		.byte	0
 1338              		.section	.debug_loc,"",%progbits
 1339              	.Ldebug_loc0:
 1340              	.LLST0:
 1341 0000 06000000 		.4byte	.LVL1
 1342 0004 10000000 		.4byte	.LVL2
 1343 0008 0100     		.2byte	0x1
 1344 000a 53       		.byte	0x53
 1345 000b 00000000 		.4byte	0
 1346 000f 00000000 		.4byte	0
 1347              	.LLST1:
 1348 0013 00000000 		.4byte	.LVL3
 1349 0017 09000000 		.4byte	.LVL5-1
 1350 001b 0100     		.2byte	0x1
 1351 001d 50       		.byte	0x50
 1352 001e 09000000 		.4byte	.LVL5-1
 1353 0022 0C000000 		.4byte	.LFE0
ARM GAS  C:\Users\ologa\AppData\Local\Temp\ccsVYH6e.s 			page 31


 1354 0026 0400     		.2byte	0x4
 1355 0028 F3       		.byte	0xf3
 1356 0029 01       		.uleb128 0x1
 1357 002a 50       		.byte	0x50
 1358 002b 9F       		.byte	0x9f
 1359 002c 00000000 		.4byte	0
 1360 0030 00000000 		.4byte	0
 1361              	.LLST2:
 1362 0034 00000000 		.4byte	.LVL3
 1363 0038 06000000 		.4byte	.LVL4
 1364 003c 0100     		.2byte	0x1
 1365 003e 51       		.byte	0x51
 1366 003f 06000000 		.4byte	.LVL4
 1367 0043 09000000 		.4byte	.LVL5-1
 1368 0047 0100     		.2byte	0x1
 1369 0049 52       		.byte	0x52
 1370 004a 09000000 		.4byte	.LVL5-1
 1371 004e 0C000000 		.4byte	.LFE0
 1372 0052 0400     		.2byte	0x4
 1373 0054 F3       		.byte	0xf3
 1374 0055 01       		.uleb128 0x1
 1375 0056 51       		.byte	0x51
 1376 0057 9F       		.byte	0x9f
 1377 0058 00000000 		.4byte	0
 1378 005c 00000000 		.4byte	0
 1379              	.LLST3:
 1380 0060 2E000000 		.4byte	.LVL6
 1381 0064 34000000 		.4byte	.LVL7
 1382 0068 0200     		.2byte	0x2
 1383 006a 49       		.byte	0x49
 1384 006b 9F       		.byte	0x9f
 1385 006c 34000000 		.4byte	.LVL7
 1386 0070 7E000000 		.4byte	.LVL13
 1387 0074 0100     		.2byte	0x1
 1388 0076 55       		.byte	0x55
 1389 0077 00000000 		.4byte	0
 1390 007b 00000000 		.4byte	0
 1391              	.LLST4:
 1392 007f 2E000000 		.4byte	.LVL6
 1393 0083 34000000 		.4byte	.LVL7
 1394 0087 0200     		.2byte	0x2
 1395 0089 30       		.byte	0x30
 1396 008a 9F       		.byte	0x9f
 1397 008b 34000000 		.4byte	.LVL7
 1398 008f 40000000 		.4byte	.LVL8
 1399 0093 0100     		.2byte	0x1
 1400 0095 54       		.byte	0x54
 1401 0096 44000000 		.4byte	.LVL9
 1402 009a 7E000000 		.4byte	.LVL13
 1403 009e 0100     		.2byte	0x1
 1404 00a0 54       		.byte	0x54
 1405 00a1 00000000 		.4byte	0
 1406 00a5 00000000 		.4byte	0
 1407              	.LLST5:
 1408 00a9 00000000 		.4byte	.LVL14
 1409 00ad 05000000 		.4byte	.LVL15-1
 1410 00b1 0100     		.2byte	0x1
ARM GAS  C:\Users\ologa\AppData\Local\Temp\ccsVYH6e.s 			page 32


 1411 00b3 50       		.byte	0x50
 1412 00b4 05000000 		.4byte	.LVL15-1
 1413 00b8 08000000 		.4byte	.LFE1
 1414 00bc 0400     		.2byte	0x4
 1415 00be F3       		.byte	0xf3
 1416 00bf 01       		.uleb128 0x1
 1417 00c0 50       		.byte	0x50
 1418 00c1 9F       		.byte	0x9f
 1419 00c2 00000000 		.4byte	0
 1420 00c6 00000000 		.4byte	0
 1421              	.LLST6:
 1422 00ca 00000000 		.4byte	.LVL14
 1423 00ce 05000000 		.4byte	.LVL15-1
 1424 00d2 0100     		.2byte	0x1
 1425 00d4 51       		.byte	0x51
 1426 00d5 05000000 		.4byte	.LVL15-1
 1427 00d9 08000000 		.4byte	.LFE1
 1428 00dd 0400     		.2byte	0x4
 1429 00df F3       		.byte	0xf3
 1430 00e0 01       		.uleb128 0x1
 1431 00e1 51       		.byte	0x51
 1432 00e2 9F       		.byte	0x9f
 1433 00e3 00000000 		.4byte	0
 1434 00e7 00000000 		.4byte	0
 1435              	.LLST7:
 1436 00eb 00000000 		.4byte	.LVL14
 1437 00ef 05000000 		.4byte	.LVL15-1
 1438 00f3 0100     		.2byte	0x1
 1439 00f5 52       		.byte	0x52
 1440 00f6 05000000 		.4byte	.LVL15-1
 1441 00fa 08000000 		.4byte	.LFE1
 1442 00fe 0400     		.2byte	0x4
 1443 0100 F3       		.byte	0xf3
 1444 0101 01       		.uleb128 0x1
 1445 0102 52       		.byte	0x52
 1446 0103 9F       		.byte	0x9f
 1447 0104 00000000 		.4byte	0
 1448 0108 00000000 		.4byte	0
 1449              	.LLST8:
 1450 010c 04000000 		.4byte	.LVL18
 1451 0110 08000000 		.4byte	.LVL19
 1452 0114 0200     		.2byte	0x2
 1453 0116 30       		.byte	0x30
 1454 0117 9F       		.byte	0x9f
 1455 0118 08000000 		.4byte	.LVL19
 1456 011c 20000000 		.4byte	.LVL21
 1457 0120 0100     		.2byte	0x1
 1458 0122 54       		.byte	0x54
 1459 0123 22000000 		.4byte	.LVL22
 1460 0127 3C000000 		.4byte	.LVL23
 1461 012b 0100     		.2byte	0x1
 1462 012d 54       		.byte	0x54
 1463 012e 00000000 		.4byte	0
 1464 0132 00000000 		.4byte	0
 1465              	.LLST9:
 1466 0136 08000000 		.4byte	.LVL19
 1467 013a 20000000 		.4byte	.LVL21
ARM GAS  C:\Users\ologa\AppData\Local\Temp\ccsVYH6e.s 			page 33


 1468 013e 0B00     		.2byte	0xb
 1469 0140 74       		.byte	0x74
 1470 0141 00       		.sleb128 0
 1471 0142 36       		.byte	0x36
 1472 0143 1E       		.byte	0x1e
 1473 0144 03       		.byte	0x3
 1474 0145 00000000 		.4byte	cfg_memset_list.4859
 1475 0149 22       		.byte	0x22
 1476 014a 9F       		.byte	0x9f
 1477 014b 20000000 		.4byte	.LVL21
 1478 014f 22000000 		.4byte	.LVL22
 1479 0153 0B00     		.2byte	0xb
 1480 0155 74       		.byte	0x74
 1481 0156 7F       		.sleb128 -1
 1482 0157 36       		.byte	0x36
 1483 0158 1E       		.byte	0x1e
 1484 0159 03       		.byte	0x3
 1485 015a 00000000 		.4byte	cfg_memset_list.4859
 1486 015e 22       		.byte	0x22
 1487 015f 9F       		.byte	0x9f
 1488 0160 00000000 		.4byte	0
 1489 0164 00000000 		.4byte	0
 1490              		.section	.debug_aranges,"",%progbits
 1491 0000 4C000000 		.4byte	0x4c
 1492 0004 0200     		.2byte	0x2
 1493 0006 00000000 		.4byte	.Ldebug_info0
 1494 000a 04       		.byte	0x4
 1495 000b 00       		.byte	0
 1496 000c 0000     		.2byte	0
 1497 000e 0000     		.2byte	0
 1498 0010 00000000 		.4byte	.LFB3
 1499 0014 02000000 		.4byte	.LFE3-.LFB3
 1500 0018 00000000 		.4byte	.LFB5
 1501 001c 28000000 		.4byte	.LFE5-.LFB5
 1502 0020 00000000 		.4byte	.LFB0
 1503 0024 0C000000 		.4byte	.LFE0-.LFB0
 1504 0028 00000000 		.4byte	.LFB4
 1505 002c 9C000000 		.4byte	.LFE4-.LFB4
 1506 0030 00000000 		.4byte	.LFB1
 1507 0034 08000000 		.4byte	.LFE1-.LFB1
 1508 0038 00000000 		.4byte	.LFB6
 1509 003c 10000000 		.4byte	.LFE6-.LFB6
 1510 0040 00000000 		.4byte	.LFB7
 1511 0044 AC000000 		.4byte	.LFE7-.LFB7
 1512 0048 00000000 		.4byte	0
 1513 004c 00000000 		.4byte	0
 1514              		.section	.debug_ranges,"",%progbits
 1515              	.Ldebug_ranges0:
 1516 0000 00000000 		.4byte	.LFB3
 1517 0004 02000000 		.4byte	.LFE3
 1518 0008 00000000 		.4byte	.LFB5
 1519 000c 28000000 		.4byte	.LFE5
 1520 0010 00000000 		.4byte	.LFB0
 1521 0014 0C000000 		.4byte	.LFE0
 1522 0018 00000000 		.4byte	.LFB4
 1523 001c 9C000000 		.4byte	.LFE4
 1524 0020 00000000 		.4byte	.LFB1
ARM GAS  C:\Users\ologa\AppData\Local\Temp\ccsVYH6e.s 			page 34


 1525 0024 08000000 		.4byte	.LFE1
 1526 0028 00000000 		.4byte	.LFB6
 1527 002c 10000000 		.4byte	.LFE6
 1528 0030 00000000 		.4byte	.LFB7
 1529 0034 AC000000 		.4byte	.LFE7
 1530 0038 00000000 		.4byte	0
 1531 003c 00000000 		.4byte	0
 1532              		.section	.debug_line,"",%progbits
 1533              	.Ldebug_line0:
 1534 0000 AA010000 		.section	.debug_str,"MS",%progbits,1
 1534      0200D800 
 1534      00000201 
 1534      FB0E0D00 
 1534      01010101 
 1535              	.LASF18:
 1536 0000 72656731 		.ascii	"reg16\000"
 1536      3600
 1537              	.LASF38:
 1538 0006 43794465 		.ascii	"CyDelayCycles\000"
 1538      6C617943 
 1538      79636C65 
 1538      7300
 1539              	.LASF11:
 1540 0014 73697A65 		.ascii	"size_t\000"
 1540      5F7400
 1541              	.LASF20:
 1542 001b 416E616C 		.ascii	"AnalogSetDefault\000"
 1542      6F675365 
 1542      74446566 
 1542      61756C74 
 1542      00
 1543              	.LASF25:
 1544 002c 74696D65 		.ascii	"timeout\000"
 1544      6F757400 
 1545              	.LASF36:
 1546 0034 6366675F 		.ascii	"cfg_memset_list\000"
 1546      6D656D73 
 1546      65745F6C 
 1546      69737400 
 1547              	.LASF23:
 1548 0044 436C6F63 		.ascii	"ClockSetup\000"
 1548      6B536574 
 1548      757000
 1549              	.LASF4:
 1550 004f 73686F72 		.ascii	"short unsigned int\000"
 1550      7420756E 
 1550      7369676E 
 1550      65642069 
 1550      6E7400
 1551              	.LASF26:
 1552 0062 706C6C4C 		.ascii	"pllLock\000"
 1552      6F636B00 
 1553              	.LASF15:
 1554 006a 666C6F61 		.ascii	"float\000"
 1554      7400
 1555              	.LASF19:
 1556 0070 4379436C 		.ascii	"CyClockStartupError\000"
ARM GAS  C:\Users\ologa\AppData\Local\Temp\ccsVYH6e.s 			page 35


 1556      6F636B53 
 1556      74617274 
 1556      75704572 
 1556      726F7200 
 1557              	.LASF28:
 1558 0084 64657374 		.ascii	"dest\000"
 1558      00
 1559              	.LASF34:
 1560 0089 73697A65 		.ascii	"size\000"
 1560      00
 1561              	.LASF17:
 1562 008e 72656738 		.ascii	"reg8\000"
 1562      00
 1563              	.LASF6:
 1564 0093 6C6F6E67 		.ascii	"long unsigned int\000"
 1564      20756E73 
 1564      69676E65 
 1564      6420696E 
 1564      7400
 1565              	.LASF12:
 1566 00a5 75696E74 		.ascii	"uint8\000"
 1566      3800
 1567              	.LASF21:
 1568 00ab 43594D45 		.ascii	"CYMEMZERO\000"
 1568      4D5A4552 
 1568      4F00
 1569              	.LASF31:
 1570 00b5 53657441 		.ascii	"SetAnalogRoutingPumps\000"
 1570      6E616C6F 
 1570      67526F75 
 1570      74696E67 
 1570      50756D70 
 1571              	.LASF2:
 1572 00cb 756E7369 		.ascii	"unsigned char\000"
 1572      676E6564 
 1572      20636861 
 1572      7200
 1573              	.LASF37:
 1574 00d9 6D656D73 		.ascii	"memset\000"
 1574      657400
 1575              	.LASF16:
 1576 00e0 646F7562 		.ascii	"double\000"
 1576      6C6500
 1577              	.LASF3:
 1578 00e7 73686F72 		.ascii	"short int\000"
 1578      7420696E 
 1578      7400
 1579              	.LASF13:
 1580 00f1 75696E74 		.ascii	"uint16\000"
 1580      313600
 1581              	.LASF22:
 1582 00f8 6572726F 		.ascii	"errorCode\000"
 1582      72436F64 
 1582      6500
 1583              	.LASF14:
 1584 0102 75696E74 		.ascii	"uint32\000"
 1584      333200
ARM GAS  C:\Users\ologa\AppData\Local\Temp\ccsVYH6e.s 			page 36


 1585              	.LASF39:
 1586 0109 474E5520 		.ascii	"GNU C 4.9.3 20150303 (release) [ARM/embedded-4_9-br"
 1586      4320342E 
 1586      392E3320 
 1586      32303135 
 1586      30333033 
 1587 013c 616E6368 		.ascii	"anch revision 221220] -mcpu=cortex-m3 -mthumb -g -O"
 1587      20726576 
 1587      6973696F 
 1587      6E203232 
 1587      31323230 
 1588 016f 67202D66 		.ascii	"g -ffunction-sections -ffat-lto-objects\000"
 1588      66756E63 
 1588      74696F6E 
 1588      2D736563 
 1588      74696F6E 
 1589              	.LASF0:
 1590 0197 756E7369 		.ascii	"unsigned int\000"
 1590      676E6564 
 1590      20696E74 
 1590      00
 1591              	.LASF32:
 1592 01a4 63796669 		.ascii	"cyfitter_cfg\000"
 1592      74746572 
 1592      5F636667 
 1592      00
 1593              	.LASF33:
 1594 01b1 61646472 		.ascii	"address\000"
 1594      65737300 
 1595              	.LASF8:
 1596 01b9 6C6F6E67 		.ascii	"long long unsigned int\000"
 1596      206C6F6E 
 1596      6720756E 
 1596      7369676E 
 1596      65642069 
 1597              	.LASF35:
 1598 01d0 6366675F 		.ascii	"cfg_memset_t\000"
 1598      6D656D73 
 1598      65745F74 
 1598      00
 1599              	.LASF9:
 1600 01dd 73697A65 		.ascii	"sizetype\000"
 1600      74797065 
 1600      00
 1601              	.LASF7:
 1602 01e6 6C6F6E67 		.ascii	"long long int\000"
 1602      206C6F6E 
 1602      6720696E 
 1602      7400
 1603              	.LASF42:
 1604 01f4 6D656D63 		.ascii	"memcpy\000"
 1604      707900
 1605              	.LASF41:
 1606 01fb 433A5C55 		.ascii	"C:\\Users\\ologa\\Documents\\MIT\\Senior S22\\6.115"
 1606      73657273 
 1606      5C6F6C6F 
 1606      67615C44 
ARM GAS  C:\Users\ologa\AppData\Local\Temp\ccsVYH6e.s 			page 37


 1606      6F63756D 
 1607 0228 315C4C61 		.ascii	"1\\Lab2\\Exercise 9\\LAB1.cydsn\000"
 1607      62325C45 
 1607      78657263 
 1607      69736520 
 1607      395C4C41 
 1608              	.LASF40:
 1609 0245 2E5C4765 		.ascii	".\\Generated_Source\\PSoC5\\cyfitter_cfg.c\000"
 1609      6E657261 
 1609      7465645F 
 1609      536F7572 
 1609      63655C50 
 1610              	.LASF29:
 1611 026d 656E6162 		.ascii	"enabled\000"
 1611      6C656400 
 1612              	.LASF5:
 1613 0275 6C6F6E67 		.ascii	"long int\000"
 1613      20696E74 
 1613      00
 1614              	.LASF10:
 1615 027e 63686172 		.ascii	"char\000"
 1615      00
 1616              	.LASF24:
 1617 0283 62675F78 		.ascii	"bg_xover_inl_trim\000"
 1617      6F766572 
 1617      5F696E6C 
 1617      5F747269 
 1617      6D00
 1618              	.LASF1:
 1619 0295 7369676E 		.ascii	"signed char\000"
 1619      65642063 
 1619      68617200 
 1620              	.LASF30:
 1621 02a1 72656756 		.ascii	"regValue\000"
 1621      616C7565 
 1621      00
 1622              	.LASF27:
 1623 02aa 4359434F 		.ascii	"CYCONFIGCPY\000"
 1623      4E464947 
 1623      43505900 
 1624              		.ident	"GCC: (GNU Tools for ARM Embedded Processors) 4.9.3 20150303 (release) [ARM/embedded-4_9-br
