ARM GAS  C:\Users\ologa\AppData\Local\Temp\ccFgp2J6.s 			page 1


   1              		.syntax unified
   2              		.cpu cortex-m3
   3              		.fpu softvfp
   4              		.eabi_attribute 20, 1
   5              		.eabi_attribute 21, 1
   6              		.eabi_attribute 23, 3
   7              		.eabi_attribute 24, 1
   8              		.eabi_attribute 25, 1
   9              		.eabi_attribute 26, 1
  10              		.eabi_attribute 30, 1
  11              		.eabi_attribute 34, 1
  12              		.eabi_attribute 18, 4
  13              		.thumb
  14              		.file	"main.c"
  15              		.text
  16              	.Ltext0:
  17              		.cfi_sections	.debug_frame
  18              		.section	.text.main,"ax",%progbits
  19              		.align	2
  20              		.global	main
  21              		.thumb
  22              		.thumb_func
  23              		.type	main, %function
  24              	main:
  25              	.LFB63:
  26              		.file 1 ".\\main.c"
   1:.\main.c      **** /* ========================================
   2:.\main.c      ****  *
   3:.\main.c      ****  * Copyright YOUR COMPANY, THE YEAR
   4:.\main.c      ****  * All Rights Reserved
   5:.\main.c      ****  * UNPUBLISHED, LICENSED SOFTWARE.
   6:.\main.c      ****  *
   7:.\main.c      ****  * CONFIDENTIAL AND PROPRIETARY INFORMATION
   8:.\main.c      ****  * WHICH IS THE PROPERTY OF your company.
   9:.\main.c      ****  *
  10:.\main.c      ****  * This file is necessary for your project to build.
  11:.\main.c      ****  * Please do not delete it.
  12:.\main.c      ****  *
  13:.\main.c      ****  * ========================================
  14:.\main.c      **** */
  15:.\main.c      **** 
  16:.\main.c      **** #include <device.h>
  17:.\main.c      **** 
  18:.\main.c      **** void main()
  19:.\main.c      **** {
  27              		.loc 1 19 0
  28              		.cfi_startproc
  29              		@ Volatile: function does not return.
  30              		@ args = 0, pretend = 0, frame = 0
  31              		@ frame_needed = 0, uses_anonymous_args = 0
  32 0000 08B5     		push	{r3, lr}
  33              		.cfi_def_cfa_offset 8
  34              		.cfi_offset 3, -8
  35              		.cfi_offset 14, -4
  36              	.L2:
  20:.\main.c      **** 	
  21:.\main.c      ****     for(;;)
ARM GAS  C:\Users\ologa\AppData\Local\Temp\ccFgp2J6.s 			page 2


  22:.\main.c      ****     {
  23:.\main.c      ****        	Pin_1_Write(~Pin_1_Read());       // write the value to Pin_1
  37              		.loc 1 23 0 discriminator 1
  38 0002 FFF7FEFF 		bl	Pin_1_Read
  39              	.LVL0:
  40 0006 C043     		mvns	r0, r0
  41 0008 C0B2     		uxtb	r0, r0
  42 000a FFF7FEFF 		bl	Pin_1_Write
  43              	.LVL1:
  24:.\main.c      ****         CyDelay(250);                     // delay in milliseconds
  44              		.loc 1 24 0 discriminator 1
  45 000e FA20     		movs	r0, #250
  46 0010 FFF7FEFF 		bl	CyDelay
  47              	.LVL2:
  25:.\main.c      ****         Pin_1_Write(~Pin_1_Read());       // write the value to Pin_1
  48              		.loc 1 25 0 discriminator 1
  49 0014 FFF7FEFF 		bl	Pin_1_Read
  50              	.LVL3:
  51 0018 C043     		mvns	r0, r0
  52 001a C0B2     		uxtb	r0, r0
  53 001c FFF7FEFF 		bl	Pin_1_Write
  54              	.LVL4:
  26:.\main.c      ****         CyDelay(250);                     // delay in milliseconds
  55              		.loc 1 26 0 discriminator 1
  56 0020 FA20     		movs	r0, #250
  57 0022 FFF7FEFF 		bl	CyDelay
  58              	.LVL5:
  27:.\main.c      ****         Pin_1_Write(~Pin_1_Read());       // write the value to Pin_1
  59              		.loc 1 27 0 discriminator 1
  60 0026 FFF7FEFF 		bl	Pin_1_Read
  61              	.LVL6:
  62 002a C043     		mvns	r0, r0
  63 002c C0B2     		uxtb	r0, r0
  64 002e FFF7FEFF 		bl	Pin_1_Write
  65              	.LVL7:
  28:.\main.c      ****         CyDelay(250);                     // delay in 
  66              		.loc 1 28 0 discriminator 1
  67 0032 FA20     		movs	r0, #250
  68 0034 FFF7FEFF 		bl	CyDelay
  69              	.LVL8:
  29:.\main.c      ****         Pin_1_Write(~Pin_1_Read());       // write the value to Pin_1
  70              		.loc 1 29 0 discriminator 1
  71 0038 FFF7FEFF 		bl	Pin_1_Read
  72              	.LVL9:
  73 003c C043     		mvns	r0, r0
  74 003e C0B2     		uxtb	r0, r0
  75 0040 FFF7FEFF 		bl	Pin_1_Write
  76              	.LVL10:
  30:.\main.c      ****         Pin_1_Write(~Pin_1_Read());       // write the value to Pin_1
  77              		.loc 1 30 0 discriminator 1
  78 0044 FFF7FEFF 		bl	Pin_1_Read
  79              	.LVL11:
  80 0048 C043     		mvns	r0, r0
  81 004a C0B2     		uxtb	r0, r0
  82 004c FFF7FEFF 		bl	Pin_1_Write
  83              	.LVL12:
  31:.\main.c      ****         CyDelay(250);                     // delay in milliseconds
ARM GAS  C:\Users\ologa\AppData\Local\Temp\ccFgp2J6.s 			page 3


  84              		.loc 1 31 0 discriminator 1
  85 0050 FA20     		movs	r0, #250
  86 0052 FFF7FEFF 		bl	CyDelay
  87              	.LVL13:
  32:.\main.c      ****         Pin_1_Write(~Pin_1_Read());       // write the value to Pin_1
  88              		.loc 1 32 0 discriminator 1
  89 0056 FFF7FEFF 		bl	Pin_1_Read
  90              	.LVL14:
  91 005a C043     		mvns	r0, r0
  92 005c C0B2     		uxtb	r0, r0
  93 005e FFF7FEFF 		bl	Pin_1_Write
  94              	.LVL15:
  33:.\main.c      ****         CyDelay(250);                     // delay in milliseconds
  95              		.loc 1 33 0 discriminator 1
  96 0062 FA20     		movs	r0, #250
  97 0064 FFF7FEFF 		bl	CyDelay
  98              	.LVL16:
  34:.\main.c      ****         Pin_1_Write(~Pin_1_Read());       // write the value to Pin_1
  99              		.loc 1 34 0 discriminator 1
 100 0068 FFF7FEFF 		bl	Pin_1_Read
 101              	.LVL17:
 102 006c C043     		mvns	r0, r0
 103 006e C0B2     		uxtb	r0, r0
 104 0070 FFF7FEFF 		bl	Pin_1_Write
 105              	.LVL18:
  35:.\main.c      ****         CyDelay(250);                     // delay in 
 106              		.loc 1 35 0 discriminator 1
 107 0074 FA20     		movs	r0, #250
 108 0076 FFF7FEFF 		bl	CyDelay
 109              	.LVL19:
  36:.\main.c      ****         Pin_1_Write(~Pin_1_Read());       // write the value to Pin_1
 110              		.loc 1 36 0 discriminator 1
 111 007a FFF7FEFF 		bl	Pin_1_Read
 112              	.LVL20:
 113 007e C043     		mvns	r0, r0
 114 0080 C0B2     		uxtb	r0, r0
 115 0082 FFF7FEFF 		bl	Pin_1_Write
 116              	.LVL21:
  37:.\main.c      ****         CyDelay(750);                     // delay in milliseconds
 117              		.loc 1 37 0 discriminator 1
 118 0086 40F2EE20 		movw	r0, #750
 119 008a FFF7FEFF 		bl	CyDelay
 120              	.LVL22:
  38:.\main.c      ****         Pin_1_Write(~Pin_1_Read());       // write the value to Pin_1
 121              		.loc 1 38 0 discriminator 1
 122 008e FFF7FEFF 		bl	Pin_1_Read
 123              	.LVL23:
 124 0092 C043     		mvns	r0, r0
 125 0094 C0B2     		uxtb	r0, r0
 126 0096 FFF7FEFF 		bl	Pin_1_Write
 127              	.LVL24:
  39:.\main.c      ****         CyDelay(750);                     // delay in milliseconds
 128              		.loc 1 39 0 discriminator 1
 129 009a 40F2EE20 		movw	r0, #750
 130 009e FFF7FEFF 		bl	CyDelay
 131              	.LVL25:
  40:.\main.c      ****         Pin_1_Write(~Pin_1_Read());       // write the value to Pin_1
ARM GAS  C:\Users\ologa\AppData\Local\Temp\ccFgp2J6.s 			page 4


 132              		.loc 1 40 0 discriminator 1
 133 00a2 FFF7FEFF 		bl	Pin_1_Read
 134              	.LVL26:
 135 00a6 C043     		mvns	r0, r0
 136 00a8 C0B2     		uxtb	r0, r0
 137 00aa FFF7FEFF 		bl	Pin_1_Write
 138              	.LVL27:
  41:.\main.c      ****         CyDelay(750);                     // delay in milliseconds
 139              		.loc 1 41 0 discriminator 1
 140 00ae 40F2EE20 		movw	r0, #750
 141 00b2 FFF7FEFF 		bl	CyDelay
 142              	.LVL28:
  42:.\main.c      ****         Pin_1_Write(~Pin_1_Read());       // write the value to Pin_1
 143              		.loc 1 42 0 discriminator 1
 144 00b6 FFF7FEFF 		bl	Pin_1_Read
 145              	.LVL29:
 146 00ba C043     		mvns	r0, r0
 147 00bc C0B2     		uxtb	r0, r0
 148 00be FFF7FEFF 		bl	Pin_1_Write
 149              	.LVL30:
  43:.\main.c      ****         CyDelay(750);                     // delay in milliseconds
 150              		.loc 1 43 0 discriminator 1
 151 00c2 40F2EE20 		movw	r0, #750
 152 00c6 FFF7FEFF 		bl	CyDelay
 153              	.LVL31:
  44:.\main.c      ****         Pin_1_Write(~Pin_1_Read());       // write the value to Pin_1
 154              		.loc 1 44 0 discriminator 1
 155 00ca FFF7FEFF 		bl	Pin_1_Read
 156              	.LVL32:
 157 00ce C043     		mvns	r0, r0
 158 00d0 C0B2     		uxtb	r0, r0
 159 00d2 FFF7FEFF 		bl	Pin_1_Write
 160              	.LVL33:
  45:.\main.c      ****         CyDelay(750);                     // delay in milliseconds
 161              		.loc 1 45 0 discriminator 1
 162 00d6 40F2EE20 		movw	r0, #750
 163 00da FFF7FEFF 		bl	CyDelay
 164              	.LVL34:
  46:.\main.c      ****         Pin_1_Write(~Pin_1_Read());       // write the value to Pin_1
 165              		.loc 1 46 0 discriminator 1
 166 00de FFF7FEFF 		bl	Pin_1_Read
 167              	.LVL35:
 168 00e2 C043     		mvns	r0, r0
 169 00e4 C0B2     		uxtb	r0, r0
 170 00e6 FFF7FEFF 		bl	Pin_1_Write
 171              	.LVL36:
  47:.\main.c      ****         CyDelay(750);                     // delay in milliseconds
 172              		.loc 1 47 0 discriminator 1
 173 00ea 40F2EE20 		movw	r0, #750
 174 00ee FFF7FEFF 		bl	CyDelay
 175              	.LVL37:
  48:.\main.c      ****         Pin_1_Write(~Pin_1_Read());       // write the value to Pin_1
 176              		.loc 1 48 0 discriminator 1
 177 00f2 FFF7FEFF 		bl	Pin_1_Read
 178              	.LVL38:
 179 00f6 C043     		mvns	r0, r0
 180 00f8 C0B2     		uxtb	r0, r0
ARM GAS  C:\Users\ologa\AppData\Local\Temp\ccFgp2J6.s 			page 5


 181 00fa FFF7FEFF 		bl	Pin_1_Write
 182              	.LVL39:
  49:.\main.c      ****         CyDelay(250);                     // delay in milliseconds
 183              		.loc 1 49 0 discriminator 1
 184 00fe FA20     		movs	r0, #250
 185 0100 FFF7FEFF 		bl	CyDelay
 186              	.LVL40:
  50:.\main.c      ****         Pin_1_Write(~Pin_1_Read());       // write the value to Pin_1
 187              		.loc 1 50 0 discriminator 1
 188 0104 FFF7FEFF 		bl	Pin_1_Read
 189              	.LVL41:
 190 0108 C043     		mvns	r0, r0
 191 010a C0B2     		uxtb	r0, r0
 192 010c FFF7FEFF 		bl	Pin_1_Write
 193              	.LVL42:
  51:.\main.c      ****         CyDelay(250);                     // delay in milliseconds
 194              		.loc 1 51 0 discriminator 1
 195 0110 FA20     		movs	r0, #250
 196 0112 FFF7FEFF 		bl	CyDelay
 197              	.LVL43:
  52:.\main.c      ****         Pin_1_Write(~Pin_1_Read());       // write the value to Pin_1
 198              		.loc 1 52 0 discriminator 1
 199 0116 FFF7FEFF 		bl	Pin_1_Read
 200              	.LVL44:
 201 011a C043     		mvns	r0, r0
 202 011c C0B2     		uxtb	r0, r0
 203 011e FFF7FEFF 		bl	Pin_1_Write
 204              	.LVL45:
  53:.\main.c      ****         CyDelay(250);                     // delay in milliseconds
 205              		.loc 1 53 0 discriminator 1
 206 0122 FA20     		movs	r0, #250
 207 0124 FFF7FEFF 		bl	CyDelay
 208              	.LVL46:
  54:.\main.c      ****         Pin_1_Write(~Pin_1_Read());       // write the value to Pin_1
 209              		.loc 1 54 0 discriminator 1
 210 0128 FFF7FEFF 		bl	Pin_1_Read
 211              	.LVL47:
 212 012c C043     		mvns	r0, r0
 213 012e C0B2     		uxtb	r0, r0
 214 0130 FFF7FEFF 		bl	Pin_1_Write
 215              	.LVL48:
  55:.\main.c      ****         CyDelay(250);                     // delay in milliseconds
 216              		.loc 1 55 0 discriminator 1
 217 0134 FA20     		movs	r0, #250
 218 0136 FFF7FEFF 		bl	CyDelay
 219              	.LVL49:
  56:.\main.c      ****         Pin_1_Write(~Pin_1_Read());       // write the value to Pin_1
 220              		.loc 1 56 0 discriminator 1
 221 013a FFF7FEFF 		bl	Pin_1_Read
 222              	.LVL50:
 223 013e C043     		mvns	r0, r0
 224 0140 C0B2     		uxtb	r0, r0
 225 0142 FFF7FEFF 		bl	Pin_1_Write
 226              	.LVL51:
  57:.\main.c      ****         CyDelay(250);                     // delay in milliseconds
 227              		.loc 1 57 0 discriminator 1
 228 0146 FA20     		movs	r0, #250
ARM GAS  C:\Users\ologa\AppData\Local\Temp\ccFgp2J6.s 			page 6


 229 0148 FFF7FEFF 		bl	CyDelay
 230              	.LVL52:
  58:.\main.c      ****         Pin_1_Write(~Pin_1_Read());       // write the value to Pin_1
 231              		.loc 1 58 0 discriminator 1
 232 014c FFF7FEFF 		bl	Pin_1_Read
 233              	.LVL53:
 234 0150 C043     		mvns	r0, r0
 235 0152 C0B2     		uxtb	r0, r0
 236 0154 FFF7FEFF 		bl	Pin_1_Write
 237              	.LVL54:
  59:.\main.c      ****         CyDelay(250);                     // delay in milliseconds
 238              		.loc 1 59 0 discriminator 1
 239 0158 FA20     		movs	r0, #250
 240 015a FFF7FEFF 		bl	CyDelay
 241              	.LVL55:
  60:.\main.c      ****         CyDelay(1000);
 242              		.loc 1 60 0 discriminator 1
 243 015e 4FF47A70 		mov	r0, #1000
 244 0162 FFF7FEFF 		bl	CyDelay
 245              	.LVL56:
  61:.\main.c      ****     }
 246              		.loc 1 61 0 discriminator 1
 247 0166 4CE7     		b	.L2
 248              		.cfi_endproc
 249              	.LFE63:
 250              		.size	main, .-main
 251              		.text
 252              	.Letext0:
 253              		.file 2 "c:\\program files (x86)\\cypress\\psoc creator\\3.3\\psoc creator\\import\\gnu\\arm\\4.9.
 254              		.file 3 "c:\\program files (x86)\\cypress\\psoc creator\\3.3\\psoc creator\\import\\gnu\\arm\\4.9.
 255              		.file 4 "Generated_Source\\PSoC5/cytypes.h"
 256              		.file 5 "Generated_Source\\PSoC5/core_cm3.h"
 257              		.file 6 "Generated_Source\\PSoC5/Pin_1.h"
 258              		.file 7 "Generated_Source\\PSoC5/CyLib.h"
 259              		.section	.debug_info,"",%progbits
 260              	.Ldebug_info0:
 261 0000 D7030000 		.4byte	0x3d7
 262 0004 0400     		.2byte	0x4
 263 0006 00000000 		.4byte	.Ldebug_abbrev0
 264 000a 04       		.byte	0x4
 265 000b 01       		.uleb128 0x1
 266 000c C9000000 		.4byte	.LASF17
 267 0010 01       		.byte	0x1
 268 0011 71010000 		.4byte	.LASF18
 269 0015 22000000 		.4byte	.LASF19
 270 0019 00000000 		.4byte	.Ldebug_ranges0+0
 271 001d 00000000 		.4byte	0
 272 0021 00000000 		.4byte	.Ldebug_line0
 273 0025 02       		.uleb128 0x2
 274 0026 01       		.byte	0x1
 275 0027 06       		.byte	0x6
 276 0028 8E010000 		.4byte	.LASF0
 277 002c 02       		.uleb128 0x2
 278 002d 01       		.byte	0x1
 279 002e 08       		.byte	0x8
 280 002f 6C000000 		.4byte	.LASF1
 281 0033 02       		.uleb128 0x2
ARM GAS  C:\Users\ologa\AppData\Local\Temp\ccFgp2J6.s 			page 7


 282 0034 02       		.byte	0x2
 283 0035 05       		.byte	0x5
 284 0036 AA010000 		.4byte	.LASF2
 285 003a 02       		.uleb128 0x2
 286 003b 02       		.byte	0x2
 287 003c 07       		.byte	0x7
 288 003d B6000000 		.4byte	.LASF3
 289 0041 03       		.uleb128 0x3
 290 0042 9A010000 		.4byte	.LASF9
 291 0046 02       		.byte	0x2
 292 0047 3F       		.byte	0x3f
 293 0048 4C000000 		.4byte	0x4c
 294 004c 02       		.uleb128 0x2
 295 004d 04       		.byte	0x4
 296 004e 05       		.byte	0x5
 297 004f 68010000 		.4byte	.LASF4
 298 0053 02       		.uleb128 0x2
 299 0054 04       		.byte	0x4
 300 0055 07       		.byte	0x7
 301 0056 8D000000 		.4byte	.LASF5
 302 005a 02       		.uleb128 0x2
 303 005b 08       		.byte	0x8
 304 005c 05       		.byte	0x5
 305 005d 00000000 		.4byte	.LASF6
 306 0061 02       		.uleb128 0x2
 307 0062 08       		.byte	0x8
 308 0063 07       		.byte	0x7
 309 0064 9F000000 		.4byte	.LASF7
 310 0068 04       		.uleb128 0x4
 311 0069 04       		.byte	0x4
 312 006a 05       		.byte	0x5
 313 006b 696E7400 		.ascii	"int\000"
 314 006f 02       		.uleb128 0x2
 315 0070 04       		.byte	0x4
 316 0071 07       		.byte	0x7
 317 0072 15000000 		.4byte	.LASF8
 318 0076 03       		.uleb128 0x3
 319 0077 B4010000 		.4byte	.LASF10
 320 007b 03       		.byte	0x3
 321 007c 2C       		.byte	0x2c
 322 007d 41000000 		.4byte	0x41
 323 0081 05       		.uleb128 0x5
 324 0082 87000000 		.4byte	.LASF11
 325 0086 04       		.byte	0x4
 326 0087 9201     		.2byte	0x192
 327 0089 2C000000 		.4byte	0x2c
 328 008d 05       		.uleb128 0x5
 329 008e 0E000000 		.4byte	.LASF12
 330 0092 04       		.byte	0x4
 331 0093 9401     		.2byte	0x194
 332 0095 53000000 		.4byte	0x53
 333 0099 02       		.uleb128 0x2
 334 009a 04       		.byte	0x4
 335 009b 04       		.byte	0x4
 336 009c A4010000 		.4byte	.LASF13
 337 00a0 02       		.uleb128 0x2
 338 00a1 08       		.byte	0x8
ARM GAS  C:\Users\ologa\AppData\Local\Temp\ccFgp2J6.s 			page 8


 339 00a2 04       		.byte	0x4
 340 00a3 7A010000 		.4byte	.LASF14
 341 00a7 02       		.uleb128 0x2
 342 00a8 01       		.byte	0x1
 343 00a9 08       		.byte	0x8
 344 00aa 63010000 		.4byte	.LASF15
 345 00ae 02       		.uleb128 0x2
 346 00af 04       		.byte	0x4
 347 00b0 07       		.byte	0x7
 348 00b1 C7010000 		.4byte	.LASF16
 349 00b5 06       		.uleb128 0x6
 350 00b6 7A000000 		.4byte	.LASF20
 351 00ba 01       		.byte	0x1
 352 00bb 12       		.byte	0x12
 353 00bc 00000000 		.4byte	.LFB63
 354 00c0 68010000 		.4byte	.LFE63-.LFB63
 355 00c4 01       		.uleb128 0x1
 356 00c5 9C       		.byte	0x9c
 357 00c6 A0030000 		.4byte	0x3a0
 358 00ca 07       		.uleb128 0x7
 359 00cb 06000000 		.4byte	.LVL0
 360 00cf B1030000 		.4byte	0x3b1
 361 00d3 07       		.uleb128 0x7
 362 00d4 0E000000 		.4byte	.LVL1
 363 00d8 BC030000 		.4byte	0x3bc
 364 00dc 08       		.uleb128 0x8
 365 00dd 14000000 		.4byte	.LVL2
 366 00e1 CD030000 		.4byte	0x3cd
 367 00e5 F0000000 		.4byte	0xf0
 368 00e9 09       		.uleb128 0x9
 369 00ea 01       		.uleb128 0x1
 370 00eb 50       		.byte	0x50
 371 00ec 02       		.uleb128 0x2
 372 00ed 08       		.byte	0x8
 373 00ee FA       		.byte	0xfa
 374 00ef 00       		.byte	0
 375 00f0 07       		.uleb128 0x7
 376 00f1 18000000 		.4byte	.LVL3
 377 00f5 B1030000 		.4byte	0x3b1
 378 00f9 07       		.uleb128 0x7
 379 00fa 20000000 		.4byte	.LVL4
 380 00fe BC030000 		.4byte	0x3bc
 381 0102 08       		.uleb128 0x8
 382 0103 26000000 		.4byte	.LVL5
 383 0107 CD030000 		.4byte	0x3cd
 384 010b 16010000 		.4byte	0x116
 385 010f 09       		.uleb128 0x9
 386 0110 01       		.uleb128 0x1
 387 0111 50       		.byte	0x50
 388 0112 02       		.uleb128 0x2
 389 0113 08       		.byte	0x8
 390 0114 FA       		.byte	0xfa
 391 0115 00       		.byte	0
 392 0116 07       		.uleb128 0x7
 393 0117 2A000000 		.4byte	.LVL6
 394 011b B1030000 		.4byte	0x3b1
 395 011f 07       		.uleb128 0x7
ARM GAS  C:\Users\ologa\AppData\Local\Temp\ccFgp2J6.s 			page 9


 396 0120 32000000 		.4byte	.LVL7
 397 0124 BC030000 		.4byte	0x3bc
 398 0128 08       		.uleb128 0x8
 399 0129 38000000 		.4byte	.LVL8
 400 012d CD030000 		.4byte	0x3cd
 401 0131 3C010000 		.4byte	0x13c
 402 0135 09       		.uleb128 0x9
 403 0136 01       		.uleb128 0x1
 404 0137 50       		.byte	0x50
 405 0138 02       		.uleb128 0x2
 406 0139 08       		.byte	0x8
 407 013a FA       		.byte	0xfa
 408 013b 00       		.byte	0
 409 013c 07       		.uleb128 0x7
 410 013d 3C000000 		.4byte	.LVL9
 411 0141 B1030000 		.4byte	0x3b1
 412 0145 07       		.uleb128 0x7
 413 0146 44000000 		.4byte	.LVL10
 414 014a BC030000 		.4byte	0x3bc
 415 014e 07       		.uleb128 0x7
 416 014f 48000000 		.4byte	.LVL11
 417 0153 B1030000 		.4byte	0x3b1
 418 0157 07       		.uleb128 0x7
 419 0158 50000000 		.4byte	.LVL12
 420 015c BC030000 		.4byte	0x3bc
 421 0160 08       		.uleb128 0x8
 422 0161 56000000 		.4byte	.LVL13
 423 0165 CD030000 		.4byte	0x3cd
 424 0169 74010000 		.4byte	0x174
 425 016d 09       		.uleb128 0x9
 426 016e 01       		.uleb128 0x1
 427 016f 50       		.byte	0x50
 428 0170 02       		.uleb128 0x2
 429 0171 08       		.byte	0x8
 430 0172 FA       		.byte	0xfa
 431 0173 00       		.byte	0
 432 0174 07       		.uleb128 0x7
 433 0175 5A000000 		.4byte	.LVL14
 434 0179 B1030000 		.4byte	0x3b1
 435 017d 07       		.uleb128 0x7
 436 017e 62000000 		.4byte	.LVL15
 437 0182 BC030000 		.4byte	0x3bc
 438 0186 08       		.uleb128 0x8
 439 0187 68000000 		.4byte	.LVL16
 440 018b CD030000 		.4byte	0x3cd
 441 018f 9A010000 		.4byte	0x19a
 442 0193 09       		.uleb128 0x9
 443 0194 01       		.uleb128 0x1
 444 0195 50       		.byte	0x50
 445 0196 02       		.uleb128 0x2
 446 0197 08       		.byte	0x8
 447 0198 FA       		.byte	0xfa
 448 0199 00       		.byte	0
 449 019a 07       		.uleb128 0x7
 450 019b 6C000000 		.4byte	.LVL17
 451 019f B1030000 		.4byte	0x3b1
 452 01a3 07       		.uleb128 0x7
ARM GAS  C:\Users\ologa\AppData\Local\Temp\ccFgp2J6.s 			page 10


 453 01a4 74000000 		.4byte	.LVL18
 454 01a8 BC030000 		.4byte	0x3bc
 455 01ac 08       		.uleb128 0x8
 456 01ad 7A000000 		.4byte	.LVL19
 457 01b1 CD030000 		.4byte	0x3cd
 458 01b5 C0010000 		.4byte	0x1c0
 459 01b9 09       		.uleb128 0x9
 460 01ba 01       		.uleb128 0x1
 461 01bb 50       		.byte	0x50
 462 01bc 02       		.uleb128 0x2
 463 01bd 08       		.byte	0x8
 464 01be FA       		.byte	0xfa
 465 01bf 00       		.byte	0
 466 01c0 07       		.uleb128 0x7
 467 01c1 7E000000 		.4byte	.LVL20
 468 01c5 B1030000 		.4byte	0x3b1
 469 01c9 07       		.uleb128 0x7
 470 01ca 86000000 		.4byte	.LVL21
 471 01ce BC030000 		.4byte	0x3bc
 472 01d2 08       		.uleb128 0x8
 473 01d3 8E000000 		.4byte	.LVL22
 474 01d7 CD030000 		.4byte	0x3cd
 475 01db E7010000 		.4byte	0x1e7
 476 01df 09       		.uleb128 0x9
 477 01e0 01       		.uleb128 0x1
 478 01e1 50       		.byte	0x50
 479 01e2 03       		.uleb128 0x3
 480 01e3 0A       		.byte	0xa
 481 01e4 EE02     		.2byte	0x2ee
 482 01e6 00       		.byte	0
 483 01e7 07       		.uleb128 0x7
 484 01e8 92000000 		.4byte	.LVL23
 485 01ec B1030000 		.4byte	0x3b1
 486 01f0 07       		.uleb128 0x7
 487 01f1 9A000000 		.4byte	.LVL24
 488 01f5 BC030000 		.4byte	0x3bc
 489 01f9 08       		.uleb128 0x8
 490 01fa A2000000 		.4byte	.LVL25
 491 01fe CD030000 		.4byte	0x3cd
 492 0202 0E020000 		.4byte	0x20e
 493 0206 09       		.uleb128 0x9
 494 0207 01       		.uleb128 0x1
 495 0208 50       		.byte	0x50
 496 0209 03       		.uleb128 0x3
 497 020a 0A       		.byte	0xa
 498 020b EE02     		.2byte	0x2ee
 499 020d 00       		.byte	0
 500 020e 07       		.uleb128 0x7
 501 020f A6000000 		.4byte	.LVL26
 502 0213 B1030000 		.4byte	0x3b1
 503 0217 07       		.uleb128 0x7
 504 0218 AE000000 		.4byte	.LVL27
 505 021c BC030000 		.4byte	0x3bc
 506 0220 08       		.uleb128 0x8
 507 0221 B6000000 		.4byte	.LVL28
 508 0225 CD030000 		.4byte	0x3cd
 509 0229 35020000 		.4byte	0x235
ARM GAS  C:\Users\ologa\AppData\Local\Temp\ccFgp2J6.s 			page 11


 510 022d 09       		.uleb128 0x9
 511 022e 01       		.uleb128 0x1
 512 022f 50       		.byte	0x50
 513 0230 03       		.uleb128 0x3
 514 0231 0A       		.byte	0xa
 515 0232 EE02     		.2byte	0x2ee
 516 0234 00       		.byte	0
 517 0235 07       		.uleb128 0x7
 518 0236 BA000000 		.4byte	.LVL29
 519 023a B1030000 		.4byte	0x3b1
 520 023e 07       		.uleb128 0x7
 521 023f C2000000 		.4byte	.LVL30
 522 0243 BC030000 		.4byte	0x3bc
 523 0247 08       		.uleb128 0x8
 524 0248 CA000000 		.4byte	.LVL31
 525 024c CD030000 		.4byte	0x3cd
 526 0250 5C020000 		.4byte	0x25c
 527 0254 09       		.uleb128 0x9
 528 0255 01       		.uleb128 0x1
 529 0256 50       		.byte	0x50
 530 0257 03       		.uleb128 0x3
 531 0258 0A       		.byte	0xa
 532 0259 EE02     		.2byte	0x2ee
 533 025b 00       		.byte	0
 534 025c 07       		.uleb128 0x7
 535 025d CE000000 		.4byte	.LVL32
 536 0261 B1030000 		.4byte	0x3b1
 537 0265 07       		.uleb128 0x7
 538 0266 D6000000 		.4byte	.LVL33
 539 026a BC030000 		.4byte	0x3bc
 540 026e 08       		.uleb128 0x8
 541 026f DE000000 		.4byte	.LVL34
 542 0273 CD030000 		.4byte	0x3cd
 543 0277 83020000 		.4byte	0x283
 544 027b 09       		.uleb128 0x9
 545 027c 01       		.uleb128 0x1
 546 027d 50       		.byte	0x50
 547 027e 03       		.uleb128 0x3
 548 027f 0A       		.byte	0xa
 549 0280 EE02     		.2byte	0x2ee
 550 0282 00       		.byte	0
 551 0283 07       		.uleb128 0x7
 552 0284 E2000000 		.4byte	.LVL35
 553 0288 B1030000 		.4byte	0x3b1
 554 028c 07       		.uleb128 0x7
 555 028d EA000000 		.4byte	.LVL36
 556 0291 BC030000 		.4byte	0x3bc
 557 0295 08       		.uleb128 0x8
 558 0296 F2000000 		.4byte	.LVL37
 559 029a CD030000 		.4byte	0x3cd
 560 029e AA020000 		.4byte	0x2aa
 561 02a2 09       		.uleb128 0x9
 562 02a3 01       		.uleb128 0x1
 563 02a4 50       		.byte	0x50
 564 02a5 03       		.uleb128 0x3
 565 02a6 0A       		.byte	0xa
 566 02a7 EE02     		.2byte	0x2ee
ARM GAS  C:\Users\ologa\AppData\Local\Temp\ccFgp2J6.s 			page 12


 567 02a9 00       		.byte	0
 568 02aa 07       		.uleb128 0x7
 569 02ab F6000000 		.4byte	.LVL38
 570 02af B1030000 		.4byte	0x3b1
 571 02b3 07       		.uleb128 0x7
 572 02b4 FE000000 		.4byte	.LVL39
 573 02b8 BC030000 		.4byte	0x3bc
 574 02bc 08       		.uleb128 0x8
 575 02bd 04010000 		.4byte	.LVL40
 576 02c1 CD030000 		.4byte	0x3cd
 577 02c5 D0020000 		.4byte	0x2d0
 578 02c9 09       		.uleb128 0x9
 579 02ca 01       		.uleb128 0x1
 580 02cb 50       		.byte	0x50
 581 02cc 02       		.uleb128 0x2
 582 02cd 08       		.byte	0x8
 583 02ce FA       		.byte	0xfa
 584 02cf 00       		.byte	0
 585 02d0 07       		.uleb128 0x7
 586 02d1 08010000 		.4byte	.LVL41
 587 02d5 B1030000 		.4byte	0x3b1
 588 02d9 07       		.uleb128 0x7
 589 02da 10010000 		.4byte	.LVL42
 590 02de BC030000 		.4byte	0x3bc
 591 02e2 08       		.uleb128 0x8
 592 02e3 16010000 		.4byte	.LVL43
 593 02e7 CD030000 		.4byte	0x3cd
 594 02eb F6020000 		.4byte	0x2f6
 595 02ef 09       		.uleb128 0x9
 596 02f0 01       		.uleb128 0x1
 597 02f1 50       		.byte	0x50
 598 02f2 02       		.uleb128 0x2
 599 02f3 08       		.byte	0x8
 600 02f4 FA       		.byte	0xfa
 601 02f5 00       		.byte	0
 602 02f6 07       		.uleb128 0x7
 603 02f7 1A010000 		.4byte	.LVL44
 604 02fb B1030000 		.4byte	0x3b1
 605 02ff 07       		.uleb128 0x7
 606 0300 22010000 		.4byte	.LVL45
 607 0304 BC030000 		.4byte	0x3bc
 608 0308 08       		.uleb128 0x8
 609 0309 28010000 		.4byte	.LVL46
 610 030d CD030000 		.4byte	0x3cd
 611 0311 1C030000 		.4byte	0x31c
 612 0315 09       		.uleb128 0x9
 613 0316 01       		.uleb128 0x1
 614 0317 50       		.byte	0x50
 615 0318 02       		.uleb128 0x2
 616 0319 08       		.byte	0x8
 617 031a FA       		.byte	0xfa
 618 031b 00       		.byte	0
 619 031c 07       		.uleb128 0x7
 620 031d 2C010000 		.4byte	.LVL47
 621 0321 B1030000 		.4byte	0x3b1
 622 0325 07       		.uleb128 0x7
 623 0326 34010000 		.4byte	.LVL48
ARM GAS  C:\Users\ologa\AppData\Local\Temp\ccFgp2J6.s 			page 13


 624 032a BC030000 		.4byte	0x3bc
 625 032e 08       		.uleb128 0x8
 626 032f 3A010000 		.4byte	.LVL49
 627 0333 CD030000 		.4byte	0x3cd
 628 0337 42030000 		.4byte	0x342
 629 033b 09       		.uleb128 0x9
 630 033c 01       		.uleb128 0x1
 631 033d 50       		.byte	0x50
 632 033e 02       		.uleb128 0x2
 633 033f 08       		.byte	0x8
 634 0340 FA       		.byte	0xfa
 635 0341 00       		.byte	0
 636 0342 07       		.uleb128 0x7
 637 0343 3E010000 		.4byte	.LVL50
 638 0347 B1030000 		.4byte	0x3b1
 639 034b 07       		.uleb128 0x7
 640 034c 46010000 		.4byte	.LVL51
 641 0350 BC030000 		.4byte	0x3bc
 642 0354 08       		.uleb128 0x8
 643 0355 4C010000 		.4byte	.LVL52
 644 0359 CD030000 		.4byte	0x3cd
 645 035d 68030000 		.4byte	0x368
 646 0361 09       		.uleb128 0x9
 647 0362 01       		.uleb128 0x1
 648 0363 50       		.byte	0x50
 649 0364 02       		.uleb128 0x2
 650 0365 08       		.byte	0x8
 651 0366 FA       		.byte	0xfa
 652 0367 00       		.byte	0
 653 0368 07       		.uleb128 0x7
 654 0369 50010000 		.4byte	.LVL53
 655 036d B1030000 		.4byte	0x3b1
 656 0371 07       		.uleb128 0x7
 657 0372 58010000 		.4byte	.LVL54
 658 0376 BC030000 		.4byte	0x3bc
 659 037a 08       		.uleb128 0x8
 660 037b 5E010000 		.4byte	.LVL55
 661 037f CD030000 		.4byte	0x3cd
 662 0383 8E030000 		.4byte	0x38e
 663 0387 09       		.uleb128 0x9
 664 0388 01       		.uleb128 0x1
 665 0389 50       		.byte	0x50
 666 038a 02       		.uleb128 0x2
 667 038b 08       		.byte	0x8
 668 038c FA       		.byte	0xfa
 669 038d 00       		.byte	0
 670 038e 0A       		.uleb128 0xa
 671 038f 66010000 		.4byte	.LVL56
 672 0393 CD030000 		.4byte	0x3cd
 673 0397 09       		.uleb128 0x9
 674 0398 01       		.uleb128 0x1
 675 0399 50       		.byte	0x50
 676 039a 03       		.uleb128 0x3
 677 039b 0A       		.byte	0xa
 678 039c E803     		.2byte	0x3e8
 679 039e 00       		.byte	0
 680 039f 00       		.byte	0
ARM GAS  C:\Users\ologa\AppData\Local\Temp\ccFgp2J6.s 			page 14


 681 03a0 0B       		.uleb128 0xb
 682 03a1 81010000 		.4byte	.LASF21
 683 03a5 05       		.byte	0x5
 684 03a6 9606     		.2byte	0x696
 685 03a8 AC030000 		.4byte	0x3ac
 686 03ac 0C       		.uleb128 0xc
 687 03ad 76000000 		.4byte	0x76
 688 03b1 0D       		.uleb128 0xd
 689 03b2 BC010000 		.4byte	.LASF22
 690 03b6 06       		.byte	0x6
 691 03b7 29       		.byte	0x29
 692 03b8 81000000 		.4byte	0x81
 693 03bc 0E       		.uleb128 0xe
 694 03bd 57010000 		.4byte	.LASF23
 695 03c1 06       		.byte	0x6
 696 03c2 26       		.byte	0x26
 697 03c3 CD030000 		.4byte	0x3cd
 698 03c7 0F       		.uleb128 0xf
 699 03c8 81000000 		.4byte	0x81
 700 03cc 00       		.byte	0
 701 03cd 10       		.uleb128 0x10
 702 03ce 7F000000 		.4byte	.LASF24
 703 03d2 07       		.byte	0x7
 704 03d3 76       		.byte	0x76
 705 03d4 0F       		.uleb128 0xf
 706 03d5 8D000000 		.4byte	0x8d
 707 03d9 00       		.byte	0
 708 03da 00       		.byte	0
 709              		.section	.debug_abbrev,"",%progbits
 710              	.Ldebug_abbrev0:
 711 0000 01       		.uleb128 0x1
 712 0001 11       		.uleb128 0x11
 713 0002 01       		.byte	0x1
 714 0003 25       		.uleb128 0x25
 715 0004 0E       		.uleb128 0xe
 716 0005 13       		.uleb128 0x13
 717 0006 0B       		.uleb128 0xb
 718 0007 03       		.uleb128 0x3
 719 0008 0E       		.uleb128 0xe
 720 0009 1B       		.uleb128 0x1b
 721 000a 0E       		.uleb128 0xe
 722 000b 55       		.uleb128 0x55
 723 000c 17       		.uleb128 0x17
 724 000d 11       		.uleb128 0x11
 725 000e 01       		.uleb128 0x1
 726 000f 10       		.uleb128 0x10
 727 0010 17       		.uleb128 0x17
 728 0011 00       		.byte	0
 729 0012 00       		.byte	0
 730 0013 02       		.uleb128 0x2
 731 0014 24       		.uleb128 0x24
 732 0015 00       		.byte	0
 733 0016 0B       		.uleb128 0xb
 734 0017 0B       		.uleb128 0xb
 735 0018 3E       		.uleb128 0x3e
 736 0019 0B       		.uleb128 0xb
 737 001a 03       		.uleb128 0x3
ARM GAS  C:\Users\ologa\AppData\Local\Temp\ccFgp2J6.s 			page 15


 738 001b 0E       		.uleb128 0xe
 739 001c 00       		.byte	0
 740 001d 00       		.byte	0
 741 001e 03       		.uleb128 0x3
 742 001f 16       		.uleb128 0x16
 743 0020 00       		.byte	0
 744 0021 03       		.uleb128 0x3
 745 0022 0E       		.uleb128 0xe
 746 0023 3A       		.uleb128 0x3a
 747 0024 0B       		.uleb128 0xb
 748 0025 3B       		.uleb128 0x3b
 749 0026 0B       		.uleb128 0xb
 750 0027 49       		.uleb128 0x49
 751 0028 13       		.uleb128 0x13
 752 0029 00       		.byte	0
 753 002a 00       		.byte	0
 754 002b 04       		.uleb128 0x4
 755 002c 24       		.uleb128 0x24
 756 002d 00       		.byte	0
 757 002e 0B       		.uleb128 0xb
 758 002f 0B       		.uleb128 0xb
 759 0030 3E       		.uleb128 0x3e
 760 0031 0B       		.uleb128 0xb
 761 0032 03       		.uleb128 0x3
 762 0033 08       		.uleb128 0x8
 763 0034 00       		.byte	0
 764 0035 00       		.byte	0
 765 0036 05       		.uleb128 0x5
 766 0037 16       		.uleb128 0x16
 767 0038 00       		.byte	0
 768 0039 03       		.uleb128 0x3
 769 003a 0E       		.uleb128 0xe
 770 003b 3A       		.uleb128 0x3a
 771 003c 0B       		.uleb128 0xb
 772 003d 3B       		.uleb128 0x3b
 773 003e 05       		.uleb128 0x5
 774 003f 49       		.uleb128 0x49
 775 0040 13       		.uleb128 0x13
 776 0041 00       		.byte	0
 777 0042 00       		.byte	0
 778 0043 06       		.uleb128 0x6
 779 0044 2E       		.uleb128 0x2e
 780 0045 01       		.byte	0x1
 781 0046 3F       		.uleb128 0x3f
 782 0047 19       		.uleb128 0x19
 783 0048 03       		.uleb128 0x3
 784 0049 0E       		.uleb128 0xe
 785 004a 3A       		.uleb128 0x3a
 786 004b 0B       		.uleb128 0xb
 787 004c 3B       		.uleb128 0x3b
 788 004d 0B       		.uleb128 0xb
 789 004e 11       		.uleb128 0x11
 790 004f 01       		.uleb128 0x1
 791 0050 12       		.uleb128 0x12
 792 0051 06       		.uleb128 0x6
 793 0052 40       		.uleb128 0x40
 794 0053 18       		.uleb128 0x18
ARM GAS  C:\Users\ologa\AppData\Local\Temp\ccFgp2J6.s 			page 16


 795 0054 9742     		.uleb128 0x2117
 796 0056 19       		.uleb128 0x19
 797 0057 01       		.uleb128 0x1
 798 0058 13       		.uleb128 0x13
 799 0059 00       		.byte	0
 800 005a 00       		.byte	0
 801 005b 07       		.uleb128 0x7
 802 005c 898201   		.uleb128 0x4109
 803 005f 00       		.byte	0
 804 0060 11       		.uleb128 0x11
 805 0061 01       		.uleb128 0x1
 806 0062 31       		.uleb128 0x31
 807 0063 13       		.uleb128 0x13
 808 0064 00       		.byte	0
 809 0065 00       		.byte	0
 810 0066 08       		.uleb128 0x8
 811 0067 898201   		.uleb128 0x4109
 812 006a 01       		.byte	0x1
 813 006b 11       		.uleb128 0x11
 814 006c 01       		.uleb128 0x1
 815 006d 31       		.uleb128 0x31
 816 006e 13       		.uleb128 0x13
 817 006f 01       		.uleb128 0x1
 818 0070 13       		.uleb128 0x13
 819 0071 00       		.byte	0
 820 0072 00       		.byte	0
 821 0073 09       		.uleb128 0x9
 822 0074 8A8201   		.uleb128 0x410a
 823 0077 00       		.byte	0
 824 0078 02       		.uleb128 0x2
 825 0079 18       		.uleb128 0x18
 826 007a 9142     		.uleb128 0x2111
 827 007c 18       		.uleb128 0x18
 828 007d 00       		.byte	0
 829 007e 00       		.byte	0
 830 007f 0A       		.uleb128 0xa
 831 0080 898201   		.uleb128 0x4109
 832 0083 01       		.byte	0x1
 833 0084 11       		.uleb128 0x11
 834 0085 01       		.uleb128 0x1
 835 0086 31       		.uleb128 0x31
 836 0087 13       		.uleb128 0x13
 837 0088 00       		.byte	0
 838 0089 00       		.byte	0
 839 008a 0B       		.uleb128 0xb
 840 008b 34       		.uleb128 0x34
 841 008c 00       		.byte	0
 842 008d 03       		.uleb128 0x3
 843 008e 0E       		.uleb128 0xe
 844 008f 3A       		.uleb128 0x3a
 845 0090 0B       		.uleb128 0xb
 846 0091 3B       		.uleb128 0x3b
 847 0092 05       		.uleb128 0x5
 848 0093 49       		.uleb128 0x49
 849 0094 13       		.uleb128 0x13
 850 0095 3F       		.uleb128 0x3f
 851 0096 19       		.uleb128 0x19
ARM GAS  C:\Users\ologa\AppData\Local\Temp\ccFgp2J6.s 			page 17


 852 0097 3C       		.uleb128 0x3c
 853 0098 19       		.uleb128 0x19
 854 0099 00       		.byte	0
 855 009a 00       		.byte	0
 856 009b 0C       		.uleb128 0xc
 857 009c 35       		.uleb128 0x35
 858 009d 00       		.byte	0
 859 009e 49       		.uleb128 0x49
 860 009f 13       		.uleb128 0x13
 861 00a0 00       		.byte	0
 862 00a1 00       		.byte	0
 863 00a2 0D       		.uleb128 0xd
 864 00a3 2E       		.uleb128 0x2e
 865 00a4 00       		.byte	0
 866 00a5 3F       		.uleb128 0x3f
 867 00a6 19       		.uleb128 0x19
 868 00a7 03       		.uleb128 0x3
 869 00a8 0E       		.uleb128 0xe
 870 00a9 3A       		.uleb128 0x3a
 871 00aa 0B       		.uleb128 0xb
 872 00ab 3B       		.uleb128 0x3b
 873 00ac 0B       		.uleb128 0xb
 874 00ad 27       		.uleb128 0x27
 875 00ae 19       		.uleb128 0x19
 876 00af 49       		.uleb128 0x49
 877 00b0 13       		.uleb128 0x13
 878 00b1 3C       		.uleb128 0x3c
 879 00b2 19       		.uleb128 0x19
 880 00b3 00       		.byte	0
 881 00b4 00       		.byte	0
 882 00b5 0E       		.uleb128 0xe
 883 00b6 2E       		.uleb128 0x2e
 884 00b7 01       		.byte	0x1
 885 00b8 3F       		.uleb128 0x3f
 886 00b9 19       		.uleb128 0x19
 887 00ba 03       		.uleb128 0x3
 888 00bb 0E       		.uleb128 0xe
 889 00bc 3A       		.uleb128 0x3a
 890 00bd 0B       		.uleb128 0xb
 891 00be 3B       		.uleb128 0x3b
 892 00bf 0B       		.uleb128 0xb
 893 00c0 27       		.uleb128 0x27
 894 00c1 19       		.uleb128 0x19
 895 00c2 3C       		.uleb128 0x3c
 896 00c3 19       		.uleb128 0x19
 897 00c4 01       		.uleb128 0x1
 898 00c5 13       		.uleb128 0x13
 899 00c6 00       		.byte	0
 900 00c7 00       		.byte	0
 901 00c8 0F       		.uleb128 0xf
 902 00c9 05       		.uleb128 0x5
 903 00ca 00       		.byte	0
 904 00cb 49       		.uleb128 0x49
 905 00cc 13       		.uleb128 0x13
 906 00cd 00       		.byte	0
 907 00ce 00       		.byte	0
 908 00cf 10       		.uleb128 0x10
ARM GAS  C:\Users\ologa\AppData\Local\Temp\ccFgp2J6.s 			page 18


 909 00d0 2E       		.uleb128 0x2e
 910 00d1 01       		.byte	0x1
 911 00d2 3F       		.uleb128 0x3f
 912 00d3 19       		.uleb128 0x19
 913 00d4 03       		.uleb128 0x3
 914 00d5 0E       		.uleb128 0xe
 915 00d6 3A       		.uleb128 0x3a
 916 00d7 0B       		.uleb128 0xb
 917 00d8 3B       		.uleb128 0x3b
 918 00d9 0B       		.uleb128 0xb
 919 00da 27       		.uleb128 0x27
 920 00db 19       		.uleb128 0x19
 921 00dc 3C       		.uleb128 0x3c
 922 00dd 19       		.uleb128 0x19
 923 00de 00       		.byte	0
 924 00df 00       		.byte	0
 925 00e0 00       		.byte	0
 926              		.section	.debug_aranges,"",%progbits
 927 0000 1C000000 		.4byte	0x1c
 928 0004 0200     		.2byte	0x2
 929 0006 00000000 		.4byte	.Ldebug_info0
 930 000a 04       		.byte	0x4
 931 000b 00       		.byte	0
 932 000c 0000     		.2byte	0
 933 000e 0000     		.2byte	0
 934 0010 00000000 		.4byte	.LFB63
 935 0014 68010000 		.4byte	.LFE63-.LFB63
 936 0018 00000000 		.4byte	0
 937 001c 00000000 		.4byte	0
 938              		.section	.debug_ranges,"",%progbits
 939              	.Ldebug_ranges0:
 940 0000 00000000 		.4byte	.LFB63
 941 0004 68010000 		.4byte	.LFE63
 942 0008 00000000 		.4byte	0
 943 000c 00000000 		.4byte	0
 944              		.section	.debug_line,"",%progbits
 945              	.Ldebug_line0:
 946 0000 37020000 		.section	.debug_str,"MS",%progbits,1
 946      02005F01 
 946      00000201 
 946      FB0E0D00 
 946      01010101 
 947              	.LASF6:
 948 0000 6C6F6E67 		.ascii	"long long int\000"
 948      206C6F6E 
 948      6720696E 
 948      7400
 949              	.LASF12:
 950 000e 75696E74 		.ascii	"uint32\000"
 950      333200
 951              	.LASF8:
 952 0015 756E7369 		.ascii	"unsigned int\000"
 952      676E6564 
 952      20696E74 
 952      00
 953              	.LASF19:
 954 0022 433A5C55 		.ascii	"C:\\Users\\ologa\\Documents\\MIT\\Senior S22\\6.115"
ARM GAS  C:\Users\ologa\AppData\Local\Temp\ccFgp2J6.s 			page 19


 954      73657273 
 954      5C6F6C6F 
 954      67615C44 
 954      6F63756D 
 955 004f 315C4C61 		.ascii	"1\\Lab2\\Exercise 9\\LAB1.cydsn\000"
 955      62325C45 
 955      78657263 
 955      69736520 
 955      395C4C41 
 956              	.LASF1:
 957 006c 756E7369 		.ascii	"unsigned char\000"
 957      676E6564 
 957      20636861 
 957      7200
 958              	.LASF20:
 959 007a 6D61696E 		.ascii	"main\000"
 959      00
 960              	.LASF24:
 961 007f 43794465 		.ascii	"CyDelay\000"
 961      6C617900 
 962              	.LASF11:
 963 0087 75696E74 		.ascii	"uint8\000"
 963      3800
 964              	.LASF5:
 965 008d 6C6F6E67 		.ascii	"long unsigned int\000"
 965      20756E73 
 965      69676E65 
 965      6420696E 
 965      7400
 966              	.LASF7:
 967 009f 6C6F6E67 		.ascii	"long long unsigned int\000"
 967      206C6F6E 
 967      6720756E 
 967      7369676E 
 967      65642069 
 968              	.LASF3:
 969 00b6 73686F72 		.ascii	"short unsigned int\000"
 969      7420756E 
 969      7369676E 
 969      65642069 
 969      6E7400
 970              	.LASF17:
 971 00c9 474E5520 		.ascii	"GNU C 4.9.3 20150303 (release) [ARM/embedded-4_9-br"
 971      4320342E 
 971      392E3320 
 971      32303135 
 971      30333033 
 972 00fc 616E6368 		.ascii	"anch revision 221220] -mcpu=cortex-m3 -mthumb -g -O"
 972      20726576 
 972      6973696F 
 972      6E203232 
 972      31323230 
 973 012f 67202D66 		.ascii	"g -ffunction-sections -ffat-lto-objects\000"
 973      66756E63 
 973      74696F6E 
 973      2D736563 
 973      74696F6E 
ARM GAS  C:\Users\ologa\AppData\Local\Temp\ccFgp2J6.s 			page 20


 974              	.LASF23:
 975 0157 50696E5F 		.ascii	"Pin_1_Write\000"
 975      315F5772 
 975      69746500 
 976              	.LASF15:
 977 0163 63686172 		.ascii	"char\000"
 977      00
 978              	.LASF4:
 979 0168 6C6F6E67 		.ascii	"long int\000"
 979      20696E74 
 979      00
 980              	.LASF18:
 981 0171 2E5C6D61 		.ascii	".\\main.c\000"
 981      696E2E63 
 981      00
 982              	.LASF14:
 983 017a 646F7562 		.ascii	"double\000"
 983      6C6500
 984              	.LASF21:
 985 0181 49544D5F 		.ascii	"ITM_RxBuffer\000"
 985      52784275 
 985      66666572 
 985      00
 986              	.LASF0:
 987 018e 7369676E 		.ascii	"signed char\000"
 987      65642063 
 987      68617200 
 988              	.LASF9:
 989 019a 5F5F696E 		.ascii	"__int32_t\000"
 989      7433325F 
 989      7400
 990              	.LASF13:
 991 01a4 666C6F61 		.ascii	"float\000"
 991      7400
 992              	.LASF2:
 993 01aa 73686F72 		.ascii	"short int\000"
 993      7420696E 
 993      7400
 994              	.LASF10:
 995 01b4 696E7433 		.ascii	"int32_t\000"
 995      325F7400 
 996              	.LASF22:
 997 01bc 50696E5F 		.ascii	"Pin_1_Read\000"
 997      315F5265 
 997      616400
 998              	.LASF16:
 999 01c7 73697A65 		.ascii	"sizetype\000"
 999      74797065 
 999      00
 1000              		.ident	"GCC: (GNU Tools for ARM Embedded Processors) 4.9.3 20150303 (release) [ARM/embedded-4_9-br
