ARM GAS  C:\Users\ologa\AppData\Local\Temp\ccIXauDk.s 			page 1


   1              		.syntax unified
   2              		.cpu cortex-m3
   3              		.fpu softvfp
   4              		.eabi_attribute 20, 1
   5              		.eabi_attribute 21, 1
   6              		.eabi_attribute 23, 3
   7              		.eabi_attribute 24, 1
   8              		.eabi_attribute 25, 1
   9              		.eabi_attribute 26, 1
  10              		.eabi_attribute 30, 1
  11              		.eabi_attribute 34, 1
  12              		.eabi_attribute 18, 4
  13              		.thumb
  14              		.file	"main.c"
  15              		.text
  16              	.Ltext0:
  17              		.cfi_sections	.debug_frame
  18              		.section	.text.main,"ax",%progbits
  19              		.align	2
  20              		.global	main
  21              		.thumb
  22              		.thumb_func
  23              		.type	main, %function
  24              	main:
  25              	.LFB63:
  26              		.file 1 ".\\main.c"
   1:.\main.c      **** /* ========================================
   2:.\main.c      ****  *
   3:.\main.c      ****  * Copyright YOUR COMPANY, THE YEAR
   4:.\main.c      ****  * All Rights Reserved
   5:.\main.c      ****  * UNPUBLISHED, LICENSED SOFTWARE.
   6:.\main.c      ****  *
   7:.\main.c      ****  * CONFIDENTIAL AND PROPRIETARY INFORMATION
   8:.\main.c      ****  * WHICH IS THE PROPERTY OF your company.
   9:.\main.c      ****  *
  10:.\main.c      ****  * This file is necessary for your project to build.
  11:.\main.c      ****  * Please do not delete it.
  12:.\main.c      ****  *
  13:.\main.c      ****  * ========================================
  14:.\main.c      **** */
  15:.\main.c      **** 
  16:.\main.c      **** #include <device.h>
  17:.\main.c      **** 
  18:.\main.c      **** uint16 adcResult = 0;
  19:.\main.c      **** 
  20:.\main.c      **** void main()
  21:.\main.c      **** {
  27              		.loc 1 21 0
  28              		.cfi_startproc
  29              		@ args = 0, pretend = 0, frame = 0
  30              		@ frame_needed = 0, uses_anonymous_args = 0
  31 0000 08B5     		push	{r3, lr}
  32              		.cfi_def_cfa_offset 8
  33              		.cfi_offset 3, -8
  34              		.cfi_offset 14, -4
  35              	.LVL0:
  22:.\main.c      **** 	unsigned char j = 50;				// milliseconds delay
ARM GAS  C:\Users\ologa\AppData\Local\Temp\ccIXauDk.s 			page 2


  23:.\main.c      **** 	
  24:.\main.c      **** 	
  25:.\main.c      **** 	LCD_Char_1_Start();					// initialize lcd
  36              		.loc 1 25 0
  37 0002 FFF7FEFF 		bl	LCD_Char_1_Start
  38              	.LVL1:
  26:.\main.c      **** 	LCD_Char_1_ClearDisplay();
  39              		.loc 1 26 0
  40 0006 0120     		movs	r0, #1
  41 0008 FFF7FEFF 		bl	LCD_Char_1_WriteControl
  42              	.LVL2:
  27:.\main.c      **** 	LCD_Char_1_PrintString("ADC : ");
  43              		.loc 1 27 0
  44 000c 1848     		ldr	r0, .L7
  45 000e FFF7FEFF 		bl	LCD_Char_1_PrintString
  46              	.LVL3:
  28:.\main.c      **** 	
  29:.\main.c      **** 	ADC_DelSig_1_Start();				// start the ADC_DelSig_1
  47              		.loc 1 29 0
  48 0012 FFF7FEFF 		bl	ADC_DelSig_1_Start
  49              	.LVL4:
  30:.\main.c      **** 	ADC_DelSig_1_StartConvert();		// start the ADC_DelSig_1 conversion
  50              		.loc 1 30 0
  51 0016 FFF7FEFF 		bl	ADC_DelSig_1_StartConvert
  52              	.LVL5:
  53              	.L2:
  31:.\main.c      **** 
  32:.\main.c      **** 
  33:.\main.c      ****     for(;;)
  34:.\main.c      ****     {
  35:.\main.c      **** 		if( ADC_DelSig_1_IsEndConversion(ADC_DelSig_1_WAIT_FOR_RESULT) )
  54              		.loc 1 35 0
  55 001a 0020     		movs	r0, #0
  56 001c FFF7FEFF 		bl	ADC_DelSig_1_IsEndConversion
  57              	.LVL6:
  58 0020 0028     		cmp	r0, #0
  59 0022 FAD0     		beq	.L2
  36:.\main.c      **** 		{
  37:.\main.c      **** 			LCD_Char_1_Position(0, 6);
  60              		.loc 1 37 0
  61 0024 0020     		movs	r0, #0
  62 0026 0621     		movs	r1, #6
  63 0028 FFF7FEFF 		bl	LCD_Char_1_Position
  64              	.LVL7:
  38:.\main.c      **** 			LCD_Char_1_PrintString("     ");			// clean up the previous display
  65              		.loc 1 38 0
  66 002c 1148     		ldr	r0, .L7+4
  67 002e FFF7FEFF 		bl	LCD_Char_1_PrintString
  68              	.LVL8:
  39:.\main.c      **** 			LCD_Char_1_Position(0, 6);
  69              		.loc 1 39 0
  70 0032 0020     		movs	r0, #0
  71 0034 0621     		movs	r1, #6
  72 0036 FFF7FEFF 		bl	LCD_Char_1_Position
  73              	.LVL9:
  40:.\main.c      **** 			adcResult = ADC_DelSig_1_GetResult16();		// read the adc and assign the value adcResult 
  74              		.loc 1 40 0
ARM GAS  C:\Users\ologa\AppData\Local\Temp\ccIXauDk.s 			page 3


  75 003a FFF7FEFF 		bl	ADC_DelSig_1_GetResult16
  76              	.LVL10:
  77 003e 83B2     		uxth	r3, r0
  78 0040 0D4A     		ldr	r2, .L7+8
  79 0042 1380     		strh	r3, [r2]	@ movhi
  41:.\main.c      ****    		if (adcResult & 0x8000)
  80              		.loc 1 41 0
  81 0044 0028     		cmp	r0, #0
  82 0046 03DA     		bge	.L3
  42:.\main.c      ****    		{
  43:.\main.c      ****     		adcResult = 0;       // ignore negative ADC results
  83              		.loc 1 43 0
  84 0048 0022     		movs	r2, #0
  85 004a 0B4B     		ldr	r3, .L7+8
  86 004c 1A80     		strh	r2, [r3]	@ movhi
  87 004e 07E0     		b	.L4
  88              	.L3:
  44:.\main.c      ****    		}
  45:.\main.c      ****    		else if (adcResult >= 0xfff)
  89              		.loc 1 45 0
  90 0050 40F6FE72 		movw	r2, #4094
  91 0054 9342     		cmp	r3, r2
  92 0056 03D9     		bls	.L4
  46:.\main.c      ****    		{
  47:.\main.c      ****     		adcResult = 0xfff;      // ignore high ADC results
  93              		.loc 1 47 0
  94 0058 40F6FF72 		movw	r2, #4095
  95 005c 064B     		ldr	r3, .L7+8
  96 005e 1A80     		strh	r2, [r3]	@ movhi
  97              	.L4:
  48:.\main.c      ****    		}
  49:.\main.c      **** 			LCD_Char_1_PrintNumber(adcResult);
  98              		.loc 1 49 0
  99 0060 054B     		ldr	r3, .L7+8
 100 0062 1888     		ldrh	r0, [r3]
 101 0064 FFF7FEFF 		bl	LCD_Char_1_PrintU32Number
 102              	.LVL11:
  50:.\main.c      **** 			CyDelay(j);									// delay in milliseconds
 103              		.loc 1 50 0
 104 0068 3220     		movs	r0, #50
 105 006a FFF7FEFF 		bl	CyDelay
 106              	.LVL12:
 107 006e D4E7     		b	.L2
 108              	.L8:
 109              		.align	2
 110              	.L7:
 111 0070 00000000 		.word	.LC0
 112 0074 08000000 		.word	.LC1
 113 0078 00000000 		.word	.LANCHOR0
 114              		.cfi_endproc
 115              	.LFE63:
 116              		.size	main, .-main
 117              		.global	adcResult
 118              		.section	.rodata.str1.4,"aMS",%progbits,1
 119              		.align	2
 120              	.LC0:
 121 0000 41444320 		.ascii	"ADC : \000"
ARM GAS  C:\Users\ologa\AppData\Local\Temp\ccIXauDk.s 			page 4


 121      3A2000
 122 0007 00       		.space	1
 123              	.LC1:
 124 0008 20202020 		.ascii	"     \000"
 124      2000
 125 000e 0000     		.bss
 126              		.align	1
 127              		.set	.LANCHOR0,. + 0
 128              		.type	adcResult, %object
 129              		.size	adcResult, 2
 130              	adcResult:
 131 0000 0000     		.space	2
 132              		.text
 133              	.Letext0:
 134              		.file 2 "c:\\program files (x86)\\cypress\\psoc creator\\3.3\\psoc creator\\import\\gnu\\arm\\4.9.
 135              		.file 3 "c:\\program files (x86)\\cypress\\psoc creator\\3.3\\psoc creator\\import\\gnu\\arm\\4.9.
 136              		.file 4 "Generated_Source\\PSoC5/cytypes.h"
 137              		.file 5 "Generated_Source\\PSoC5/core_cm3.h"
 138              		.file 6 "Generated_Source\\PSoC5/LCD_Char_1.h"
 139              		.file 7 "Generated_Source\\PSoC5/ADC_DelSig_1.h"
 140              		.file 8 "Generated_Source\\PSoC5/CyLib.h"
 141              		.section	.debug_info,"",%progbits
 142              	.Ldebug_info0:
 143 0000 6F020000 		.4byte	0x26f
 144 0004 0400     		.2byte	0x4
 145 0006 00000000 		.4byte	.Ldebug_abbrev0
 146 000a 04       		.byte	0x4
 147 000b 01       		.uleb128 0x1
 148 000c F6000000 		.4byte	.LASF29
 149 0010 01       		.byte	0x1
 150 0011 53000000 		.4byte	.LASF30
 151 0015 22000000 		.4byte	.LASF31
 152 0019 00000000 		.4byte	.Ldebug_ranges0+0
 153 001d 00000000 		.4byte	0
 154 0021 00000000 		.4byte	.Ldebug_line0
 155 0025 02       		.uleb128 0x2
 156 0026 01       		.byte	0x1
 157 0027 06       		.byte	0x6
 158 0028 7A020000 		.4byte	.LASF0
 159 002c 02       		.uleb128 0x2
 160 002d 01       		.byte	0x1
 161 002e 08       		.byte	0x8
 162 002f CE000000 		.4byte	.LASF1
 163 0033 02       		.uleb128 0x2
 164 0034 02       		.byte	0x2
 165 0035 05       		.byte	0x5
 166 0036 1F020000 		.4byte	.LASF2
 167 003a 02       		.uleb128 0x2
 168 003b 02       		.byte	0x2
 169 003c 07       		.byte	0x7
 170 003d AE000000 		.4byte	.LASF3
 171 0041 03       		.uleb128 0x3
 172 0042 18000000 		.4byte	.LASF9
 173 0046 02       		.byte	0x2
 174 0047 3F       		.byte	0x3f
 175 0048 4C000000 		.4byte	0x4c
 176 004c 02       		.uleb128 0x2
ARM GAS  C:\Users\ologa\AppData\Local\Temp\ccIXauDk.s 			page 5


 177 004d 04       		.byte	0x4
 178 004e 05       		.byte	0x5
 179 004f 46020000 		.4byte	.LASF4
 180 0053 02       		.uleb128 0x2
 181 0054 04       		.byte	0x4
 182 0055 07       		.byte	0x7
 183 0056 9C000000 		.4byte	.LASF5
 184 005a 02       		.uleb128 0x2
 185 005b 08       		.byte	0x8
 186 005c 05       		.byte	0x5
 187 005d F8010000 		.4byte	.LASF6
 188 0061 02       		.uleb128 0x2
 189 0062 08       		.byte	0x8
 190 0063 07       		.byte	0x7
 191 0064 62000000 		.4byte	.LASF7
 192 0068 04       		.uleb128 0x4
 193 0069 04       		.byte	0x4
 194 006a 05       		.byte	0x5
 195 006b 696E7400 		.ascii	"int\000"
 196 006f 02       		.uleb128 0x2
 197 0070 04       		.byte	0x4
 198 0071 07       		.byte	0x7
 199 0072 B0010000 		.4byte	.LASF8
 200 0076 03       		.uleb128 0x3
 201 0077 E7010000 		.4byte	.LASF10
 202 007b 03       		.byte	0x3
 203 007c 2C       		.byte	0x2c
 204 007d 41000000 		.4byte	0x41
 205 0081 05       		.uleb128 0x5
 206 0082 D7010000 		.4byte	.LASF11
 207 0086 04       		.byte	0x4
 208 0087 9201     		.2byte	0x192
 209 0089 2C000000 		.4byte	0x2c
 210 008d 05       		.uleb128 0x5
 211 008e E8000000 		.4byte	.LASF12
 212 0092 04       		.byte	0x4
 213 0093 9301     		.2byte	0x193
 214 0095 3A000000 		.4byte	0x3a
 215 0099 05       		.uleb128 0x5
 216 009a EF000000 		.4byte	.LASF13
 217 009e 04       		.byte	0x4
 218 009f 9401     		.2byte	0x194
 219 00a1 53000000 		.4byte	0x53
 220 00a5 05       		.uleb128 0x5
 221 00a6 96000000 		.4byte	.LASF14
 222 00aa 04       		.byte	0x4
 223 00ab 9601     		.2byte	0x196
 224 00ad 33000000 		.4byte	0x33
 225 00b1 02       		.uleb128 0x2
 226 00b2 04       		.byte	0x4
 227 00b3 04       		.byte	0x4
 228 00b4 5C000000 		.4byte	.LASF15
 229 00b8 02       		.uleb128 0x2
 230 00b9 08       		.byte	0x8
 231 00ba 04       		.byte	0x4
 232 00bb DC000000 		.4byte	.LASF16
 233 00bf 05       		.uleb128 0x5
ARM GAS  C:\Users\ologa\AppData\Local\Temp\ccIXauDk.s 			page 6


 234 00c0 90000000 		.4byte	.LASF17
 235 00c4 04       		.byte	0x4
 236 00c5 A301     		.2byte	0x1a3
 237 00c7 CB000000 		.4byte	0xcb
 238 00cb 02       		.uleb128 0x2
 239 00cc 01       		.byte	0x1
 240 00cd 08       		.byte	0x8
 241 00ce 06020000 		.4byte	.LASF18
 242 00d2 02       		.uleb128 0x2
 243 00d3 04       		.byte	0x4
 244 00d4 07       		.byte	0x7
 245 00d5 EF010000 		.4byte	.LASF19
 246 00d9 06       		.uleb128 0x6
 247 00da E3000000 		.4byte	.LASF32
 248 00de 01       		.byte	0x1
 249 00df 14       		.byte	0x14
 250 00e0 00000000 		.4byte	.LFB63
 251 00e4 7C000000 		.4byte	.LFE63-.LFB63
 252 00e8 01       		.uleb128 0x1
 253 00e9 9C       		.byte	0x9c
 254 00ea BA010000 		.4byte	0x1ba
 255 00ee 07       		.uleb128 0x7
 256 00ef 6A00     		.ascii	"j\000"
 257 00f1 01       		.byte	0x1
 258 00f2 16       		.byte	0x16
 259 00f3 2C000000 		.4byte	0x2c
 260 00f7 32       		.byte	0x32
 261 00f8 08       		.uleb128 0x8
 262 00f9 06000000 		.4byte	.LVL1
 263 00fd DC010000 		.4byte	0x1dc
 264 0101 09       		.uleb128 0x9
 265 0102 0C000000 		.4byte	.LVL2
 266 0106 E3010000 		.4byte	0x1e3
 267 010a 14010000 		.4byte	0x114
 268 010e 0A       		.uleb128 0xa
 269 010f 01       		.uleb128 0x1
 270 0110 50       		.byte	0x50
 271 0111 01       		.uleb128 0x1
 272 0112 31       		.byte	0x31
 273 0113 00       		.byte	0
 274 0114 09       		.uleb128 0x9
 275 0115 12000000 		.4byte	.LVL3
 276 0119 F4010000 		.4byte	0x1f4
 277 011d 2B010000 		.4byte	0x12b
 278 0121 0A       		.uleb128 0xa
 279 0122 01       		.uleb128 0x1
 280 0123 50       		.byte	0x50
 281 0124 05       		.uleb128 0x5
 282 0125 03       		.byte	0x3
 283 0126 00000000 		.4byte	.LC0
 284 012a 00       		.byte	0
 285 012b 08       		.uleb128 0x8
 286 012c 16000000 		.4byte	.LVL4
 287 0130 10020000 		.4byte	0x210
 288 0134 08       		.uleb128 0x8
 289 0135 1A000000 		.4byte	.LVL5
 290 0139 17020000 		.4byte	0x217
ARM GAS  C:\Users\ologa\AppData\Local\Temp\ccIXauDk.s 			page 7


 291 013d 09       		.uleb128 0x9
 292 013e 20000000 		.4byte	.LVL6
 293 0142 1E020000 		.4byte	0x21e
 294 0146 50010000 		.4byte	0x150
 295 014a 0A       		.uleb128 0xa
 296 014b 01       		.uleb128 0x1
 297 014c 50       		.byte	0x50
 298 014d 01       		.uleb128 0x1
 299 014e 30       		.byte	0x30
 300 014f 00       		.byte	0
 301 0150 09       		.uleb128 0x9
 302 0151 2C000000 		.4byte	.LVL7
 303 0155 33020000 		.4byte	0x233
 304 0159 68010000 		.4byte	0x168
 305 015d 0A       		.uleb128 0xa
 306 015e 01       		.uleb128 0x1
 307 015f 51       		.byte	0x51
 308 0160 01       		.uleb128 0x1
 309 0161 36       		.byte	0x36
 310 0162 0A       		.uleb128 0xa
 311 0163 01       		.uleb128 0x1
 312 0164 50       		.byte	0x50
 313 0165 01       		.uleb128 0x1
 314 0166 30       		.byte	0x30
 315 0167 00       		.byte	0
 316 0168 09       		.uleb128 0x9
 317 0169 32000000 		.4byte	.LVL8
 318 016d F4010000 		.4byte	0x1f4
 319 0171 7F010000 		.4byte	0x17f
 320 0175 0A       		.uleb128 0xa
 321 0176 01       		.uleb128 0x1
 322 0177 50       		.byte	0x50
 323 0178 05       		.uleb128 0x5
 324 0179 03       		.byte	0x3
 325 017a 08000000 		.4byte	.LC1
 326 017e 00       		.byte	0
 327 017f 09       		.uleb128 0x9
 328 0180 3A000000 		.4byte	.LVL9
 329 0184 33020000 		.4byte	0x233
 330 0188 97010000 		.4byte	0x197
 331 018c 0A       		.uleb128 0xa
 332 018d 01       		.uleb128 0x1
 333 018e 51       		.byte	0x51
 334 018f 01       		.uleb128 0x1
 335 0190 36       		.byte	0x36
 336 0191 0A       		.uleb128 0xa
 337 0192 01       		.uleb128 0x1
 338 0193 50       		.byte	0x50
 339 0194 01       		.uleb128 0x1
 340 0195 30       		.byte	0x30
 341 0196 00       		.byte	0
 342 0197 08       		.uleb128 0x8
 343 0198 3E000000 		.4byte	.LVL10
 344 019c 49020000 		.4byte	0x249
 345 01a0 08       		.uleb128 0x8
 346 01a1 68000000 		.4byte	.LVL11
 347 01a5 54020000 		.4byte	0x254
ARM GAS  C:\Users\ologa\AppData\Local\Temp\ccIXauDk.s 			page 8


 348 01a9 0B       		.uleb128 0xb
 349 01aa 6E000000 		.4byte	.LVL12
 350 01ae 65020000 		.4byte	0x265
 351 01b2 0A       		.uleb128 0xa
 352 01b3 01       		.uleb128 0x1
 353 01b4 50       		.byte	0x50
 354 01b5 02       		.uleb128 0x2
 355 01b6 08       		.byte	0x8
 356 01b7 32       		.byte	0x32
 357 01b8 00       		.byte	0
 358 01b9 00       		.byte	0
 359 01ba 0C       		.uleb128 0xc
 360 01bb C1000000 		.4byte	.LASF20
 361 01bf 05       		.byte	0x5
 362 01c0 9606     		.2byte	0x696
 363 01c2 C6010000 		.4byte	0x1c6
 364 01c6 0D       		.uleb128 0xd
 365 01c7 76000000 		.4byte	0x76
 366 01cb 0E       		.uleb128 0xe
 367 01cc DD010000 		.4byte	.LASF21
 368 01d0 01       		.byte	0x1
 369 01d1 12       		.byte	0x12
 370 01d2 8D000000 		.4byte	0x8d
 371 01d6 05       		.uleb128 0x5
 372 01d7 03       		.byte	0x3
 373 01d8 00000000 		.4byte	adcResult
 374 01dc 0F       		.uleb128 0xf
 375 01dd 69020000 		.4byte	.LASF24
 376 01e1 06       		.byte	0x6
 377 01e2 38       		.byte	0x38
 378 01e3 10       		.uleb128 0x10
 379 01e4 00000000 		.4byte	.LASF22
 380 01e8 06       		.byte	0x6
 381 01e9 3A       		.byte	0x3a
 382 01ea F4010000 		.4byte	0x1f4
 383 01ee 11       		.uleb128 0x11
 384 01ef 81000000 		.4byte	0x81
 385 01f3 00       		.byte	0
 386 01f4 10       		.uleb128 0x10
 387 01f5 79000000 		.4byte	.LASF23
 388 01f9 06       		.byte	0x6
 389 01fa 3C       		.byte	0x3c
 390 01fb 05020000 		.4byte	0x205
 391 01ff 11       		.uleb128 0x11
 392 0200 05020000 		.4byte	0x205
 393 0204 00       		.byte	0
 394 0205 12       		.uleb128 0x12
 395 0206 04       		.byte	0x4
 396 0207 0B020000 		.4byte	0x20b
 397 020b 13       		.uleb128 0x13
 398 020c BF000000 		.4byte	0xbf
 399 0210 0F       		.uleb128 0xf
 400 0211 9D010000 		.4byte	.LASF25
 401 0215 07       		.byte	0x7
 402 0216 3A       		.byte	0x3a
 403 0217 0F       		.uleb128 0xf
 404 0218 4F020000 		.4byte	.LASF26
ARM GAS  C:\Users\ologa\AppData\Local\Temp\ccIXauDk.s 			page 9


 405 021c 07       		.byte	0x7
 406 021d 3D       		.byte	0x3d
 407 021e 14       		.uleb128 0x14
 408 021f 29020000 		.4byte	.LASF33
 409 0223 07       		.byte	0x7
 410 0224 3F       		.byte	0x3f
 411 0225 81000000 		.4byte	0x81
 412 0229 33020000 		.4byte	0x233
 413 022d 11       		.uleb128 0x11
 414 022e 81000000 		.4byte	0x81
 415 0232 00       		.byte	0
 416 0233 10       		.uleb128 0x10
 417 0234 0B020000 		.4byte	.LASF27
 418 0238 06       		.byte	0x6
 419 0239 3D       		.byte	0x3d
 420 023a 49020000 		.4byte	0x249
 421 023e 11       		.uleb128 0x11
 422 023f 81000000 		.4byte	0x81
 423 0243 11       		.uleb128 0x11
 424 0244 81000000 		.4byte	0x81
 425 0248 00       		.byte	0
 426 0249 15       		.uleb128 0x15
 427 024a 84010000 		.4byte	.LASF34
 428 024e 07       		.byte	0x7
 429 024f 41       		.byte	0x41
 430 0250 A5000000 		.4byte	0xa5
 431 0254 10       		.uleb128 0x10
 432 0255 BD010000 		.4byte	.LASF28
 433 0259 06       		.byte	0x6
 434 025a 61       		.byte	0x61
 435 025b 65020000 		.4byte	0x265
 436 025f 11       		.uleb128 0x11
 437 0260 99000000 		.4byte	0x99
 438 0264 00       		.byte	0
 439 0265 16       		.uleb128 0x16
 440 0266 86020000 		.4byte	.LASF35
 441 026a 08       		.byte	0x8
 442 026b 76       		.byte	0x76
 443 026c 11       		.uleb128 0x11
 444 026d 99000000 		.4byte	0x99
 445 0271 00       		.byte	0
 446 0272 00       		.byte	0
 447              		.section	.debug_abbrev,"",%progbits
 448              	.Ldebug_abbrev0:
 449 0000 01       		.uleb128 0x1
 450 0001 11       		.uleb128 0x11
 451 0002 01       		.byte	0x1
 452 0003 25       		.uleb128 0x25
 453 0004 0E       		.uleb128 0xe
 454 0005 13       		.uleb128 0x13
 455 0006 0B       		.uleb128 0xb
 456 0007 03       		.uleb128 0x3
 457 0008 0E       		.uleb128 0xe
 458 0009 1B       		.uleb128 0x1b
 459 000a 0E       		.uleb128 0xe
 460 000b 55       		.uleb128 0x55
 461 000c 17       		.uleb128 0x17
ARM GAS  C:\Users\ologa\AppData\Local\Temp\ccIXauDk.s 			page 10


 462 000d 11       		.uleb128 0x11
 463 000e 01       		.uleb128 0x1
 464 000f 10       		.uleb128 0x10
 465 0010 17       		.uleb128 0x17
 466 0011 00       		.byte	0
 467 0012 00       		.byte	0
 468 0013 02       		.uleb128 0x2
 469 0014 24       		.uleb128 0x24
 470 0015 00       		.byte	0
 471 0016 0B       		.uleb128 0xb
 472 0017 0B       		.uleb128 0xb
 473 0018 3E       		.uleb128 0x3e
 474 0019 0B       		.uleb128 0xb
 475 001a 03       		.uleb128 0x3
 476 001b 0E       		.uleb128 0xe
 477 001c 00       		.byte	0
 478 001d 00       		.byte	0
 479 001e 03       		.uleb128 0x3
 480 001f 16       		.uleb128 0x16
 481 0020 00       		.byte	0
 482 0021 03       		.uleb128 0x3
 483 0022 0E       		.uleb128 0xe
 484 0023 3A       		.uleb128 0x3a
 485 0024 0B       		.uleb128 0xb
 486 0025 3B       		.uleb128 0x3b
 487 0026 0B       		.uleb128 0xb
 488 0027 49       		.uleb128 0x49
 489 0028 13       		.uleb128 0x13
 490 0029 00       		.byte	0
 491 002a 00       		.byte	0
 492 002b 04       		.uleb128 0x4
 493 002c 24       		.uleb128 0x24
 494 002d 00       		.byte	0
 495 002e 0B       		.uleb128 0xb
 496 002f 0B       		.uleb128 0xb
 497 0030 3E       		.uleb128 0x3e
 498 0031 0B       		.uleb128 0xb
 499 0032 03       		.uleb128 0x3
 500 0033 08       		.uleb128 0x8
 501 0034 00       		.byte	0
 502 0035 00       		.byte	0
 503 0036 05       		.uleb128 0x5
 504 0037 16       		.uleb128 0x16
 505 0038 00       		.byte	0
 506 0039 03       		.uleb128 0x3
 507 003a 0E       		.uleb128 0xe
 508 003b 3A       		.uleb128 0x3a
 509 003c 0B       		.uleb128 0xb
 510 003d 3B       		.uleb128 0x3b
 511 003e 05       		.uleb128 0x5
 512 003f 49       		.uleb128 0x49
 513 0040 13       		.uleb128 0x13
 514 0041 00       		.byte	0
 515 0042 00       		.byte	0
 516 0043 06       		.uleb128 0x6
 517 0044 2E       		.uleb128 0x2e
 518 0045 01       		.byte	0x1
ARM GAS  C:\Users\ologa\AppData\Local\Temp\ccIXauDk.s 			page 11


 519 0046 3F       		.uleb128 0x3f
 520 0047 19       		.uleb128 0x19
 521 0048 03       		.uleb128 0x3
 522 0049 0E       		.uleb128 0xe
 523 004a 3A       		.uleb128 0x3a
 524 004b 0B       		.uleb128 0xb
 525 004c 3B       		.uleb128 0x3b
 526 004d 0B       		.uleb128 0xb
 527 004e 11       		.uleb128 0x11
 528 004f 01       		.uleb128 0x1
 529 0050 12       		.uleb128 0x12
 530 0051 06       		.uleb128 0x6
 531 0052 40       		.uleb128 0x40
 532 0053 18       		.uleb128 0x18
 533 0054 9742     		.uleb128 0x2117
 534 0056 19       		.uleb128 0x19
 535 0057 01       		.uleb128 0x1
 536 0058 13       		.uleb128 0x13
 537 0059 00       		.byte	0
 538 005a 00       		.byte	0
 539 005b 07       		.uleb128 0x7
 540 005c 34       		.uleb128 0x34
 541 005d 00       		.byte	0
 542 005e 03       		.uleb128 0x3
 543 005f 08       		.uleb128 0x8
 544 0060 3A       		.uleb128 0x3a
 545 0061 0B       		.uleb128 0xb
 546 0062 3B       		.uleb128 0x3b
 547 0063 0B       		.uleb128 0xb
 548 0064 49       		.uleb128 0x49
 549 0065 13       		.uleb128 0x13
 550 0066 1C       		.uleb128 0x1c
 551 0067 0B       		.uleb128 0xb
 552 0068 00       		.byte	0
 553 0069 00       		.byte	0
 554 006a 08       		.uleb128 0x8
 555 006b 898201   		.uleb128 0x4109
 556 006e 00       		.byte	0
 557 006f 11       		.uleb128 0x11
 558 0070 01       		.uleb128 0x1
 559 0071 31       		.uleb128 0x31
 560 0072 13       		.uleb128 0x13
 561 0073 00       		.byte	0
 562 0074 00       		.byte	0
 563 0075 09       		.uleb128 0x9
 564 0076 898201   		.uleb128 0x4109
 565 0079 01       		.byte	0x1
 566 007a 11       		.uleb128 0x11
 567 007b 01       		.uleb128 0x1
 568 007c 31       		.uleb128 0x31
 569 007d 13       		.uleb128 0x13
 570 007e 01       		.uleb128 0x1
 571 007f 13       		.uleb128 0x13
 572 0080 00       		.byte	0
 573 0081 00       		.byte	0
 574 0082 0A       		.uleb128 0xa
 575 0083 8A8201   		.uleb128 0x410a
ARM GAS  C:\Users\ologa\AppData\Local\Temp\ccIXauDk.s 			page 12


 576 0086 00       		.byte	0
 577 0087 02       		.uleb128 0x2
 578 0088 18       		.uleb128 0x18
 579 0089 9142     		.uleb128 0x2111
 580 008b 18       		.uleb128 0x18
 581 008c 00       		.byte	0
 582 008d 00       		.byte	0
 583 008e 0B       		.uleb128 0xb
 584 008f 898201   		.uleb128 0x4109
 585 0092 01       		.byte	0x1
 586 0093 11       		.uleb128 0x11
 587 0094 01       		.uleb128 0x1
 588 0095 31       		.uleb128 0x31
 589 0096 13       		.uleb128 0x13
 590 0097 00       		.byte	0
 591 0098 00       		.byte	0
 592 0099 0C       		.uleb128 0xc
 593 009a 34       		.uleb128 0x34
 594 009b 00       		.byte	0
 595 009c 03       		.uleb128 0x3
 596 009d 0E       		.uleb128 0xe
 597 009e 3A       		.uleb128 0x3a
 598 009f 0B       		.uleb128 0xb
 599 00a0 3B       		.uleb128 0x3b
 600 00a1 05       		.uleb128 0x5
 601 00a2 49       		.uleb128 0x49
 602 00a3 13       		.uleb128 0x13
 603 00a4 3F       		.uleb128 0x3f
 604 00a5 19       		.uleb128 0x19
 605 00a6 3C       		.uleb128 0x3c
 606 00a7 19       		.uleb128 0x19
 607 00a8 00       		.byte	0
 608 00a9 00       		.byte	0
 609 00aa 0D       		.uleb128 0xd
 610 00ab 35       		.uleb128 0x35
 611 00ac 00       		.byte	0
 612 00ad 49       		.uleb128 0x49
 613 00ae 13       		.uleb128 0x13
 614 00af 00       		.byte	0
 615 00b0 00       		.byte	0
 616 00b1 0E       		.uleb128 0xe
 617 00b2 34       		.uleb128 0x34
 618 00b3 00       		.byte	0
 619 00b4 03       		.uleb128 0x3
 620 00b5 0E       		.uleb128 0xe
 621 00b6 3A       		.uleb128 0x3a
 622 00b7 0B       		.uleb128 0xb
 623 00b8 3B       		.uleb128 0x3b
 624 00b9 0B       		.uleb128 0xb
 625 00ba 49       		.uleb128 0x49
 626 00bb 13       		.uleb128 0x13
 627 00bc 3F       		.uleb128 0x3f
 628 00bd 19       		.uleb128 0x19
 629 00be 02       		.uleb128 0x2
 630 00bf 18       		.uleb128 0x18
 631 00c0 00       		.byte	0
 632 00c1 00       		.byte	0
ARM GAS  C:\Users\ologa\AppData\Local\Temp\ccIXauDk.s 			page 13


 633 00c2 0F       		.uleb128 0xf
 634 00c3 2E       		.uleb128 0x2e
 635 00c4 00       		.byte	0
 636 00c5 3F       		.uleb128 0x3f
 637 00c6 19       		.uleb128 0x19
 638 00c7 03       		.uleb128 0x3
 639 00c8 0E       		.uleb128 0xe
 640 00c9 3A       		.uleb128 0x3a
 641 00ca 0B       		.uleb128 0xb
 642 00cb 3B       		.uleb128 0x3b
 643 00cc 0B       		.uleb128 0xb
 644 00cd 27       		.uleb128 0x27
 645 00ce 19       		.uleb128 0x19
 646 00cf 3C       		.uleb128 0x3c
 647 00d0 19       		.uleb128 0x19
 648 00d1 00       		.byte	0
 649 00d2 00       		.byte	0
 650 00d3 10       		.uleb128 0x10
 651 00d4 2E       		.uleb128 0x2e
 652 00d5 01       		.byte	0x1
 653 00d6 3F       		.uleb128 0x3f
 654 00d7 19       		.uleb128 0x19
 655 00d8 03       		.uleb128 0x3
 656 00d9 0E       		.uleb128 0xe
 657 00da 3A       		.uleb128 0x3a
 658 00db 0B       		.uleb128 0xb
 659 00dc 3B       		.uleb128 0x3b
 660 00dd 0B       		.uleb128 0xb
 661 00de 27       		.uleb128 0x27
 662 00df 19       		.uleb128 0x19
 663 00e0 3C       		.uleb128 0x3c
 664 00e1 19       		.uleb128 0x19
 665 00e2 01       		.uleb128 0x1
 666 00e3 13       		.uleb128 0x13
 667 00e4 00       		.byte	0
 668 00e5 00       		.byte	0
 669 00e6 11       		.uleb128 0x11
 670 00e7 05       		.uleb128 0x5
 671 00e8 00       		.byte	0
 672 00e9 49       		.uleb128 0x49
 673 00ea 13       		.uleb128 0x13
 674 00eb 00       		.byte	0
 675 00ec 00       		.byte	0
 676 00ed 12       		.uleb128 0x12
 677 00ee 0F       		.uleb128 0xf
 678 00ef 00       		.byte	0
 679 00f0 0B       		.uleb128 0xb
 680 00f1 0B       		.uleb128 0xb
 681 00f2 49       		.uleb128 0x49
 682 00f3 13       		.uleb128 0x13
 683 00f4 00       		.byte	0
 684 00f5 00       		.byte	0
 685 00f6 13       		.uleb128 0x13
 686 00f7 26       		.uleb128 0x26
 687 00f8 00       		.byte	0
 688 00f9 49       		.uleb128 0x49
 689 00fa 13       		.uleb128 0x13
ARM GAS  C:\Users\ologa\AppData\Local\Temp\ccIXauDk.s 			page 14


 690 00fb 00       		.byte	0
 691 00fc 00       		.byte	0
 692 00fd 14       		.uleb128 0x14
 693 00fe 2E       		.uleb128 0x2e
 694 00ff 01       		.byte	0x1
 695 0100 3F       		.uleb128 0x3f
 696 0101 19       		.uleb128 0x19
 697 0102 03       		.uleb128 0x3
 698 0103 0E       		.uleb128 0xe
 699 0104 3A       		.uleb128 0x3a
 700 0105 0B       		.uleb128 0xb
 701 0106 3B       		.uleb128 0x3b
 702 0107 0B       		.uleb128 0xb
 703 0108 27       		.uleb128 0x27
 704 0109 19       		.uleb128 0x19
 705 010a 49       		.uleb128 0x49
 706 010b 13       		.uleb128 0x13
 707 010c 3C       		.uleb128 0x3c
 708 010d 19       		.uleb128 0x19
 709 010e 01       		.uleb128 0x1
 710 010f 13       		.uleb128 0x13
 711 0110 00       		.byte	0
 712 0111 00       		.byte	0
 713 0112 15       		.uleb128 0x15
 714 0113 2E       		.uleb128 0x2e
 715 0114 00       		.byte	0
 716 0115 3F       		.uleb128 0x3f
 717 0116 19       		.uleb128 0x19
 718 0117 03       		.uleb128 0x3
 719 0118 0E       		.uleb128 0xe
 720 0119 3A       		.uleb128 0x3a
 721 011a 0B       		.uleb128 0xb
 722 011b 3B       		.uleb128 0x3b
 723 011c 0B       		.uleb128 0xb
 724 011d 27       		.uleb128 0x27
 725 011e 19       		.uleb128 0x19
 726 011f 49       		.uleb128 0x49
 727 0120 13       		.uleb128 0x13
 728 0121 3C       		.uleb128 0x3c
 729 0122 19       		.uleb128 0x19
 730 0123 00       		.byte	0
 731 0124 00       		.byte	0
 732 0125 16       		.uleb128 0x16
 733 0126 2E       		.uleb128 0x2e
 734 0127 01       		.byte	0x1
 735 0128 3F       		.uleb128 0x3f
 736 0129 19       		.uleb128 0x19
 737 012a 03       		.uleb128 0x3
 738 012b 0E       		.uleb128 0xe
 739 012c 3A       		.uleb128 0x3a
 740 012d 0B       		.uleb128 0xb
 741 012e 3B       		.uleb128 0x3b
 742 012f 0B       		.uleb128 0xb
 743 0130 27       		.uleb128 0x27
 744 0131 19       		.uleb128 0x19
 745 0132 3C       		.uleb128 0x3c
 746 0133 19       		.uleb128 0x19
ARM GAS  C:\Users\ologa\AppData\Local\Temp\ccIXauDk.s 			page 15


 747 0134 00       		.byte	0
 748 0135 00       		.byte	0
 749 0136 00       		.byte	0
 750              		.section	.debug_aranges,"",%progbits
 751 0000 1C000000 		.4byte	0x1c
 752 0004 0200     		.2byte	0x2
 753 0006 00000000 		.4byte	.Ldebug_info0
 754 000a 04       		.byte	0x4
 755 000b 00       		.byte	0
 756 000c 0000     		.2byte	0
 757 000e 0000     		.2byte	0
 758 0010 00000000 		.4byte	.LFB63
 759 0014 7C000000 		.4byte	.LFE63-.LFB63
 760 0018 00000000 		.4byte	0
 761 001c 00000000 		.4byte	0
 762              		.section	.debug_ranges,"",%progbits
 763              	.Ldebug_ranges0:
 764 0000 00000000 		.4byte	.LFB63
 765 0004 7C000000 		.4byte	.LFE63
 766 0008 00000000 		.4byte	0
 767 000c 00000000 		.4byte	0
 768              		.section	.debug_line,"",%progbits
 769              	.Ldebug_line0:
 770 0000 9B010000 		.section	.debug_str,"MS",%progbits,1
 770      02007601 
 770      00000201 
 770      FB0E0D00 
 770      01010101 
 771              	.LASF22:
 772 0000 4C43445F 		.ascii	"LCD_Char_1_WriteControl\000"
 772      43686172 
 772      5F315F57 
 772      72697465 
 772      436F6E74 
 773              	.LASF9:
 774 0018 5F5F696E 		.ascii	"__int32_t\000"
 774      7433325F 
 774      7400
 775              	.LASF31:
 776 0022 433A5C55 		.ascii	"C:\\Users\\ologa\\Documents\\PSoC Creator\\LAB2.cyd"
 776      73657273 
 776      5C6F6C6F 
 776      67615C44 
 776      6F63756D 
 777 0050 736E00   		.ascii	"sn\000"
 778              	.LASF30:
 779 0053 2E5C6D61 		.ascii	".\\main.c\000"
 779      696E2E63 
 779      00
 780              	.LASF15:
 781 005c 666C6F61 		.ascii	"float\000"
 781      7400
 782              	.LASF7:
 783 0062 6C6F6E67 		.ascii	"long long unsigned int\000"
 783      206C6F6E 
 783      6720756E 
 783      7369676E 
ARM GAS  C:\Users\ologa\AppData\Local\Temp\ccIXauDk.s 			page 16


 783      65642069 
 784              	.LASF23:
 785 0079 4C43445F 		.ascii	"LCD_Char_1_PrintString\000"
 785      43686172 
 785      5F315F50 
 785      72696E74 
 785      53747269 
 786              	.LASF17:
 787 0090 63686172 		.ascii	"char8\000"
 787      3800
 788              	.LASF14:
 789 0096 696E7431 		.ascii	"int16\000"
 789      3600
 790              	.LASF5:
 791 009c 6C6F6E67 		.ascii	"long unsigned int\000"
 791      20756E73 
 791      69676E65 
 791      6420696E 
 791      7400
 792              	.LASF3:
 793 00ae 73686F72 		.ascii	"short unsigned int\000"
 793      7420756E 
 793      7369676E 
 793      65642069 
 793      6E7400
 794              	.LASF20:
 795 00c1 49544D5F 		.ascii	"ITM_RxBuffer\000"
 795      52784275 
 795      66666572 
 795      00
 796              	.LASF1:
 797 00ce 756E7369 		.ascii	"unsigned char\000"
 797      676E6564 
 797      20636861 
 797      7200
 798              	.LASF16:
 799 00dc 646F7562 		.ascii	"double\000"
 799      6C6500
 800              	.LASF32:
 801 00e3 6D61696E 		.ascii	"main\000"
 801      00
 802              	.LASF12:
 803 00e8 75696E74 		.ascii	"uint16\000"
 803      313600
 804              	.LASF13:
 805 00ef 75696E74 		.ascii	"uint32\000"
 805      333200
 806              	.LASF29:
 807 00f6 474E5520 		.ascii	"GNU C 4.9.3 20150303 (release) [ARM/embedded-4_9-br"
 807      4320342E 
 807      392E3320 
 807      32303135 
 807      30333033 
 808 0129 616E6368 		.ascii	"anch revision 221220] -mcpu=cortex-m3 -mthumb -g -O"
 808      20726576 
 808      6973696F 
 808      6E203232 
ARM GAS  C:\Users\ologa\AppData\Local\Temp\ccIXauDk.s 			page 17


 808      31323230 
 809 015c 67202D66 		.ascii	"g -ffunction-sections -ffat-lto-objects\000"
 809      66756E63 
 809      74696F6E 
 809      2D736563 
 809      74696F6E 
 810              	.LASF34:
 811 0184 4144435F 		.ascii	"ADC_DelSig_1_GetResult16\000"
 811      44656C53 
 811      69675F31 
 811      5F476574 
 811      52657375 
 812              	.LASF25:
 813 019d 4144435F 		.ascii	"ADC_DelSig_1_Start\000"
 813      44656C53 
 813      69675F31 
 813      5F537461 
 813      727400
 814              	.LASF8:
 815 01b0 756E7369 		.ascii	"unsigned int\000"
 815      676E6564 
 815      20696E74 
 815      00
 816              	.LASF28:
 817 01bd 4C43445F 		.ascii	"LCD_Char_1_PrintU32Number\000"
 817      43686172 
 817      5F315F50 
 817      72696E74 
 817      5533324E 
 818              	.LASF11:
 819 01d7 75696E74 		.ascii	"uint8\000"
 819      3800
 820              	.LASF21:
 821 01dd 61646352 		.ascii	"adcResult\000"
 821      6573756C 
 821      7400
 822              	.LASF10:
 823 01e7 696E7433 		.ascii	"int32_t\000"
 823      325F7400 
 824              	.LASF19:
 825 01ef 73697A65 		.ascii	"sizetype\000"
 825      74797065 
 825      00
 826              	.LASF6:
 827 01f8 6C6F6E67 		.ascii	"long long int\000"
 827      206C6F6E 
 827      6720696E 
 827      7400
 828              	.LASF18:
 829 0206 63686172 		.ascii	"char\000"
 829      00
 830              	.LASF27:
 831 020b 4C43445F 		.ascii	"LCD_Char_1_Position\000"
 831      43686172 
 831      5F315F50 
 831      6F736974 
 831      696F6E00 
ARM GAS  C:\Users\ologa\AppData\Local\Temp\ccIXauDk.s 			page 18


 832              	.LASF2:
 833 021f 73686F72 		.ascii	"short int\000"
 833      7420696E 
 833      7400
 834              	.LASF33:
 835 0229 4144435F 		.ascii	"ADC_DelSig_1_IsEndConversion\000"
 835      44656C53 
 835      69675F31 
 835      5F497345 
 835      6E64436F 
 836              	.LASF4:
 837 0246 6C6F6E67 		.ascii	"long int\000"
 837      20696E74 
 837      00
 838              	.LASF26:
 839 024f 4144435F 		.ascii	"ADC_DelSig_1_StartConvert\000"
 839      44656C53 
 839      69675F31 
 839      5F537461 
 839      7274436F 
 840              	.LASF24:
 841 0269 4C43445F 		.ascii	"LCD_Char_1_Start\000"
 841      43686172 
 841      5F315F53 
 841      74617274 
 841      00
 842              	.LASF0:
 843 027a 7369676E 		.ascii	"signed char\000"
 843      65642063 
 843      68617200 
 844              	.LASF35:
 845 0286 43794465 		.ascii	"CyDelay\000"
 845      6C617900 
 846              		.ident	"GCC: (GNU Tools for ARM Embedded Processors) 4.9.3 20150303 (release) [ARM/embedded-4_9-br
