--------------- Clean Started: 05/05/2022 16:31:11 Project: Echo, Configuration: ARM GCC 4.9-2015-q1-update Debug ---------------
Deleting file ".\CortexM3\ARM_GCC_493\Debug\main.o"
Deleting file ".\CortexM3\ARM_GCC_493\Debug\cyfitter_cfg.o"
Deleting file ".\CortexM3\ARM_GCC_493\Debug\cymetadata.o"
Deleting file ".\CortexM3\ARM_GCC_493\Debug\Control_Reg_1.o"
Deleting file ".\CortexM3\ARM_GCC_493\Debug\Control_Reg_1_PM.o"
Deleting file ".\CortexM3\ARM_GCC_493\Debug\Pin_1.o"
Deleting file ".\CortexM3\ARM_GCC_493\Debug\Pin_2.o"
Deleting file ".\CortexM3\ARM_GCC_493\Debug\Pin_3.o"
Deleting file ".\CortexM3\ARM_GCC_493\Debug\Pin_4.o"
Deleting file ".\CortexM3\ARM_GCC_493\Debug\Pin_5.o"
Deleting file ".\CortexM3\ARM_GCC_493\Debug\Pin_6.o"
Deleting file ".\CortexM3\ARM_GCC_493\Debug\Pin_7.o"
Deleting file ".\CortexM3\ARM_GCC_493\Debug\Pin_8.o"
Deleting file ".\CortexM3\ARM_GCC_493\Debug\UART_1.o"
Deleting file ".\CortexM3\ARM_GCC_493\Debug\UART_1_PM.o"
Deleting file ".\CortexM3\ARM_GCC_493\Debug\UART_1_INT.o"
Deleting file ".\CortexM3\ARM_GCC_493\Debug\UART_1_BOOT.o"
Deleting file ".\CortexM3\ARM_GCC_493\Debug\UART_1_IntClock.o"
Deleting file ".\CortexM3\ARM_GCC_493\Debug\Cm3Start.o"
Deleting file ".\CortexM3\ARM_GCC_493\Debug\CyBootAsmGnu.o"
Deleting file ".\CortexM3\ARM_GCC_493\Debug\CyDmac.o"
Deleting file ".\CortexM3\ARM_GCC_493\Debug\CyFlash.o"
Deleting file ".\CortexM3\ARM_GCC_493\Debug\CyLib.o"
Deleting file ".\CortexM3\ARM_GCC_493\Debug\cyPm.o"
Deleting file ".\CortexM3\ARM_GCC_493\Debug\CySpc.o"
Deleting file ".\CortexM3\ARM_GCC_493\Debug\cyutils.o"
Deleting file ".\CortexM3\ARM_GCC_493\Debug\ADC_SAR_1.o"
Deleting file ".\CortexM3\ARM_GCC_493\Debug\ADC_SAR_1_INT.o"
Deleting file ".\CortexM3\ARM_GCC_493\Debug\ADC_SAR_1_PM.o"
Deleting file ".\CortexM3\ARM_GCC_493\Debug\ADC_SAR_2.o"
Deleting file ".\CortexM3\ARM_GCC_493\Debug\ADC_SAR_2_INT.o"
Deleting file ".\CortexM3\ARM_GCC_493\Debug\ADC_SAR_2_PM.o"
Deleting file ".\CortexM3\ARM_GCC_493\Debug\B1.o"
Deleting file ".\CortexM3\ARM_GCC_493\Debug\B2.o"
Deleting file ".\CortexM3\ARM_GCC_493\Debug\B3.o"
Deleting file ".\CortexM3\ARM_GCC_493\Debug\B4.o"
Deleting file ".\CortexM3\ARM_GCC_493\Debug\VRy.o"
Deleting file ".\CortexM3\ARM_GCC_493\Debug\VRx.o"
Deleting file ".\CortexM3\ARM_GCC_493\Debug\ADC_SAR_1_IRQ.o"
Deleting file ".\CortexM3\ARM_GCC_493\Debug\ADC_SAR_1_theACLK.o"
Deleting file ".\CortexM3\ARM_GCC_493\Debug\ADC_SAR_2_IRQ.o"
Deleting file ".\CortexM3\ARM_GCC_493\Debug\ADC_SAR_2_theACLK.o"
Deleting file ".\CortexM3\ARM_GCC_493\Debug\Echo.hex"
Deleting file ".\CortexM3\ARM_GCC_493\Debug\Echo.elf"
Deleting file ".\CortexM3\ARM_GCC_493\Debug\Echo.map"
Deleting file ".\Echo.cycdx"
Deleting file ".\Echo.svd"
Deleting file ".\Echo.rpt"
Deleting file ".\Echo_timing.html"
Deleting file ".\CortexM3\ARM_GCC_493\Debug\.deps\C_FILE.P"
Deleting file ".\CortexM3\ARM_GCC_493\Debug\.deps\ARM_C_FILE.P"
Deleting file ".\CortexM3\ARM_GCC_493\Debug\.deps\GNU_ARM_ASM_FILE.P"
--------------- Clean Succeeded: 05/05/2022 16:31:11 ---------------
