ARM GAS  C:\Users\ologa\AppData\Local\Temp\ccjxBsCt.s 			page 1


   1              		.syntax unified
   2              		.cpu cortex-m3
   3              		.fpu softvfp
   4              		.eabi_attribute 20, 1
   5              		.eabi_attribute 21, 1
   6              		.eabi_attribute 23, 3
   7              		.eabi_attribute 24, 1
   8              		.eabi_attribute 25, 1
   9              		.eabi_attribute 26, 1
  10              		.eabi_attribute 30, 1
  11              		.eabi_attribute 34, 1
  12              		.eabi_attribute 18, 4
  13              		.thumb
  14              		.file	"cymetadata.c"
  15              		.text
  16              	.Ltext0:
  17              		.cfi_sections	.debug_frame
  18              		.global	cy_metadata
  19              		.global	cy_meta_flashprotect
  20              		.global	cy_meta_wonvl
  21              		.global	cy_meta_custnvl
  22              		.global	cy_meta_configecc
  23              		.section	.cyconfigecc,"a",%progbits
  24              		.align	2
  25              		.type	cy_meta_configecc, %object
  26              		.size	cy_meta_configecc, 1152
  27              	cy_meta_configecc:
  28 0000 04       		.byte	4
  29 0001 52       		.byte	82
  30 0002 00       		.byte	0
  31 0003 40       		.byte	64
  32 0004 02       		.byte	2
  33 0005 5B       		.byte	91
  34 0006 00       		.byte	0
  35 0007 40       		.byte	64
  36 0008 02       		.byte	2
  37 0009 64       		.byte	100
  38 000a 00       		.byte	0
  39 000b 40       		.byte	64
  40 000c 01       		.byte	1
  41 000d 65       		.byte	101
  42 000e 00       		.byte	0
  43 000f 40       		.byte	64
  44 0010 01       		.byte	1
  45 0011 07       		.byte	7
  46 0012 01       		.byte	1
  47 0013 40       		.byte	64
  48 0014 09       		.byte	9
  49 0015 08       		.byte	8
  50 0016 01       		.byte	1
  51 0017 40       		.byte	64
  52 0018 31       		.byte	49
  53 0019 09       		.byte	9
  54 001a 01       		.byte	1
  55 001b 40       		.byte	64
  56 001c 5C       		.byte	92
  57 001d 14       		.byte	20
ARM GAS  C:\Users\ologa\AppData\Local\Temp\ccjxBsCt.s 			page 2


  58 001e 01       		.byte	1
  59 001f 40       		.byte	64
  60 0020 49       		.byte	73
  61 0021 15       		.byte	21
  62 0022 01       		.byte	1
  63 0023 40       		.byte	64
  64 0024 04       		.byte	4
  65 0025 17       		.byte	23
  66 0026 01       		.byte	1
  67 0027 40       		.byte	64
  68 0028 41       		.byte	65
  69 0029 18       		.byte	24
  70 002a 01       		.byte	1
  71 002b 40       		.byte	64
  72 002c 3D       		.byte	61
  73 002d 19       		.byte	25
  74 002e 01       		.byte	1
  75 002f 40       		.byte	64
  76 0030 0F       		.byte	15
  77 0031 1B       		.byte	27
  78 0032 01       		.byte	1
  79 0033 40       		.byte	64
  80 0034 03       		.byte	3
  81 0035 40       		.byte	64
  82 0036 01       		.byte	1
  83 0037 40       		.byte	64
  84 0038 02       		.byte	2
  85 0039 41       		.byte	65
  86 003a 01       		.byte	1
  87 003b 40       		.byte	64
  88 003c 02       		.byte	2
  89 003d 42       		.byte	66
  90 003e 01       		.byte	1
  91 003f 40       		.byte	64
  92 0040 03       		.byte	3
  93 0041 43       		.byte	67
  94 0042 01       		.byte	1
  95 0043 40       		.byte	64
  96 0044 02       		.byte	2
  97 0045 46       		.byte	70
  98 0046 01       		.byte	1
  99 0047 40       		.byte	64
 100 0048 03       		.byte	3
 101 0049 47       		.byte	71
 102 004a 01       		.byte	1
 103 004b 40       		.byte	64
 104 004c 06       		.byte	6
 105 004d 48       		.byte	72
 106 004e 01       		.byte	1
 107 004f 40       		.byte	64
 108 0050 17       		.byte	23
 109 0051 49       		.byte	73
 110 0052 01       		.byte	1
 111 0053 40       		.byte	64
 112 0054 07       		.byte	7
 113 0055 4C       		.byte	76
 114 0056 01       		.byte	1
ARM GAS  C:\Users\ologa\AppData\Local\Temp\ccjxBsCt.s 			page 3


 115 0057 40       		.byte	64
 116 0058 0A       		.byte	10
 117 0059 4D       		.byte	77
 118 005a 01       		.byte	1
 119 005b 40       		.byte	64
 120 005c 05       		.byte	5
 121 005d 50       		.byte	80
 122 005e 01       		.byte	1
 123 005f 40       		.byte	64
 124 0060 01       		.byte	1
 125 0061 51       		.byte	81
 126 0062 01       		.byte	1
 127 0063 40       		.byte	64
 128 0064 18       		.byte	24
 129 0065 35       		.byte	53
 130 0066 19       		.byte	25
 131 0067 AC       		.byte	-84
 132 0068 61       		.byte	97
 133 0069 80       		.byte	-128
 134 006a 64       		.byte	100
 135 006b 40       		.byte	64
 136 006c 27       		.byte	39
 137 006d 84       		.byte	-124
 138 006e 2F       		.byte	47
 139 006f 84       		.byte	-124
 140 0070 88       		.byte	-120
 141 0071 38       		.byte	56
 142 0072 89       		.byte	-119
 143 0073 72       		.byte	114
 144 0074 88       		.byte	-120
 145 0075 0F       		.byte	15
 146 0076 EE       		.byte	-18
 147 0077 04       		.byte	4
 148 0078 0E       		.byte	14
 149 0079 01       		.byte	1
 150 007a 26       		.byte	38
 151 007b 01       		.byte	1
 152 007c 32       		.byte	50
 153 007d 01       		.byte	1
 154 007e 3E       		.byte	62
 155 007f 04       		.byte	4
 156 0080 54       		.byte	84
 157 0081 18       		.byte	24
 158 0082 58       		.byte	88
 159 0083 04       		.byte	4
 160 0084 5B       		.byte	91
 161 0085 04       		.byte	4
 162 0086 5D       		.byte	93
 163 0087 20       		.byte	32
 164 0088 5F       		.byte	95
 165 0089 01       		.byte	1
 166 008a 00       		.byte	0
 167 008b 22       		.byte	34
 168 008c 01       		.byte	1
 169 008d 20       		.byte	32
 170 008e 02       		.byte	2
 171 008f 06       		.byte	6
ARM GAS  C:\Users\ologa\AppData\Local\Temp\ccjxBsCt.s 			page 4


 172 0090 03       		.byte	3
 173 0091 20       		.byte	32
 174 0092 07       		.byte	7
 175 0093 02       		.byte	2
 176 0094 08       		.byte	8
 177 0095 04       		.byte	4
 178 0096 0A       		.byte	10
 179 0097 81       		.byte	-127
 180 0098 0B       		.byte	11
 181 0099 90       		.byte	-112
 182 009a 10       		.byte	16
 183 009b 2A       		.byte	42
 184 009c 16       		.byte	22
 185 009d 10       		.byte	16
 186 009e 18       		.byte	24
 187 009f 01       		.byte	1
 188 00a0 19       		.byte	25
 189 00a1 01       		.byte	1
 190 00a2 1B       		.byte	27
 191 00a3 08       		.byte	8
 192 00a4 1F       		.byte	31
 193 00a5 04       		.byte	4
 194 00a6 21       		.byte	33
 195 00a7 20       		.byte	32
 196 00a8 22       		.byte	34
 197 00a9 05       		.byte	5
 198 00aa 23       		.byte	35
 199 00ab 52       		.byte	82
 200 00ac 28       		.byte	40
 201 00ad 04       		.byte	4
 202 00ae 29       		.byte	41
 203 00af 40       		.byte	64
 204 00b0 2A       		.byte	42
 205 00b1 05       		.byte	5
 206 00b2 32       		.byte	50
 207 00b3 81       		.byte	-127
 208 00b4 33       		.byte	51
 209 00b5 28       		.byte	40
 210 00b6 38       		.byte	56
 211 00b7 28       		.byte	40
 212 00b8 3A       		.byte	58
 213 00b9 02       		.byte	2
 214 00ba 3B       		.byte	59
 215 00bb 80       		.byte	-128
 216 00bc 40       		.byte	64
 217 00bd 01       		.byte	1
 218 00be 43       		.byte	67
 219 00bf 28       		.byte	40
 220 00c0 49       		.byte	73
 221 00c1 20       		.byte	32
 222 00c2 4B       		.byte	75
 223 00c3 40       		.byte	64
 224 00c4 52       		.byte	82
 225 00c5 11       		.byte	17
 226 00c6 59       		.byte	89
 227 00c7 01       		.byte	1
 228 00c8 5D       		.byte	93
ARM GAS  C:\Users\ologa\AppData\Local\Temp\ccjxBsCt.s 			page 5


 229 00c9 02       		.byte	2
 230 00ca 66       		.byte	102
 231 00cb 40       		.byte	64
 232 00cc 67       		.byte	103
 233 00cd 08       		.byte	8
 234 00ce 68       		.byte	104
 235 00cf 2A       		.byte	42
 236 00d0 6A       		.byte	106
 237 00d1 04       		.byte	4
 238 00d2 70       		.byte	112
 239 00d3 54       		.byte	84
 240 00d4 72       		.byte	114
 241 00d5 02       		.byte	2
 242 00d6 C0       		.byte	-64
 243 00d7 8F       		.byte	-113
 244 00d8 C2       		.byte	-62
 245 00d9 0D       		.byte	13
 246 00da C4       		.byte	-60
 247 00db 27       		.byte	39
 248 00dc CA       		.byte	-54
 249 00dd 0F       		.byte	15
 250 00de CC       		.byte	-52
 251 00df 0F       		.byte	15
 252 00e0 CE       		.byte	-50
 253 00e1 0F       		.byte	15
 254 00e2 D0       		.byte	-48
 255 00e3 0E       		.byte	14
 256 00e4 D2       		.byte	-46
 257 00e5 0C       		.byte	12
 258 00e6 D6       		.byte	-42
 259 00e7 81       		.byte	-127
 260 00e8 D8       		.byte	-40
 261 00e9 30       		.byte	48
 262 00ea EE       		.byte	-18
 263 00eb 04       		.byte	4
 264 00ec 00       		.byte	0
 265 00ed 1C       		.byte	28
 266 00ee 02       		.byte	2
 267 00ef 22       		.byte	34
 268 00f0 04       		.byte	4
 269 00f1 40       		.byte	64
 270 00f2 07       		.byte	7
 271 00f3 01       		.byte	1
 272 00f4 0C       		.byte	12
 273 00f5 2C       		.byte	44
 274 00f6 0E       		.byte	14
 275 00f7 11       		.byte	17
 276 00f8 12       		.byte	18
 277 00f9 03       		.byte	3
 278 00fa 13       		.byte	19
 279 00fb 03       		.byte	3
 280 00fc 14       		.byte	20
 281 00fd 14       		.byte	20
 282 00fe 18       		.byte	24
 283 00ff 30       		.byte	48
 284 0100 1A       		.byte	26
 285 0101 0C       		.byte	12
ARM GAS  C:\Users\ologa\AppData\Local\Temp\ccjxBsCt.s 			page 6


 286 0102 1D       		.byte	29
 287 0103 06       		.byte	6
 288 0104 1F       		.byte	31
 289 0105 01       		.byte	1
 290 0106 24       		.byte	36
 291 0107 10       		.byte	16
 292 0108 27       		.byte	39
 293 0109 02       		.byte	2
 294 010a 2B       		.byte	43
 295 010b 05       		.byte	5
 296 010c 2C       		.byte	44
 297 010d 09       		.byte	9
 298 010e 2E       		.byte	46
 299 010f 10       		.byte	16
 300 0110 2F       		.byte	47
 301 0111 06       		.byte	6
 302 0112 30       		.byte	48
 303 0113 1F       		.byte	31
 304 0114 31       		.byte	49
 305 0115 07       		.byte	7
 306 0116 36       		.byte	54
 307 0117 60       		.byte	96
 308 0118 38       		.byte	56
 309 0119 80       		.byte	-128
 310 011a 3B       		.byte	59
 311 011b 02       		.byte	2
 312 011c 40       		.byte	64
 313 011d 36       		.byte	54
 314 011e 41       		.byte	65
 315 011f 05       		.byte	5
 316 0120 45       		.byte	69
 317 0121 0C       		.byte	12
 318 0122 46       		.byte	70
 319 0123 B0       		.byte	-80
 320 0124 47       		.byte	71
 321 0125 0E       		.byte	14
 322 0126 48       		.byte	72
 323 0127 19       		.byte	25
 324 0128 49       		.byte	73
 325 0129 FF       		.byte	-1
 326 012a 4A       		.byte	74
 327 012b FF       		.byte	-1
 328 012c 4B       		.byte	75
 329 012d FF       		.byte	-1
 330 012e 4E       		.byte	78
 331 012f F0       		.byte	-16
 332 0130 4F       		.byte	79
 333 0131 44       		.byte	68
 334 0132 50       		.byte	80
 335 0133 0C       		.byte	12
 336 0134 58       		.byte	88
 337 0135 04       		.byte	4
 338 0136 59       		.byte	89
 339 0137 04       		.byte	4
 340 0138 5A       		.byte	90
 341 0139 04       		.byte	4
 342 013a 5C       		.byte	92
ARM GAS  C:\Users\ologa\AppData\Local\Temp\ccjxBsCt.s 			page 7


 343 013b 22       		.byte	34
 344 013c 5D       		.byte	93
 345 013d 02       		.byte	2
 346 013e 5F       		.byte	95
 347 013f 01       		.byte	1
 348 0140 66       		.byte	102
 349 0141 C0       		.byte	-64
 350 0142 6A       		.byte	106
 351 0143 40       		.byte	64
 352 0144 6B       		.byte	107
 353 0145 02       		.byte	2
 354 0146 80       		.byte	-128
 355 0147 0A       		.byte	10
 356 0148 82       		.byte	-126
 357 0149 04       		.byte	4
 358 014a 84       		.byte	-124
 359 014b 03       		.byte	3
 360 014c 86       		.byte	-122
 361 014d 0C       		.byte	12
 362 014e 87       		.byte	-121
 363 014f 13       		.byte	19
 364 0150 8E       		.byte	-114
 365 0151 08       		.byte	8
 366 0152 91       		.byte	-111
 367 0153 31       		.byte	49
 368 0154 93       		.byte	-109
 369 0155 0E       		.byte	14
 370 0156 94       		.byte	-108
 371 0157 03       		.byte	3
 372 0158 96       		.byte	-106
 373 0159 04       		.byte	4
 374 015a 9A       		.byte	-102
 375 015b 05       		.byte	5
 376 015c 9D       		.byte	-99
 377 015d 2C       		.byte	44
 378 015e 9F       		.byte	-97
 379 015f 03       		.byte	3
 380 0160 A0       		.byte	-96
 381 0161 03       		.byte	3
 382 0162 A2       		.byte	-94
 383 0163 04       		.byte	4
 384 0164 A7       		.byte	-89
 385 0165 08       		.byte	8
 386 0166 A9       		.byte	-87
 387 0167 31       		.byte	49
 388 0168 AB       		.byte	-85
 389 0169 06       		.byte	6
 390 016a AF       		.byte	-81
 391 016b 0C       		.byte	12
 392 016c B2       		.byte	-78
 393 016d 0F       		.byte	15
 394 016e B5       		.byte	-75
 395 016f 30       		.byte	48
 396 0170 B7       		.byte	-73
 397 0171 0F       		.byte	15
 398 0172 B9       		.byte	-71
 399 0173 20       		.byte	32
ARM GAS  C:\Users\ologa\AppData\Local\Temp\ccjxBsCt.s 			page 8


 400 0174 BA       		.byte	-70
 401 0175 08       		.byte	8
 402 0176 BB       		.byte	-69
 403 0177 80       		.byte	-128
 404 0178 BF       		.byte	-65
 405 0179 10       		.byte	16
 406 017a C0       		.byte	-64
 407 017b 02       		.byte	2
 408 017c C7       		.byte	-57
 409 017d 04       		.byte	4
 410 017e C9       		.byte	-55
 411 017f FF       		.byte	-1
 412 0180 CA       		.byte	-54
 413 0181 07       		.byte	7
 414 0182 CB       		.byte	-53
 415 0183 FF       		.byte	-1
 416 0184 CC       		.byte	-52
 417 0185 40       		.byte	64
 418 0186 CD       		.byte	-51
 419 0187 20       		.byte	32
 420 0188 CE       		.byte	-50
 421 0189 F0       		.byte	-16
 422 018a CF       		.byte	-49
 423 018b 05       		.byte	5
 424 018c D0       		.byte	-48
 425 018d 08       		.byte	8
 426 018e D8       		.byte	-40
 427 018f 04       		.byte	4
 428 0190 D9       		.byte	-39
 429 0191 04       		.byte	4
 430 0192 DA       		.byte	-38
 431 0193 04       		.byte	4
 432 0194 DB       		.byte	-37
 433 0195 04       		.byte	4
 434 0196 DC       		.byte	-36
 435 0197 22       		.byte	34
 436 0198 DD       		.byte	-35
 437 0199 02       		.byte	2
 438 019a DF       		.byte	-33
 439 019b 01       		.byte	1
 440 019c E0       		.byte	-32
 441 019d 40       		.byte	64
 442 019e E1       		.byte	-31
 443 019f A8       		.byte	-88
 444 01a0 E2       		.byte	-30
 445 01a1 40       		.byte	64
 446 01a2 E3       		.byte	-29
 447 01a3 20       		.byte	32
 448 01a4 00       		.byte	0
 449 01a5 08       		.byte	8
 450 01a6 02       		.byte	2
 451 01a7 82       		.byte	-126
 452 01a8 04       		.byte	4
 453 01a9 01       		.byte	1
 454 01aa 05       		.byte	5
 455 01ab 84       		.byte	-124
 456 01ac 06       		.byte	6
ARM GAS  C:\Users\ologa\AppData\Local\Temp\ccjxBsCt.s 			page 9


 457 01ad 01       		.byte	1
 458 01ae 0A       		.byte	10
 459 01af 40       		.byte	64
 460 01b0 0B       		.byte	11
 461 01b1 28       		.byte	40
 462 01b2 0E       		.byte	14
 463 01b3 20       		.byte	32
 464 01b4 0F       		.byte	15
 465 01b5 08       		.byte	8
 466 01b6 11       		.byte	17
 467 01b7 08       		.byte	8
 468 01b8 12       		.byte	18
 469 01b9 01       		.byte	1
 470 01ba 15       		.byte	21
 471 01bb 02       		.byte	2
 472 01bc 19       		.byte	25
 473 01bd 80       		.byte	-128
 474 01be 1A       		.byte	26
 475 01bf 40       		.byte	64
 476 01c0 1D       		.byte	29
 477 01c1 04       		.byte	4
 478 01c2 1F       		.byte	31
 479 01c3 0C       		.byte	12
 480 01c4 21       		.byte	33
 481 01c5 01       		.byte	1
 482 01c6 22       		.byte	34
 483 01c7 02       		.byte	2
 484 01c8 24       		.byte	36
 485 01c9 01       		.byte	1
 486 01ca 25       		.byte	37
 487 01cb 20       		.byte	32
 488 01cc 26       		.byte	38
 489 01cd 80       		.byte	-128
 490 01ce 29       		.byte	41
 491 01cf 80       		.byte	-128
 492 01d0 2A       		.byte	42
 493 01d1 04       		.byte	4
 494 01d2 2B       		.byte	43
 495 01d3 08       		.byte	8
 496 01d4 2D       		.byte	45
 497 01d5 80       		.byte	-128
 498 01d6 2E       		.byte	46
 499 01d7 08       		.byte	8
 500 01d8 2F       		.byte	47
 501 01d9 08       		.byte	8
 502 01da 32       		.byte	50
 503 01db 82       		.byte	-126
 504 01dc 36       		.byte	54
 505 01dd 82       		.byte	-126
 506 01de 3B       		.byte	59
 507 01df 04       		.byte	4
 508 01e0 3C       		.byte	60
 509 01e1 08       		.byte	8
 510 01e2 3F       		.byte	63
 511 01e3 08       		.byte	8
 512 01e4 43       		.byte	67
 513 01e5 08       		.byte	8
ARM GAS  C:\Users\ologa\AppData\Local\Temp\ccjxBsCt.s 			page 10


 514 01e6 45       		.byte	69
 515 01e7 20       		.byte	32
 516 01e8 48       		.byte	72
 517 01e9 04       		.byte	4
 518 01ea 4A       		.byte	74
 519 01eb 12       		.byte	18
 520 01ec 4F       		.byte	79
 521 01ed 0C       		.byte	12
 522 01ee 51       		.byte	81
 523 01ef 04       		.byte	4
 524 01f0 53       		.byte	83
 525 01f1 10       		.byte	16
 526 01f2 55       		.byte	85
 527 01f3 04       		.byte	4
 528 01f4 56       		.byte	86
 529 01f5 0C       		.byte	12
 530 01f6 6C       		.byte	108
 531 01f7 20       		.byte	32
 532 01f8 6D       		.byte	109
 533 01f9 11       		.byte	17
 534 01fa 6F       		.byte	111
 535 01fb 02       		.byte	2
 536 01fc 74       		.byte	116
 537 01fd 0A       		.byte	10
 538 01fe 76       		.byte	118
 539 01ff 02       		.byte	2
 540 0200 77       		.byte	119
 541 0201 08       		.byte	8
 542 0202 80       		.byte	-128
 543 0203 08       		.byte	8
 544 0204 82       		.byte	-126
 545 0205 02       		.byte	2
 546 0206 83       		.byte	-125
 547 0207 08       		.byte	8
 548 0208 84       		.byte	-124
 549 0209 02       		.byte	2
 550 020a 86       		.byte	-122
 551 020b 10       		.byte	16
 552 020c 89       		.byte	-119
 553 020d 11       		.byte	17
 554 020e 8A       		.byte	-118
 555 020f 02       		.byte	2
 556 0210 8C       		.byte	-116
 557 0211 20       		.byte	32
 558 0212 8E       		.byte	-114
 559 0213 80       		.byte	-128
 560 0214 8F       		.byte	-113
 561 0215 0A       		.byte	10
 562 0216 95       		.byte	-107
 563 0217 08       		.byte	8
 564 0218 96       		.byte	-106
 565 0219 40       		.byte	64
 566 021a A7       		.byte	-89
 567 021b 04       		.byte	4
 568 021c C0       		.byte	-64
 569 021d BD       		.byte	-67
 570 021e C2       		.byte	-62
ARM GAS  C:\Users\ologa\AppData\Local\Temp\ccjxBsCt.s 			page 11


 571 021f 6E       		.byte	110
 572 0220 C4       		.byte	-60
 573 0221 15       		.byte	21
 574 0222 CA       		.byte	-54
 575 0223 7E       		.byte	126
 576 0224 CC       		.byte	-52
 577 0225 99       		.byte	-103
 578 0226 CE       		.byte	-50
 579 0227 42       		.byte	66
 580 0228 D0       		.byte	-48
 581 0229 22       		.byte	34
 582 022a D2       		.byte	-46
 583 022b 0C       		.byte	12
 584 022c E2       		.byte	-30
 585 022d 80       		.byte	-128
 586 022e E4       		.byte	-28
 587 022f 08       		.byte	8
 588 0230 E6       		.byte	-26
 589 0231 D0       		.byte	-48
 590 0232 E8       		.byte	-24
 591 0233 10       		.byte	16
 592 0234 EE       		.byte	-18
 593 0235 08       		.byte	8
 594 0236 82       		.byte	-126
 595 0237 40       		.byte	64
 596 0238 89       		.byte	-119
 597 0239 04       		.byte	4
 598 023a 8F       		.byte	-113
 599 023b 04       		.byte	4
 600 023c E0       		.byte	-32
 601 023d 06       		.byte	6
 602 023e 01       		.byte	1
 603 023f 04       		.byte	4
 604 0240 03       		.byte	3
 605 0241 03       		.byte	3
 606 0242 05       		.byte	5
 607 0243 0E       		.byte	14
 608 0244 0A       		.byte	10
 609 0245 01       		.byte	1
 610 0246 0C       		.byte	12
 611 0247 01       		.byte	1
 612 0248 11       		.byte	17
 613 0249 02       		.byte	2
 614 024a 13       		.byte	19
 615 024b 0C       		.byte	12
 616 024c 14       		.byte	20
 617 024d 01       		.byte	1
 618 024e 15       		.byte	21
 619 024f 10       		.byte	16
 620 0250 1A       		.byte	26
 621 0251 01       		.byte	1
 622 0252 1E       		.byte	30
 623 0253 01       		.byte	1
 624 0254 21       		.byte	33
 625 0255 08       		.byte	8
 626 0256 23       		.byte	35
 627 0257 02       		.byte	2
ARM GAS  C:\Users\ologa\AppData\Local\Temp\ccjxBsCt.s 			page 12


 628 0258 29       		.byte	41
 629 0259 0E       		.byte	14
 630 025a 2C       		.byte	44
 631 025b 02       		.byte	2
 632 025c 30       		.byte	48
 633 025d 01       		.byte	1
 634 025e 31       		.byte	49
 635 025f 0E       		.byte	14
 636 0260 32       		.byte	50
 637 0261 02       		.byte	2
 638 0262 35       		.byte	53
 639 0263 10       		.byte	16
 640 0264 37       		.byte	55
 641 0265 01       		.byte	1
 642 0266 3E       		.byte	62
 643 0267 05       		.byte	5
 644 0268 3F       		.byte	63
 645 0269 10       		.byte	16
 646 026a 54       		.byte	84
 647 026b 01       		.byte	1
 648 026c 58       		.byte	88
 649 026d 04       		.byte	4
 650 026e 59       		.byte	89
 651 026f 04       		.byte	4
 652 0270 5B       		.byte	91
 653 0271 04       		.byte	4
 654 0272 5C       		.byte	92
 655 0273 20       		.byte	32
 656 0274 5D       		.byte	93
 657 0275 20       		.byte	32
 658 0276 5F       		.byte	95
 659 0277 01       		.byte	1
 660 0278 80       		.byte	-128
 661 0279 05       		.byte	5
 662 027a 82       		.byte	-126
 663 027b 02       		.byte	2
 664 027c 84       		.byte	-124
 665 027d 0C       		.byte	12
 666 027e 85       		.byte	-123
 667 027f 0C       		.byte	12
 668 0280 89       		.byte	-119
 669 0281 04       		.byte	4
 670 0282 8A       		.byte	-118
 671 0283 0C       		.byte	12
 672 0284 8C       		.byte	-116
 673 0285 0C       		.byte	12
 674 0286 8D       		.byte	-115
 675 0287 08       		.byte	8
 676 0288 91       		.byte	-111
 677 0289 0F       		.byte	15
 678 028a 92       		.byte	-110
 679 028b 0C       		.byte	12
 680 028c 93       		.byte	-109
 681 028d 10       		.byte	16
 682 028e 94       		.byte	-108
 683 028f 0C       		.byte	12
 684 0290 95       		.byte	-107
ARM GAS  C:\Users\ologa\AppData\Local\Temp\ccjxBsCt.s 			page 13


 685 0291 13       		.byte	19
 686 0292 97       		.byte	-105
 687 0293 0C       		.byte	12
 688 0294 99       		.byte	-103
 689 0295 1F       		.byte	31
 690 0296 9A       		.byte	-102
 691 0297 0C       		.byte	12
 692 0298 9C       		.byte	-100
 693 0299 0A       		.byte	10
 694 029a 9D       		.byte	-99
 695 029b 03       		.byte	3
 696 029c 9E       		.byte	-98
 697 029d 01       		.byte	1
 698 029e A1       		.byte	-95
 699 029f 02       		.byte	2
 700 02a0 A4       		.byte	-92
 701 02a1 03       		.byte	3
 702 02a2 A5       		.byte	-91
 703 02a3 0C       		.byte	12
 704 02a4 A7       		.byte	-89
 705 02a5 13       		.byte	19
 706 02a6 A8       		.byte	-88
 707 02a7 03       		.byte	3
 708 02a8 AB       		.byte	-85
 709 02a9 13       		.byte	19
 710 02aa AD       		.byte	-83
 711 02ab 01       		.byte	1
 712 02ac B0       		.byte	-80
 713 02ad 0C       		.byte	12
 714 02ae B3       		.byte	-77
 715 02af 0F       		.byte	15
 716 02b0 B6       		.byte	-74
 717 02b1 03       		.byte	3
 718 02b2 B7       		.byte	-73
 719 02b3 1C       		.byte	28
 720 02b4 BA       		.byte	-70
 721 02b5 20       		.byte	32
 722 02b6 BB       		.byte	-69
 723 02b7 88       		.byte	-120
 724 02b8 D8       		.byte	-40
 725 02b9 04       		.byte	4
 726 02ba D9       		.byte	-39
 727 02bb 04       		.byte	4
 728 02bc DC       		.byte	-36
 729 02bd 22       		.byte	34
 730 02be DF       		.byte	-33
 731 02bf 01       		.byte	1
 732 02c0 00       		.byte	0
 733 02c1 02       		.byte	2
 734 02c2 02       		.byte	2
 735 02c3 02       		.byte	2
 736 02c4 03       		.byte	3
 737 02c5 28       		.byte	40
 738 02c6 05       		.byte	5
 739 02c7 10       		.byte	16
 740 02c8 07       		.byte	7
 741 02c9 01       		.byte	1
ARM GAS  C:\Users\ologa\AppData\Local\Temp\ccjxBsCt.s 			page 14


 742 02ca 08       		.byte	8
 743 02cb 11       		.byte	17
 744 02cc 09       		.byte	9
 745 02cd 08       		.byte	8
 746 02ce 0A       		.byte	10
 747 02cf 89       		.byte	-119
 748 02d0 0F       		.byte	15
 749 02d1 2A       		.byte	42
 750 02d2 10       		.byte	16
 751 02d3 28       		.byte	40
 752 02d4 16       		.byte	22
 753 02d5 01       		.byte	1
 754 02d6 19       		.byte	25
 755 02d7 02       		.byte	2
 756 02d8 1A       		.byte	26
 757 02d9 01       		.byte	1
 758 02da 1B       		.byte	27
 759 02db 60       		.byte	96
 760 02dc 1E       		.byte	30
 761 02dd A0       		.byte	-96
 762 02de 20       		.byte	32
 763 02df 20       		.byte	32
 764 02e0 21       		.byte	33
 765 02e1 08       		.byte	8
 766 02e2 22       		.byte	34
 767 02e3 40       		.byte	64
 768 02e4 26       		.byte	38
 769 02e5 82       		.byte	-126
 770 02e6 27       		.byte	39
 771 02e7 48       		.byte	72
 772 02e8 28       		.byte	40
 773 02e9 10       		.byte	16
 774 02ea 29       		.byte	41
 775 02eb 40       		.byte	64
 776 02ec 2B       		.byte	43
 777 02ed 48       		.byte	72
 778 02ee 2C       		.byte	44
 779 02ef 08       		.byte	8
 780 02f0 2E       		.byte	46
 781 02f1 01       		.byte	1
 782 02f2 30       		.byte	48
 783 02f3 01       		.byte	1
 784 02f4 31       		.byte	49
 785 02f5 08       		.byte	8
 786 02f6 33       		.byte	51
 787 02f7 60       		.byte	96
 788 02f8 34       		.byte	52
 789 02f9 04       		.byte	4
 790 02fa 36       		.byte	54
 791 02fb 02       		.byte	2
 792 02fc 38       		.byte	56
 793 02fd A8       		.byte	-88
 794 02fe 3C       		.byte	60
 795 02ff 02       		.byte	2
 796 0300 3E       		.byte	62
 797 0301 04       		.byte	4
 798 0302 5D       		.byte	93
ARM GAS  C:\Users\ologa\AppData\Local\Temp\ccjxBsCt.s 			page 15


 799 0303 11       		.byte	17
 800 0304 5E       		.byte	94
 801 0305 80       		.byte	-128
 802 0306 5F       		.byte	95
 803 0307 08       		.byte	8
 804 0308 82       		.byte	-126
 805 0309 01       		.byte	1
 806 030a 86       		.byte	-122
 807 030b 10       		.byte	16
 808 030c 88       		.byte	-120
 809 030d 04       		.byte	4
 810 030e 89       		.byte	-119
 811 030f 01       		.byte	1
 812 0310 8D       		.byte	-115
 813 0311 10       		.byte	16
 814 0312 90       		.byte	-112
 815 0313 A8       		.byte	-88
 816 0314 92       		.byte	-110
 817 0315 0C       		.byte	12
 818 0316 96       		.byte	-106
 819 0317 81       		.byte	-127
 820 0318 9D       		.byte	-99
 821 0319 42       		.byte	66
 822 031a A0       		.byte	-96
 823 031b 28       		.byte	40
 824 031c A3       		.byte	-93
 825 031d 08       		.byte	8
 826 031e A4       		.byte	-92
 827 031f 11       		.byte	17
 828 0320 A6       		.byte	-90
 829 0321 82       		.byte	-126
 830 0322 A7       		.byte	-89
 831 0323 20       		.byte	32
 832 0324 B1       		.byte	-79
 833 0325 20       		.byte	32
 834 0326 B2       		.byte	-78
 835 0327 40       		.byte	64
 836 0328 C0       		.byte	-64
 837 0329 CF       		.byte	-49
 838 032a C2       		.byte	-62
 839 032b EF       		.byte	-17
 840 032c C4       		.byte	-60
 841 032d 86       		.byte	-122
 842 032e CA       		.byte	-54
 843 032f AF       		.byte	-81
 844 0330 CC       		.byte	-52
 845 0331 CF       		.byte	-49
 846 0332 CE       		.byte	-50
 847 0333 CE       		.byte	-50
 848 0334 D6       		.byte	-42
 849 0335 F0       		.byte	-16
 850 0336 E0       		.byte	-32
 851 0337 42       		.byte	66
 852 0338 E4       		.byte	-28
 853 0339 88       		.byte	-120
 854 033a 85       		.byte	-123
 855 033b 10       		.byte	16
ARM GAS  C:\Users\ologa\AppData\Local\Temp\ccjxBsCt.s 			page 16


 856 033c 87       		.byte	-121
 857 033d 01       		.byte	1
 858 033e 88       		.byte	-120
 859 033f 01       		.byte	1
 860 0340 89       		.byte	-119
 861 0341 40       		.byte	64
 862 0342 8B       		.byte	-117
 863 0343 01       		.byte	1
 864 0344 8F       		.byte	-113
 865 0345 14       		.byte	20
 866 0346 95       		.byte	-107
 867 0347 10       		.byte	16
 868 0348 9D       		.byte	-99
 869 0349 40       		.byte	64
 870 034a 9F       		.byte	-97
 871 034b 01       		.byte	1
 872 034c A4       		.byte	-92
 873 034d 01       		.byte	1
 874 034e A7       		.byte	-89
 875 034f 15       		.byte	21
 876 0350 E0       		.byte	-32
 877 0351 50       		.byte	80
 878 0352 E4       		.byte	-28
 879 0353 20       		.byte	32
 880 0354 E8       		.byte	-24
 881 0355 10       		.byte	16
 882 0356 EE       		.byte	-18
 883 0357 08       		.byte	8
 884 0358 33       		.byte	51
 885 0359 20       		.byte	32
 886 035a 36       		.byte	54
 887 035b 80       		.byte	-128
 888 035c CC       		.byte	-52
 889 035d 30       		.byte	48
 890 035e A6       		.byte	-90
 891 035f 80       		.byte	-128
 892 0360 A7       		.byte	-89
 893 0361 20       		.byte	32
 894 0362 A6       		.byte	-90
 895 0363 80       		.byte	-128
 896 0364 A7       		.byte	-89
 897 0365 20       		.byte	32
 898 0366 A6       		.byte	-90
 899 0367 80       		.byte	-128
 900 0368 AB       		.byte	-85
 901 0369 20       		.byte	32
 902 036a EE       		.byte	-18
 903 036b 20       		.byte	32
 904 036c 1B       		.byte	27
 905 036d 04       		.byte	4
 906 036e C6       		.byte	-58
 907 036f 08       		.byte	8
 908 0370 44       		.byte	68
 909 0371 02       		.byte	2
 910 0372 AB       		.byte	-85
 911 0373 04       		.byte	4
 912 0374 D0       		.byte	-48
ARM GAS  C:\Users\ologa\AppData\Local\Temp\ccjxBsCt.s 			page 17


 913 0375 04       		.byte	4
 914 0376 20       		.byte	32
 915 0377 80       		.byte	-128
 916 0378 24       		.byte	36
 917 0379 08       		.byte	8
 918 037a 84       		.byte	-124
 919 037b 40       		.byte	64
 920 037c A6       		.byte	-90
 921 037d 80       		.byte	-128
 922 037e C8       		.byte	-56
 923 037f 60       		.byte	96
 924 0380 E0       		.byte	-32
 925 0381 40       		.byte	64
 926 0382 50       		.byte	80
 927 0383 02       		.byte	2
 928 0384 53       		.byte	83
 929 0385 80       		.byte	-128
 930 0386 56       		.byte	86
 931 0387 20       		.byte	32
 932 0388 5B       		.byte	91
 933 0389 04       		.byte	4
 934 038a 5F       		.byte	95
 935 038b 20       		.byte	32
 936 038c 62       		.byte	98
 937 038d 08       		.byte	8
 938 038e 65       		.byte	101
 939 038f 01       		.byte	1
 940 0390 67       		.byte	103
 941 0391 02       		.byte	2
 942 0392 81       		.byte	-127
 943 0393 01       		.byte	1
 944 0394 83       		.byte	-125
 945 0395 05       		.byte	5
 946 0396 86       		.byte	-122
 947 0397 08       		.byte	8
 948 0398 88       		.byte	-120
 949 0399 02       		.byte	2
 950 039a 8B       		.byte	-117
 951 039b 80       		.byte	-128
 952 039c 8E       		.byte	-114
 953 039d 20       		.byte	32
 954 039e 8F       		.byte	-113
 955 039f 20       		.byte	32
 956 03a0 AE       		.byte	-82
 957 03a1 80       		.byte	-128
 958 03a2 B4       		.byte	-76
 959 03a3 04       		.byte	4
 960 03a4 D4       		.byte	-44
 961 03a5 E0       		.byte	-32
 962 03a6 D6       		.byte	-42
 963 03a7 E0       		.byte	-32
 964 03a8 D8       		.byte	-40
 965 03a9 C0       		.byte	-64
 966 03aa E2       		.byte	-30
 967 03ab B0       		.byte	-80
 968 03ac E6       		.byte	-26
 969 03ad 20       		.byte	32
ARM GAS  C:\Users\ologa\AppData\Local\Temp\ccjxBsCt.s 			page 18


 970 03ae EE       		.byte	-18
 971 03af 10       		.byte	16
 972 03b0 1F       		.byte	31
 973 03b1 80       		.byte	-128
 974 03b2 34       		.byte	52
 975 03b3 01       		.byte	1
 976 03b4 84       		.byte	-124
 977 03b5 01       		.byte	1
 978 03b6 87       		.byte	-121
 979 03b7 01       		.byte	1
 980 03b8 9C       		.byte	-100
 981 03b9 02       		.byte	2
 982 03ba C6       		.byte	-58
 983 03bb 01       		.byte	1
 984 03bc CC       		.byte	-52
 985 03bd 01       		.byte	1
 986 03be 10       		.byte	16
 987 03bf 40       		.byte	64
 988 03c0 7B       		.byte	123
 989 03c1 01       		.byte	1
 990 03c2 88       		.byte	-120
 991 03c3 40       		.byte	64
 992 03c4 A3       		.byte	-93
 993 03c5 01       		.byte	1
 994 03c6 AF       		.byte	-81
 995 03c7 80       		.byte	-128
 996 03c8 B4       		.byte	-76
 997 03c9 02       		.byte	2
 998 03ca C4       		.byte	-60
 999 03cb 08       		.byte	8
 1000 03cc DC       		.byte	-36
 1001 03cd 01       		.byte	1
 1002 03ce E2       		.byte	-30
 1003 03cf 01       		.byte	1
 1004 03d0 E8       		.byte	-24
 1005 03d1 08       		.byte	8
 1006 03d2 00       		.byte	0
 1007 03d3 04       		.byte	4
 1008 03d4 0C       		.byte	12
 1009 03d5 04       		.byte	4
 1010 03d6 10       		.byte	16
 1011 03d7 04       		.byte	4
 1012 03d8 1A       		.byte	26
 1013 03d9 04       		.byte	4
 1014 03da 1C       		.byte	28
 1015 03db 04       		.byte	4
 1016 03dc 00       		.byte	0
 1017 03dd 0F       		.byte	15
 1018 03de 00       		.byte	0
 1019 03df 00       		.byte	0
 1020 03e0 00       		.byte	0
 1021 03e1 10       		.byte	16
 1022 03e2 08       		.byte	8
 1023 03e3 00       		.byte	0
 1024 03e4 01       		.byte	1
 1025 03e5 18       		.byte	24
 1026 03e6 00       		.byte	0
ARM GAS  C:\Users\ologa\AppData\Local\Temp\ccjxBsCt.s 			page 19


 1027 03e7 00       		.byte	0
 1028 03e8 01       		.byte	1
 1029 03e9 08       		.byte	8
 1030 03ea 00       		.byte	0
 1031 03eb 00       		.byte	0
 1032 03ec 00       		.byte	0
 1033 03ed 1C       		.byte	28
 1034 03ee 04       		.byte	4
 1035 03ef A1       		.byte	-95
 1036 03f0 01       		.byte	1
 1037 03f1 00       		.byte	0
 1038 03f2 00       		.byte	0
 1039 03f3 40       		.byte	64
 1040 03f4 01       		.byte	1
 1041 03f5 00       		.byte	0
 1042 03f6 00       		.byte	0
 1043 03f7 83       		.byte	-125
 1044 03f8 00       		.byte	0
 1045 03f9 BF       		.byte	-65
 1046 03fa 00       		.byte	0
 1047 03fb 00       		.byte	0
 1048 03fc 00       		.byte	0
 1049 03fd 00       		.byte	0
 1050 03fe 08       		.byte	8
 1051 03ff 04       		.byte	4
 1052 0400 00       		.byte	0
 1053 0401 00       		.byte	0
 1054 0402 00       		.byte	0
 1055 0403 40       		.byte	64
 1056 0404 02       		.byte	2
 1057 0405 A7       		.byte	-89
 1058 0406 00       		.byte	0
 1059 0407 18       		.byte	24
 1060 0408 02       		.byte	2
 1061 0409 9C       		.byte	-100
 1062 040a 00       		.byte	0
 1063 040b 22       		.byte	34
 1064 040c 02       		.byte	2
 1065 040d 04       		.byte	4
 1066 040e 00       		.byte	0
 1067 040f 00       		.byte	0
 1068 0410 01       		.byte	1
 1069 0411 98       		.byte	-104
 1070 0412 02       		.byte	2
 1071 0413 1F       		.byte	31
 1072 0414 00       		.byte	0
 1073 0415 40       		.byte	64
 1074 0416 0C       		.byte	12
 1075 0417 20       		.byte	32
 1076 0418 00       		.byte	0
 1077 0419 80       		.byte	-128
 1078 041a 00       		.byte	0
 1079 041b 08       		.byte	8
 1080 041c 00       		.byte	0
 1081 041d 00       		.byte	0
 1082 041e 41       		.byte	65
 1083 041f 10       		.byte	16
ARM GAS  C:\Users\ologa\AppData\Local\Temp\ccjxBsCt.s 			page 20


 1084 0420 63       		.byte	99
 1085 0421 02       		.byte	2
 1086 0422 05       		.byte	5
 1087 0423 00       		.byte	0
 1088 0424 01       		.byte	1
 1089 0425 00       		.byte	0
 1090 0426 E0       		.byte	-32
 1091 0427 C0       		.byte	-64
 1092 0428 28       		.byte	40
 1093 0429 FF       		.byte	-1
 1094 042a FF       		.byte	-1
 1095 042b FF       		.byte	-1
 1096 042c 62       		.byte	98
 1097 042d A0       		.byte	-96
 1098 042e F0       		.byte	-16
 1099 042f 41       		.byte	65
 1100 0430 0C       		.byte	12
 1101 0431 00       		.byte	0
 1102 0432 00       		.byte	0
 1103 0433 00       		.byte	0
 1104 0434 00       		.byte	0
 1105 0435 00       		.byte	0
 1106 0436 02       		.byte	2
 1107 0437 13       		.byte	19
 1108 0438 04       		.byte	4
 1109 0439 04       		.byte	4
 1110 043a 04       		.byte	4
 1111 043b 04       		.byte	4
 1112 043c 22       		.byte	34
 1113 043d 22       		.byte	34
 1114 043e 00       		.byte	0
 1115 043f 01       		.byte	1
 1116 0440 00       		.byte	0
 1117 0441 00       		.byte	0
 1118 0442 00       		.byte	0
 1119 0443 00       		.byte	0
 1120 0444 00       		.byte	0
 1121 0445 00       		.byte	0
 1122 0446 40       		.byte	64
 1123 0447 02       		.byte	2
 1124 0448 00       		.byte	0
 1125 0449 10       		.byte	16
 1126 044a 30       		.byte	48
 1127 044b 10       		.byte	16
 1128 044c 00       		.byte	0
 1129 044d 10       		.byte	16
 1130 044e 10       		.byte	16
 1131 044f 12       		.byte	18
 1132 0450 00       		.byte	0
 1133 0451 00       		.byte	0
 1134 0452 00       		.byte	0
 1135 0453 00       		.byte	0
 1136 0454 00       		.byte	0
 1137 0455 00       		.byte	0
 1138 0456 00       		.byte	0
 1139 0457 00       		.byte	0
 1140 0458 00       		.byte	0
ARM GAS  C:\Users\ologa\AppData\Local\Temp\ccjxBsCt.s 			page 21


 1141 0459 00       		.byte	0
 1142 045a 00       		.byte	0
 1143 045b 00       		.byte	0
 1144 045c 00       		.byte	0
 1145 045d 00       		.byte	0
 1146 045e 00       		.byte	0
 1147 045f 00       		.byte	0
 1148 0460 F0       		.byte	-16
 1149 0461 00       		.byte	0
 1150 0462 00       		.byte	0
 1151 0463 F0       		.byte	-16
 1152 0464 00       		.byte	0
 1153 0465 00       		.byte	0
 1154 0466 00       		.byte	0
 1155 0467 00       		.byte	0
 1156 0468 03       		.byte	3
 1157 0469 00       		.byte	0
 1158 046a 00       		.byte	0
 1159 046b 00       		.byte	0
 1160 046c 80       		.byte	-128
 1161 046d 00       		.byte	0
 1162 046e 40       		.byte	64
 1163 046f 80       		.byte	-128
 1164 0470 80       		.byte	-128
 1165 0471 00       		.byte	0
 1166 0472 80       		.byte	-128
 1167 0473 00       		.byte	0
 1168 0474 00       		.byte	0
 1169 0475 00       		.byte	0
 1170 0476 00       		.byte	0
 1171 0477 00       		.byte	0
 1172 0478 00       		.byte	0
 1173 0479 FF       		.byte	-1
 1174 047a FF       		.byte	-1
 1175 047b 00       		.byte	0
 1176 047c FF       		.byte	-1
 1177 047d 00       		.byte	0
 1178 047e 00       		.byte	0
 1179 047f 00       		.byte	0
 1180              		.section	.cywolatch,"a",%progbits
 1181              		.align	2
 1182              		.type	cy_meta_wonvl, %object
 1183              		.size	cy_meta_wonvl, 4
 1184              	cy_meta_wonvl:
 1185 0000 BC       		.byte	-68
 1186 0001 90       		.byte	-112
 1187 0002 AC       		.byte	-84
 1188 0003 AF       		.byte	-81
 1189              		.section	.cycustnvl,"a",%progbits
 1190              		.align	2
 1191              		.type	cy_meta_custnvl, %object
 1192              		.size	cy_meta_custnvl, 4
 1193              	cy_meta_custnvl:
 1194 0000 00       		.byte	0
 1195 0001 00       		.byte	0
 1196 0002 40       		.byte	64
 1197 0003 05       		.byte	5
ARM GAS  C:\Users\ologa\AppData\Local\Temp\ccjxBsCt.s 			page 22


 1198              		.section	.cymeta,"a",%progbits
 1199              		.align	2
 1200              		.type	cy_metadata, %object
 1201              		.size	cy_metadata, 12
 1202              	cy_metadata:
 1203 0000 00       		.byte	0
 1204 0001 01       		.byte	1
 1205 0002 2E       		.byte	46
 1206 0003 16       		.byte	22
 1207 0004 10       		.byte	16
 1208 0005 69       		.byte	105
 1209 0006 00       		.byte	0
 1210 0007 01       		.byte	1
 1211 0008 00       		.byte	0
 1212 0009 00       		.byte	0
 1213 000a 00       		.byte	0
 1214 000b 00       		.byte	0
 1215              		.section	.cyflashprotect,"a",%progbits
 1216              		.align	2
 1217              		.type	cy_meta_flashprotect, %object
 1218              		.size	cy_meta_flashprotect, 256
 1219              	cy_meta_flashprotect:
 1220 0000 00000000 		.space	256
 1220      00000000 
 1220      00000000 
 1220      00000000 
 1220      00000000 
 1221              		.text
 1222              	.Letext0:
 1223              		.file 1 ".\\Generated_Source\\PSoC5\\cymetadata.c"
 1224              		.file 2 ".\\Generated_Source\\PSoC5\\cytypes.h"
 1225              		.section	.debug_info,"",%progbits
 1226              	.Ldebug_info0:
 1227 0000 38010000 		.4byte	0x138
 1228 0004 0400     		.2byte	0x4
 1229 0006 00000000 		.4byte	.Ldebug_abbrev0
 1230 000a 04       		.byte	0x4
 1231 000b 01       		.uleb128 0x1
 1232 000c 94000000 		.4byte	.LASF18
 1233 0010 01       		.byte	0x1
 1234 0011 00000000 		.4byte	.LASF19
 1235 0015 72010000 		.4byte	.LASF20
 1236 0019 00000000 		.4byte	.Ldebug_line0
 1237 001d 02       		.uleb128 0x2
 1238 001e 01       		.byte	0x1
 1239 001f 06       		.byte	0x6
 1240 0020 F4010000 		.4byte	.LASF0
 1241 0024 02       		.uleb128 0x2
 1242 0025 01       		.byte	0x1
 1243 0026 08       		.byte	0x8
 1244 0027 38000000 		.4byte	.LASF1
 1245 002b 02       		.uleb128 0x2
 1246 002c 02       		.byte	0x2
 1247 002d 05       		.byte	0x5
 1248 002e DB010000 		.4byte	.LASF2
 1249 0032 02       		.uleb128 0x2
 1250 0033 02       		.byte	0x2
ARM GAS  C:\Users\ologa\AppData\Local\Temp\ccjxBsCt.s 			page 23


 1251 0034 07       		.byte	0x7
 1252 0035 58000000 		.4byte	.LASF3
 1253 0039 02       		.uleb128 0x2
 1254 003a 04       		.byte	0x4
 1255 003b 05       		.byte	0x5
 1256 003c EB010000 		.4byte	.LASF4
 1257 0040 02       		.uleb128 0x2
 1258 0041 04       		.byte	0x4
 1259 0042 07       		.byte	0x7
 1260 0043 46000000 		.4byte	.LASF5
 1261 0047 02       		.uleb128 0x2
 1262 0048 08       		.byte	0x8
 1263 0049 05       		.byte	0x5
 1264 004a C8010000 		.4byte	.LASF6
 1265 004e 02       		.uleb128 0x2
 1266 004f 08       		.byte	0x8
 1267 0050 07       		.byte	0x7
 1268 0051 2F010000 		.4byte	.LASF7
 1269 0055 03       		.uleb128 0x3
 1270 0056 04       		.byte	0x4
 1271 0057 05       		.byte	0x5
 1272 0058 696E7400 		.ascii	"int\000"
 1273 005c 02       		.uleb128 0x2
 1274 005d 04       		.byte	0x4
 1275 005e 07       		.byte	0x7
 1276 005f 22010000 		.4byte	.LASF8
 1277 0063 04       		.uleb128 0x4
 1278 0064 E5010000 		.4byte	.LASF21
 1279 0068 02       		.byte	0x2
 1280 0069 9201     		.2byte	0x192
 1281 006b 24000000 		.4byte	0x24
 1282 006f 02       		.uleb128 0x2
 1283 0070 04       		.byte	0x4
 1284 0071 04       		.byte	0x4
 1285 0072 32000000 		.4byte	.LASF9
 1286 0076 02       		.uleb128 0x2
 1287 0077 08       		.byte	0x8
 1288 0078 04       		.byte	0x4
 1289 0079 6B000000 		.4byte	.LASF10
 1290 007d 02       		.uleb128 0x2
 1291 007e 01       		.byte	0x1
 1292 007f 08       		.byte	0x8
 1293 0080 D6010000 		.4byte	.LASF11
 1294 0084 05       		.uleb128 0x5
 1295 0085 63000000 		.4byte	0x63
 1296 0089 95000000 		.4byte	0x95
 1297 008d 06       		.uleb128 0x6
 1298 008e 95000000 		.4byte	0x95
 1299 0092 7F04     		.2byte	0x47f
 1300 0094 00       		.byte	0
 1301 0095 02       		.uleb128 0x2
 1302 0096 04       		.byte	0x4
 1303 0097 07       		.byte	0x7
 1304 0098 69010000 		.4byte	.LASF12
 1305 009c 07       		.uleb128 0x7
 1306 009d 82000000 		.4byte	.LASF13
 1307 00a1 01       		.byte	0x1
ARM GAS  C:\Users\ologa\AppData\Local\Temp\ccjxBsCt.s 			page 24


 1308 00a2 1F       		.byte	0x1f
 1309 00a3 AD000000 		.4byte	0xad
 1310 00a7 05       		.uleb128 0x5
 1311 00a8 03       		.byte	0x3
 1312 00a9 00000000 		.4byte	cy_meta_configecc
 1313 00ad 08       		.uleb128 0x8
 1314 00ae 84000000 		.4byte	0x84
 1315 00b2 05       		.uleb128 0x5
 1316 00b3 63000000 		.4byte	0x63
 1317 00b7 C2000000 		.4byte	0xc2
 1318 00bb 09       		.uleb128 0x9
 1319 00bc 95000000 		.4byte	0x95
 1320 00c0 03       		.byte	0x3
 1321 00c1 00       		.byte	0
 1322 00c2 07       		.uleb128 0x7
 1323 00c3 72000000 		.4byte	.LASF14
 1324 00c7 01       		.byte	0x1
 1325 00c8 BC       		.byte	0xbc
 1326 00c9 D3000000 		.4byte	0xd3
 1327 00cd 05       		.uleb128 0x5
 1328 00ce 03       		.byte	0x3
 1329 00cf 00000000 		.4byte	cy_meta_custnvl
 1330 00d3 08       		.uleb128 0x8
 1331 00d4 B2000000 		.4byte	0xb2
 1332 00d8 07       		.uleb128 0x7
 1333 00d9 5B010000 		.4byte	.LASF15
 1334 00dd 01       		.byte	0x1
 1335 00de CA       		.byte	0xca
 1336 00df E9000000 		.4byte	0xe9
 1337 00e3 05       		.uleb128 0x5
 1338 00e4 03       		.byte	0x3
 1339 00e5 00000000 		.4byte	cy_meta_wonvl
 1340 00e9 08       		.uleb128 0x8
 1341 00ea B2000000 		.4byte	0xb2
 1342 00ee 05       		.uleb128 0x5
 1343 00ef 63000000 		.4byte	0x63
 1344 00f3 FE000000 		.4byte	0xfe
 1345 00f7 09       		.uleb128 0x9
 1346 00f8 95000000 		.4byte	0x95
 1347 00fc FF       		.byte	0xff
 1348 00fd 00       		.byte	0
 1349 00fe 07       		.uleb128 0x7
 1350 00ff 46010000 		.4byte	.LASF16
 1351 0103 01       		.byte	0x1
 1352 0104 D8       		.byte	0xd8
 1353 0105 0F010000 		.4byte	0x10f
 1354 0109 05       		.uleb128 0x5
 1355 010a 03       		.byte	0x3
 1356 010b 00000000 		.4byte	cy_meta_flashprotect
 1357 010f 08       		.uleb128 0x8
 1358 0110 EE000000 		.4byte	0xee
 1359 0114 05       		.uleb128 0x5
 1360 0115 63000000 		.4byte	0x63
 1361 0119 24010000 		.4byte	0x124
 1362 011d 09       		.uleb128 0x9
 1363 011e 95000000 		.4byte	0x95
 1364 0122 0B       		.byte	0xb
ARM GAS  C:\Users\ologa\AppData\Local\Temp\ccjxBsCt.s 			page 25


 1365 0123 00       		.byte	0
 1366 0124 0A       		.uleb128 0xa
 1367 0125 26000000 		.4byte	.LASF17
 1368 0129 01       		.byte	0x1
 1369 012a 0501     		.2byte	0x105
 1370 012c 36010000 		.4byte	0x136
 1371 0130 05       		.uleb128 0x5
 1372 0131 03       		.byte	0x3
 1373 0132 00000000 		.4byte	cy_metadata
 1374 0136 08       		.uleb128 0x8
 1375 0137 14010000 		.4byte	0x114
 1376 013b 00       		.byte	0
 1377              		.section	.debug_abbrev,"",%progbits
 1378              	.Ldebug_abbrev0:
 1379 0000 01       		.uleb128 0x1
 1380 0001 11       		.uleb128 0x11
 1381 0002 01       		.byte	0x1
 1382 0003 25       		.uleb128 0x25
 1383 0004 0E       		.uleb128 0xe
 1384 0005 13       		.uleb128 0x13
 1385 0006 0B       		.uleb128 0xb
 1386 0007 03       		.uleb128 0x3
 1387 0008 0E       		.uleb128 0xe
 1388 0009 1B       		.uleb128 0x1b
 1389 000a 0E       		.uleb128 0xe
 1390 000b 10       		.uleb128 0x10
 1391 000c 17       		.uleb128 0x17
 1392 000d 00       		.byte	0
 1393 000e 00       		.byte	0
 1394 000f 02       		.uleb128 0x2
 1395 0010 24       		.uleb128 0x24
 1396 0011 00       		.byte	0
 1397 0012 0B       		.uleb128 0xb
 1398 0013 0B       		.uleb128 0xb
 1399 0014 3E       		.uleb128 0x3e
 1400 0015 0B       		.uleb128 0xb
 1401 0016 03       		.uleb128 0x3
 1402 0017 0E       		.uleb128 0xe
 1403 0018 00       		.byte	0
 1404 0019 00       		.byte	0
 1405 001a 03       		.uleb128 0x3
 1406 001b 24       		.uleb128 0x24
 1407 001c 00       		.byte	0
 1408 001d 0B       		.uleb128 0xb
 1409 001e 0B       		.uleb128 0xb
 1410 001f 3E       		.uleb128 0x3e
 1411 0020 0B       		.uleb128 0xb
 1412 0021 03       		.uleb128 0x3
 1413 0022 08       		.uleb128 0x8
 1414 0023 00       		.byte	0
 1415 0024 00       		.byte	0
 1416 0025 04       		.uleb128 0x4
 1417 0026 16       		.uleb128 0x16
 1418 0027 00       		.byte	0
 1419 0028 03       		.uleb128 0x3
 1420 0029 0E       		.uleb128 0xe
 1421 002a 3A       		.uleb128 0x3a
ARM GAS  C:\Users\ologa\AppData\Local\Temp\ccjxBsCt.s 			page 26


 1422 002b 0B       		.uleb128 0xb
 1423 002c 3B       		.uleb128 0x3b
 1424 002d 05       		.uleb128 0x5
 1425 002e 49       		.uleb128 0x49
 1426 002f 13       		.uleb128 0x13
 1427 0030 00       		.byte	0
 1428 0031 00       		.byte	0
 1429 0032 05       		.uleb128 0x5
 1430 0033 01       		.uleb128 0x1
 1431 0034 01       		.byte	0x1
 1432 0035 49       		.uleb128 0x49
 1433 0036 13       		.uleb128 0x13
 1434 0037 01       		.uleb128 0x1
 1435 0038 13       		.uleb128 0x13
 1436 0039 00       		.byte	0
 1437 003a 00       		.byte	0
 1438 003b 06       		.uleb128 0x6
 1439 003c 21       		.uleb128 0x21
 1440 003d 00       		.byte	0
 1441 003e 49       		.uleb128 0x49
 1442 003f 13       		.uleb128 0x13
 1443 0040 2F       		.uleb128 0x2f
 1444 0041 05       		.uleb128 0x5
 1445 0042 00       		.byte	0
 1446 0043 00       		.byte	0
 1447 0044 07       		.uleb128 0x7
 1448 0045 34       		.uleb128 0x34
 1449 0046 00       		.byte	0
 1450 0047 03       		.uleb128 0x3
 1451 0048 0E       		.uleb128 0xe
 1452 0049 3A       		.uleb128 0x3a
 1453 004a 0B       		.uleb128 0xb
 1454 004b 3B       		.uleb128 0x3b
 1455 004c 0B       		.uleb128 0xb
 1456 004d 49       		.uleb128 0x49
 1457 004e 13       		.uleb128 0x13
 1458 004f 3F       		.uleb128 0x3f
 1459 0050 19       		.uleb128 0x19
 1460 0051 02       		.uleb128 0x2
 1461 0052 18       		.uleb128 0x18
 1462 0053 00       		.byte	0
 1463 0054 00       		.byte	0
 1464 0055 08       		.uleb128 0x8
 1465 0056 26       		.uleb128 0x26
 1466 0057 00       		.byte	0
 1467 0058 49       		.uleb128 0x49
 1468 0059 13       		.uleb128 0x13
 1469 005a 00       		.byte	0
 1470 005b 00       		.byte	0
 1471 005c 09       		.uleb128 0x9
 1472 005d 21       		.uleb128 0x21
 1473 005e 00       		.byte	0
 1474 005f 49       		.uleb128 0x49
 1475 0060 13       		.uleb128 0x13
 1476 0061 2F       		.uleb128 0x2f
 1477 0062 0B       		.uleb128 0xb
 1478 0063 00       		.byte	0
ARM GAS  C:\Users\ologa\AppData\Local\Temp\ccjxBsCt.s 			page 27


 1479 0064 00       		.byte	0
 1480 0065 0A       		.uleb128 0xa
 1481 0066 34       		.uleb128 0x34
 1482 0067 00       		.byte	0
 1483 0068 03       		.uleb128 0x3
 1484 0069 0E       		.uleb128 0xe
 1485 006a 3A       		.uleb128 0x3a
 1486 006b 0B       		.uleb128 0xb
 1487 006c 3B       		.uleb128 0x3b
 1488 006d 05       		.uleb128 0x5
 1489 006e 49       		.uleb128 0x49
 1490 006f 13       		.uleb128 0x13
 1491 0070 3F       		.uleb128 0x3f
 1492 0071 19       		.uleb128 0x19
 1493 0072 02       		.uleb128 0x2
 1494 0073 18       		.uleb128 0x18
 1495 0074 00       		.byte	0
 1496 0075 00       		.byte	0
 1497 0076 00       		.byte	0
 1498              		.section	.debug_aranges,"",%progbits
 1499 0000 14000000 		.4byte	0x14
 1500 0004 0200     		.2byte	0x2
 1501 0006 00000000 		.4byte	.Ldebug_info0
 1502 000a 04       		.byte	0x4
 1503 000b 00       		.byte	0
 1504 000c 0000     		.2byte	0
 1505 000e 0000     		.2byte	0
 1506 0010 00000000 		.4byte	0
 1507 0014 00000000 		.4byte	0
 1508              		.section	.debug_line,"",%progbits
 1509              	.Ldebug_line0:
 1510 0000 4F000000 		.section	.debug_str,"MS",%progbits,1
 1510      02004900 
 1510      00000201 
 1510      FB0E0D00 
 1510      01010101 
 1511              	.LASF19:
 1512 0000 2E5C4765 		.ascii	".\\Generated_Source\\PSoC5\\cymetadata.c\000"
 1512      6E657261 
 1512      7465645F 
 1512      536F7572 
 1512      63655C50 
 1513              	.LASF17:
 1514 0026 63795F6D 		.ascii	"cy_metadata\000"
 1514      65746164 
 1514      61746100 
 1515              	.LASF9:
 1516 0032 666C6F61 		.ascii	"float\000"
 1516      7400
 1517              	.LASF1:
 1518 0038 756E7369 		.ascii	"unsigned char\000"
 1518      676E6564 
 1518      20636861 
 1518      7200
 1519              	.LASF5:
 1520 0046 6C6F6E67 		.ascii	"long unsigned int\000"
 1520      20756E73 
ARM GAS  C:\Users\ologa\AppData\Local\Temp\ccjxBsCt.s 			page 28


 1520      69676E65 
 1520      6420696E 
 1520      7400
 1521              	.LASF3:
 1522 0058 73686F72 		.ascii	"short unsigned int\000"
 1522      7420756E 
 1522      7369676E 
 1522      65642069 
 1522      6E7400
 1523              	.LASF10:
 1524 006b 646F7562 		.ascii	"double\000"
 1524      6C6500
 1525              	.LASF14:
 1526 0072 63795F6D 		.ascii	"cy_meta_custnvl\000"
 1526      6574615F 
 1526      63757374 
 1526      6E766C00 
 1527              	.LASF13:
 1528 0082 63795F6D 		.ascii	"cy_meta_configecc\000"
 1528      6574615F 
 1528      636F6E66 
 1528      69676563 
 1528      6300
 1529              	.LASF18:
 1530 0094 474E5520 		.ascii	"GNU C 4.9.3 20150303 (release) [ARM/embedded-4_9-br"
 1530      4320342E 
 1530      392E3320 
 1530      32303135 
 1530      30333033 
 1531 00c7 616E6368 		.ascii	"anch revision 221220] -mcpu=cortex-m3 -mthumb -g -O"
 1531      20726576 
 1531      6973696F 
 1531      6E203232 
 1531      31323230 
 1532 00fa 67202D66 		.ascii	"g -ffunction-sections -ffat-lto-objects\000"
 1532      66756E63 
 1532      74696F6E 
 1532      2D736563 
 1532      74696F6E 
 1533              	.LASF8:
 1534 0122 756E7369 		.ascii	"unsigned int\000"
 1534      676E6564 
 1534      20696E74 
 1534      00
 1535              	.LASF7:
 1536 012f 6C6F6E67 		.ascii	"long long unsigned int\000"
 1536      206C6F6E 
 1536      6720756E 
 1536      7369676E 
 1536      65642069 
 1537              	.LASF16:
 1538 0146 63795F6D 		.ascii	"cy_meta_flashprotect\000"
 1538      6574615F 
 1538      666C6173 
 1538      6870726F 
 1538      74656374 
 1539              	.LASF15:
ARM GAS  C:\Users\ologa\AppData\Local\Temp\ccjxBsCt.s 			page 29


 1540 015b 63795F6D 		.ascii	"cy_meta_wonvl\000"
 1540      6574615F 
 1540      776F6E76 
 1540      6C00
 1541              	.LASF12:
 1542 0169 73697A65 		.ascii	"sizetype\000"
 1542      74797065 
 1542      00
 1543              	.LASF20:
 1544 0172 433A5C55 		.ascii	"C:\\Users\\ologa\\Documents\\MIT\\Senior S22\\6.115"
 1544      73657273 
 1544      5C6F6C6F 
 1544      67615C44 
 1544      6F63756D 
 1545 019f 315C4669 		.ascii	"1\\Final Project\\HC06_Examples\\Echo.cydsn\000"
 1545      6E616C20 
 1545      50726F6A 
 1545      6563745C 
 1545      48433036 
 1546              	.LASF6:
 1547 01c8 6C6F6E67 		.ascii	"long long int\000"
 1547      206C6F6E 
 1547      6720696E 
 1547      7400
 1548              	.LASF11:
 1549 01d6 63686172 		.ascii	"char\000"
 1549      00
 1550              	.LASF2:
 1551 01db 73686F72 		.ascii	"short int\000"
 1551      7420696E 
 1551      7400
 1552              	.LASF21:
 1553 01e5 75696E74 		.ascii	"uint8\000"
 1553      3800
 1554              	.LASF4:
 1555 01eb 6C6F6E67 		.ascii	"long int\000"
 1555      20696E74 
 1555      00
 1556              	.LASF0:
 1557 01f4 7369676E 		.ascii	"signed char\000"
 1557      65642063 
 1557      68617200 
 1558              		.ident	"GCC: (GNU Tools for ARM Embedded Processors) 4.9.3 20150303 (release) [ARM/embedded-4_9-br
