ARM GAS  C:\Users\ologa\AppData\Local\Temp\cc6PbSAX.s 			page 1


   1              		.syntax unified
   2              		.cpu cortex-m3
   3              		.fpu softvfp
   4              		.eabi_attribute 20, 1
   5              		.eabi_attribute 21, 1
   6              		.eabi_attribute 23, 3
   7              		.eabi_attribute 24, 1
   8              		.eabi_attribute 25, 1
   9              		.eabi_attribute 26, 1
  10              		.eabi_attribute 30, 1
  11              		.eabi_attribute 34, 1
  12              		.eabi_attribute 18, 4
  13              		.thumb
  14              		.file	"cymetadata.c"
  15              		.text
  16              	.Ltext0:
  17              		.cfi_sections	.debug_frame
  18              		.global	cy_metadata
  19              		.global	cy_meta_flashprotect
  20              		.global	cy_meta_wonvl
  21              		.global	cy_meta_custnvl
  22              		.global	cy_meta_configecc
  23              		.section	.cyconfigecc,"a",%progbits
  24              		.align	2
  25              		.type	cy_meta_configecc, %object
  26              		.size	cy_meta_configecc, 1664
  27              	cy_meta_configecc:
  28 0000 05       		.byte	5
  29 0001 52       		.byte	82
  30 0002 00       		.byte	0
  31 0003 40       		.byte	64
  32 0004 02       		.byte	2
  33 0005 5B       		.byte	91
  34 0006 00       		.byte	0
  35 0007 40       		.byte	64
  36 0008 01       		.byte	1
  37 0009 64       		.byte	100
  38 000a 00       		.byte	0
  39 000b 40       		.byte	64
  40 000c 05       		.byte	5
  41 000d 65       		.byte	101
  42 000e 00       		.byte	0
  43 000f 40       		.byte	64
  44 0010 62       		.byte	98
  45 0011 06       		.byte	6
  46 0012 01       		.byte	1
  47 0013 40       		.byte	64
  48 0014 3A       		.byte	58
  49 0015 07       		.byte	7
  50 0016 01       		.byte	1
  51 0017 40       		.byte	64
  52 0018 01       		.byte	1
  53 0019 09       		.byte	9
  54 001a 01       		.byte	1
  55 001b 40       		.byte	64
  56 001c 58       		.byte	88
  57 001d 14       		.byte	20
ARM GAS  C:\Users\ologa\AppData\Local\Temp\cc6PbSAX.s 			page 2


  58 001e 01       		.byte	1
  59 001f 40       		.byte	64
  60 0020 56       		.byte	86
  61 0021 15       		.byte	21
  62 0022 01       		.byte	1
  63 0023 40       		.byte	64
  64 0024 6B       		.byte	107
  65 0025 16       		.byte	22
  66 0026 01       		.byte	1
  67 0027 40       		.byte	64
  68 0028 4B       		.byte	75
  69 0029 17       		.byte	23
  70 002a 01       		.byte	1
  71 002b 40       		.byte	64
  72 002c 05       		.byte	5
  73 002d 19       		.byte	25
  74 002e 01       		.byte	1
  75 002f 40       		.byte	64
  76 0030 15       		.byte	21
  77 0031 1A       		.byte	26
  78 0032 01       		.byte	1
  79 0033 40       		.byte	64
  80 0034 48       		.byte	72
  81 0035 1B       		.byte	27
  82 0036 01       		.byte	1
  83 0037 40       		.byte	64
  84 0038 03       		.byte	3
  85 0039 40       		.byte	64
  86 003a 01       		.byte	1
  87 003b 40       		.byte	64
  88 003c 02       		.byte	2
  89 003d 41       		.byte	65
  90 003e 01       		.byte	1
  91 003f 40       		.byte	64
  92 0040 02       		.byte	2
  93 0041 42       		.byte	66
  94 0042 01       		.byte	1
  95 0043 40       		.byte	64
  96 0044 03       		.byte	3
  97 0045 43       		.byte	67
  98 0046 01       		.byte	1
  99 0047 40       		.byte	64
 100 0048 02       		.byte	2
 101 0049 46       		.byte	70
 102 004a 01       		.byte	1
 103 004b 40       		.byte	64
 104 004c 03       		.byte	3
 105 004d 47       		.byte	71
 106 004e 01       		.byte	1
 107 004f 40       		.byte	64
 108 0050 06       		.byte	6
 109 0051 48       		.byte	72
 110 0052 01       		.byte	1
 111 0053 40       		.byte	64
 112 0054 1B       		.byte	27
 113 0055 49       		.byte	73
 114 0056 01       		.byte	1
ARM GAS  C:\Users\ologa\AppData\Local\Temp\cc6PbSAX.s 			page 3


 115 0057 40       		.byte	64
 116 0058 05       		.byte	5
 117 0059 4C       		.byte	76
 118 005a 01       		.byte	1
 119 005b 40       		.byte	64
 120 005c 0D       		.byte	13
 121 005d 4D       		.byte	77
 122 005e 01       		.byte	1
 123 005f 40       		.byte	64
 124 0060 05       		.byte	5
 125 0061 50       		.byte	80
 126 0062 01       		.byte	1
 127 0063 40       		.byte	64
 128 0064 01       		.byte	1
 129 0065 51       		.byte	81
 130 0066 01       		.byte	1
 131 0067 40       		.byte	64
 132 0068 18       		.byte	24
 133 0069 55       		.byte	85
 134 006a 19       		.byte	25
 135 006b 9C       		.byte	-100
 136 006c 61       		.byte	97
 137 006d 80       		.byte	-128
 138 006e 64       		.byte	100
 139 006f 40       		.byte	64
 140 0070 7C       		.byte	124
 141 0071 04       		.byte	4
 142 0072 27       		.byte	39
 143 0073 84       		.byte	-124
 144 0074 2F       		.byte	47
 145 0075 84       		.byte	-124
 146 0076 87       		.byte	-121
 147 0077 0F       		.byte	15
 148 0078 85       		.byte	-123
 149 0079 0F       		.byte	15
 150 007a 86       		.byte	-122
 151 007b 72       		.byte	114
 152 007c 87       		.byte	-121
 153 007d 38       		.byte	56
 154 007e 8A       		.byte	-118
 155 007f 72       		.byte	114
 156 0080 8B       		.byte	-117
 157 0081 38       		.byte	56
 158 0082 00       		.byte	0
 159 0083 24       		.byte	36
 160 0084 01       		.byte	1
 161 0085 1F       		.byte	31
 162 0086 03       		.byte	3
 163 0087 60       		.byte	96
 164 0088 04       		.byte	4
 165 0089 18       		.byte	24
 166 008a 05       		.byte	5
 167 008b 5C       		.byte	92
 168 008c 07       		.byte	7
 169 008d 23       		.byte	35
 170 008e 08       		.byte	8
 171 008f 08       		.byte	8
ARM GAS  C:\Users\ologa\AppData\Local\Temp\cc6PbSAX.s 			page 4


 172 0090 09       		.byte	9
 173 0091 02       		.byte	2
 174 0092 0C       		.byte	12
 175 0093 1C       		.byte	28
 176 0094 0D       		.byte	13
 177 0095 73       		.byte	115
 178 0096 0E       		.byte	14
 179 0097 E1       		.byte	-31
 180 0098 0F       		.byte	15
 181 0099 0C       		.byte	12
 182 009a 10       		.byte	16
 183 009b 60       		.byte	96
 184 009c 13       		.byte	19
 185 009d 63       		.byte	99
 186 009e 14       		.byte	20
 187 009f FF       		.byte	-1
 188 00a0 15       		.byte	21
 189 00a1 08       		.byte	8
 190 00a2 18       		.byte	24
 191 00a3 1C       		.byte	28
 192 00a4 19       		.byte	25
 193 00a5 0C       		.byte	12
 194 00a6 1A       		.byte	26
 195 00a7 E2       		.byte	-30
 196 00a8 1C       		.byte	28
 197 00a9 E7       		.byte	-25
 198 00aa 1D       		.byte	29
 199 00ab 03       		.byte	3
 200 00ac 1E       		.byte	30
 201 00ad 18       		.byte	24
 202 00ae 22       		.byte	34
 203 00af 04       		.byte	4
 204 00b0 24       		.byte	36
 205 00b1 40       		.byte	64
 206 00b2 25       		.byte	37
 207 00b3 04       		.byte	4
 208 00b4 28       		.byte	40
 209 00b5 10       		.byte	16
 210 00b6 29       		.byte	41
 211 00b7 7F       		.byte	127
 212 00b8 2D       		.byte	45
 213 00b9 01       		.byte	1
 214 00ba 2E       		.byte	46
 215 00bb 63       		.byte	99
 216 00bc 31       		.byte	49
 217 00bd 2C       		.byte	44
 218 00be 32       		.byte	50
 219 00bf 80       		.byte	-128
 220 00c0 33       		.byte	51
 221 00c1 10       		.byte	16
 222 00c2 34       		.byte	52
 223 00c3 1F       		.byte	31
 224 00c4 35       		.byte	53
 225 00c5 4C       		.byte	76
 226 00c6 36       		.byte	54
 227 00c7 60       		.byte	96
 228 00c8 37       		.byte	55
ARM GAS  C:\Users\ologa\AppData\Local\Temp\cc6PbSAX.s 			page 5


 229 00c9 0F       		.byte	15
 230 00ca 38       		.byte	56
 231 00cb 08       		.byte	8
 232 00cc 3A       		.byte	58
 233 00cd 20       		.byte	32
 234 00ce 3B       		.byte	59
 235 00cf 82       		.byte	-126
 236 00d0 3F       		.byte	63
 237 00d1 04       		.byte	4
 238 00d2 58       		.byte	88
 239 00d3 04       		.byte	4
 240 00d4 59       		.byte	89
 241 00d5 04       		.byte	4
 242 00d6 5C       		.byte	92
 243 00d7 22       		.byte	34
 244 00d8 5F       		.byte	95
 245 00d9 01       		.byte	1
 246 00da 80       		.byte	-128
 247 00db 03       		.byte	3
 248 00dc 82       		.byte	-126
 249 00dd 04       		.byte	4
 250 00de 84       		.byte	-124
 251 00df D3       		.byte	-45
 252 00e0 85       		.byte	-123
 253 00e1 11       		.byte	17
 254 00e2 86       		.byte	-122
 255 00e3 0C       		.byte	12
 256 00e4 87       		.byte	-121
 257 00e5 26       		.byte	38
 258 00e6 8C       		.byte	-116
 259 00e7 8A       		.byte	-118
 260 00e8 8D       		.byte	-115
 261 00e9 2C       		.byte	44
 262 00ea 8E       		.byte	-114
 263 00eb 14       		.byte	20
 264 00ec 8F       		.byte	-113
 265 00ed 13       		.byte	19
 266 00ee 94       		.byte	-108
 267 00ef 20       		.byte	32
 268 00f0 95       		.byte	-107
 269 00f1 11       		.byte	17
 270 00f2 96       		.byte	-106
 271 00f3 45       		.byte	69
 272 00f4 97       		.byte	-105
 273 00f5 0E       		.byte	14
 274 00f6 9B       		.byte	-101
 275 00f7 2C       		.byte	44
 276 00f8 9F       		.byte	-97
 277 00f9 08       		.byte	8
 278 00fa A6       		.byte	-90
 279 00fb 08       		.byte	8
 280 00fc A8       		.byte	-88
 281 00fd D3       		.byte	-45
 282 00fe AA       		.byte	-86
 283 00ff 04       		.byte	4
 284 0100 AB       		.byte	-85
 285 0101 13       		.byte	19
ARM GAS  C:\Users\ologa\AppData\Local\Temp\cc6PbSAX.s 			page 6


 286 0102 AF       		.byte	-81
 287 0103 10       		.byte	16
 288 0104 B0       		.byte	-80
 289 0105 C0       		.byte	-64
 290 0106 B1       		.byte	-79
 291 0107 0F       		.byte	15
 292 0108 B2       		.byte	-78
 293 0109 30       		.byte	48
 294 010a B3       		.byte	-77
 295 010b 2A       		.byte	42
 296 010c B4       		.byte	-76
 297 010d 0F       		.byte	15
 298 010e B7       		.byte	-73
 299 010f 10       		.byte	16
 300 0110 B8       		.byte	-72
 301 0111 0A       		.byte	10
 302 0112 BA       		.byte	-70
 303 0113 20       		.byte	32
 304 0114 BB       		.byte	-69
 305 0115 0A       		.byte	10
 306 0116 BE       		.byte	-66
 307 0117 01       		.byte	1
 308 0118 BF       		.byte	-65
 309 0119 40       		.byte	64
 310 011a C0       		.byte	-64
 311 011b 04       		.byte	4
 312 011c C6       		.byte	-58
 313 011d 04       		.byte	4
 314 011e C9       		.byte	-55
 315 011f FF       		.byte	-1
 316 0120 CA       		.byte	-54
 317 0121 07       		.byte	7
 318 0122 CB       		.byte	-53
 319 0123 FF       		.byte	-1
 320 0124 CC       		.byte	-52
 321 0125 40       		.byte	64
 322 0126 CD       		.byte	-51
 323 0127 20       		.byte	32
 324 0128 CE       		.byte	-50
 325 0129 F0       		.byte	-16
 326 012a CF       		.byte	-49
 327 012b 05       		.byte	5
 328 012c D0       		.byte	-48
 329 012d 08       		.byte	8
 330 012e D4       		.byte	-44
 331 012f 01       		.byte	1
 332 0130 D8       		.byte	-40
 333 0131 04       		.byte	4
 334 0132 D9       		.byte	-39
 335 0133 04       		.byte	4
 336 0134 DA       		.byte	-38
 337 0135 04       		.byte	4
 338 0136 DB       		.byte	-37
 339 0137 04       		.byte	4
 340 0138 DC       		.byte	-36
 341 0139 33       		.byte	51
 342 013a DD       		.byte	-35
ARM GAS  C:\Users\ologa\AppData\Local\Temp\cc6PbSAX.s 			page 7


 343 013b 33       		.byte	51
 344 013c DF       		.byte	-33
 345 013d 01       		.byte	1
 346 013e E0       		.byte	-32
 347 013f 40       		.byte	64
 348 0140 E1       		.byte	-31
 349 0141 A8       		.byte	-88
 350 0142 E2       		.byte	-30
 351 0143 40       		.byte	64
 352 0144 E3       		.byte	-29
 353 0145 20       		.byte	32
 354 0146 00       		.byte	0
 355 0147 06       		.byte	6
 356 0148 02       		.byte	2
 357 0149 43       		.byte	67
 358 014a 04       		.byte	4
 359 014b 40       		.byte	64
 360 014c 06       		.byte	6
 361 014d 88       		.byte	-120
 362 014e 07       		.byte	7
 363 014f 20       		.byte	32
 364 0150 08       		.byte	8
 365 0151 08       		.byte	8
 366 0152 09       		.byte	9
 367 0153 08       		.byte	8
 368 0154 0C       		.byte	12
 369 0155 04       		.byte	4
 370 0156 0D       		.byte	13
 371 0157 80       		.byte	-128
 372 0158 0E       		.byte	14
 373 0159 84       		.byte	-124
 374 015a 10       		.byte	16
 375 015b 10       		.byte	16
 376 015c 12       		.byte	18
 377 015d 08       		.byte	8
 378 015e 14       		.byte	20
 379 015f 01       		.byte	1
 380 0160 15       		.byte	21
 381 0161 20       		.byte	32
 382 0162 16       		.byte	22
 383 0163 20       		.byte	32
 384 0164 17       		.byte	23
 385 0165 01       		.byte	1
 386 0166 18       		.byte	24
 387 0167 04       		.byte	4
 388 0168 1A       		.byte	26
 389 0169 60       		.byte	96
 390 016a 1C       		.byte	28
 391 016b 08       		.byte	8
 392 016c 1E       		.byte	30
 393 016d 05       		.byte	5
 394 016e 1F       		.byte	31
 395 016f 08       		.byte	8
 396 0170 22       		.byte	34
 397 0171 4A       		.byte	74
 398 0172 23       		.byte	35
 399 0173 40       		.byte	64
ARM GAS  C:\Users\ologa\AppData\Local\Temp\cc6PbSAX.s 			page 8


 400 0174 24       		.byte	36
 401 0175 50       		.byte	80
 402 0176 25       		.byte	37
 403 0177 D1       		.byte	-47
 404 0178 28       		.byte	40
 405 0179 08       		.byte	8
 406 017a 2A       		.byte	42
 407 017b 40       		.byte	64
 408 017c 2C       		.byte	44
 409 017d 04       		.byte	4
 410 017e 2D       		.byte	45
 411 017f 20       		.byte	32
 412 0180 2E       		.byte	46
 413 0181 88       		.byte	-120
 414 0182 30       		.byte	48
 415 0183 10       		.byte	16
 416 0184 32       		.byte	50
 417 0185 98       		.byte	-104
 418 0186 34       		.byte	52
 419 0187 01       		.byte	1
 420 0188 36       		.byte	54
 421 0189 45       		.byte	69
 422 018a 37       		.byte	55
 423 018b 20       		.byte	32
 424 018c 38       		.byte	56
 425 018d 04       		.byte	4
 426 018e 3B       		.byte	59
 427 018f 40       		.byte	64
 428 0190 3C       		.byte	60
 429 0191 08       		.byte	8
 430 0192 3D       		.byte	61
 431 0193 82       		.byte	-126
 432 0194 3E       		.byte	62
 433 0195 30       		.byte	48
 434 0196 3F       		.byte	63
 435 0197 80       		.byte	-128
 436 0198 42       		.byte	66
 437 0199 40       		.byte	64
 438 019a 51       		.byte	81
 439 019b 08       		.byte	8
 440 019c 52       		.byte	82
 441 019d 80       		.byte	-128
 442 019e 58       		.byte	88
 443 019f 20       		.byte	32
 444 01a0 5A       		.byte	90
 445 01a1 88       		.byte	-120
 446 01a2 5B       		.byte	91
 447 01a3 02       		.byte	2
 448 01a4 79       		.byte	121
 449 01a5 20       		.byte	32
 450 01a6 7A       		.byte	122
 451 01a7 04       		.byte	4
 452 01a8 C0       		.byte	-64
 453 01a9 FD       		.byte	-3
 454 01aa C2       		.byte	-62
 455 01ab F4       		.byte	-12
 456 01ac C4       		.byte	-60
ARM GAS  C:\Users\ologa\AppData\Local\Temp\cc6PbSAX.s 			page 9


 457 01ad F6       		.byte	-10
 458 01ae CA       		.byte	-54
 459 01af 7C       		.byte	124
 460 01b0 CC       		.byte	-52
 461 01b1 FE       		.byte	-2
 462 01b2 CE       		.byte	-50
 463 01b3 FA       		.byte	-6
 464 01b4 D0       		.byte	-48
 465 01b5 01       		.byte	1
 466 01b6 D6       		.byte	-42
 467 01b7 0F       		.byte	15
 468 01b8 EE       		.byte	-18
 469 01b9 04       		.byte	4
 470 01ba EE       		.byte	-18
 471 01bb 04       		.byte	4
 472 01bc 0E       		.byte	14
 473 01bd 02       		.byte	2
 474 01be 1A       		.byte	26
 475 01bf 02       		.byte	2
 476 01c0 1C       		.byte	28
 477 01c1 01       		.byte	1
 478 01c2 23       		.byte	35
 479 01c3 01       		.byte	1
 480 01c4 25       		.byte	37
 481 01c5 02       		.byte	2
 482 01c6 2B       		.byte	43
 483 01c7 01       		.byte	1
 484 01c8 31       		.byte	49
 485 01c9 01       		.byte	1
 486 01ca 33       		.byte	51
 487 01cb 02       		.byte	2
 488 01cc 34       		.byte	52
 489 01cd 01       		.byte	1
 490 01ce 36       		.byte	54
 491 01cf 02       		.byte	2
 492 01d0 3A       		.byte	58
 493 01d1 08       		.byte	8
 494 01d2 3E       		.byte	62
 495 01d3 50       		.byte	80
 496 01d4 3F       		.byte	63
 497 01d5 05       		.byte	5
 498 01d6 40       		.byte	64
 499 01d7 05       		.byte	5
 500 01d8 45       		.byte	69
 501 01d9 04       		.byte	4
 502 01da 49       		.byte	73
 503 01db FF       		.byte	-1
 504 01dc 4A       		.byte	74
 505 01dd 07       		.byte	7
 506 01de 4B       		.byte	75
 507 01df FF       		.byte	-1
 508 01e0 4C       		.byte	76
 509 01e1 40       		.byte	64
 510 01e2 4D       		.byte	77
 511 01e3 20       		.byte	32
 512 01e4 4E       		.byte	78
 513 01e5 F0       		.byte	-16
ARM GAS  C:\Users\ologa\AppData\Local\Temp\cc6PbSAX.s 			page 10


 514 01e6 4F       		.byte	79
 515 01e7 05       		.byte	5
 516 01e8 50       		.byte	80
 517 01e9 08       		.byte	8
 518 01ea 58       		.byte	88
 519 01eb 04       		.byte	4
 520 01ec 59       		.byte	89
 521 01ed 04       		.byte	4
 522 01ee 5A       		.byte	90
 523 01ef 04       		.byte	4
 524 01f0 5C       		.byte	92
 525 01f1 03       		.byte	3
 526 01f2 5D       		.byte	93
 527 01f3 02       		.byte	2
 528 01f4 5F       		.byte	95
 529 01f5 01       		.byte	1
 530 01f6 60       		.byte	96
 531 01f7 40       		.byte	64
 532 01f8 61       		.byte	97
 533 01f9 A8       		.byte	-88
 534 01fa 62       		.byte	98
 535 01fb 40       		.byte	64
 536 01fc 63       		.byte	99
 537 01fd 20       		.byte	32
 538 01fe 80       		.byte	-128
 539 01ff 14       		.byte	20
 540 0200 81       		.byte	-127
 541 0201 06       		.byte	6
 542 0202 83       		.byte	-125
 543 0203 28       		.byte	40
 544 0204 84       		.byte	-124
 545 0205 40       		.byte	64
 546 0206 85       		.byte	-123
 547 0207 26       		.byte	38
 548 0208 87       		.byte	-121
 549 0209 18       		.byte	24
 550 020a 88       		.byte	-120
 551 020b 09       		.byte	9
 552 020c 89       		.byte	-119
 553 020d 40       		.byte	64
 554 020e 8A       		.byte	-118
 555 020f 10       		.byte	16
 556 0210 8E       		.byte	-114
 557 0211 03       		.byte	3
 558 0212 94       		.byte	-108
 559 0213 10       		.byte	16
 560 0214 95       		.byte	-107
 561 0215 14       		.byte	20
 562 0216 97       		.byte	-105
 563 0217 28       		.byte	40
 564 0218 98       		.byte	-104
 565 0219 1C       		.byte	28
 566 021a 99       		.byte	-103
 567 021b 26       		.byte	38
 568 021c 9A       		.byte	-102
 569 021d 22       		.byte	34
 570 021e 9B       		.byte	-101
ARM GAS  C:\Users\ologa\AppData\Local\Temp\cc6PbSAX.s 			page 11


 571 021f 08       		.byte	8
 572 0220 A4       		.byte	-92
 573 0221 2C       		.byte	44
 574 0222 A6       		.byte	-90
 575 0223 11       		.byte	17
 576 0224 A7       		.byte	-89
 577 0225 2A       		.byte	42
 578 0226 A8       		.byte	-88
 579 0227 30       		.byte	48
 580 0228 AA       		.byte	-86
 581 0229 0C       		.byte	12
 582 022a AB       		.byte	-85
 583 022b 10       		.byte	16
 584 022c AF       		.byte	-81
 585 022d 01       		.byte	1
 586 022e B1       		.byte	-79
 587 022f 20       		.byte	32
 588 0230 B2       		.byte	-78
 589 0231 60       		.byte	96
 590 0232 B3       		.byte	-77
 591 0233 1E       		.byte	30
 592 0234 B5       		.byte	-75
 593 0235 40       		.byte	64
 594 0236 B6       		.byte	-74
 595 0237 1F       		.byte	31
 596 0238 B7       		.byte	-73
 597 0239 01       		.byte	1
 598 023a B8       		.byte	-72
 599 023b 08       		.byte	8
 600 023c BB       		.byte	-69
 601 023d 08       		.byte	8
 602 023e BF       		.byte	-65
 603 023f 11       		.byte	17
 604 0240 C0       		.byte	-64
 605 0241 62       		.byte	98
 606 0242 C1       		.byte	-63
 607 0243 03       		.byte	3
 608 0244 C5       		.byte	-59
 609 0245 C0       		.byte	-64
 610 0246 C6       		.byte	-58
 611 0247 EB       		.byte	-21
 612 0248 C8       		.byte	-56
 613 0249 0E       		.byte	14
 614 024a C9       		.byte	-55
 615 024b FF       		.byte	-1
 616 024c CA       		.byte	-54
 617 024d FF       		.byte	-1
 618 024e CB       		.byte	-53
 619 024f FF       		.byte	-1
 620 0250 CE       		.byte	-50
 621 0251 F0       		.byte	-16
 622 0252 CF       		.byte	-49
 623 0253 44       		.byte	68
 624 0254 D0       		.byte	-48
 625 0255 0C       		.byte	12
 626 0256 D4       		.byte	-44
 627 0257 01       		.byte	1
ARM GAS  C:\Users\ologa\AppData\Local\Temp\cc6PbSAX.s 			page 12


 628 0258 D8       		.byte	-40
 629 0259 04       		.byte	4
 630 025a D9       		.byte	-39
 631 025b 04       		.byte	4
 632 025c DA       		.byte	-38
 633 025d 04       		.byte	4
 634 025e DB       		.byte	-37
 635 025f 04       		.byte	4
 636 0260 DC       		.byte	-36
 637 0261 22       		.byte	34
 638 0262 DD       		.byte	-35
 639 0263 22       		.byte	34
 640 0264 DF       		.byte	-33
 641 0265 01       		.byte	1
 642 0266 E6       		.byte	-26
 643 0267 C0       		.byte	-64
 644 0268 EA       		.byte	-22
 645 0269 40       		.byte	64
 646 026a EB       		.byte	-21
 647 026b 02       		.byte	2
 648 026c 00       		.byte	0
 649 026d 80       		.byte	-128
 650 026e 04       		.byte	4
 651 026f 10       		.byte	16
 652 0270 05       		.byte	5
 653 0271 40       		.byte	64
 654 0272 06       		.byte	6
 655 0273 50       		.byte	80
 656 0274 09       		.byte	9
 657 0275 80       		.byte	-128
 658 0276 0A       		.byte	10
 659 0277 04       		.byte	4
 660 0278 0E       		.byte	14
 661 0279 28       		.byte	40
 662 027a 14       		.byte	20
 663 027b 10       		.byte	16
 664 027c 17       		.byte	23
 665 027d 20       		.byte	32
 666 027e 18       		.byte	24
 667 027f 01       		.byte	1
 668 0280 19       		.byte	25
 669 0281 18       		.byte	24
 670 0282 1C       		.byte	28
 671 0283 10       		.byte	16
 672 0284 1D       		.byte	29
 673 0285 C0       		.byte	-64
 674 0286 1F       		.byte	31
 675 0287 04       		.byte	4
 676 0288 22       		.byte	34
 677 0289 05       		.byte	5
 678 028a 24       		.byte	36
 679 028b 44       		.byte	68
 680 028c 25       		.byte	37
 681 028d 04       		.byte	4
 682 028e 26       		.byte	38
 683 028f 08       		.byte	8
 684 0290 27       		.byte	39
ARM GAS  C:\Users\ologa\AppData\Local\Temp\cc6PbSAX.s 			page 13


 685 0291 21       		.byte	33
 686 0292 29       		.byte	41
 687 0293 20       		.byte	32
 688 0294 2A       		.byte	42
 689 0295 06       		.byte	6
 690 0296 2E       		.byte	46
 691 0297 80       		.byte	-128
 692 0298 2F       		.byte	47
 693 0299 24       		.byte	36
 694 029a 34       		.byte	52
 695 029b 10       		.byte	16
 696 029c 36       		.byte	54
 697 029d 24       		.byte	36
 698 029e 3C       		.byte	60
 699 029f 02       		.byte	2
 700 02a0 3D       		.byte	61
 701 02a1 08       		.byte	8
 702 02a2 3E       		.byte	62
 703 02a3 20       		.byte	32
 704 02a4 3F       		.byte	63
 705 02a5 02       		.byte	2
 706 02a6 44       		.byte	68
 707 02a7 10       		.byte	16
 708 02a8 45       		.byte	69
 709 02a9 20       		.byte	32
 710 02aa 48       		.byte	72
 711 02ab 10       		.byte	16
 712 02ac 4A       		.byte	74
 713 02ad 12       		.byte	18
 714 02ae 4E       		.byte	78
 715 02af 08       		.byte	8
 716 02b0 4F       		.byte	79
 717 02b1 02       		.byte	2
 718 02b2 51       		.byte	81
 719 02b3 20       		.byte	32
 720 02b4 52       		.byte	82
 721 02b5 10       		.byte	16
 722 02b6 53       		.byte	83
 723 02b7 20       		.byte	32
 724 02b8 56       		.byte	86
 725 02b9 60       		.byte	96
 726 02ba 5C       		.byte	92
 727 02bb 64       		.byte	100
 728 02bc 5E       		.byte	94
 729 02bd 01       		.byte	1
 730 02be 6C       		.byte	108
 731 02bf 20       		.byte	32
 732 02c0 6D       		.byte	109
 733 02c1 10       		.byte	16
 734 02c2 6F       		.byte	111
 735 02c3 42       		.byte	66
 736 02c4 74       		.byte	116
 737 02c5 08       		.byte	8
 738 02c6 75       		.byte	117
 739 02c7 81       		.byte	-127
 740 02c8 76       		.byte	118
 741 02c9 08       		.byte	8
ARM GAS  C:\Users\ologa\AppData\Local\Temp\cc6PbSAX.s 			page 14


 742 02ca 80       		.byte	-128
 743 02cb 08       		.byte	8
 744 02cc 81       		.byte	-127
 745 02cd A0       		.byte	-96
 746 02ce 82       		.byte	-126
 747 02cf 02       		.byte	2
 748 02d0 84       		.byte	-124
 749 02d1 61       		.byte	97
 750 02d2 86       		.byte	-122
 751 02d3 29       		.byte	41
 752 02d4 88       		.byte	-120
 753 02d5 20       		.byte	32
 754 02d6 89       		.byte	-119
 755 02d7 10       		.byte	16
 756 02d8 8A       		.byte	-118
 757 02d9 01       		.byte	1
 758 02da 8B       		.byte	-117
 759 02db 02       		.byte	2
 760 02dc 8C       		.byte	-116
 761 02dd 01       		.byte	1
 762 02de 8D       		.byte	-115
 763 02df 11       		.byte	17
 764 02e0 8F       		.byte	-113
 765 02e1 40       		.byte	64
 766 02e2 92       		.byte	-110
 767 02e3 04       		.byte	4
 768 02e4 96       		.byte	-106
 769 02e5 08       		.byte	8
 770 02e6 97       		.byte	-105
 771 02e7 08       		.byte	8
 772 02e8 9A       		.byte	-102
 773 02e9 84       		.byte	-124
 774 02ea 9D       		.byte	-99
 775 02eb 08       		.byte	8
 776 02ec 9F       		.byte	-97
 777 02ed 01       		.byte	1
 778 02ee A2       		.byte	-94
 779 02ef 26       		.byte	38
 780 02f0 A4       		.byte	-92
 781 02f1 10       		.byte	16
 782 02f2 A5       		.byte	-91
 783 02f3 04       		.byte	4
 784 02f4 A7       		.byte	-89
 785 02f5 20       		.byte	32
 786 02f6 AA       		.byte	-86
 787 02f7 C0       		.byte	-64
 788 02f8 AC       		.byte	-84
 789 02f9 40       		.byte	64
 790 02fa AD       		.byte	-83
 791 02fb 10       		.byte	16
 792 02fc C0       		.byte	-64
 793 02fd F1       		.byte	-15
 794 02fe C2       		.byte	-62
 795 02ff 63       		.byte	99
 796 0300 C4       		.byte	-60
 797 0301 60       		.byte	96
 798 0302 CA       		.byte	-54
ARM GAS  C:\Users\ologa\AppData\Local\Temp\cc6PbSAX.s 			page 15


 799 0303 77       		.byte	119
 800 0304 CC       		.byte	-52
 801 0305 60       		.byte	96
 802 0306 CE       		.byte	-50
 803 0307 E0       		.byte	-32
 804 0308 D0       		.byte	-48
 805 0309 60       		.byte	96
 806 030a D2       		.byte	-46
 807 030b 28       		.byte	40
 808 030c D6       		.byte	-42
 809 030d F0       		.byte	-16
 810 030e E2       		.byte	-30
 811 030f D2       		.byte	-46
 812 0310 E6       		.byte	-26
 813 0311 E5       		.byte	-27
 814 0312 E8       		.byte	-24
 815 0313 10       		.byte	16
 816 0314 EC       		.byte	-20
 817 0315 21       		.byte	33
 818 0316 EE       		.byte	-18
 819 0317 08       		.byte	8
 820 0318 00       		.byte	0
 821 0319 22       		.byte	34
 822 031a 02       		.byte	2
 823 031b 51       		.byte	81
 824 031c 05       		.byte	5
 825 031d 61       		.byte	97
 826 031e 07       		.byte	7
 827 031f 16       		.byte	22
 828 0320 0B       		.byte	11
 829 0321 08       		.byte	8
 830 0322 10       		.byte	16
 831 0323 01       		.byte	1
 832 0324 12       		.byte	18
 833 0325 0E       		.byte	14
 834 0326 14       		.byte	20
 835 0327 44       		.byte	68
 836 0328 15       		.byte	21
 837 0329 5C       		.byte	92
 838 032a 16       		.byte	22
 839 032b 31       		.byte	49
 840 032c 17       		.byte	23
 841 032d 03       		.byte	3
 842 032e 19       		.byte	25
 843 032f 61       		.byte	97
 844 0330 1B       		.byte	27
 845 0331 0E       		.byte	14
 846 0332 24       		.byte	36
 847 0333 E7       		.byte	-25
 848 0334 27       		.byte	39
 849 0335 23       		.byte	35
 850 0336 28       		.byte	40
 851 0337 E7       		.byte	-25
 852 0338 2B       		.byte	43
 853 0339 1C       		.byte	28
 854 033a 2C       		.byte	44
 855 033b 80       		.byte	-128
ARM GAS  C:\Users\ologa\AppData\Local\Temp\cc6PbSAX.s 			page 16


 856 033c 30       		.byte	48
 857 033d 07       		.byte	7
 858 033e 31       		.byte	49
 859 033f 60       		.byte	96
 860 0340 32       		.byte	50
 861 0341 60       		.byte	96
 862 0342 33       		.byte	51
 863 0343 0F       		.byte	15
 864 0344 34       		.byte	52
 865 0345 18       		.byte	24
 866 0346 35       		.byte	53
 867 0347 1A       		.byte	26
 868 0348 36       		.byte	54
 869 0349 80       		.byte	-128
 870 034a 39       		.byte	57
 871 034b 02       		.byte	2
 872 034c 3B       		.byte	59
 873 034d 28       		.byte	40
 874 034e 3E       		.byte	62
 875 034f 10       		.byte	16
 876 0350 3F       		.byte	63
 877 0351 01       		.byte	1
 878 0352 40       		.byte	64
 879 0353 51       		.byte	81
 880 0354 41       		.byte	65
 881 0355 06       		.byte	6
 882 0356 42       		.byte	66
 883 0357 03       		.byte	3
 884 0358 44       		.byte	68
 885 0359 02       		.byte	2
 886 035a 45       		.byte	69
 887 035b 0C       		.byte	12
 888 035c 46       		.byte	70
 889 035d E0       		.byte	-32
 890 035e 48       		.byte	72
 891 035f 09       		.byte	9
 892 0360 49       		.byte	73
 893 0361 FF       		.byte	-1
 894 0362 4A       		.byte	74
 895 0363 FF       		.byte	-1
 896 0364 4B       		.byte	75
 897 0365 FF       		.byte	-1
 898 0366 4C       		.byte	76
 899 0367 62       		.byte	98
 900 0368 4D       		.byte	77
 901 0369 A0       		.byte	-96
 902 036a 4E       		.byte	78
 903 036b F0       		.byte	-16
 904 036c 4F       		.byte	79
 905 036d 41       		.byte	65
 906 036e 50       		.byte	80
 907 036f 0C       		.byte	12
 908 0370 56       		.byte	86
 909 0371 02       		.byte	2
 910 0372 57       		.byte	87
 911 0373 11       		.byte	17
 912 0374 58       		.byte	88
ARM GAS  C:\Users\ologa\AppData\Local\Temp\cc6PbSAX.s 			page 17


 913 0375 04       		.byte	4
 914 0376 59       		.byte	89
 915 0377 04       		.byte	4
 916 0378 5A       		.byte	90
 917 0379 04       		.byte	4
 918 037a 5B       		.byte	91
 919 037b 04       		.byte	4
 920 037c 5C       		.byte	92
 921 037d 22       		.byte	34
 922 037e 5D       		.byte	93
 923 037f 22       		.byte	34
 924 0380 5F       		.byte	95
 925 0381 01       		.byte	1
 926 0382 66       		.byte	102
 927 0383 40       		.byte	64
 928 0384 67       		.byte	103
 929 0385 02       		.byte	2
 930 0386 69       		.byte	105
 931 0387 10       		.byte	16
 932 0388 6A       		.byte	106
 933 0389 30       		.byte	48
 934 038a 6B       		.byte	107
 935 038b 10       		.byte	16
 936 038c 6D       		.byte	109
 937 038d 10       		.byte	16
 938 038e 6E       		.byte	110
 939 038f 10       		.byte	16
 940 0390 6F       		.byte	111
 941 0391 12       		.byte	18
 942 0392 85       		.byte	-123
 943 0393 10       		.byte	16
 944 0394 87       		.byte	-121
 945 0395 0C       		.byte	12
 946 0396 8B       		.byte	-117
 947 0397 20       		.byte	32
 948 0398 91       		.byte	-111
 949 0399 40       		.byte	64
 950 039a 93       		.byte	-109
 951 039b 03       		.byte	3
 952 039c 95       		.byte	-107
 953 039d 0C       		.byte	12
 954 039e 97       		.byte	-105
 955 039f 11       		.byte	17
 956 03a0 99       		.byte	-103
 957 03a1 09       		.byte	9
 958 03a2 9B       		.byte	-101
 959 03a3 10       		.byte	16
 960 03a4 9D       		.byte	-99
 961 03a5 10       		.byte	16
 962 03a6 A1       		.byte	-95
 963 03a7 1C       		.byte	28
 964 03a8 A3       		.byte	-93
 965 03a9 02       		.byte	2
 966 03aa A5       		.byte	-91
 967 03ab 14       		.byte	20
 968 03ac A6       		.byte	-90
 969 03ad 01       		.byte	1
ARM GAS  C:\Users\ologa\AppData\Local\Temp\cc6PbSAX.s 			page 18


 970 03ae AA       		.byte	-86
 971 03af 01       		.byte	1
 972 03b0 AB       		.byte	-85
 973 03b1 20       		.byte	32
 974 03b2 B0       		.byte	-80
 975 03b3 01       		.byte	1
 976 03b4 B1       		.byte	-79
 977 03b5 1F       		.byte	31
 978 03b6 B5       		.byte	-75
 979 03b7 20       		.byte	32
 980 03b8 B7       		.byte	-73
 981 03b9 40       		.byte	64
 982 03ba BA       		.byte	-70
 983 03bb 20       		.byte	32
 984 03bc BE       		.byte	-66
 985 03bd 01       		.byte	1
 986 03be BF       		.byte	-65
 987 03bf 50       		.byte	80
 988 03c0 C0       		.byte	-64
 989 03c1 23       		.byte	35
 990 03c2 C1       		.byte	-63
 991 03c3 06       		.byte	6
 992 03c4 C5       		.byte	-59
 993 03c5 0B       		.byte	11
 994 03c6 C6       		.byte	-58
 995 03c7 0C       		.byte	12
 996 03c8 C7       		.byte	-57
 997 03c9 0E       		.byte	14
 998 03ca C8       		.byte	-56
 999 03cb 15       		.byte	21
 1000 03cc C9       		.byte	-55
 1001 03cd FF       		.byte	-1
 1002 03ce CA       		.byte	-54
 1003 03cf FF       		.byte	-1
 1004 03d0 CB       		.byte	-53
 1005 03d1 FF       		.byte	-1
 1006 03d2 CE       		.byte	-50
 1007 03d3 F0       		.byte	-16
 1008 03d4 CF       		.byte	-49
 1009 03d5 44       		.byte	68
 1010 03d6 D0       		.byte	-48
 1011 03d7 0C       		.byte	12
 1012 03d8 D4       		.byte	-44
 1013 03d9 18       		.byte	24
 1014 03da D8       		.byte	-40
 1015 03db 04       		.byte	4
 1016 03dc D9       		.byte	-39
 1017 03dd 04       		.byte	4
 1018 03de DA       		.byte	-38
 1019 03df 04       		.byte	4
 1020 03e0 DB       		.byte	-37
 1021 03e1 04       		.byte	4
 1022 03e2 DC       		.byte	-36
 1023 03e3 32       		.byte	50
 1024 03e4 DD       		.byte	-35
 1025 03e5 23       		.byte	35
 1026 03e6 DF       		.byte	-33
ARM GAS  C:\Users\ologa\AppData\Local\Temp\cc6PbSAX.s 			page 19


 1027 03e7 01       		.byte	1
 1028 03e8 E6       		.byte	-26
 1029 03e9 C0       		.byte	-64
 1030 03ea EA       		.byte	-22
 1031 03eb 40       		.byte	64
 1032 03ec EB       		.byte	-21
 1033 03ed 02       		.byte	2
 1034 03ee 06       		.byte	6
 1035 03ef 80       		.byte	-128
 1036 03f0 08       		.byte	8
 1037 03f1 10       		.byte	16
 1038 03f2 09       		.byte	9
 1039 03f3 10       		.byte	16
 1040 03f4 0E       		.byte	14
 1041 03f5 50       		.byte	80
 1042 03f6 10       		.byte	16
 1043 03f7 20       		.byte	32
 1044 03f8 11       		.byte	17
 1045 03f9 20       		.byte	32
 1046 03fa 15       		.byte	21
 1047 03fb 40       		.byte	64
 1048 03fc 17       		.byte	23
 1049 03fd 14       		.byte	20
 1050 03fe 19       		.byte	25
 1051 03ff 20       		.byte	32
 1052 0400 1B       		.byte	27
 1053 0401 01       		.byte	1
 1054 0402 1D       		.byte	29
 1055 0403 A0       		.byte	-96
 1056 0404 1E       		.byte	30
 1057 0405 D2       		.byte	-46
 1058 0406 21       		.byte	33
 1059 0407 02       		.byte	2
 1060 0408 22       		.byte	34
 1061 0409 40       		.byte	64
 1062 040a 23       		.byte	35
 1063 040b 04       		.byte	4
 1064 040c 26       		.byte	38
 1065 040d 26       		.byte	38
 1066 040e 29       		.byte	41
 1067 040f 04       		.byte	4
 1068 0410 2A       		.byte	42
 1069 0411 01       		.byte	1
 1070 0412 2B       		.byte	43
 1071 0413 08       		.byte	8
 1072 0414 2F       		.byte	47
 1073 0415 24       		.byte	36
 1074 0416 31       		.byte	49
 1075 0417 02       		.byte	2
 1076 0418 32       		.byte	50
 1077 0419 98       		.byte	-104
 1078 041a 36       		.byte	54
 1079 041b 24       		.byte	36
 1080 041c 38       		.byte	56
 1081 041d 04       		.byte	4
 1082 041e 3A       		.byte	58
 1083 041f 10       		.byte	16
ARM GAS  C:\Users\ologa\AppData\Local\Temp\cc6PbSAX.s 			page 20


 1084 0420 3C       		.byte	60
 1085 0421 20       		.byte	32
 1086 0422 3D       		.byte	61
 1087 0423 08       		.byte	8
 1088 0424 40       		.byte	64
 1089 0425 04       		.byte	4
 1090 0426 41       		.byte	65
 1091 0427 08       		.byte	8
 1092 0428 44       		.byte	68
 1093 0429 10       		.byte	16
 1094 042a 45       		.byte	69
 1095 042b A0       		.byte	-96
 1096 042c 49       		.byte	73
 1097 042d 04       		.byte	4
 1098 042e 4A       		.byte	74
 1099 042f 08       		.byte	8
 1100 0430 4C       		.byte	76
 1101 0431 20       		.byte	32
 1102 0432 4D       		.byte	77
 1103 0433 20       		.byte	32
 1104 0434 4F       		.byte	79
 1105 0435 80       		.byte	-128
 1106 0436 50       		.byte	80
 1107 0437 04       		.byte	4
 1108 0438 52       		.byte	82
 1109 0439 44       		.byte	68
 1110 043a 56       		.byte	86
 1111 043b 10       		.byte	16
 1112 043c 5A       		.byte	90
 1113 043d 01       		.byte	1
 1114 043e 5C       		.byte	92
 1115 043f 10       		.byte	16
 1116 0440 63       		.byte	99
 1117 0441 06       		.byte	6
 1118 0442 6D       		.byte	109
 1119 0443 40       		.byte	64
 1120 0444 6F       		.byte	111
 1121 0445 14       		.byte	20
 1122 0446 74       		.byte	116
 1123 0447 40       		.byte	64
 1124 0448 76       		.byte	118
 1125 0449 08       		.byte	8
 1126 044a 77       		.byte	119
 1127 044b 20       		.byte	32
 1128 044c 89       		.byte	-119
 1129 044d 08       		.byte	8
 1130 044e 8A       		.byte	-118
 1131 044f 04       		.byte	4
 1132 0450 90       		.byte	-112
 1133 0451 14       		.byte	20
 1134 0452 92       		.byte	-110
 1135 0453 21       		.byte	33
 1136 0454 94       		.byte	-108
 1137 0455 08       		.byte	8
 1138 0456 95       		.byte	-107
 1139 0457 20       		.byte	32
 1140 0458 96       		.byte	-106
ARM GAS  C:\Users\ologa\AppData\Local\Temp\cc6PbSAX.s 			page 21


 1141 0459 18       		.byte	24
 1142 045a 9A       		.byte	-102
 1143 045b 01       		.byte	1
 1144 045c 9D       		.byte	-99
 1145 045d 20       		.byte	32
 1146 045e 9E       		.byte	-98
 1147 045f C8       		.byte	-56
 1148 0460 9F       		.byte	-97
 1149 0461 21       		.byte	33
 1150 0462 A1       		.byte	-95
 1151 0463 18       		.byte	24
 1152 0464 A2       		.byte	-94
 1153 0465 88       		.byte	-120
 1154 0466 A3       		.byte	-93
 1155 0467 48       		.byte	72
 1156 0468 A6       		.byte	-90
 1157 0469 41       		.byte	65
 1158 046a B0       		.byte	-80
 1159 046b 21       		.byte	33
 1160 046c B4       		.byte	-76
 1161 046d 04       		.byte	4
 1162 046e B7       		.byte	-73
 1163 046f 02       		.byte	2
 1164 0470 C0       		.byte	-64
 1165 0471 10       		.byte	16
 1166 0472 C2       		.byte	-62
 1167 0473 30       		.byte	48
 1168 0474 C4       		.byte	-60
 1169 0475 E6       		.byte	-26
 1170 0476 CA       		.byte	-54
 1171 0477 67       		.byte	103
 1172 0478 CC       		.byte	-52
 1173 0479 6F       		.byte	111
 1174 047a CE       		.byte	-50
 1175 047b 66       		.byte	102
 1176 047c D0       		.byte	-48
 1177 047d 76       		.byte	118
 1178 047e D2       		.byte	-46
 1179 047f 34       		.byte	52
 1180 0480 D6       		.byte	-42
 1181 0481 21       		.byte	33
 1182 0482 D8       		.byte	-40
 1183 0483 0C       		.byte	12
 1184 0484 89       		.byte	-119
 1185 0485 08       		.byte	8
 1186 0486 8A       		.byte	-118
 1187 0487 04       		.byte	4
 1188 0488 8B       		.byte	-117
 1189 0489 01       		.byte	1
 1190 048a E0       		.byte	-32
 1191 048b 80       		.byte	-128
 1192 048c E6       		.byte	-26
 1193 048d 20       		.byte	32
 1194 048e 01       		.byte	1
 1195 048f 21       		.byte	33
 1196 0490 03       		.byte	3
 1197 0491 4A       		.byte	74
ARM GAS  C:\Users\ologa\AppData\Local\Temp\cc6PbSAX.s 			page 22


 1198 0492 05       		.byte	5
 1199 0493 E7       		.byte	-25
 1200 0494 09       		.byte	9
 1201 0495 E7       		.byte	-25
 1202 0496 0D       		.byte	13
 1203 0497 02       		.byte	2
 1204 0498 0F       		.byte	15
 1205 0499 15       		.byte	21
 1206 049a 15       		.byte	21
 1207 049b 44       		.byte	68
 1208 049c 17       		.byte	23
 1209 049d 2A       		.byte	42
 1210 049e 1D       		.byte	29
 1211 049f 80       		.byte	-128
 1212 04a0 31       		.byte	49
 1213 04a1 07       		.byte	7
 1214 04a2 33       		.byte	51
 1215 04a3 60       		.byte	96
 1216 04a4 35       		.byte	53
 1217 04a5 80       		.byte	-128
 1218 04a6 37       		.byte	55
 1219 04a7 18       		.byte	24
 1220 04a8 3F       		.byte	63
 1221 04a9 40       		.byte	64
 1222 04aa 56       		.byte	86
 1223 04ab 02       		.byte	2
 1224 04ac 57       		.byte	87
 1225 04ad 11       		.byte	17
 1226 04ae 59       		.byte	89
 1227 04af 04       		.byte	4
 1228 04b0 5B       		.byte	91
 1229 04b1 04       		.byte	4
 1230 04b2 5C       		.byte	92
 1231 04b3 30       		.byte	48
 1232 04b4 5D       		.byte	93
 1233 04b5 30       		.byte	48
 1234 04b6 5F       		.byte	95
 1235 04b7 01       		.byte	1
 1236 04b8 04       		.byte	4
 1237 04b9 52       		.byte	82
 1238 04ba 06       		.byte	6
 1239 04bb 04       		.byte	4
 1240 04bc 0C       		.byte	12
 1241 04bd 60       		.byte	96
 1242 04be 0E       		.byte	14
 1243 04bf 40       		.byte	64
 1244 04c0 0F       		.byte	15
 1245 04c1 12       		.byte	18
 1246 04c2 15       		.byte	21
 1247 04c3 28       		.byte	40
 1248 04c4 16       		.byte	22
 1249 04c5 02       		.byte	2
 1250 04c6 17       		.byte	23
 1251 04c7 01       		.byte	1
 1252 04c8 1C       		.byte	28
 1253 04c9 11       		.byte	17
 1254 04ca 1D       		.byte	29
ARM GAS  C:\Users\ologa\AppData\Local\Temp\cc6PbSAX.s 			page 23


 1255 04cb 10       		.byte	16
 1256 04cc 1E       		.byte	30
 1257 04cd 40       		.byte	64
 1258 04ce 1F       		.byte	31
 1259 04cf 08       		.byte	8
 1260 04d0 20       		.byte	32
 1261 04d1 40       		.byte	64
 1262 04d2 21       		.byte	33
 1263 04d3 94       		.byte	-108
 1264 04d4 22       		.byte	34
 1265 04d5 28       		.byte	40
 1266 04d6 23       		.byte	35
 1267 04d7 08       		.byte	8
 1268 04d8 24       		.byte	36
 1269 04d9 04       		.byte	4
 1270 04da 25       		.byte	37
 1271 04db 08       		.byte	8
 1272 04dc 26       		.byte	38
 1273 04dd 01       		.byte	1
 1274 04de 27       		.byte	39
 1275 04df 01       		.byte	1
 1276 04e0 2C       		.byte	44
 1277 04e1 60       		.byte	96
 1278 04e2 2E       		.byte	46
 1279 04e3 40       		.byte	64
 1280 04e4 2F       		.byte	47
 1281 04e5 08       		.byte	8
 1282 04e6 32       		.byte	50
 1283 04e7 48       		.byte	72
 1284 04e8 36       		.byte	54
 1285 04e9 20       		.byte	32
 1286 04ea 37       		.byte	55
 1287 04eb 01       		.byte	1
 1288 04ec 38       		.byte	56
 1289 04ed 42       		.byte	66
 1290 04ee 39       		.byte	57
 1291 04ef 14       		.byte	20
 1292 04f0 3C       		.byte	60
 1293 04f1 04       		.byte	4
 1294 04f2 3D       		.byte	61
 1295 04f3 40       		.byte	64
 1296 04f4 3E       		.byte	62
 1297 04f5 02       		.byte	2
 1298 04f6 3F       		.byte	63
 1299 04f7 10       		.byte	16
 1300 04f8 45       		.byte	69
 1301 04f9 80       		.byte	-128
 1302 04fa 46       		.byte	70
 1303 04fb 04       		.byte	4
 1304 04fc 47       		.byte	71
 1305 04fd 08       		.byte	8
 1306 04fe 4D       		.byte	77
 1307 04ff 02       		.byte	2
 1308 0500 4E       		.byte	78
 1309 0501 06       		.byte	6
 1310 0502 56       		.byte	86
 1311 0503 10       		.byte	16
ARM GAS  C:\Users\ologa\AppData\Local\Temp\cc6PbSAX.s 			page 24


 1312 0504 59       		.byte	89
 1313 0505 10       		.byte	16
 1314 0506 5C       		.byte	92
 1315 0507 01       		.byte	1
 1316 0508 65       		.byte	101
 1317 0509 20       		.byte	32
 1318 050a 66       		.byte	102
 1319 050b 80       		.byte	-128
 1320 050c 69       		.byte	105
 1321 050d 14       		.byte	20
 1322 050e 6A       		.byte	106
 1323 050f 80       		.byte	-128
 1324 0510 70       		.byte	112
 1325 0511 20       		.byte	32
 1326 0512 72       		.byte	114
 1327 0513 02       		.byte	2
 1328 0514 73       		.byte	115
 1329 0515 10       		.byte	16
 1330 0516 81       		.byte	-127
 1331 0517 0A       		.byte	10
 1332 0518 82       		.byte	-126
 1333 0519 03       		.byte	3
 1334 051a 86       		.byte	-122
 1335 051b 10       		.byte	16
 1336 051c 89       		.byte	-119
 1337 051d 20       		.byte	32
 1338 051e 8C       		.byte	-116
 1339 051f 01       		.byte	1
 1340 0520 8D       		.byte	-115
 1341 0521 40       		.byte	64
 1342 0522 8E       		.byte	-114
 1343 0523 80       		.byte	-128
 1344 0524 92       		.byte	-110
 1345 0525 08       		.byte	8
 1346 0526 A3       		.byte	-93
 1347 0527 01       		.byte	1
 1348 0528 A5       		.byte	-91
 1349 0529 08       		.byte	8
 1350 052a C0       		.byte	-64
 1351 052b D0       		.byte	-48
 1352 052c C2       		.byte	-62
 1353 052d F0       		.byte	-16
 1354 052e C4       		.byte	-60
 1355 052f F0       		.byte	-16
 1356 0530 CA       		.byte	-54
 1357 0531 F0       		.byte	-16
 1358 0532 CC       		.byte	-52
 1359 0533 AA       		.byte	-86
 1360 0534 CE       		.byte	-50
 1361 0535 FF       		.byte	-1
 1362 0536 D0       		.byte	-48
 1363 0537 70       		.byte	112
 1364 0538 D2       		.byte	-46
 1365 0539 30       		.byte	48
 1366 053a D6       		.byte	-42
 1367 053b 84       		.byte	-124
 1368 053c D8       		.byte	-40
ARM GAS  C:\Users\ologa\AppData\Local\Temp\cc6PbSAX.s 			page 25


 1369 053d 30       		.byte	48
 1370 053e E0       		.byte	-32
 1371 053f 20       		.byte	32
 1372 0540 E4       		.byte	-28
 1373 0541 10       		.byte	16
 1374 0542 E8       		.byte	-24
 1375 0543 10       		.byte	16
 1376 0544 EC       		.byte	-20
 1377 0545 21       		.byte	33
 1378 0546 EE       		.byte	-18
 1379 0547 08       		.byte	8
 1380 0548 33       		.byte	51
 1381 0549 20       		.byte	32
 1382 054a 36       		.byte	54
 1383 054b 80       		.byte	-128
 1384 054c CC       		.byte	-52
 1385 054d 30       		.byte	48
 1386 054e A6       		.byte	-90
 1387 054f 80       		.byte	-128
 1388 0550 A7       		.byte	-89
 1389 0551 20       		.byte	32
 1390 0552 A6       		.byte	-90
 1391 0553 80       		.byte	-128
 1392 0554 A7       		.byte	-89
 1393 0555 20       		.byte	32
 1394 0556 A6       		.byte	-90
 1395 0557 80       		.byte	-128
 1396 0558 AB       		.byte	-85
 1397 0559 20       		.byte	32
 1398 055a EE       		.byte	-18
 1399 055b 20       		.byte	32
 1400 055c 1B       		.byte	27
 1401 055d 04       		.byte	4
 1402 055e C6       		.byte	-58
 1403 055f 08       		.byte	8
 1404 0560 44       		.byte	68
 1405 0561 02       		.byte	2
 1406 0562 AB       		.byte	-85
 1407 0563 04       		.byte	4
 1408 0564 D0       		.byte	-48
 1409 0565 04       		.byte	4
 1410 0566 03       		.byte	3
 1411 0567 04       		.byte	4
 1412 0568 20       		.byte	32
 1413 0569 80       		.byte	-128
 1414 056a 24       		.byte	36
 1415 056b 08       		.byte	8
 1416 056c A6       		.byte	-90
 1417 056d 80       		.byte	-128
 1418 056e C0       		.byte	-64
 1419 056f 40       		.byte	64
 1420 0570 C8       		.byte	-56
 1421 0571 60       		.byte	96
 1422 0572 53       		.byte	83
 1423 0573 80       		.byte	-128
 1424 0574 56       		.byte	86
 1425 0575 20       		.byte	32
ARM GAS  C:\Users\ologa\AppData\Local\Temp\cc6PbSAX.s 			page 26


 1426 0576 5A       		.byte	90
 1427 0577 82       		.byte	-126
 1428 0578 5C       		.byte	92
 1429 0579 01       		.byte	1
 1430 057a 5F       		.byte	95
 1431 057b 20       		.byte	32
 1432 057c 62       		.byte	98
 1433 057d 01       		.byte	1
 1434 057e 65       		.byte	101
 1435 057f 01       		.byte	1
 1436 0580 70       		.byte	112
 1437 0581 01       		.byte	1
 1438 0582 80       		.byte	-128
 1439 0583 01       		.byte	1
 1440 0584 81       		.byte	-127
 1441 0585 01       		.byte	1
 1442 0586 86       		.byte	-122
 1443 0587 01       		.byte	1
 1444 0588 8A       		.byte	-118
 1445 0589 20       		.byte	32
 1446 058a 8B       		.byte	-117
 1447 058b A0       		.byte	-96
 1448 058c 8C       		.byte	-116
 1449 058d 01       		.byte	1
 1450 058e 8E       		.byte	-114
 1451 058f 41       		.byte	65
 1452 0590 AB       		.byte	-85
 1453 0591 04       		.byte	4
 1454 0592 AE       		.byte	-82
 1455 0593 80       		.byte	-128
 1456 0594 B0       		.byte	-80
 1457 0595 40       		.byte	64
 1458 0596 B4       		.byte	-76
 1459 0597 04       		.byte	4
 1460 0598 D4       		.byte	-44
 1461 0599 E0       		.byte	-32
 1462 059a D6       		.byte	-42
 1463 059b E0       		.byte	-32
 1464 059c D8       		.byte	-40
 1465 059d C0       		.byte	-64
 1466 059e DC       		.byte	-36
 1467 059f 80       		.byte	-128
 1468 05a0 E2       		.byte	-30
 1469 05a1 A0       		.byte	-96
 1470 05a2 E6       		.byte	-26
 1471 05a3 40       		.byte	64
 1472 05a4 E8       		.byte	-24
 1473 05a5 80       		.byte	-128
 1474 05a6 EE       		.byte	-18
 1475 05a7 10       		.byte	16
 1476 05a8 1F       		.byte	31
 1477 05a9 80       		.byte	-128
 1478 05aa 34       		.byte	52
 1479 05ab 01       		.byte	1
 1480 05ac 9C       		.byte	-100
 1481 05ad 02       		.byte	2
 1482 05ae C6       		.byte	-58
ARM GAS  C:\Users\ologa\AppData\Local\Temp\cc6PbSAX.s 			page 27


 1483 05af 01       		.byte	1
 1484 05b0 CC       		.byte	-52
 1485 05b1 01       		.byte	1
 1486 05b2 12       		.byte	18
 1487 05b3 80       		.byte	-128
 1488 05b4 70       		.byte	112
 1489 05b5 04       		.byte	4
 1490 05b6 8E       		.byte	-114
 1491 05b7 80       		.byte	-128
 1492 05b8 90       		.byte	-112
 1493 05b9 08       		.byte	8
 1494 05ba A8       		.byte	-88
 1495 05bb 04       		.byte	4
 1496 05bc AF       		.byte	-81
 1497 05bd 80       		.byte	-128
 1498 05be B0       		.byte	-80
 1499 05bf 01       		.byte	1
 1500 05c0 B4       		.byte	-76
 1501 05c1 02       		.byte	2
 1502 05c2 C4       		.byte	-60
 1503 05c3 08       		.byte	8
 1504 05c4 DC       		.byte	-36
 1505 05c5 01       		.byte	1
 1506 05c6 E2       		.byte	-30
 1507 05c7 02       		.byte	2
 1508 05c8 E8       		.byte	-24
 1509 05c9 08       		.byte	8
 1510 05ca EC       		.byte	-20
 1511 05cb 04       		.byte	4
 1512 05cc 00       		.byte	0
 1513 05cd 0C       		.byte	12
 1514 05ce 0A       		.byte	10
 1515 05cf 0C       		.byte	12
 1516 05d0 10       		.byte	16
 1517 05d1 0C       		.byte	12
 1518 05d2 1A       		.byte	26
 1519 05d3 0C       		.byte	12
 1520 05d4 1C       		.byte	28
 1521 05d5 08       		.byte	8
 1522 05d6 00       		.byte	0
 1523 05d7 0F       		.byte	15
 1524 05d8 41       		.byte	65
 1525 05d9 10       		.byte	16
 1526 05da 00       		.byte	0
 1527 05db 00       		.byte	0
 1528 05dc 00       		.byte	0
 1529 05dd 00       		.byte	0
 1530 05de 00       		.byte	0
 1531 05df 04       		.byte	4
 1532 05e0 F3       		.byte	-13
 1533 05e1 18       		.byte	24
 1534 05e2 0C       		.byte	12
 1535 05e3 00       		.byte	0
 1536 05e4 C3       		.byte	-61
 1537 05e5 04       		.byte	4
 1538 05e6 00       		.byte	0
 1539 05e7 20       		.byte	32
ARM GAS  C:\Users\ologa\AppData\Local\Temp\cc6PbSAX.s 			page 28


 1540 05e8 1F       		.byte	31
 1541 05e9 5C       		.byte	92
 1542 05ea E0       		.byte	-32
 1543 05eb 82       		.byte	-126
 1544 05ec 0C       		.byte	12
 1545 05ed 00       		.byte	0
 1546 05ee 00       		.byte	0
 1547 05ef 00       		.byte	0
 1548 05f0 04       		.byte	4
 1549 05f1 00       		.byte	0
 1550 05f2 00       		.byte	0
 1551 05f3 43       		.byte	67
 1552 05f4 FF       		.byte	-1
 1553 05f5 00       		.byte	0
 1554 05f6 00       		.byte	0
 1555 05f7 00       		.byte	0
 1556 05f8 1C       		.byte	28
 1557 05f9 DF       		.byte	-33
 1558 05fa E3       		.byte	-29
 1559 05fb 00       		.byte	0
 1560 05fc 82       		.byte	-126
 1561 05fd 08       		.byte	8
 1562 05fe 00       		.byte	0
 1563 05ff 00       		.byte	0
 1564 0600 00       		.byte	0
 1565 0601 C7       		.byte	-57
 1566 0602 E3       		.byte	-29
 1567 0603 18       		.byte	24
 1568 0604 08       		.byte	8
 1569 0605 1C       		.byte	28
 1570 0606 00       		.byte	0
 1571 0607 C1       		.byte	-63
 1572 0608 2C       		.byte	44
 1573 0609 80       		.byte	-128
 1574 060a 0F       		.byte	15
 1575 060b 58       		.byte	88
 1576 060c 10       		.byte	16
 1577 060d 20       		.byte	32
 1578 060e C0       		.byte	-64
 1579 060f 1F       		.byte	31
 1580 0610 00       		.byte	0
 1581 0611 02       		.byte	2
 1582 0612 0A       		.byte	10
 1583 0613 80       		.byte	-128
 1584 0614 00       		.byte	0
 1585 0615 00       		.byte	0
 1586 0616 10       		.byte	16
 1587 0617 00       		.byte	0
 1588 0618 23       		.byte	35
 1589 0619 06       		.byte	6
 1590 061a 05       		.byte	5
 1591 061b 00       		.byte	0
 1592 061c 01       		.byte	1
 1593 061d E0       		.byte	-32
 1594 061e C0       		.byte	-64
 1595 061f 00       		.byte	0
 1596 0620 0A       		.byte	10
ARM GAS  C:\Users\ologa\AppData\Local\Temp\cc6PbSAX.s 			page 29


 1597 0621 FF       		.byte	-1
 1598 0622 FF       		.byte	-1
 1599 0623 FF       		.byte	-1
 1600 0624 62       		.byte	98
 1601 0625 A0       		.byte	-96
 1602 0626 F0       		.byte	-16
 1603 0627 41       		.byte	65
 1604 0628 0C       		.byte	12
 1605 0629 00       		.byte	0
 1606 062a 00       		.byte	0
 1607 062b 00       		.byte	0
 1608 062c 18       		.byte	24
 1609 062d 00       		.byte	0
 1610 062e 00       		.byte	0
 1611 062f 00       		.byte	0
 1612 0630 04       		.byte	4
 1613 0631 04       		.byte	4
 1614 0632 04       		.byte	4
 1615 0633 04       		.byte	4
 1616 0634 33       		.byte	51
 1617 0635 33       		.byte	51
 1618 0636 00       		.byte	0
 1619 0637 01       		.byte	1
 1620 0638 00       		.byte	0
 1621 0639 00       		.byte	0
 1622 063a 00       		.byte	0
 1623 063b 00       		.byte	0
 1624 063c 00       		.byte	0
 1625 063d 00       		.byte	0
 1626 063e 40       		.byte	64
 1627 063f 02       		.byte	2
 1628 0640 00       		.byte	0
 1629 0641 10       		.byte	16
 1630 0642 30       		.byte	48
 1631 0643 10       		.byte	16
 1632 0644 00       		.byte	0
 1633 0645 10       		.byte	16
 1634 0646 10       		.byte	16
 1635 0647 12       		.byte	18
 1636 0648 00       		.byte	0
 1637 0649 00       		.byte	0
 1638 064a 00       		.byte	0
 1639 064b 00       		.byte	0
 1640 064c 00       		.byte	0
 1641 064d 00       		.byte	0
 1642 064e 00       		.byte	0
 1643 064f 00       		.byte	0
 1644 0650 00       		.byte	0
 1645 0651 00       		.byte	0
 1646 0652 00       		.byte	0
 1647 0653 00       		.byte	0
 1648 0654 00       		.byte	0
 1649 0655 00       		.byte	0
 1650 0656 00       		.byte	0
 1651 0657 00       		.byte	0
 1652 0658 F0       		.byte	-16
 1653 0659 00       		.byte	0
ARM GAS  C:\Users\ologa\AppData\Local\Temp\cc6PbSAX.s 			page 30


 1654 065a 00       		.byte	0
 1655 065b F0       		.byte	-16
 1656 065c 00       		.byte	0
 1657 065d 00       		.byte	0
 1658 065e 00       		.byte	0
 1659 065f 00       		.byte	0
 1660 0660 03       		.byte	3
 1661 0661 00       		.byte	0
 1662 0662 00       		.byte	0
 1663 0663 00       		.byte	0
 1664 0664 88       		.byte	-120
 1665 0665 00       		.byte	0
 1666 0666 40       		.byte	64
 1667 0667 88       		.byte	-120
 1668 0668 88       		.byte	-120
 1669 0669 00       		.byte	0
 1670 066a 88       		.byte	-120
 1671 066b 00       		.byte	0
 1672 066c 00       		.byte	0
 1673 066d 00       		.byte	0
 1674 066e 00       		.byte	0
 1675 066f 00       		.byte	0
 1676 0670 04       		.byte	4
 1677 0671 00       		.byte	0
 1678 0672 00       		.byte	0
 1679 0673 00       		.byte	0
 1680 0674 00       		.byte	0
 1681 0675 00       		.byte	0
 1682 0676 00       		.byte	0
 1683 0677 00       		.byte	0
 1684 0678 00       		.byte	0
 1685 0679 FF       		.byte	-1
 1686 067a FF       		.byte	-1
 1687 067b 00       		.byte	0
 1688 067c FF       		.byte	-1
 1689 067d 00       		.byte	0
 1690 067e 00       		.byte	0
 1691 067f 00       		.byte	0
 1692              		.section	.cywolatch,"a",%progbits
 1693              		.align	2
 1694              		.type	cy_meta_wonvl, %object
 1695              		.size	cy_meta_wonvl, 4
 1696              	cy_meta_wonvl:
 1697 0000 BC       		.byte	-68
 1698 0001 90       		.byte	-112
 1699 0002 AC       		.byte	-84
 1700 0003 AF       		.byte	-81
 1701              		.section	.cycustnvl,"a",%progbits
 1702              		.align	2
 1703              		.type	cy_meta_custnvl, %object
 1704              		.size	cy_meta_custnvl, 4
 1705              	cy_meta_custnvl:
 1706 0000 00       		.byte	0
 1707 0001 00       		.byte	0
 1708 0002 40       		.byte	64
 1709 0003 05       		.byte	5
 1710              		.section	.cymeta,"a",%progbits
ARM GAS  C:\Users\ologa\AppData\Local\Temp\cc6PbSAX.s 			page 31


 1711              		.align	2
 1712              		.type	cy_metadata, %object
 1713              		.size	cy_metadata, 12
 1714              	cy_metadata:
 1715 0000 00       		.byte	0
 1716 0001 01       		.byte	1
 1717 0002 2E       		.byte	46
 1718 0003 16       		.byte	22
 1719 0004 10       		.byte	16
 1720 0005 69       		.byte	105
 1721 0006 00       		.byte	0
 1722 0007 01       		.byte	1
 1723 0008 00       		.byte	0
 1724 0009 00       		.byte	0
 1725 000a 00       		.byte	0
 1726 000b 00       		.byte	0
 1727              		.section	.cyflashprotect,"a",%progbits
 1728              		.align	2
 1729              		.type	cy_meta_flashprotect, %object
 1730              		.size	cy_meta_flashprotect, 256
 1731              	cy_meta_flashprotect:
 1732 0000 00000000 		.space	256
 1732      00000000 
 1732      00000000 
 1732      00000000 
 1732      00000000 
 1733              		.text
 1734              	.Letext0:
 1735              		.file 1 ".\\Generated_Source\\PSoC5\\cymetadata.c"
 1736              		.file 2 ".\\Generated_Source\\PSoC5\\cytypes.h"
 1737              		.section	.debug_info,"",%progbits
 1738              	.Ldebug_info0:
 1739 0000 3A010000 		.4byte	0x13a
 1740 0004 0400     		.2byte	0x4
 1741 0006 00000000 		.4byte	.Ldebug_abbrev0
 1742 000a 04       		.byte	0x4
 1743 000b 01       		.uleb128 0x1
 1744 000c ED000000 		.4byte	.LASF18
 1745 0010 01       		.byte	0x1
 1746 0011 00000000 		.4byte	.LASF19
 1747 0015 82000000 		.4byte	.LASF20
 1748 0019 00000000 		.4byte	.Ldebug_line0
 1749 001d 02       		.uleb128 0x2
 1750 001e 01       		.byte	0x1
 1751 001f 06       		.byte	0x6
 1752 0020 F7010000 		.4byte	.LASF0
 1753 0024 02       		.uleb128 0x2
 1754 0025 01       		.byte	0x1
 1755 0026 08       		.byte	0x8
 1756 0027 38000000 		.4byte	.LASF1
 1757 002b 02       		.uleb128 0x2
 1758 002c 02       		.byte	0x2
 1759 002d 05       		.byte	0x5
 1760 002e DE010000 		.4byte	.LASF2
 1761 0032 02       		.uleb128 0x2
 1762 0033 02       		.byte	0x2
 1763 0034 07       		.byte	0x7
ARM GAS  C:\Users\ologa\AppData\Local\Temp\cc6PbSAX.s 			page 32


 1764 0035 58000000 		.4byte	.LASF3
 1765 0039 02       		.uleb128 0x2
 1766 003a 04       		.byte	0x4
 1767 003b 05       		.byte	0x5
 1768 003c EE010000 		.4byte	.LASF4
 1769 0040 02       		.uleb128 0x2
 1770 0041 04       		.byte	0x4
 1771 0042 07       		.byte	0x7
 1772 0043 46000000 		.4byte	.LASF5
 1773 0047 02       		.uleb128 0x2
 1774 0048 08       		.byte	0x8
 1775 0049 05       		.byte	0x5
 1776 004a CB010000 		.4byte	.LASF6
 1777 004e 02       		.uleb128 0x2
 1778 004f 08       		.byte	0x8
 1779 0050 07       		.byte	0x7
 1780 0051 88010000 		.4byte	.LASF7
 1781 0055 03       		.uleb128 0x3
 1782 0056 04       		.byte	0x4
 1783 0057 05       		.byte	0x5
 1784 0058 696E7400 		.ascii	"int\000"
 1785 005c 02       		.uleb128 0x2
 1786 005d 04       		.byte	0x4
 1787 005e 07       		.byte	0x7
 1788 005f 7B010000 		.4byte	.LASF8
 1789 0063 04       		.uleb128 0x4
 1790 0064 E8010000 		.4byte	.LASF21
 1791 0068 02       		.byte	0x2
 1792 0069 9201     		.2byte	0x192
 1793 006b 24000000 		.4byte	0x24
 1794 006f 02       		.uleb128 0x2
 1795 0070 04       		.byte	0x4
 1796 0071 04       		.byte	0x4
 1797 0072 32000000 		.4byte	.LASF9
 1798 0076 02       		.uleb128 0x2
 1799 0077 08       		.byte	0x8
 1800 0078 04       		.byte	0x4
 1801 0079 6B000000 		.4byte	.LASF10
 1802 007d 02       		.uleb128 0x2
 1803 007e 01       		.byte	0x1
 1804 007f 08       		.byte	0x8
 1805 0080 D9010000 		.4byte	.LASF11
 1806 0084 05       		.uleb128 0x5
 1807 0085 63000000 		.4byte	0x63
 1808 0089 95000000 		.4byte	0x95
 1809 008d 06       		.uleb128 0x6
 1810 008e 95000000 		.4byte	0x95
 1811 0092 7F06     		.2byte	0x67f
 1812 0094 00       		.byte	0
 1813 0095 02       		.uleb128 0x2
 1814 0096 04       		.byte	0x4
 1815 0097 07       		.byte	0x7
 1816 0098 C2010000 		.4byte	.LASF12
 1817 009c 07       		.uleb128 0x7
 1818 009d DB000000 		.4byte	.LASF13
 1819 00a1 01       		.byte	0x1
 1820 00a2 1F       		.byte	0x1f
ARM GAS  C:\Users\ologa\AppData\Local\Temp\cc6PbSAX.s 			page 33


 1821 00a3 AD000000 		.4byte	0xad
 1822 00a7 05       		.uleb128 0x5
 1823 00a8 03       		.byte	0x3
 1824 00a9 00000000 		.4byte	cy_meta_configecc
 1825 00ad 08       		.uleb128 0x8
 1826 00ae 84000000 		.4byte	0x84
 1827 00b2 05       		.uleb128 0x5
 1828 00b3 63000000 		.4byte	0x63
 1829 00b7 C2000000 		.4byte	0xc2
 1830 00bb 09       		.uleb128 0x9
 1831 00bc 95000000 		.4byte	0x95
 1832 00c0 03       		.byte	0x3
 1833 00c1 00       		.byte	0
 1834 00c2 07       		.uleb128 0x7
 1835 00c3 72000000 		.4byte	.LASF14
 1836 00c7 01       		.byte	0x1
 1837 00c8 FC       		.byte	0xfc
 1838 00c9 D3000000 		.4byte	0xd3
 1839 00cd 05       		.uleb128 0x5
 1840 00ce 03       		.byte	0x3
 1841 00cf 00000000 		.4byte	cy_meta_custnvl
 1842 00d3 08       		.uleb128 0x8
 1843 00d4 B2000000 		.4byte	0xb2
 1844 00d8 0A       		.uleb128 0xa
 1845 00d9 B4010000 		.4byte	.LASF15
 1846 00dd 01       		.byte	0x1
 1847 00de 0A01     		.2byte	0x10a
 1848 00e0 EA000000 		.4byte	0xea
 1849 00e4 05       		.uleb128 0x5
 1850 00e5 03       		.byte	0x3
 1851 00e6 00000000 		.4byte	cy_meta_wonvl
 1852 00ea 08       		.uleb128 0x8
 1853 00eb B2000000 		.4byte	0xb2
 1854 00ef 05       		.uleb128 0x5
 1855 00f0 63000000 		.4byte	0x63
 1856 00f4 FF000000 		.4byte	0xff
 1857 00f8 09       		.uleb128 0x9
 1858 00f9 95000000 		.4byte	0x95
 1859 00fd FF       		.byte	0xff
 1860 00fe 00       		.byte	0
 1861 00ff 0A       		.uleb128 0xa
 1862 0100 9F010000 		.4byte	.LASF16
 1863 0104 01       		.byte	0x1
 1864 0105 1801     		.2byte	0x118
 1865 0107 11010000 		.4byte	0x111
 1866 010b 05       		.uleb128 0x5
 1867 010c 03       		.byte	0x3
 1868 010d 00000000 		.4byte	cy_meta_flashprotect
 1869 0111 08       		.uleb128 0x8
 1870 0112 EF000000 		.4byte	0xef
 1871 0116 05       		.uleb128 0x5
 1872 0117 63000000 		.4byte	0x63
 1873 011b 26010000 		.4byte	0x126
 1874 011f 09       		.uleb128 0x9
 1875 0120 95000000 		.4byte	0x95
 1876 0124 0B       		.byte	0xb
 1877 0125 00       		.byte	0
ARM GAS  C:\Users\ologa\AppData\Local\Temp\cc6PbSAX.s 			page 34


 1878 0126 0A       		.uleb128 0xa
 1879 0127 26000000 		.4byte	.LASF17
 1880 012b 01       		.byte	0x1
 1881 012c 4501     		.2byte	0x145
 1882 012e 38010000 		.4byte	0x138
 1883 0132 05       		.uleb128 0x5
 1884 0133 03       		.byte	0x3
 1885 0134 00000000 		.4byte	cy_metadata
 1886 0138 08       		.uleb128 0x8
 1887 0139 16010000 		.4byte	0x116
 1888 013d 00       		.byte	0
 1889              		.section	.debug_abbrev,"",%progbits
 1890              	.Ldebug_abbrev0:
 1891 0000 01       		.uleb128 0x1
 1892 0001 11       		.uleb128 0x11
 1893 0002 01       		.byte	0x1
 1894 0003 25       		.uleb128 0x25
 1895 0004 0E       		.uleb128 0xe
 1896 0005 13       		.uleb128 0x13
 1897 0006 0B       		.uleb128 0xb
 1898 0007 03       		.uleb128 0x3
 1899 0008 0E       		.uleb128 0xe
 1900 0009 1B       		.uleb128 0x1b
 1901 000a 0E       		.uleb128 0xe
 1902 000b 10       		.uleb128 0x10
 1903 000c 17       		.uleb128 0x17
 1904 000d 00       		.byte	0
 1905 000e 00       		.byte	0
 1906 000f 02       		.uleb128 0x2
 1907 0010 24       		.uleb128 0x24
 1908 0011 00       		.byte	0
 1909 0012 0B       		.uleb128 0xb
 1910 0013 0B       		.uleb128 0xb
 1911 0014 3E       		.uleb128 0x3e
 1912 0015 0B       		.uleb128 0xb
 1913 0016 03       		.uleb128 0x3
 1914 0017 0E       		.uleb128 0xe
 1915 0018 00       		.byte	0
 1916 0019 00       		.byte	0
 1917 001a 03       		.uleb128 0x3
 1918 001b 24       		.uleb128 0x24
 1919 001c 00       		.byte	0
 1920 001d 0B       		.uleb128 0xb
 1921 001e 0B       		.uleb128 0xb
 1922 001f 3E       		.uleb128 0x3e
 1923 0020 0B       		.uleb128 0xb
 1924 0021 03       		.uleb128 0x3
 1925 0022 08       		.uleb128 0x8
 1926 0023 00       		.byte	0
 1927 0024 00       		.byte	0
 1928 0025 04       		.uleb128 0x4
 1929 0026 16       		.uleb128 0x16
 1930 0027 00       		.byte	0
 1931 0028 03       		.uleb128 0x3
 1932 0029 0E       		.uleb128 0xe
 1933 002a 3A       		.uleb128 0x3a
 1934 002b 0B       		.uleb128 0xb
ARM GAS  C:\Users\ologa\AppData\Local\Temp\cc6PbSAX.s 			page 35


 1935 002c 3B       		.uleb128 0x3b
 1936 002d 05       		.uleb128 0x5
 1937 002e 49       		.uleb128 0x49
 1938 002f 13       		.uleb128 0x13
 1939 0030 00       		.byte	0
 1940 0031 00       		.byte	0
 1941 0032 05       		.uleb128 0x5
 1942 0033 01       		.uleb128 0x1
 1943 0034 01       		.byte	0x1
 1944 0035 49       		.uleb128 0x49
 1945 0036 13       		.uleb128 0x13
 1946 0037 01       		.uleb128 0x1
 1947 0038 13       		.uleb128 0x13
 1948 0039 00       		.byte	0
 1949 003a 00       		.byte	0
 1950 003b 06       		.uleb128 0x6
 1951 003c 21       		.uleb128 0x21
 1952 003d 00       		.byte	0
 1953 003e 49       		.uleb128 0x49
 1954 003f 13       		.uleb128 0x13
 1955 0040 2F       		.uleb128 0x2f
 1956 0041 05       		.uleb128 0x5
 1957 0042 00       		.byte	0
 1958 0043 00       		.byte	0
 1959 0044 07       		.uleb128 0x7
 1960 0045 34       		.uleb128 0x34
 1961 0046 00       		.byte	0
 1962 0047 03       		.uleb128 0x3
 1963 0048 0E       		.uleb128 0xe
 1964 0049 3A       		.uleb128 0x3a
 1965 004a 0B       		.uleb128 0xb
 1966 004b 3B       		.uleb128 0x3b
 1967 004c 0B       		.uleb128 0xb
 1968 004d 49       		.uleb128 0x49
 1969 004e 13       		.uleb128 0x13
 1970 004f 3F       		.uleb128 0x3f
 1971 0050 19       		.uleb128 0x19
 1972 0051 02       		.uleb128 0x2
 1973 0052 18       		.uleb128 0x18
 1974 0053 00       		.byte	0
 1975 0054 00       		.byte	0
 1976 0055 08       		.uleb128 0x8
 1977 0056 26       		.uleb128 0x26
 1978 0057 00       		.byte	0
 1979 0058 49       		.uleb128 0x49
 1980 0059 13       		.uleb128 0x13
 1981 005a 00       		.byte	0
 1982 005b 00       		.byte	0
 1983 005c 09       		.uleb128 0x9
 1984 005d 21       		.uleb128 0x21
 1985 005e 00       		.byte	0
 1986 005f 49       		.uleb128 0x49
 1987 0060 13       		.uleb128 0x13
 1988 0061 2F       		.uleb128 0x2f
 1989 0062 0B       		.uleb128 0xb
 1990 0063 00       		.byte	0
 1991 0064 00       		.byte	0
ARM GAS  C:\Users\ologa\AppData\Local\Temp\cc6PbSAX.s 			page 36


 1992 0065 0A       		.uleb128 0xa
 1993 0066 34       		.uleb128 0x34
 1994 0067 00       		.byte	0
 1995 0068 03       		.uleb128 0x3
 1996 0069 0E       		.uleb128 0xe
 1997 006a 3A       		.uleb128 0x3a
 1998 006b 0B       		.uleb128 0xb
 1999 006c 3B       		.uleb128 0x3b
 2000 006d 05       		.uleb128 0x5
 2001 006e 49       		.uleb128 0x49
 2002 006f 13       		.uleb128 0x13
 2003 0070 3F       		.uleb128 0x3f
 2004 0071 19       		.uleb128 0x19
 2005 0072 02       		.uleb128 0x2
 2006 0073 18       		.uleb128 0x18
 2007 0074 00       		.byte	0
 2008 0075 00       		.byte	0
 2009 0076 00       		.byte	0
 2010              		.section	.debug_aranges,"",%progbits
 2011 0000 14000000 		.4byte	0x14
 2012 0004 0200     		.2byte	0x2
 2013 0006 00000000 		.4byte	.Ldebug_info0
 2014 000a 04       		.byte	0x4
 2015 000b 00       		.byte	0
 2016 000c 0000     		.2byte	0
 2017 000e 0000     		.2byte	0
 2018 0010 00000000 		.4byte	0
 2019 0014 00000000 		.4byte	0
 2020              		.section	.debug_line,"",%progbits
 2021              	.Ldebug_line0:
 2022 0000 4F000000 		.section	.debug_str,"MS",%progbits,1
 2022      02004900 
 2022      00000201 
 2022      FB0E0D00 
 2022      01010101 
 2023              	.LASF19:
 2024 0000 2E5C4765 		.ascii	".\\Generated_Source\\PSoC5\\cymetadata.c\000"
 2024      6E657261 
 2024      7465645F 
 2024      536F7572 
 2024      63655C50 
 2025              	.LASF17:
 2026 0026 63795F6D 		.ascii	"cy_metadata\000"
 2026      65746164 
 2026      61746100 
 2027              	.LASF9:
 2028 0032 666C6F61 		.ascii	"float\000"
 2028      7400
 2029              	.LASF1:
 2030 0038 756E7369 		.ascii	"unsigned char\000"
 2030      676E6564 
 2030      20636861 
 2030      7200
 2031              	.LASF5:
 2032 0046 6C6F6E67 		.ascii	"long unsigned int\000"
 2032      20756E73 
 2032      69676E65 
ARM GAS  C:\Users\ologa\AppData\Local\Temp\cc6PbSAX.s 			page 37


 2032      6420696E 
 2032      7400
 2033              	.LASF3:
 2034 0058 73686F72 		.ascii	"short unsigned int\000"
 2034      7420756E 
 2034      7369676E 
 2034      65642069 
 2034      6E7400
 2035              	.LASF10:
 2036 006b 646F7562 		.ascii	"double\000"
 2036      6C6500
 2037              	.LASF14:
 2038 0072 63795F6D 		.ascii	"cy_meta_custnvl\000"
 2038      6574615F 
 2038      63757374 
 2038      6E766C00 
 2039              	.LASF20:
 2040 0082 433A5C55 		.ascii	"C:\\Users\\ologa\\Documents\\MIT\\Senior S22\\6.115"
 2040      73657273 
 2040      5C6F6C6F 
 2040      67615C44 
 2040      6F63756D 
 2041 00af 315C4669 		.ascii	"1\\Final Project\\Controller\\Controller.cydsn\000"
 2041      6E616C20 
 2041      50726F6A 
 2041      6563745C 
 2041      436F6E74 
 2042              	.LASF13:
 2043 00db 63795F6D 		.ascii	"cy_meta_configecc\000"
 2043      6574615F 
 2043      636F6E66 
 2043      69676563 
 2043      6300
 2044              	.LASF18:
 2045 00ed 474E5520 		.ascii	"GNU C 4.9.3 20150303 (release) [ARM/embedded-4_9-br"
 2045      4320342E 
 2045      392E3320 
 2045      32303135 
 2045      30333033 
 2046 0120 616E6368 		.ascii	"anch revision 221220] -mcpu=cortex-m3 -mthumb -g -O"
 2046      20726576 
 2046      6973696F 
 2046      6E203232 
 2046      31323230 
 2047 0153 67202D66 		.ascii	"g -ffunction-sections -ffat-lto-objects\000"
 2047      66756E63 
 2047      74696F6E 
 2047      2D736563 
 2047      74696F6E 
 2048              	.LASF8:
 2049 017b 756E7369 		.ascii	"unsigned int\000"
 2049      676E6564 
 2049      20696E74 
 2049      00
 2050              	.LASF7:
 2051 0188 6C6F6E67 		.ascii	"long long unsigned int\000"
 2051      206C6F6E 
ARM GAS  C:\Users\ologa\AppData\Local\Temp\cc6PbSAX.s 			page 38


 2051      6720756E 
 2051      7369676E 
 2051      65642069 
 2052              	.LASF16:
 2053 019f 63795F6D 		.ascii	"cy_meta_flashprotect\000"
 2053      6574615F 
 2053      666C6173 
 2053      6870726F 
 2053      74656374 
 2054              	.LASF15:
 2055 01b4 63795F6D 		.ascii	"cy_meta_wonvl\000"
 2055      6574615F 
 2055      776F6E76 
 2055      6C00
 2056              	.LASF12:
 2057 01c2 73697A65 		.ascii	"sizetype\000"
 2057      74797065 
 2057      00
 2058              	.LASF6:
 2059 01cb 6C6F6E67 		.ascii	"long long int\000"
 2059      206C6F6E 
 2059      6720696E 
 2059      7400
 2060              	.LASF11:
 2061 01d9 63686172 		.ascii	"char\000"
 2061      00
 2062              	.LASF2:
 2063 01de 73686F72 		.ascii	"short int\000"
 2063      7420696E 
 2063      7400
 2064              	.LASF21:
 2065 01e8 75696E74 		.ascii	"uint8\000"
 2065      3800
 2066              	.LASF4:
 2067 01ee 6C6F6E67 		.ascii	"long int\000"
 2067      20696E74 
 2067      00
 2068              	.LASF0:
 2069 01f7 7369676E 		.ascii	"signed char\000"
 2069      65642063 
 2069      68617200 
 2070              		.ident	"GCC: (GNU Tools for ARM Embedded Processors) 4.9.3 20150303 (release) [ARM/embedded-4_9-br
