ARM GAS  C:\Users\ologa\AppData\Local\Temp\ccVqWbZl.s 			page 1


   1              		.syntax unified
   2              		.cpu cortex-m3
   3              		.fpu softvfp
   4              		.eabi_attribute 20, 1
   5              		.eabi_attribute 21, 1
   6              		.eabi_attribute 23, 3
   7              		.eabi_attribute 24, 1
   8              		.eabi_attribute 25, 1
   9              		.eabi_attribute 26, 1
  10              		.eabi_attribute 30, 1
  11              		.eabi_attribute 34, 1
  12              		.eabi_attribute 18, 4
  13              		.thumb
  14              		.file	"main.c"
  15              		.text
  16              	.Ltext0:
  17              		.cfi_sections	.debug_frame
  18              		.section	.text.R_XADC,"ax",%progbits
  19              		.align	2
  20              		.global	R_XADC
  21              		.thumb
  22              		.thumb_func
  23              		.type	R_XADC, %function
  24              	R_XADC:
  25              	.LFB64:
  26              		.file 1 ".\\main.c"
   1:.\main.c      **** /* ========================================
   2:.\main.c      ****  *
   3:.\main.c      ****  * Copyright YOUR COMPANY, THE YEAR
   4:.\main.c      ****  * All Rights Reserved
   5:.\main.c      ****  * UNPUBLISHED, LICENSED SOFTWARE.
   6:.\main.c      ****  *
   7:.\main.c      ****  * CONFIDENTIAL AND PROPRIETARY INFORMATION
   8:.\main.c      ****  * WHICH IS THE PROPERTY OF your company.
   9:.\main.c      ****  *
  10:.\main.c      ****  * ========================================
  11:.\main.c      **** */
  12:.\main.c      **** #include <project.h>
  13:.\main.c      **** #include <stdio.h>
  14:.\main.c      **** #include <math.h>
  15:.\main.c      **** uint16 xadcResult = 0;
  16:.\main.c      **** uint16 yadcResult = 0;
  17:.\main.c      **** char xsend = 4;
  18:.\main.c      **** char ysend = 4;
  19:.\main.c      **** char bstate =0;
  20:.\main.c      ****    
  21:.\main.c      **** void R_XADC();
  22:.\main.c      **** void R_YADC();
  23:.\main.c      **** void C_XADC();
  24:.\main.c      **** void C_YADC();
  25:.\main.c      **** void C_B();
  26:.\main.c      **** 
  27:.\main.c      **** int main()
  28:.\main.c      **** {
  29:.\main.c      ****     CyGlobalIntEnable; /* Enable global interrupts. */
  30:.\main.c      ****     
  31:.\main.c      ****     /* Place your initialization/startup code here (e.g. MyInst_Start()) */
ARM GAS  C:\Users\ologa\AppData\Local\Temp\ccVqWbZl.s 			page 2


  32:.\main.c      **** 
  33:.\main.c      ****     UART_1_Init();
  34:.\main.c      ****     UART_1_Start();
  35:.\main.c      ****     UART_2_Init();
  36:.\main.c      ****     UART_2_Start();
  37:.\main.c      ****     unsigned char j = 10;
  38:.\main.c      ****     //int Result[2];
  39:.\main.c      ****     //int bytesWritten;     
  40:.\main.c      ****     //char S1[8];   
  41:.\main.c      ****     
  42:.\main.c      ****     ADC_SAR_1_Start();
  43:.\main.c      ****     ADC_SAR_2_Start();
  44:.\main.c      ****     ADC_SAR_1_StartConvert();
  45:.\main.c      ****     ADC_SAR_2_StartConvert();
  46:.\main.c      ****     //UART_1_PutString("Hello World!");
  47:.\main.c      ****     for(;;)
  48:.\main.c      ****     {
  49:.\main.c      ****         R_XADC();
  50:.\main.c      ****         R_YADC();
  51:.\main.c      ****         C_XADC();
  52:.\main.c      ****         C_YADC();
  53:.\main.c      ****         C_B();
  54:.\main.c      ****         UART_1_WriteTxData(xsend);
  55:.\main.c      ****         UART_1_WriteTxData(ysend);
  56:.\main.c      ****         UART_1_WriteTxData(bstate);
  57:.\main.c      ****         UART_2_PutChar(xsend);
  58:.\main.c      ****         UART_2_PutChar(ysend);
  59:.\main.c      ****         UART_2_PutChar(bstate);
  60:.\main.c      ****         UART_2_PutChar(' ');
  61:.\main.c      ****         CyDelay(j);	
  62:.\main.c      ****         /* Place your application code here. 
  63:.\main.c      ****         if (UART_1_GetRxBufferSize() > 0) {
  64:.\main.c      ****             uint8 c = UART_1_GetChar();
  65:.\main.c      ****             UART_1_PutChar(c);
  66:.\main.c      ****             Control_Reg_1_Write(c);
  67:.\main.c      ****         }*/
  68:.\main.c      ****     }
  69:.\main.c      **** }
  70:.\main.c      **** 
  71:.\main.c      **** 
  72:.\main.c      **** void R_XADC()
  73:.\main.c      **** {
  27              		.loc 1 73 0
  28              		.cfi_startproc
  29              		@ args = 0, pretend = 0, frame = 0
  30              		@ frame_needed = 0, uses_anonymous_args = 0
  31 0000 08B5     		push	{r3, lr}
  32              		.cfi_def_cfa_offset 8
  33              		.cfi_offset 3, -8
  34              		.cfi_offset 14, -4
  74:.\main.c      ****   if( ADC_SAR_1_IsEndConversion(ADC_SAR_1_WAIT_FOR_RESULT) )
  35              		.loc 1 74 0
  36 0002 0020     		movs	r0, #0
  37 0004 FFF7FEFF 		bl	ADC_SAR_1_IsEndConversion
  38              	.LVL0:
  39 0008 80B1     		cbz	r0, .L1
  75:.\main.c      **** 		{
ARM GAS  C:\Users\ologa\AppData\Local\Temp\ccVqWbZl.s 			page 3


  76:.\main.c      **** 			xadcResult = ADC_SAR_1_GetResult16();		// read the adc and assign the value adcResult
  40              		.loc 1 76 0
  41 000a FFF7FEFF 		bl	ADC_SAR_1_GetResult16
  42              	.LVL1:
  43 000e 80B2     		uxth	r0, r0
  77:.\main.c      ****             xadcResult = (int)xadcResult;
  78:.\main.c      ****             xadcResult = (xadcResult)/5;              // adcResult is the integer scaling between 0
  44              		.loc 1 78 0
  45 0010 074B     		ldr	r3, .L5
  46 0012 A3FB0030 		umull	r3, r0, r3, r0
  47 0016 8008     		lsrs	r0, r0, #2
  48 0018 064B     		ldr	r3, .L5+4
  49 001a 1880     		strh	r0, [r3]	@ movhi
  79:.\main.c      ****    		if (xadcResult & 0x8000)
  80:.\main.c      ****    		{
  81:.\main.c      ****     		xadcResult = 0;       // ignore negative ADC results
  82:.\main.c      ****    		}
  83:.\main.c      ****    		else if (xadcResult >= 0xfff)
  50              		.loc 1 83 0
  51 001c 40F6FE73 		movw	r3, #4094
  52 0020 9842     		cmp	r0, r3
  53 0022 03D9     		bls	.L1
  84:.\main.c      ****    		{
  85:.\main.c      ****     		xadcResult = 0xfff;      // ignore high ADC results
  54              		.loc 1 85 0
  55 0024 40F6FF72 		movw	r2, #4095
  56 0028 024B     		ldr	r3, .L5+4
  57 002a 1A80     		strh	r2, [r3]	@ movhi
  58              	.L1:
  59 002c 08BD     		pop	{r3, pc}
  60              	.L6:
  61 002e 00BF     		.align	2
  62              	.L5:
  63 0030 CDCCCCCC 		.word	-858993459
  64 0034 00000000 		.word	.LANCHOR0
  65              		.cfi_endproc
  66              	.LFE64:
  67              		.size	R_XADC, .-R_XADC
  68              		.section	.text.R_YADC,"ax",%progbits
  69              		.align	2
  70              		.global	R_YADC
  71              		.thumb
  72              		.thumb_func
  73              		.type	R_YADC, %function
  74              	R_YADC:
  75              	.LFB65:
  86:.\main.c      ****    		}
  87:.\main.c      **** 		}
  88:.\main.c      **** }
  89:.\main.c      **** void R_YADC(){
  76              		.loc 1 89 0
  77              		.cfi_startproc
  78              		@ args = 0, pretend = 0, frame = 0
  79              		@ frame_needed = 0, uses_anonymous_args = 0
  80 0000 08B5     		push	{r3, lr}
  81              		.cfi_def_cfa_offset 8
  82              		.cfi_offset 3, -8
ARM GAS  C:\Users\ologa\AppData\Local\Temp\ccVqWbZl.s 			page 4


  83              		.cfi_offset 14, -4
  90:.\main.c      ****   if( ADC_SAR_2_IsEndConversion(ADC_SAR_2_WAIT_FOR_RESULT) )
  84              		.loc 1 90 0
  85 0002 0020     		movs	r0, #0
  86 0004 FFF7FEFF 		bl	ADC_SAR_2_IsEndConversion
  87              	.LVL2:
  88 0008 80B1     		cbz	r0, .L7
  91:.\main.c      **** 		{
  92:.\main.c      **** 			yadcResult = ADC_SAR_2_GetResult16();		// read the adc and assign the value adcResult
  89              		.loc 1 92 0
  90 000a FFF7FEFF 		bl	ADC_SAR_2_GetResult16
  91              	.LVL3:
  92 000e 80B2     		uxth	r0, r0
  93:.\main.c      ****             yadcResult = (int)yadcResult;
  94:.\main.c      ****             yadcResult = (yadcResult)/5;              // adcResult is the integer scaling between 0
  93              		.loc 1 94 0
  94 0010 074B     		ldr	r3, .L11
  95 0012 A3FB0030 		umull	r3, r0, r3, r0
  96 0016 8008     		lsrs	r0, r0, #2
  97 0018 064B     		ldr	r3, .L11+4
  98 001a 5880     		strh	r0, [r3, #2]	@ movhi
  95:.\main.c      ****    		if (yadcResult & 0x8000)
  96:.\main.c      ****    		{
  97:.\main.c      ****     		yadcResult = 0;       // ignore negative ADC results
  98:.\main.c      ****    		}
  99:.\main.c      ****    		else if (yadcResult >= 0xfff)
  99              		.loc 1 99 0
 100 001c 40F6FE73 		movw	r3, #4094
 101 0020 9842     		cmp	r0, r3
 102 0022 03D9     		bls	.L7
 100:.\main.c      ****    		{
 101:.\main.c      ****     		yadcResult = 0xfff;      // ignore high ADC results
 103              		.loc 1 101 0
 104 0024 40F6FF72 		movw	r2, #4095
 105 0028 024B     		ldr	r3, .L11+4
 106 002a 5A80     		strh	r2, [r3, #2]	@ movhi
 107              	.L7:
 108 002c 08BD     		pop	{r3, pc}
 109              	.L12:
 110 002e 00BF     		.align	2
 111              	.L11:
 112 0030 CDCCCCCC 		.word	-858993459
 113 0034 00000000 		.word	.LANCHOR0
 114              		.cfi_endproc
 115              	.LFE65:
 116              		.size	R_YADC, .-R_YADC
 117              		.section	.text.C_XADC,"ax",%progbits
 118              		.align	2
 119              		.global	C_XADC
 120              		.thumb
 121              		.thumb_func
 122              		.type	C_XADC, %function
 123              	C_XADC:
 124              	.LFB66:
 102:.\main.c      ****    		}    										// delay in milliseconds
 103:.\main.c      **** 		}
 104:.\main.c      **** }
ARM GAS  C:\Users\ologa\AppData\Local\Temp\ccVqWbZl.s 			page 5


 105:.\main.c      **** 
 106:.\main.c      **** void C_XADC()
 107:.\main.c      **** {
 125              		.loc 1 107 0
 126              		.cfi_startproc
 127              		@ args = 0, pretend = 0, frame = 0
 128              		@ frame_needed = 0, uses_anonymous_args = 0
 129              		@ link register save eliminated.
 108:.\main.c      ****     if (0 <= xadcResult && xadcResult < 100){
 130              		.loc 1 108 0
 131 0000 234B     		ldr	r3, .L23
 132 0002 1B88     		ldrh	r3, [r3]
 133 0004 632B     		cmp	r3, #99
 134 0006 02D8     		bhi	.L14
 109:.\main.c      ****             xsend = 'A';
 135              		.loc 1 109 0
 136 0008 4121     		movs	r1, #65
 137 000a 224A     		ldr	r2, .L23+4
 138 000c 1170     		strb	r1, [r2]
 139              	.L14:
 110:.\main.c      ****         }
 111:.\main.c      ****         if (100 <= xadcResult && xadcResult < 200){
 140              		.loc 1 111 0
 141 000e A3F16402 		sub	r2, r3, #100
 142 0012 92B2     		uxth	r2, r2
 143 0014 632A     		cmp	r2, #99
 144 0016 02D8     		bhi	.L15
 112:.\main.c      ****             xsend = 'B';
 145              		.loc 1 112 0
 146 0018 4221     		movs	r1, #66
 147 001a 1E4A     		ldr	r2, .L23+4
 148 001c 1170     		strb	r1, [r2]
 149              	.L15:
 113:.\main.c      ****         }
 114:.\main.c      ****         if (200 <= xadcResult && xadcResult < 300){
 150              		.loc 1 114 0
 151 001e A3F1C802 		sub	r2, r3, #200
 152 0022 92B2     		uxth	r2, r2
 153 0024 632A     		cmp	r2, #99
 154 0026 02D8     		bhi	.L16
 115:.\main.c      ****             xsend = 'C';
 155              		.loc 1 115 0
 156 0028 4321     		movs	r1, #67
 157 002a 1A4A     		ldr	r2, .L23+4
 158 002c 1170     		strb	r1, [r2]
 159              	.L16:
 116:.\main.c      ****         }
 117:.\main.c      ****         if (300 <= xadcResult && xadcResult < 400){
 160              		.loc 1 117 0
 161 002e A3F59672 		sub	r2, r3, #300
 162 0032 92B2     		uxth	r2, r2
 163 0034 632A     		cmp	r2, #99
 164 0036 02D8     		bhi	.L17
 118:.\main.c      ****             xsend = 'D';
 165              		.loc 1 118 0
 166 0038 4421     		movs	r1, #68
 167 003a 164A     		ldr	r2, .L23+4
ARM GAS  C:\Users\ologa\AppData\Local\Temp\ccVqWbZl.s 			page 6


 168 003c 1170     		strb	r1, [r2]
 169              	.L17:
 119:.\main.c      ****         }
 120:.\main.c      ****         if (400 <= xadcResult && xadcResult < 500){
 170              		.loc 1 120 0
 171 003e A3F5C872 		sub	r2, r3, #400
 172 0042 92B2     		uxth	r2, r2
 173 0044 632A     		cmp	r2, #99
 174 0046 02D8     		bhi	.L18
 121:.\main.c      ****             xsend = 'E';
 175              		.loc 1 121 0
 176 0048 4521     		movs	r1, #69
 177 004a 124A     		ldr	r2, .L23+4
 178 004c 1170     		strb	r1, [r2]
 179              	.L18:
 122:.\main.c      ****         }
 123:.\main.c      ****         if (500 <= xadcResult && xadcResult < 600){
 180              		.loc 1 123 0
 181 004e A3F5FA72 		sub	r2, r3, #500
 182 0052 92B2     		uxth	r2, r2
 183 0054 632A     		cmp	r2, #99
 184 0056 02D8     		bhi	.L19
 124:.\main.c      ****             xsend = 'F';
 185              		.loc 1 124 0
 186 0058 4621     		movs	r1, #70
 187 005a 0E4A     		ldr	r2, .L23+4
 188 005c 1170     		strb	r1, [r2]
 189              	.L19:
 125:.\main.c      ****         }
 126:.\main.c      ****         if (600 <= xadcResult && xadcResult < 700){
 190              		.loc 1 126 0
 191 005e A3F51672 		sub	r2, r3, #600
 192 0062 92B2     		uxth	r2, r2
 193 0064 632A     		cmp	r2, #99
 194 0066 02D8     		bhi	.L20
 127:.\main.c      ****             xsend = 'G';
 195              		.loc 1 127 0
 196 0068 4721     		movs	r1, #71
 197 006a 0A4A     		ldr	r2, .L23+4
 198 006c 1170     		strb	r1, [r2]
 199              	.L20:
 128:.\main.c      ****         }
 129:.\main.c      ****         if (700 <= xadcResult && xadcResult < 800){
 200              		.loc 1 129 0
 201 006e A3F52F72 		sub	r2, r3, #700
 202 0072 92B2     		uxth	r2, r2
 203 0074 632A     		cmp	r2, #99
 204 0076 02D8     		bhi	.L21
 130:.\main.c      ****             xsend = 'H';
 205              		.loc 1 130 0
 206 0078 4821     		movs	r1, #72
 207 007a 064A     		ldr	r2, .L23+4
 208 007c 1170     		strb	r1, [r2]
 209              	.L21:
 131:.\main.c      ****         }
 132:.\main.c      ****         if (800 <= xadcResult && xadcResult < 900){
 210              		.loc 1 132 0
ARM GAS  C:\Users\ologa\AppData\Local\Temp\ccVqWbZl.s 			page 7


 211 007e A3F54873 		sub	r3, r3, #800
 212 0082 9BB2     		uxth	r3, r3
 213 0084 632B     		cmp	r3, #99
 214 0086 02D8     		bhi	.L13
 133:.\main.c      ****             xsend = 'I';
 215              		.loc 1 133 0
 216 0088 4922     		movs	r2, #73
 217 008a 024B     		ldr	r3, .L23+4
 218 008c 1A70     		strb	r2, [r3]
 219              	.L13:
 220 008e 7047     		bx	lr
 221              	.L24:
 222              		.align	2
 223              	.L23:
 224 0090 00000000 		.word	.LANCHOR0
 225 0094 00000000 		.word	.LANCHOR1
 226              		.cfi_endproc
 227              	.LFE66:
 228              		.size	C_XADC, .-C_XADC
 229              		.section	.text.C_YADC,"ax",%progbits
 230              		.align	2
 231              		.global	C_YADC
 232              		.thumb
 233              		.thumb_func
 234              		.type	C_YADC, %function
 235              	C_YADC:
 236              	.LFB67:
 134:.\main.c      ****         }
 135:.\main.c      **** }
 136:.\main.c      **** 
 137:.\main.c      **** void C_YADC()
 138:.\main.c      **** {
 237              		.loc 1 138 0
 238              		.cfi_startproc
 239              		@ args = 0, pretend = 0, frame = 0
 240              		@ frame_needed = 0, uses_anonymous_args = 0
 241              		@ link register save eliminated.
 139:.\main.c      ****     if (0 <= yadcResult && yadcResult < 100){
 242              		.loc 1 139 0
 243 0000 234B     		ldr	r3, .L35
 244 0002 5B88     		ldrh	r3, [r3, #2]
 245 0004 632B     		cmp	r3, #99
 246 0006 02D8     		bhi	.L26
 140:.\main.c      ****             ysend = 'J';
 247              		.loc 1 140 0
 248 0008 4A21     		movs	r1, #74
 249 000a 224A     		ldr	r2, .L35+4
 250 000c 5170     		strb	r1, [r2, #1]
 251              	.L26:
 141:.\main.c      ****         }
 142:.\main.c      ****         if (100 <= yadcResult && yadcResult < 200){
 252              		.loc 1 142 0
 253 000e A3F16402 		sub	r2, r3, #100
 254 0012 92B2     		uxth	r2, r2
 255 0014 632A     		cmp	r2, #99
 256 0016 02D8     		bhi	.L27
 143:.\main.c      ****             ysend = 'K';
ARM GAS  C:\Users\ologa\AppData\Local\Temp\ccVqWbZl.s 			page 8


 257              		.loc 1 143 0
 258 0018 4B21     		movs	r1, #75
 259 001a 1E4A     		ldr	r2, .L35+4
 260 001c 5170     		strb	r1, [r2, #1]
 261              	.L27:
 144:.\main.c      ****         }
 145:.\main.c      ****         if (200 <= yadcResult && yadcResult < 300){
 262              		.loc 1 145 0
 263 001e A3F1C802 		sub	r2, r3, #200
 264 0022 92B2     		uxth	r2, r2
 265 0024 632A     		cmp	r2, #99
 266 0026 02D8     		bhi	.L28
 146:.\main.c      ****             ysend = 'L';
 267              		.loc 1 146 0
 268 0028 4C21     		movs	r1, #76
 269 002a 1A4A     		ldr	r2, .L35+4
 270 002c 5170     		strb	r1, [r2, #1]
 271              	.L28:
 147:.\main.c      ****         }
 148:.\main.c      ****         if (300 <= yadcResult && yadcResult < 400){
 272              		.loc 1 148 0
 273 002e A3F59672 		sub	r2, r3, #300
 274 0032 92B2     		uxth	r2, r2
 275 0034 632A     		cmp	r2, #99
 276 0036 02D8     		bhi	.L29
 149:.\main.c      ****             ysend = 'M';
 277              		.loc 1 149 0
 278 0038 4D21     		movs	r1, #77
 279 003a 164A     		ldr	r2, .L35+4
 280 003c 5170     		strb	r1, [r2, #1]
 281              	.L29:
 150:.\main.c      ****         }
 151:.\main.c      ****         if (400 <= yadcResult && yadcResult < 500){
 282              		.loc 1 151 0
 283 003e A3F5C872 		sub	r2, r3, #400
 284 0042 92B2     		uxth	r2, r2
 285 0044 632A     		cmp	r2, #99
 286 0046 02D8     		bhi	.L30
 152:.\main.c      ****             ysend = 'N';
 287              		.loc 1 152 0
 288 0048 4E21     		movs	r1, #78
 289 004a 124A     		ldr	r2, .L35+4
 290 004c 5170     		strb	r1, [r2, #1]
 291              	.L30:
 153:.\main.c      ****         }
 154:.\main.c      ****         if (500 <= yadcResult && yadcResult < 600){
 292              		.loc 1 154 0
 293 004e A3F5FA72 		sub	r2, r3, #500
 294 0052 92B2     		uxth	r2, r2
 295 0054 632A     		cmp	r2, #99
 296 0056 02D8     		bhi	.L31
 155:.\main.c      ****             ysend = 'O';
 297              		.loc 1 155 0
 298 0058 4F21     		movs	r1, #79
 299 005a 0E4A     		ldr	r2, .L35+4
 300 005c 5170     		strb	r1, [r2, #1]
 301              	.L31:
ARM GAS  C:\Users\ologa\AppData\Local\Temp\ccVqWbZl.s 			page 9


 156:.\main.c      ****         }
 157:.\main.c      ****         if (600 <= yadcResult && yadcResult < 700){
 302              		.loc 1 157 0
 303 005e A3F51672 		sub	r2, r3, #600
 304 0062 92B2     		uxth	r2, r2
 305 0064 632A     		cmp	r2, #99
 306 0066 02D8     		bhi	.L32
 158:.\main.c      ****             ysend = 'P';
 307              		.loc 1 158 0
 308 0068 5021     		movs	r1, #80
 309 006a 0A4A     		ldr	r2, .L35+4
 310 006c 5170     		strb	r1, [r2, #1]
 311              	.L32:
 159:.\main.c      ****         }
 160:.\main.c      ****         if (700 <= yadcResult && yadcResult < 800){
 312              		.loc 1 160 0
 313 006e A3F52F72 		sub	r2, r3, #700
 314 0072 92B2     		uxth	r2, r2
 315 0074 632A     		cmp	r2, #99
 316 0076 02D8     		bhi	.L33
 161:.\main.c      ****             ysend = 'Q';
 317              		.loc 1 161 0
 318 0078 5121     		movs	r1, #81
 319 007a 064A     		ldr	r2, .L35+4
 320 007c 5170     		strb	r1, [r2, #1]
 321              	.L33:
 162:.\main.c      ****         }
 163:.\main.c      ****         if (800 <= yadcResult && yadcResult < 900){
 322              		.loc 1 163 0
 323 007e A3F54873 		sub	r3, r3, #800
 324 0082 9BB2     		uxth	r3, r3
 325 0084 632B     		cmp	r3, #99
 326 0086 02D8     		bhi	.L25
 164:.\main.c      ****             ysend = 'R';
 327              		.loc 1 164 0
 328 0088 5222     		movs	r2, #82
 329 008a 024B     		ldr	r3, .L35+4
 330 008c 5A70     		strb	r2, [r3, #1]
 331              	.L25:
 332 008e 7047     		bx	lr
 333              	.L36:
 334              		.align	2
 335              	.L35:
 336 0090 00000000 		.word	.LANCHOR0
 337 0094 00000000 		.word	.LANCHOR1
 338              		.cfi_endproc
 339              	.LFE67:
 340              		.size	C_YADC, .-C_YADC
 341              		.section	.text.C_B,"ax",%progbits
 342              		.align	2
 343              		.global	C_B
 344              		.thumb
 345              		.thumb_func
 346              		.type	C_B, %function
 347              	C_B:
 348              	.LFB68:
 165:.\main.c      ****         }
ARM GAS  C:\Users\ologa\AppData\Local\Temp\ccVqWbZl.s 			page 10


 166:.\main.c      **** }
 167:.\main.c      **** 
 168:.\main.c      **** void C_B(){
 349              		.loc 1 168 0
 350              		.cfi_startproc
 351              		@ args = 0, pretend = 0, frame = 0
 352              		@ frame_needed = 0, uses_anonymous_args = 0
 353 0000 08B5     		push	{r3, lr}
 354              		.cfi_def_cfa_offset 8
 355              		.cfi_offset 3, -8
 356              		.cfi_offset 14, -4
 169:.\main.c      ****     if (B1_Read()==0){
 357              		.loc 1 169 0
 358 0002 FFF7FEFF 		bl	B1_Read
 359              	.LVL4:
 360 0006 18B9     		cbnz	r0, .L38
 170:.\main.c      ****         bstate = 'S';
 361              		.loc 1 170 0
 362 0008 5322     		movs	r2, #83
 363 000a 0E4B     		ldr	r3, .L44
 364 000c 1A71     		strb	r2, [r3, #4]
 365 000e 08BD     		pop	{r3, pc}
 366              	.L38:
 171:.\main.c      ****     }
 172:.\main.c      ****     else if (B2_Read()==0){
 367              		.loc 1 172 0
 368 0010 FFF7FEFF 		bl	B2_Read
 369              	.LVL5:
 370 0014 18B9     		cbnz	r0, .L40
 173:.\main.c      ****         bstate = 'T';
 371              		.loc 1 173 0
 372 0016 5422     		movs	r2, #84
 373 0018 0A4B     		ldr	r3, .L44
 374 001a 1A71     		strb	r2, [r3, #4]
 375 001c 08BD     		pop	{r3, pc}
 376              	.L40:
 174:.\main.c      ****     }
 175:.\main.c      ****     else if (B3_Read()==0){
 377              		.loc 1 175 0
 378 001e FFF7FEFF 		bl	B3_Read
 379              	.LVL6:
 380 0022 18B9     		cbnz	r0, .L41
 176:.\main.c      ****         bstate = 'U';
 381              		.loc 1 176 0
 382 0024 5522     		movs	r2, #85
 383 0026 074B     		ldr	r3, .L44
 384 0028 1A71     		strb	r2, [r3, #4]
 385 002a 08BD     		pop	{r3, pc}
 386              	.L41:
 177:.\main.c      ****     }
 178:.\main.c      ****     else if (B4_Read()==0){
 387              		.loc 1 178 0
 388 002c FFF7FEFF 		bl	B4_Read
 389              	.LVL7:
 390 0030 18B9     		cbnz	r0, .L42
 179:.\main.c      ****         bstate = 'V';
 391              		.loc 1 179 0
ARM GAS  C:\Users\ologa\AppData\Local\Temp\ccVqWbZl.s 			page 11


 392 0032 5622     		movs	r2, #86
 393 0034 034B     		ldr	r3, .L44
 394 0036 1A71     		strb	r2, [r3, #4]
 395 0038 08BD     		pop	{r3, pc}
 396              	.L42:
 180:.\main.c      ****     }
 181:.\main.c      ****     else{
 182:.\main.c      ****         bstate='W';
 397              		.loc 1 182 0
 398 003a 5722     		movs	r2, #87
 399 003c 014B     		ldr	r3, .L44
 400 003e 1A71     		strb	r2, [r3, #4]
 401 0040 08BD     		pop	{r3, pc}
 402              	.L45:
 403 0042 00BF     		.align	2
 404              	.L44:
 405 0044 00000000 		.word	.LANCHOR0
 406              		.cfi_endproc
 407              	.LFE68:
 408              		.size	C_B, .-C_B
 409              		.section	.text.main,"ax",%progbits
 410              		.align	2
 411              		.global	main
 412              		.thumb
 413              		.thumb_func
 414              		.type	main, %function
 415              	main:
 416              	.LFB63:
  28:.\main.c      ****     CyGlobalIntEnable; /* Enable global interrupts. */
 417              		.loc 1 28 0
 418              		.cfi_startproc
 419              		@ args = 0, pretend = 0, frame = 0
 420              		@ frame_needed = 0, uses_anonymous_args = 0
 421 0000 38B5     		push	{r3, r4, r5, lr}
 422              		.cfi_def_cfa_offset 16
 423              		.cfi_offset 3, -16
 424              		.cfi_offset 4, -12
 425              		.cfi_offset 5, -8
 426              		.cfi_offset 14, -4
  29:.\main.c      ****     
 427              		.loc 1 29 0
 428              	@ 29 ".\main.c" 1
 429 0002 62B6     		CPSIE   i
 430              	@ 0 "" 2
  33:.\main.c      ****     UART_1_Start();
 431              		.loc 1 33 0
 432              		.thumb
 433 0004 FFF7FEFF 		bl	UART_1_Init
 434              	.LVL8:
  34:.\main.c      ****     UART_2_Init();
 435              		.loc 1 34 0
 436 0008 FFF7FEFF 		bl	UART_1_Start
 437              	.LVL9:
  35:.\main.c      ****     UART_2_Start();
 438              		.loc 1 35 0
 439 000c FFF7FEFF 		bl	UART_2_Init
 440              	.LVL10:
ARM GAS  C:\Users\ologa\AppData\Local\Temp\ccVqWbZl.s 			page 12


  36:.\main.c      ****     unsigned char j = 10;
 441              		.loc 1 36 0
 442 0010 FFF7FEFF 		bl	UART_2_Start
 443              	.LVL11:
  42:.\main.c      ****     ADC_SAR_2_Start();
 444              		.loc 1 42 0
 445 0014 FFF7FEFF 		bl	ADC_SAR_1_Start
 446              	.LVL12:
  43:.\main.c      ****     ADC_SAR_1_StartConvert();
 447              		.loc 1 43 0
 448 0018 FFF7FEFF 		bl	ADC_SAR_2_Start
 449              	.LVL13:
  44:.\main.c      ****     ADC_SAR_2_StartConvert();
 450              		.loc 1 44 0
 451 001c FFF7FEFF 		bl	ADC_SAR_1_StartConvert
 452              	.LVL14:
  45:.\main.c      ****     //UART_1_PutString("Hello World!");
 453              		.loc 1 45 0
 454 0020 FFF7FEFF 		bl	ADC_SAR_2_StartConvert
 455              	.LVL15:
 456              	.L47:
  49:.\main.c      ****         R_YADC();
 457              		.loc 1 49 0 discriminator 1
 458 0024 FFF7FEFF 		bl	R_XADC
 459              	.LVL16:
  50:.\main.c      ****         C_XADC();
 460              		.loc 1 50 0 discriminator 1
 461 0028 FFF7FEFF 		bl	R_YADC
 462              	.LVL17:
  51:.\main.c      ****         C_YADC();
 463              		.loc 1 51 0 discriminator 1
 464 002c FFF7FEFF 		bl	C_XADC
 465              	.LVL18:
  52:.\main.c      ****         C_B();
 466              		.loc 1 52 0 discriminator 1
 467 0030 FFF7FEFF 		bl	C_YADC
 468              	.LVL19:
  53:.\main.c      ****         UART_1_WriteTxData(xsend);
 469              		.loc 1 53 0 discriminator 1
 470 0034 FFF7FEFF 		bl	C_B
 471              	.LVL20:
  54:.\main.c      ****         UART_1_WriteTxData(ysend);
 472              		.loc 1 54 0 discriminator 1
 473 0038 0D4C     		ldr	r4, .L49
 474 003a 2078     		ldrb	r0, [r4]	@ zero_extendqisi2
 475 003c FFF7FEFF 		bl	UART_1_WriteTxData
 476              	.LVL21:
  55:.\main.c      ****         UART_1_WriteTxData(bstate);
 477              		.loc 1 55 0 discriminator 1
 478 0040 6078     		ldrb	r0, [r4, #1]	@ zero_extendqisi2
 479 0042 FFF7FEFF 		bl	UART_1_WriteTxData
 480              	.LVL22:
  56:.\main.c      ****         UART_2_PutChar(xsend);
 481              		.loc 1 56 0 discriminator 1
 482 0046 0B4D     		ldr	r5, .L49+4
 483 0048 2879     		ldrb	r0, [r5, #4]	@ zero_extendqisi2
 484 004a FFF7FEFF 		bl	UART_1_WriteTxData
ARM GAS  C:\Users\ologa\AppData\Local\Temp\ccVqWbZl.s 			page 13


 485              	.LVL23:
  57:.\main.c      ****         UART_2_PutChar(ysend);
 486              		.loc 1 57 0 discriminator 1
 487 004e 2078     		ldrb	r0, [r4]	@ zero_extendqisi2
 488 0050 FFF7FEFF 		bl	UART_2_PutChar
 489              	.LVL24:
  58:.\main.c      ****         UART_2_PutChar(bstate);
 490              		.loc 1 58 0 discriminator 1
 491 0054 6078     		ldrb	r0, [r4, #1]	@ zero_extendqisi2
 492 0056 FFF7FEFF 		bl	UART_2_PutChar
 493              	.LVL25:
  59:.\main.c      ****         UART_2_PutChar(' ');
 494              		.loc 1 59 0 discriminator 1
 495 005a 2879     		ldrb	r0, [r5, #4]	@ zero_extendqisi2
 496 005c FFF7FEFF 		bl	UART_2_PutChar
 497              	.LVL26:
  60:.\main.c      ****         CyDelay(j);	
 498              		.loc 1 60 0 discriminator 1
 499 0060 2020     		movs	r0, #32
 500 0062 FFF7FEFF 		bl	UART_2_PutChar
 501              	.LVL27:
  61:.\main.c      ****         /* Place your application code here. 
 502              		.loc 1 61 0 discriminator 1
 503 0066 0A20     		movs	r0, #10
 504 0068 FFF7FEFF 		bl	CyDelay
 505              	.LVL28:
  68:.\main.c      **** }
 506              		.loc 1 68 0 discriminator 1
 507 006c DAE7     		b	.L47
 508              	.L50:
 509 006e 00BF     		.align	2
 510              	.L49:
 511 0070 00000000 		.word	.LANCHOR1
 512 0074 00000000 		.word	.LANCHOR0
 513              		.cfi_endproc
 514              	.LFE63:
 515              		.size	main, .-main
 516              		.global	bstate
 517              		.global	ysend
 518              		.global	xsend
 519              		.global	yadcResult
 520              		.global	xadcResult
 521              		.data
 522              		.set	.LANCHOR1,. + 0
 523              		.type	xsend, %object
 524              		.size	xsend, 1
 525              	xsend:
 526 0000 04       		.byte	4
 527              		.type	ysend, %object
 528              		.size	ysend, 1
 529              	ysend:
 530 0001 04       		.byte	4
 531              		.bss
 532              		.align	1
 533              		.set	.LANCHOR0,. + 0
 534              		.type	xadcResult, %object
 535              		.size	xadcResult, 2
ARM GAS  C:\Users\ologa\AppData\Local\Temp\ccVqWbZl.s 			page 14


 536              	xadcResult:
 537 0000 0000     		.space	2
 538              		.type	yadcResult, %object
 539              		.size	yadcResult, 2
 540              	yadcResult:
 541 0002 0000     		.space	2
 542              		.type	bstate, %object
 543              		.size	bstate, 1
 544              	bstate:
 545 0004 00       		.space	1
 546 0005 00       		.text
 547              	.Letext0:
 548              		.file 2 "c:\\program files (x86)\\cypress\\psoc creator\\3.3\\psoc creator\\import\\gnu\\arm\\4.9.
 549              		.file 3 "c:\\program files (x86)\\cypress\\psoc creator\\3.3\\psoc creator\\import\\gnu\\arm\\4.9.
 550              		.file 4 "Generated_Source\\PSoC5/cytypes.h"
 551              		.file 5 "Generated_Source\\PSoC5/core_cm3.h"
 552              		.file 6 "Generated_Source\\PSoC5/ADC_SAR_1.h"
 553              		.file 7 "Generated_Source\\PSoC5/ADC_SAR_2.h"
 554              		.file 8 "Generated_Source\\PSoC5/B1.h"
 555              		.file 9 "Generated_Source\\PSoC5/B2.h"
 556              		.file 10 "Generated_Source\\PSoC5/B3.h"
 557              		.file 11 "Generated_Source\\PSoC5/B4.h"
 558              		.file 12 "Generated_Source\\PSoC5/UART_1.h"
 559              		.file 13 "Generated_Source\\PSoC5/UART_2.h"
 560              		.file 14 "Generated_Source\\PSoC5/CyLib.h"
 561              		.section	.debug_info,"",%progbits
 562              	.Ldebug_info0:
 563 0000 BC030000 		.4byte	0x3bc
 564 0004 0400     		.2byte	0x4
 565 0006 00000000 		.4byte	.Ldebug_abbrev0
 566 000a 04       		.byte	0x4
 567 000b 01       		.uleb128 0x1
 568 000c DC010000 		.4byte	.LASF48
 569 0010 01       		.byte	0x1
 570 0011 68000000 		.4byte	.LASF49
 571 0015 91000000 		.4byte	.LASF50
 572 0019 00000000 		.4byte	.Ldebug_ranges0+0
 573 001d 00000000 		.4byte	0
 574 0021 00000000 		.4byte	.Ldebug_line0
 575 0025 02       		.uleb128 0x2
 576 0026 01       		.byte	0x1
 577 0027 06       		.byte	0x6
 578 0028 02030000 		.4byte	.LASF0
 579 002c 02       		.uleb128 0x2
 580 002d 01       		.byte	0x1
 581 002e 08       		.byte	0x8
 582 002f F0000000 		.4byte	.LASF1
 583 0033 02       		.uleb128 0x2
 584 0034 02       		.byte	0x2
 585 0035 05       		.byte	0x5
 586 0036 BF020000 		.4byte	.LASF2
 587 003a 02       		.uleb128 0x2
 588 003b 02       		.byte	0x2
 589 003c 07       		.byte	0x7
 590 003d 1E030000 		.4byte	.LASF3
 591 0041 03       		.uleb128 0x3
 592 0042 3A000000 		.4byte	.LASF9
ARM GAS  C:\Users\ologa\AppData\Local\Temp\ccVqWbZl.s 			page 15


 593 0046 02       		.byte	0x2
 594 0047 3F       		.byte	0x3f
 595 0048 4C000000 		.4byte	0x4c
 596 004c 02       		.uleb128 0x2
 597 004d 04       		.byte	0x4
 598 004e 05       		.byte	0x5
 599 004f D6020000 		.4byte	.LASF4
 600 0053 02       		.uleb128 0x2
 601 0054 04       		.byte	0x4
 602 0055 07       		.byte	0x7
 603 0056 1E010000 		.4byte	.LASF5
 604 005a 02       		.uleb128 0x2
 605 005b 08       		.byte	0x8
 606 005c 05       		.byte	0x5
 607 005d 9C020000 		.4byte	.LASF6
 608 0061 02       		.uleb128 0x2
 609 0062 08       		.byte	0x8
 610 0063 07       		.byte	0x7
 611 0064 C5010000 		.4byte	.LASF7
 612 0068 04       		.uleb128 0x4
 613 0069 04       		.byte	0x4
 614 006a 05       		.byte	0x5
 615 006b 696E7400 		.ascii	"int\000"
 616 006f 02       		.uleb128 0x2
 617 0070 04       		.byte	0x4
 618 0071 07       		.byte	0x7
 619 0072 B0010000 		.4byte	.LASF8
 620 0076 03       		.uleb128 0x3
 621 0077 75020000 		.4byte	.LASF10
 622 007b 03       		.byte	0x3
 623 007c 2C       		.byte	0x2c
 624 007d 41000000 		.4byte	0x41
 625 0081 05       		.uleb128 0x5
 626 0082 C9020000 		.4byte	.LASF11
 627 0086 04       		.byte	0x4
 628 0087 9201     		.2byte	0x192
 629 0089 2C000000 		.4byte	0x2c
 630 008d 05       		.uleb128 0x5
 631 008e 9C010000 		.4byte	.LASF12
 632 0092 04       		.byte	0x4
 633 0093 9301     		.2byte	0x193
 634 0095 3A000000 		.4byte	0x3a
 635 0099 05       		.uleb128 0x5
 636 009a A9010000 		.4byte	.LASF13
 637 009e 04       		.byte	0x4
 638 009f 9401     		.2byte	0x194
 639 00a1 53000000 		.4byte	0x53
 640 00a5 05       		.uleb128 0x5
 641 00a6 18010000 		.4byte	.LASF14
 642 00aa 04       		.byte	0x4
 643 00ab 9601     		.2byte	0x196
 644 00ad 33000000 		.4byte	0x33
 645 00b1 02       		.uleb128 0x2
 646 00b2 04       		.byte	0x4
 647 00b3 04       		.byte	0x4
 648 00b4 71000000 		.4byte	.LASF15
 649 00b8 02       		.uleb128 0x2
ARM GAS  C:\Users\ologa\AppData\Local\Temp\ccVqWbZl.s 			page 16


 650 00b9 08       		.byte	0x8
 651 00ba 04       		.byte	0x4
 652 00bb 85010000 		.4byte	.LASF16
 653 00bf 02       		.uleb128 0x2
 654 00c0 01       		.byte	0x1
 655 00c1 08       		.byte	0x8
 656 00c2 AA020000 		.4byte	.LASF17
 657 00c6 02       		.uleb128 0x2
 658 00c7 04       		.byte	0x4
 659 00c8 07       		.byte	0x7
 660 00c9 7D020000 		.4byte	.LASF18
 661 00cd 02       		.uleb128 0x2
 662 00ce 08       		.byte	0x8
 663 00cf 04       		.byte	0x4
 664 00d0 F6020000 		.4byte	.LASF19
 665 00d4 06       		.uleb128 0x6
 666 00d5 CF020000 		.4byte	.LASF20
 667 00d9 01       		.byte	0x1
 668 00da 48       		.byte	0x48
 669 00db 00000000 		.4byte	.LFB64
 670 00df 38000000 		.4byte	.LFE64-.LFB64
 671 00e3 01       		.uleb128 0x1
 672 00e4 9C       		.byte	0x9c
 673 00e5 06010000 		.4byte	0x106
 674 00e9 07       		.uleb128 0x7
 675 00ea 08000000 		.4byte	.LVL0
 676 00ee EC020000 		.4byte	0x2ec
 677 00f2 FC000000 		.4byte	0xfc
 678 00f6 08       		.uleb128 0x8
 679 00f7 01       		.uleb128 0x1
 680 00f8 50       		.byte	0x50
 681 00f9 01       		.uleb128 0x1
 682 00fa 30       		.byte	0x30
 683 00fb 00       		.byte	0
 684 00fc 09       		.uleb128 0x9
 685 00fd 0E000000 		.4byte	.LVL1
 686 0101 01030000 		.4byte	0x301
 687 0105 00       		.byte	0
 688 0106 06       		.uleb128 0x6
 689 0107 33000000 		.4byte	.LASF21
 690 010b 01       		.byte	0x1
 691 010c 59       		.byte	0x59
 692 010d 00000000 		.4byte	.LFB65
 693 0111 38000000 		.4byte	.LFE65-.LFB65
 694 0115 01       		.uleb128 0x1
 695 0116 9C       		.byte	0x9c
 696 0117 38010000 		.4byte	0x138
 697 011b 07       		.uleb128 0x7
 698 011c 08000000 		.4byte	.LVL2
 699 0120 0C030000 		.4byte	0x30c
 700 0124 2E010000 		.4byte	0x12e
 701 0128 08       		.uleb128 0x8
 702 0129 01       		.uleb128 0x1
 703 012a 50       		.byte	0x50
 704 012b 01       		.uleb128 0x1
 705 012c 30       		.byte	0x30
 706 012d 00       		.byte	0
ARM GAS  C:\Users\ologa\AppData\Local\Temp\ccVqWbZl.s 			page 17


 707 012e 09       		.uleb128 0x9
 708 012f 0E000000 		.4byte	.LVL3
 709 0133 21030000 		.4byte	0x321
 710 0137 00       		.byte	0
 711 0138 0A       		.uleb128 0xa
 712 0139 51000000 		.4byte	.LASF22
 713 013d 01       		.byte	0x1
 714 013e 6A       		.byte	0x6a
 715 013f 00000000 		.4byte	.LFB66
 716 0143 98000000 		.4byte	.LFE66-.LFB66
 717 0147 01       		.uleb128 0x1
 718 0148 9C       		.byte	0x9c
 719 0149 0A       		.uleb128 0xa
 720 014a FE000000 		.4byte	.LASF23
 721 014e 01       		.byte	0x1
 722 014f 89       		.byte	0x89
 723 0150 00000000 		.4byte	.LFB67
 724 0154 98000000 		.4byte	.LFE67-.LFB67
 725 0158 01       		.uleb128 0x1
 726 0159 9C       		.byte	0x9c
 727 015a 0B       		.uleb128 0xb
 728 015b 435F4200 		.ascii	"C_B\000"
 729 015f 01       		.byte	0x1
 730 0160 A8       		.byte	0xa8
 731 0161 00000000 		.4byte	.LFB68
 732 0165 48000000 		.4byte	.LFE68-.LFB68
 733 0169 01       		.uleb128 0x1
 734 016a 9C       		.byte	0x9c
 735 016b 94010000 		.4byte	0x194
 736 016f 09       		.uleb128 0x9
 737 0170 06000000 		.4byte	.LVL4
 738 0174 2C030000 		.4byte	0x32c
 739 0178 09       		.uleb128 0x9
 740 0179 14000000 		.4byte	.LVL5
 741 017d 37030000 		.4byte	0x337
 742 0181 09       		.uleb128 0x9
 743 0182 22000000 		.4byte	.LVL6
 744 0186 42030000 		.4byte	0x342
 745 018a 09       		.uleb128 0x9
 746 018b 30000000 		.4byte	.LVL7
 747 018f 4D030000 		.4byte	0x34d
 748 0193 00       		.byte	0
 749 0194 0C       		.uleb128 0xc
 750 0195 97010000 		.4byte	.LASF51
 751 0199 01       		.byte	0x1
 752 019a 1B       		.byte	0x1b
 753 019b 68000000 		.4byte	0x68
 754 019f 00000000 		.4byte	.LFB63
 755 01a3 78000000 		.4byte	.LFE63-.LFB63
 756 01a7 01       		.uleb128 0x1
 757 01a8 9C       		.byte	0x9c
 758 01a9 86020000 		.4byte	0x286
 759 01ad 0D       		.uleb128 0xd
 760 01ae 6A00     		.ascii	"j\000"
 761 01b0 01       		.byte	0x1
 762 01b1 25       		.byte	0x25
 763 01b2 2C000000 		.4byte	0x2c
ARM GAS  C:\Users\ologa\AppData\Local\Temp\ccVqWbZl.s 			page 18


 764 01b6 0A       		.byte	0xa
 765 01b7 09       		.uleb128 0x9
 766 01b8 08000000 		.4byte	.LVL8
 767 01bc 58030000 		.4byte	0x358
 768 01c0 09       		.uleb128 0x9
 769 01c1 0C000000 		.4byte	.LVL9
 770 01c5 5F030000 		.4byte	0x35f
 771 01c9 09       		.uleb128 0x9
 772 01ca 10000000 		.4byte	.LVL10
 773 01ce 66030000 		.4byte	0x366
 774 01d2 09       		.uleb128 0x9
 775 01d3 14000000 		.4byte	.LVL11
 776 01d7 6D030000 		.4byte	0x36d
 777 01db 09       		.uleb128 0x9
 778 01dc 18000000 		.4byte	.LVL12
 779 01e0 74030000 		.4byte	0x374
 780 01e4 09       		.uleb128 0x9
 781 01e5 1C000000 		.4byte	.LVL13
 782 01e9 7B030000 		.4byte	0x37b
 783 01ed 09       		.uleb128 0x9
 784 01ee 20000000 		.4byte	.LVL14
 785 01f2 82030000 		.4byte	0x382
 786 01f6 09       		.uleb128 0x9
 787 01f7 24000000 		.4byte	.LVL15
 788 01fb 89030000 		.4byte	0x389
 789 01ff 09       		.uleb128 0x9
 790 0200 28000000 		.4byte	.LVL16
 791 0204 D4000000 		.4byte	0xd4
 792 0208 09       		.uleb128 0x9
 793 0209 2C000000 		.4byte	.LVL17
 794 020d 06010000 		.4byte	0x106
 795 0211 09       		.uleb128 0x9
 796 0212 30000000 		.4byte	.LVL18
 797 0216 38010000 		.4byte	0x138
 798 021a 09       		.uleb128 0x9
 799 021b 34000000 		.4byte	.LVL19
 800 021f 49010000 		.4byte	0x149
 801 0223 09       		.uleb128 0x9
 802 0224 38000000 		.4byte	.LVL20
 803 0228 5A010000 		.4byte	0x15a
 804 022c 09       		.uleb128 0x9
 805 022d 40000000 		.4byte	.LVL21
 806 0231 90030000 		.4byte	0x390
 807 0235 09       		.uleb128 0x9
 808 0236 46000000 		.4byte	.LVL22
 809 023a 90030000 		.4byte	0x390
 810 023e 09       		.uleb128 0x9
 811 023f 4E000000 		.4byte	.LVL23
 812 0243 90030000 		.4byte	0x390
 813 0247 09       		.uleb128 0x9
 814 0248 54000000 		.4byte	.LVL24
 815 024c A1030000 		.4byte	0x3a1
 816 0250 09       		.uleb128 0x9
 817 0251 5A000000 		.4byte	.LVL25
 818 0255 A1030000 		.4byte	0x3a1
 819 0259 09       		.uleb128 0x9
 820 025a 60000000 		.4byte	.LVL26
ARM GAS  C:\Users\ologa\AppData\Local\Temp\ccVqWbZl.s 			page 19


 821 025e A1030000 		.4byte	0x3a1
 822 0262 07       		.uleb128 0x7
 823 0263 66000000 		.4byte	.LVL27
 824 0267 A1030000 		.4byte	0x3a1
 825 026b 76020000 		.4byte	0x276
 826 026f 08       		.uleb128 0x8
 827 0270 01       		.uleb128 0x1
 828 0271 50       		.byte	0x50
 829 0272 02       		.uleb128 0x2
 830 0273 08       		.byte	0x8
 831 0274 20       		.byte	0x20
 832 0275 00       		.byte	0
 833 0276 0E       		.uleb128 0xe
 834 0277 6C000000 		.4byte	.LVL28
 835 027b B2030000 		.4byte	0x3b2
 836 027f 08       		.uleb128 0x8
 837 0280 01       		.uleb128 0x1
 838 0281 50       		.byte	0x50
 839 0282 01       		.uleb128 0x1
 840 0283 3A       		.byte	0x3a
 841 0284 00       		.byte	0
 842 0285 00       		.byte	0
 843 0286 0F       		.uleb128 0xf
 844 0287 5A010000 		.4byte	.LASF24
 845 028b 05       		.byte	0x5
 846 028c 9606     		.2byte	0x696
 847 028e 92020000 		.4byte	0x292
 848 0292 10       		.uleb128 0x10
 849 0293 76000000 		.4byte	0x76
 850 0297 11       		.uleb128 0x11
 851 0298 6A020000 		.4byte	.LASF25
 852 029c 01       		.byte	0x1
 853 029d 0F       		.byte	0xf
 854 029e 8D000000 		.4byte	0x8d
 855 02a2 05       		.uleb128 0x5
 856 02a3 03       		.byte	0x3
 857 02a4 00000000 		.4byte	xadcResult
 858 02a8 11       		.uleb128 0x11
 859 02a9 8C010000 		.4byte	.LASF26
 860 02ad 01       		.byte	0x1
 861 02ae 10       		.byte	0x10
 862 02af 8D000000 		.4byte	0x8d
 863 02b3 05       		.uleb128 0x5
 864 02b4 03       		.byte	0x3
 865 02b5 00000000 		.4byte	yadcResult
 866 02b9 11       		.uleb128 0x11
 867 02ba EA000000 		.4byte	.LASF27
 868 02be 01       		.byte	0x1
 869 02bf 11       		.byte	0x11
 870 02c0 BF000000 		.4byte	0xbf
 871 02c4 05       		.uleb128 0x5
 872 02c5 03       		.byte	0x3
 873 02c6 00000000 		.4byte	xsend
 874 02ca 11       		.uleb128 0x11
 875 02cb A3010000 		.4byte	.LASF28
 876 02cf 01       		.byte	0x1
 877 02d0 12       		.byte	0x12
ARM GAS  C:\Users\ologa\AppData\Local\Temp\ccVqWbZl.s 			page 20


 878 02d1 BF000000 		.4byte	0xbf
 879 02d5 05       		.uleb128 0x5
 880 02d6 03       		.byte	0x3
 881 02d7 00000000 		.4byte	ysend
 882 02db 11       		.uleb128 0x11
 883 02dc 53010000 		.4byte	.LASF29
 884 02e0 01       		.byte	0x1
 885 02e1 13       		.byte	0x13
 886 02e2 BF000000 		.4byte	0xbf
 887 02e6 05       		.uleb128 0x5
 888 02e7 03       		.byte	0x3
 889 02e8 00000000 		.4byte	bstate
 890 02ec 12       		.uleb128 0x12
 891 02ed 77000000 		.4byte	.LASF30
 892 02f1 06       		.byte	0x6
 893 02f2 39       		.byte	0x39
 894 02f3 81000000 		.4byte	0x81
 895 02f7 01030000 		.4byte	0x301
 896 02fb 13       		.uleb128 0x13
 897 02fc 81000000 		.4byte	0x81
 898 0300 00       		.byte	0
 899 0301 14       		.uleb128 0x14
 900 0302 86020000 		.4byte	.LASF32
 901 0306 06       		.byte	0x6
 902 0307 3B       		.byte	0x3b
 903 0308 A5000000 		.4byte	0xa5
 904 030c 12       		.uleb128 0x12
 905 030d 0C000000 		.4byte	.LASF31
 906 0311 07       		.byte	0x7
 907 0312 39       		.byte	0x39
 908 0313 81000000 		.4byte	0x81
 909 0317 21030000 		.4byte	0x321
 910 031b 13       		.uleb128 0x13
 911 031c 81000000 		.4byte	0x81
 912 0320 00       		.byte	0
 913 0321 14       		.uleb128 0x14
 914 0322 67010000 		.4byte	.LASF33
 915 0326 07       		.byte	0x7
 916 0327 3B       		.byte	0x3b
 917 0328 A5000000 		.4byte	0xa5
 918 032c 14       		.uleb128 0x14
 919 032d 60000000 		.4byte	.LASF34
 920 0331 08       		.byte	0x8
 921 0332 29       		.byte	0x29
 922 0333 81000000 		.4byte	0x81
 923 0337 14       		.uleb128 0x14
 924 0338 7D010000 		.4byte	.LASF35
 925 033c 09       		.byte	0x9
 926 033d 29       		.byte	0x29
 927 033e 81000000 		.4byte	0x81
 928 0342 14       		.uleb128 0x14
 929 0343 BD010000 		.4byte	.LASF36
 930 0347 0A       		.byte	0xa
 931 0348 29       		.byte	0x29
 932 0349 81000000 		.4byte	0x81
 933 034d 14       		.uleb128 0x14
 934 034e 58000000 		.4byte	.LASF37
ARM GAS  C:\Users\ologa\AppData\Local\Temp\ccVqWbZl.s 			page 21


 935 0352 0B       		.byte	0xb
 936 0353 29       		.byte	0x29
 937 0354 81000000 		.4byte	0x81
 938 0358 15       		.uleb128 0x15
 939 0359 00000000 		.4byte	.LASF38
 940 035d 0C       		.byte	0xc
 941 035e 59       		.byte	0x59
 942 035f 15       		.uleb128 0x15
 943 0360 26000000 		.4byte	.LASF39
 944 0364 0C       		.byte	0xc
 945 0365 54       		.byte	0x54
 946 0366 15       		.uleb128 0x15
 947 0367 30010000 		.4byte	.LASF40
 948 036b 0D       		.byte	0xd
 949 036c 59       		.byte	0x59
 950 036d 15       		.uleb128 0x15
 951 036e 44000000 		.4byte	.LASF41
 952 0372 0D       		.byte	0xd
 953 0373 54       		.byte	0x54
 954 0374 15       		.uleb128 0x15
 955 0375 0E030000 		.4byte	.LASF42
 956 0379 06       		.byte	0x6
 957 037a 34       		.byte	0x34
 958 037b 15       		.uleb128 0x15
 959 037c AF020000 		.4byte	.LASF43
 960 0380 07       		.byte	0x7
 961 0381 34       		.byte	0x34
 962 0382 15       		.uleb128 0x15
 963 0383 3C010000 		.4byte	.LASF44
 964 0387 06       		.byte	0x6
 965 0388 D1       		.byte	0xd1
 966 0389 15       		.uleb128 0x15
 967 038a DF020000 		.4byte	.LASF45
 968 038e 07       		.byte	0x7
 969 038f D1       		.byte	0xd1
 970 0390 16       		.uleb128 0x16
 971 0391 05010000 		.4byte	.LASF46
 972 0395 0C       		.byte	0xc
 973 0396 88       		.byte	0x88
 974 0397 A1030000 		.4byte	0x3a1
 975 039b 13       		.uleb128 0x13
 976 039c 81000000 		.4byte	0x81
 977 03a0 00       		.byte	0
 978 03a1 16       		.uleb128 0x16
 979 03a2 31030000 		.4byte	.LASF47
 980 03a6 0D       		.byte	0xd
 981 03a7 8A       		.byte	0x8a
 982 03a8 B2030000 		.4byte	0x3b2
 983 03ac 13       		.uleb128 0x13
 984 03ad 81000000 		.4byte	0x81
 985 03b1 00       		.byte	0
 986 03b2 17       		.uleb128 0x17
 987 03b3 40030000 		.4byte	.LASF52
 988 03b7 0E       		.byte	0xe
 989 03b8 76       		.byte	0x76
 990 03b9 13       		.uleb128 0x13
 991 03ba 99000000 		.4byte	0x99
ARM GAS  C:\Users\ologa\AppData\Local\Temp\ccVqWbZl.s 			page 22


 992 03be 00       		.byte	0
 993 03bf 00       		.byte	0
 994              		.section	.debug_abbrev,"",%progbits
 995              	.Ldebug_abbrev0:
 996 0000 01       		.uleb128 0x1
 997 0001 11       		.uleb128 0x11
 998 0002 01       		.byte	0x1
 999 0003 25       		.uleb128 0x25
 1000 0004 0E       		.uleb128 0xe
 1001 0005 13       		.uleb128 0x13
 1002 0006 0B       		.uleb128 0xb
 1003 0007 03       		.uleb128 0x3
 1004 0008 0E       		.uleb128 0xe
 1005 0009 1B       		.uleb128 0x1b
 1006 000a 0E       		.uleb128 0xe
 1007 000b 55       		.uleb128 0x55
 1008 000c 17       		.uleb128 0x17
 1009 000d 11       		.uleb128 0x11
 1010 000e 01       		.uleb128 0x1
 1011 000f 10       		.uleb128 0x10
 1012 0010 17       		.uleb128 0x17
 1013 0011 00       		.byte	0
 1014 0012 00       		.byte	0
 1015 0013 02       		.uleb128 0x2
 1016 0014 24       		.uleb128 0x24
 1017 0015 00       		.byte	0
 1018 0016 0B       		.uleb128 0xb
 1019 0017 0B       		.uleb128 0xb
 1020 0018 3E       		.uleb128 0x3e
 1021 0019 0B       		.uleb128 0xb
 1022 001a 03       		.uleb128 0x3
 1023 001b 0E       		.uleb128 0xe
 1024 001c 00       		.byte	0
 1025 001d 00       		.byte	0
 1026 001e 03       		.uleb128 0x3
 1027 001f 16       		.uleb128 0x16
 1028 0020 00       		.byte	0
 1029 0021 03       		.uleb128 0x3
 1030 0022 0E       		.uleb128 0xe
 1031 0023 3A       		.uleb128 0x3a
 1032 0024 0B       		.uleb128 0xb
 1033 0025 3B       		.uleb128 0x3b
 1034 0026 0B       		.uleb128 0xb
 1035 0027 49       		.uleb128 0x49
 1036 0028 13       		.uleb128 0x13
 1037 0029 00       		.byte	0
 1038 002a 00       		.byte	0
 1039 002b 04       		.uleb128 0x4
 1040 002c 24       		.uleb128 0x24
 1041 002d 00       		.byte	0
 1042 002e 0B       		.uleb128 0xb
 1043 002f 0B       		.uleb128 0xb
 1044 0030 3E       		.uleb128 0x3e
 1045 0031 0B       		.uleb128 0xb
 1046 0032 03       		.uleb128 0x3
 1047 0033 08       		.uleb128 0x8
 1048 0034 00       		.byte	0
ARM GAS  C:\Users\ologa\AppData\Local\Temp\ccVqWbZl.s 			page 23


 1049 0035 00       		.byte	0
 1050 0036 05       		.uleb128 0x5
 1051 0037 16       		.uleb128 0x16
 1052 0038 00       		.byte	0
 1053 0039 03       		.uleb128 0x3
 1054 003a 0E       		.uleb128 0xe
 1055 003b 3A       		.uleb128 0x3a
 1056 003c 0B       		.uleb128 0xb
 1057 003d 3B       		.uleb128 0x3b
 1058 003e 05       		.uleb128 0x5
 1059 003f 49       		.uleb128 0x49
 1060 0040 13       		.uleb128 0x13
 1061 0041 00       		.byte	0
 1062 0042 00       		.byte	0
 1063 0043 06       		.uleb128 0x6
 1064 0044 2E       		.uleb128 0x2e
 1065 0045 01       		.byte	0x1
 1066 0046 3F       		.uleb128 0x3f
 1067 0047 19       		.uleb128 0x19
 1068 0048 03       		.uleb128 0x3
 1069 0049 0E       		.uleb128 0xe
 1070 004a 3A       		.uleb128 0x3a
 1071 004b 0B       		.uleb128 0xb
 1072 004c 3B       		.uleb128 0x3b
 1073 004d 0B       		.uleb128 0xb
 1074 004e 11       		.uleb128 0x11
 1075 004f 01       		.uleb128 0x1
 1076 0050 12       		.uleb128 0x12
 1077 0051 06       		.uleb128 0x6
 1078 0052 40       		.uleb128 0x40
 1079 0053 18       		.uleb128 0x18
 1080 0054 9742     		.uleb128 0x2117
 1081 0056 19       		.uleb128 0x19
 1082 0057 01       		.uleb128 0x1
 1083 0058 13       		.uleb128 0x13
 1084 0059 00       		.byte	0
 1085 005a 00       		.byte	0
 1086 005b 07       		.uleb128 0x7
 1087 005c 898201   		.uleb128 0x4109
 1088 005f 01       		.byte	0x1
 1089 0060 11       		.uleb128 0x11
 1090 0061 01       		.uleb128 0x1
 1091 0062 31       		.uleb128 0x31
 1092 0063 13       		.uleb128 0x13
 1093 0064 01       		.uleb128 0x1
 1094 0065 13       		.uleb128 0x13
 1095 0066 00       		.byte	0
 1096 0067 00       		.byte	0
 1097 0068 08       		.uleb128 0x8
 1098 0069 8A8201   		.uleb128 0x410a
 1099 006c 00       		.byte	0
 1100 006d 02       		.uleb128 0x2
 1101 006e 18       		.uleb128 0x18
 1102 006f 9142     		.uleb128 0x2111
 1103 0071 18       		.uleb128 0x18
 1104 0072 00       		.byte	0
 1105 0073 00       		.byte	0
ARM GAS  C:\Users\ologa\AppData\Local\Temp\ccVqWbZl.s 			page 24


 1106 0074 09       		.uleb128 0x9
 1107 0075 898201   		.uleb128 0x4109
 1108 0078 00       		.byte	0
 1109 0079 11       		.uleb128 0x11
 1110 007a 01       		.uleb128 0x1
 1111 007b 31       		.uleb128 0x31
 1112 007c 13       		.uleb128 0x13
 1113 007d 00       		.byte	0
 1114 007e 00       		.byte	0
 1115 007f 0A       		.uleb128 0xa
 1116 0080 2E       		.uleb128 0x2e
 1117 0081 00       		.byte	0
 1118 0082 3F       		.uleb128 0x3f
 1119 0083 19       		.uleb128 0x19
 1120 0084 03       		.uleb128 0x3
 1121 0085 0E       		.uleb128 0xe
 1122 0086 3A       		.uleb128 0x3a
 1123 0087 0B       		.uleb128 0xb
 1124 0088 3B       		.uleb128 0x3b
 1125 0089 0B       		.uleb128 0xb
 1126 008a 11       		.uleb128 0x11
 1127 008b 01       		.uleb128 0x1
 1128 008c 12       		.uleb128 0x12
 1129 008d 06       		.uleb128 0x6
 1130 008e 40       		.uleb128 0x40
 1131 008f 18       		.uleb128 0x18
 1132 0090 9742     		.uleb128 0x2117
 1133 0092 19       		.uleb128 0x19
 1134 0093 00       		.byte	0
 1135 0094 00       		.byte	0
 1136 0095 0B       		.uleb128 0xb
 1137 0096 2E       		.uleb128 0x2e
 1138 0097 01       		.byte	0x1
 1139 0098 3F       		.uleb128 0x3f
 1140 0099 19       		.uleb128 0x19
 1141 009a 03       		.uleb128 0x3
 1142 009b 08       		.uleb128 0x8
 1143 009c 3A       		.uleb128 0x3a
 1144 009d 0B       		.uleb128 0xb
 1145 009e 3B       		.uleb128 0x3b
 1146 009f 0B       		.uleb128 0xb
 1147 00a0 11       		.uleb128 0x11
 1148 00a1 01       		.uleb128 0x1
 1149 00a2 12       		.uleb128 0x12
 1150 00a3 06       		.uleb128 0x6
 1151 00a4 40       		.uleb128 0x40
 1152 00a5 18       		.uleb128 0x18
 1153 00a6 9742     		.uleb128 0x2117
 1154 00a8 19       		.uleb128 0x19
 1155 00a9 01       		.uleb128 0x1
 1156 00aa 13       		.uleb128 0x13
 1157 00ab 00       		.byte	0
 1158 00ac 00       		.byte	0
 1159 00ad 0C       		.uleb128 0xc
 1160 00ae 2E       		.uleb128 0x2e
 1161 00af 01       		.byte	0x1
 1162 00b0 3F       		.uleb128 0x3f
ARM GAS  C:\Users\ologa\AppData\Local\Temp\ccVqWbZl.s 			page 25


 1163 00b1 19       		.uleb128 0x19
 1164 00b2 03       		.uleb128 0x3
 1165 00b3 0E       		.uleb128 0xe
 1166 00b4 3A       		.uleb128 0x3a
 1167 00b5 0B       		.uleb128 0xb
 1168 00b6 3B       		.uleb128 0x3b
 1169 00b7 0B       		.uleb128 0xb
 1170 00b8 49       		.uleb128 0x49
 1171 00b9 13       		.uleb128 0x13
 1172 00ba 11       		.uleb128 0x11
 1173 00bb 01       		.uleb128 0x1
 1174 00bc 12       		.uleb128 0x12
 1175 00bd 06       		.uleb128 0x6
 1176 00be 40       		.uleb128 0x40
 1177 00bf 18       		.uleb128 0x18
 1178 00c0 9742     		.uleb128 0x2117
 1179 00c2 19       		.uleb128 0x19
 1180 00c3 01       		.uleb128 0x1
 1181 00c4 13       		.uleb128 0x13
 1182 00c5 00       		.byte	0
 1183 00c6 00       		.byte	0
 1184 00c7 0D       		.uleb128 0xd
 1185 00c8 34       		.uleb128 0x34
 1186 00c9 00       		.byte	0
 1187 00ca 03       		.uleb128 0x3
 1188 00cb 08       		.uleb128 0x8
 1189 00cc 3A       		.uleb128 0x3a
 1190 00cd 0B       		.uleb128 0xb
 1191 00ce 3B       		.uleb128 0x3b
 1192 00cf 0B       		.uleb128 0xb
 1193 00d0 49       		.uleb128 0x49
 1194 00d1 13       		.uleb128 0x13
 1195 00d2 1C       		.uleb128 0x1c
 1196 00d3 0B       		.uleb128 0xb
 1197 00d4 00       		.byte	0
 1198 00d5 00       		.byte	0
 1199 00d6 0E       		.uleb128 0xe
 1200 00d7 898201   		.uleb128 0x4109
 1201 00da 01       		.byte	0x1
 1202 00db 11       		.uleb128 0x11
 1203 00dc 01       		.uleb128 0x1
 1204 00dd 31       		.uleb128 0x31
 1205 00de 13       		.uleb128 0x13
 1206 00df 00       		.byte	0
 1207 00e0 00       		.byte	0
 1208 00e1 0F       		.uleb128 0xf
 1209 00e2 34       		.uleb128 0x34
 1210 00e3 00       		.byte	0
 1211 00e4 03       		.uleb128 0x3
 1212 00e5 0E       		.uleb128 0xe
 1213 00e6 3A       		.uleb128 0x3a
 1214 00e7 0B       		.uleb128 0xb
 1215 00e8 3B       		.uleb128 0x3b
 1216 00e9 05       		.uleb128 0x5
 1217 00ea 49       		.uleb128 0x49
 1218 00eb 13       		.uleb128 0x13
 1219 00ec 3F       		.uleb128 0x3f
ARM GAS  C:\Users\ologa\AppData\Local\Temp\ccVqWbZl.s 			page 26


 1220 00ed 19       		.uleb128 0x19
 1221 00ee 3C       		.uleb128 0x3c
 1222 00ef 19       		.uleb128 0x19
 1223 00f0 00       		.byte	0
 1224 00f1 00       		.byte	0
 1225 00f2 10       		.uleb128 0x10
 1226 00f3 35       		.uleb128 0x35
 1227 00f4 00       		.byte	0
 1228 00f5 49       		.uleb128 0x49
 1229 00f6 13       		.uleb128 0x13
 1230 00f7 00       		.byte	0
 1231 00f8 00       		.byte	0
 1232 00f9 11       		.uleb128 0x11
 1233 00fa 34       		.uleb128 0x34
 1234 00fb 00       		.byte	0
 1235 00fc 03       		.uleb128 0x3
 1236 00fd 0E       		.uleb128 0xe
 1237 00fe 3A       		.uleb128 0x3a
 1238 00ff 0B       		.uleb128 0xb
 1239 0100 3B       		.uleb128 0x3b
 1240 0101 0B       		.uleb128 0xb
 1241 0102 49       		.uleb128 0x49
 1242 0103 13       		.uleb128 0x13
 1243 0104 3F       		.uleb128 0x3f
 1244 0105 19       		.uleb128 0x19
 1245 0106 02       		.uleb128 0x2
 1246 0107 18       		.uleb128 0x18
 1247 0108 00       		.byte	0
 1248 0109 00       		.byte	0
 1249 010a 12       		.uleb128 0x12
 1250 010b 2E       		.uleb128 0x2e
 1251 010c 01       		.byte	0x1
 1252 010d 3F       		.uleb128 0x3f
 1253 010e 19       		.uleb128 0x19
 1254 010f 03       		.uleb128 0x3
 1255 0110 0E       		.uleb128 0xe
 1256 0111 3A       		.uleb128 0x3a
 1257 0112 0B       		.uleb128 0xb
 1258 0113 3B       		.uleb128 0x3b
 1259 0114 0B       		.uleb128 0xb
 1260 0115 27       		.uleb128 0x27
 1261 0116 19       		.uleb128 0x19
 1262 0117 49       		.uleb128 0x49
 1263 0118 13       		.uleb128 0x13
 1264 0119 3C       		.uleb128 0x3c
 1265 011a 19       		.uleb128 0x19
 1266 011b 01       		.uleb128 0x1
 1267 011c 13       		.uleb128 0x13
 1268 011d 00       		.byte	0
 1269 011e 00       		.byte	0
 1270 011f 13       		.uleb128 0x13
 1271 0120 05       		.uleb128 0x5
 1272 0121 00       		.byte	0
 1273 0122 49       		.uleb128 0x49
 1274 0123 13       		.uleb128 0x13
 1275 0124 00       		.byte	0
 1276 0125 00       		.byte	0
ARM GAS  C:\Users\ologa\AppData\Local\Temp\ccVqWbZl.s 			page 27


 1277 0126 14       		.uleb128 0x14
 1278 0127 2E       		.uleb128 0x2e
 1279 0128 00       		.byte	0
 1280 0129 3F       		.uleb128 0x3f
 1281 012a 19       		.uleb128 0x19
 1282 012b 03       		.uleb128 0x3
 1283 012c 0E       		.uleb128 0xe
 1284 012d 3A       		.uleb128 0x3a
 1285 012e 0B       		.uleb128 0xb
 1286 012f 3B       		.uleb128 0x3b
 1287 0130 0B       		.uleb128 0xb
 1288 0131 27       		.uleb128 0x27
 1289 0132 19       		.uleb128 0x19
 1290 0133 49       		.uleb128 0x49
 1291 0134 13       		.uleb128 0x13
 1292 0135 3C       		.uleb128 0x3c
 1293 0136 19       		.uleb128 0x19
 1294 0137 00       		.byte	0
 1295 0138 00       		.byte	0
 1296 0139 15       		.uleb128 0x15
 1297 013a 2E       		.uleb128 0x2e
 1298 013b 00       		.byte	0
 1299 013c 3F       		.uleb128 0x3f
 1300 013d 19       		.uleb128 0x19
 1301 013e 03       		.uleb128 0x3
 1302 013f 0E       		.uleb128 0xe
 1303 0140 3A       		.uleb128 0x3a
 1304 0141 0B       		.uleb128 0xb
 1305 0142 3B       		.uleb128 0x3b
 1306 0143 0B       		.uleb128 0xb
 1307 0144 27       		.uleb128 0x27
 1308 0145 19       		.uleb128 0x19
 1309 0146 3C       		.uleb128 0x3c
 1310 0147 19       		.uleb128 0x19
 1311 0148 00       		.byte	0
 1312 0149 00       		.byte	0
 1313 014a 16       		.uleb128 0x16
 1314 014b 2E       		.uleb128 0x2e
 1315 014c 01       		.byte	0x1
 1316 014d 3F       		.uleb128 0x3f
 1317 014e 19       		.uleb128 0x19
 1318 014f 03       		.uleb128 0x3
 1319 0150 0E       		.uleb128 0xe
 1320 0151 3A       		.uleb128 0x3a
 1321 0152 0B       		.uleb128 0xb
 1322 0153 3B       		.uleb128 0x3b
 1323 0154 0B       		.uleb128 0xb
 1324 0155 27       		.uleb128 0x27
 1325 0156 19       		.uleb128 0x19
 1326 0157 3C       		.uleb128 0x3c
 1327 0158 19       		.uleb128 0x19
 1328 0159 01       		.uleb128 0x1
 1329 015a 13       		.uleb128 0x13
 1330 015b 00       		.byte	0
 1331 015c 00       		.byte	0
 1332 015d 17       		.uleb128 0x17
 1333 015e 2E       		.uleb128 0x2e
ARM GAS  C:\Users\ologa\AppData\Local\Temp\ccVqWbZl.s 			page 28


 1334 015f 01       		.byte	0x1
 1335 0160 3F       		.uleb128 0x3f
 1336 0161 19       		.uleb128 0x19
 1337 0162 03       		.uleb128 0x3
 1338 0163 0E       		.uleb128 0xe
 1339 0164 3A       		.uleb128 0x3a
 1340 0165 0B       		.uleb128 0xb
 1341 0166 3B       		.uleb128 0x3b
 1342 0167 0B       		.uleb128 0xb
 1343 0168 27       		.uleb128 0x27
 1344 0169 19       		.uleb128 0x19
 1345 016a 3C       		.uleb128 0x3c
 1346 016b 19       		.uleb128 0x19
 1347 016c 00       		.byte	0
 1348 016d 00       		.byte	0
 1349 016e 00       		.byte	0
 1350              		.section	.debug_aranges,"",%progbits
 1351 0000 44000000 		.4byte	0x44
 1352 0004 0200     		.2byte	0x2
 1353 0006 00000000 		.4byte	.Ldebug_info0
 1354 000a 04       		.byte	0x4
 1355 000b 00       		.byte	0
 1356 000c 0000     		.2byte	0
 1357 000e 0000     		.2byte	0
 1358 0010 00000000 		.4byte	.LFB64
 1359 0014 38000000 		.4byte	.LFE64-.LFB64
 1360 0018 00000000 		.4byte	.LFB65
 1361 001c 38000000 		.4byte	.LFE65-.LFB65
 1362 0020 00000000 		.4byte	.LFB66
 1363 0024 98000000 		.4byte	.LFE66-.LFB66
 1364 0028 00000000 		.4byte	.LFB67
 1365 002c 98000000 		.4byte	.LFE67-.LFB67
 1366 0030 00000000 		.4byte	.LFB68
 1367 0034 48000000 		.4byte	.LFE68-.LFB68
 1368 0038 00000000 		.4byte	.LFB63
 1369 003c 78000000 		.4byte	.LFE63-.LFB63
 1370 0040 00000000 		.4byte	0
 1371 0044 00000000 		.4byte	0
 1372              		.section	.debug_ranges,"",%progbits
 1373              	.Ldebug_ranges0:
 1374 0000 00000000 		.4byte	.LFB64
 1375 0004 38000000 		.4byte	.LFE64
 1376 0008 00000000 		.4byte	.LFB65
 1377 000c 38000000 		.4byte	.LFE65
 1378 0010 00000000 		.4byte	.LFB66
 1379 0014 98000000 		.4byte	.LFE66
 1380 0018 00000000 		.4byte	.LFB67
 1381 001c 98000000 		.4byte	.LFE67
 1382 0020 00000000 		.4byte	.LFB68
 1383 0024 48000000 		.4byte	.LFE68
 1384 0028 00000000 		.4byte	.LFB63
 1385 002c 78000000 		.4byte	.LFE63
 1386 0030 00000000 		.4byte	0
 1387 0034 00000000 		.4byte	0
 1388              		.section	.debug_line,"",%progbits
 1389              	.Ldebug_line0:
 1390 0000 95020000 		.section	.debug_str,"MS",%progbits,1
ARM GAS  C:\Users\ologa\AppData\Local\Temp\ccVqWbZl.s 			page 29


 1390      0200AA01 
 1390      00000201 
 1390      FB0E0D00 
 1390      01010101 
 1391              	.LASF38:
 1392 0000 55415254 		.ascii	"UART_1_Init\000"
 1392      5F315F49 
 1392      6E697400 
 1393              	.LASF31:
 1394 000c 4144435F 		.ascii	"ADC_SAR_2_IsEndConversion\000"
 1394      5341525F 
 1394      325F4973 
 1394      456E6443 
 1394      6F6E7665 
 1395              	.LASF39:
 1396 0026 55415254 		.ascii	"UART_1_Start\000"
 1396      5F315F53 
 1396      74617274 
 1396      00
 1397              	.LASF21:
 1398 0033 525F5941 		.ascii	"R_YADC\000"
 1398      444300
 1399              	.LASF9:
 1400 003a 5F5F696E 		.ascii	"__int32_t\000"
 1400      7433325F 
 1400      7400
 1401              	.LASF41:
 1402 0044 55415254 		.ascii	"UART_2_Start\000"
 1402      5F325F53 
 1402      74617274 
 1402      00
 1403              	.LASF22:
 1404 0051 435F5841 		.ascii	"C_XADC\000"
 1404      444300
 1405              	.LASF37:
 1406 0058 42345F52 		.ascii	"B4_Read\000"
 1406      65616400 
 1407              	.LASF34:
 1408 0060 42315F52 		.ascii	"B1_Read\000"
 1408      65616400 
 1409              	.LASF49:
 1410 0068 2E5C6D61 		.ascii	".\\main.c\000"
 1410      696E2E63 
 1410      00
 1411              	.LASF15:
 1412 0071 666C6F61 		.ascii	"float\000"
 1412      7400
 1413              	.LASF30:
 1414 0077 4144435F 		.ascii	"ADC_SAR_1_IsEndConversion\000"
 1414      5341525F 
 1414      315F4973 
 1414      456E6443 
 1414      6F6E7665 
 1415              	.LASF50:
 1416 0091 433A5C55 		.ascii	"C:\\Users\\ologa\\Documents\\MIT\\Senior S22\\6.115"
 1416      73657273 
 1416      5C6F6C6F 
ARM GAS  C:\Users\ologa\AppData\Local\Temp\ccVqWbZl.s 			page 30


 1416      67615C44 
 1416      6F63756D 
 1417 00be 315C4669 		.ascii	"1\\Final Project\\Controller\\Controller.cydsn\000"
 1417      6E616C20 
 1417      50726F6A 
 1417      6563745C 
 1417      436F6E74 
 1418              	.LASF27:
 1419 00ea 7873656E 		.ascii	"xsend\000"
 1419      6400
 1420              	.LASF1:
 1421 00f0 756E7369 		.ascii	"unsigned char\000"
 1421      676E6564 
 1421      20636861 
 1421      7200
 1422              	.LASF23:
 1423 00fe 435F5941 		.ascii	"C_YADC\000"
 1423      444300
 1424              	.LASF46:
 1425 0105 55415254 		.ascii	"UART_1_WriteTxData\000"
 1425      5F315F57 
 1425      72697465 
 1425      54784461 
 1425      746100
 1426              	.LASF14:
 1427 0118 696E7431 		.ascii	"int16\000"
 1427      3600
 1428              	.LASF5:
 1429 011e 6C6F6E67 		.ascii	"long unsigned int\000"
 1429      20756E73 
 1429      69676E65 
 1429      6420696E 
 1429      7400
 1430              	.LASF40:
 1431 0130 55415254 		.ascii	"UART_2_Init\000"
 1431      5F325F49 
 1431      6E697400 
 1432              	.LASF44:
 1433 013c 4144435F 		.ascii	"ADC_SAR_1_StartConvert\000"
 1433      5341525F 
 1433      315F5374 
 1433      61727443 
 1433      6F6E7665 
 1434              	.LASF29:
 1435 0153 62737461 		.ascii	"bstate\000"
 1435      746500
 1436              	.LASF24:
 1437 015a 49544D5F 		.ascii	"ITM_RxBuffer\000"
 1437      52784275 
 1437      66666572 
 1437      00
 1438              	.LASF33:
 1439 0167 4144435F 		.ascii	"ADC_SAR_2_GetResult16\000"
 1439      5341525F 
 1439      325F4765 
 1439      74526573 
 1439      756C7431 
ARM GAS  C:\Users\ologa\AppData\Local\Temp\ccVqWbZl.s 			page 31


 1440              	.LASF35:
 1441 017d 42325F52 		.ascii	"B2_Read\000"
 1441      65616400 
 1442              	.LASF16:
 1443 0185 646F7562 		.ascii	"double\000"
 1443      6C6500
 1444              	.LASF26:
 1445 018c 79616463 		.ascii	"yadcResult\000"
 1445      52657375 
 1445      6C7400
 1446              	.LASF51:
 1447 0197 6D61696E 		.ascii	"main\000"
 1447      00
 1448              	.LASF12:
 1449 019c 75696E74 		.ascii	"uint16\000"
 1449      313600
 1450              	.LASF28:
 1451 01a3 7973656E 		.ascii	"ysend\000"
 1451      6400
 1452              	.LASF13:
 1453 01a9 75696E74 		.ascii	"uint32\000"
 1453      333200
 1454              	.LASF8:
 1455 01b0 756E7369 		.ascii	"unsigned int\000"
 1455      676E6564 
 1455      20696E74 
 1455      00
 1456              	.LASF36:
 1457 01bd 42335F52 		.ascii	"B3_Read\000"
 1457      65616400 
 1458              	.LASF7:
 1459 01c5 6C6F6E67 		.ascii	"long long unsigned int\000"
 1459      206C6F6E 
 1459      6720756E 
 1459      7369676E 
 1459      65642069 
 1460              	.LASF48:
 1461 01dc 474E5520 		.ascii	"GNU C 4.9.3 20150303 (release) [ARM/embedded-4_9-br"
 1461      4320342E 
 1461      392E3320 
 1461      32303135 
 1461      30333033 
 1462 020f 616E6368 		.ascii	"anch revision 221220] -mcpu=cortex-m3 -mthumb -g -O"
 1462      20726576 
 1462      6973696F 
 1462      6E203232 
 1462      31323230 
 1463 0242 67202D66 		.ascii	"g -ffunction-sections -ffat-lto-objects\000"
 1463      66756E63 
 1463      74696F6E 
 1463      2D736563 
 1463      74696F6E 
 1464              	.LASF25:
 1465 026a 78616463 		.ascii	"xadcResult\000"
 1465      52657375 
 1465      6C7400
 1466              	.LASF10:
ARM GAS  C:\Users\ologa\AppData\Local\Temp\ccVqWbZl.s 			page 32


 1467 0275 696E7433 		.ascii	"int32_t\000"
 1467      325F7400 
 1468              	.LASF18:
 1469 027d 73697A65 		.ascii	"sizetype\000"
 1469      74797065 
 1469      00
 1470              	.LASF32:
 1471 0286 4144435F 		.ascii	"ADC_SAR_1_GetResult16\000"
 1471      5341525F 
 1471      315F4765 
 1471      74526573 
 1471      756C7431 
 1472              	.LASF6:
 1473 029c 6C6F6E67 		.ascii	"long long int\000"
 1473      206C6F6E 
 1473      6720696E 
 1473      7400
 1474              	.LASF17:
 1475 02aa 63686172 		.ascii	"char\000"
 1475      00
 1476              	.LASF43:
 1477 02af 4144435F 		.ascii	"ADC_SAR_2_Start\000"
 1477      5341525F 
 1477      325F5374 
 1477      61727400 
 1478              	.LASF2:
 1479 02bf 73686F72 		.ascii	"short int\000"
 1479      7420696E 
 1479      7400
 1480              	.LASF11:
 1481 02c9 75696E74 		.ascii	"uint8\000"
 1481      3800
 1482              	.LASF20:
 1483 02cf 525F5841 		.ascii	"R_XADC\000"
 1483      444300
 1484              	.LASF4:
 1485 02d6 6C6F6E67 		.ascii	"long int\000"
 1485      20696E74 
 1485      00
 1486              	.LASF45:
 1487 02df 4144435F 		.ascii	"ADC_SAR_2_StartConvert\000"
 1487      5341525F 
 1487      325F5374 
 1487      61727443 
 1487      6F6E7665 
 1488              	.LASF19:
 1489 02f6 6C6F6E67 		.ascii	"long double\000"
 1489      20646F75 
 1489      626C6500 
 1490              	.LASF0:
 1491 0302 7369676E 		.ascii	"signed char\000"
 1491      65642063 
 1491      68617200 
 1492              	.LASF42:
 1493 030e 4144435F 		.ascii	"ADC_SAR_1_Start\000"
 1493      5341525F 
 1493      315F5374 
ARM GAS  C:\Users\ologa\AppData\Local\Temp\ccVqWbZl.s 			page 33


 1493      61727400 
 1494              	.LASF3:
 1495 031e 73686F72 		.ascii	"short unsigned int\000"
 1495      7420756E 
 1495      7369676E 
 1495      65642069 
 1495      6E7400
 1496              	.LASF47:
 1497 0331 55415254 		.ascii	"UART_2_PutChar\000"
 1497      5F325F50 
 1497      75744368 
 1497      617200
 1498              	.LASF52:
 1499 0340 43794465 		.ascii	"CyDelay\000"
 1499      6C617900 
 1500              		.ident	"GCC: (GNU Tools for ARM Embedded Processors) 4.9.3 20150303 (release) [ARM/embedded-4_9-br
