ARM GAS  C:\Users\Leeb\AppData\Local\Temp\cco5bRNi.s 			page 1


   1              		.syntax unified
   2              		.cpu cortex-m3
   3              		.fpu softvfp
   4              		.eabi_attribute 20, 1
   5              		.eabi_attribute 21, 1
   6              		.eabi_attribute 23, 3
   7              		.eabi_attribute 24, 1
   8              		.eabi_attribute 25, 1
   9              		.eabi_attribute 26, 1
  10              		.eabi_attribute 30, 6
  11              		.eabi_attribute 18, 4
  12              		.thumb
  13              		.file	"cyfitter_cfg.c"
  14              		.section	.debug_abbrev,"",%progbits
  15              	.Ldebug_abbrev0:
  16              		.section	.debug_info,"",%progbits
  17              	.Ldebug_info0:
  18              		.section	.debug_line,"",%progbits
  19              	.Ldebug_line0:
  20 0000 9F010000 		.text
  20      0200F000 
  20      00000201 
  20      FB0E0D00 
  20      01010101 
  21              	.Ltext0:
  22              		.cfi_sections	.debug_frame
  23              		.section	.text.CYMEMZERO,"ax",%progbits
  24              		.align	2
  25              		.thumb
  26              		.thumb_func
  27              		.type	CYMEMZERO, %function
  28              	CYMEMZERO:
  29              	.LFB0:
  30              		.file 1 ".\\Generated_Source\\PSoC5\\cyfitter_cfg.c"
   1:.\Generated_Source\PSoC5/cyfitter_cfg.c **** /*******************************************************************************
   2:.\Generated_Source\PSoC5/cyfitter_cfg.c **** * FILENAME: cyfitter_cfg.c
   3:.\Generated_Source\PSoC5/cyfitter_cfg.c **** * PSoC Creator 2.2
   4:.\Generated_Source\PSoC5/cyfitter_cfg.c **** *
   5:.\Generated_Source\PSoC5/cyfitter_cfg.c **** * Description:
   6:.\Generated_Source\PSoC5/cyfitter_cfg.c **** * This file is automatically generated by PSoC Creator with device 
   7:.\Generated_Source\PSoC5/cyfitter_cfg.c **** * initialization code.  Except for the user defined sections in
   8:.\Generated_Source\PSoC5/cyfitter_cfg.c **** * CyClockStartupError(), this file should not be modified.
   9:.\Generated_Source\PSoC5/cyfitter_cfg.c **** *
  10:.\Generated_Source\PSoC5/cyfitter_cfg.c **** ********************************************************************************
  11:.\Generated_Source\PSoC5/cyfitter_cfg.c **** * Copyright 2012, Cypress Semiconductor Corporation.  All rights reserved.
  12:.\Generated_Source\PSoC5/cyfitter_cfg.c **** * You may use this file only in accordance with the license, terms, conditions, 
  13:.\Generated_Source\PSoC5/cyfitter_cfg.c **** * disclaimers, and limitations in the end user license agreement accompanying 
  14:.\Generated_Source\PSoC5/cyfitter_cfg.c **** * the software package with which this file was provided.
  15:.\Generated_Source\PSoC5/cyfitter_cfg.c **** ********************************************************************************/
  16:.\Generated_Source\PSoC5/cyfitter_cfg.c **** 
  17:.\Generated_Source\PSoC5/cyfitter_cfg.c **** #include <string.h>
  18:.\Generated_Source\PSoC5/cyfitter_cfg.c **** #include <cytypes.h>
  19:.\Generated_Source\PSoC5/cyfitter_cfg.c **** #include <cydevice_trm.h>
  20:.\Generated_Source\PSoC5/cyfitter_cfg.c **** #include <cyfitter.h>
  21:.\Generated_Source\PSoC5/cyfitter_cfg.c **** #include <CyLib.h>
  22:.\Generated_Source\PSoC5/cyfitter_cfg.c **** #include <cyfitter_cfg.h>
  23:.\Generated_Source\PSoC5/cyfitter_cfg.c **** 
ARM GAS  C:\Users\Leeb\AppData\Local\Temp\cco5bRNi.s 			page 2


  24:.\Generated_Source\PSoC5/cyfitter_cfg.c **** /* Clock startup error codes                                                   */
  25:.\Generated_Source\PSoC5/cyfitter_cfg.c **** #define CYCLOCKSTART_NO_ERROR    0u
  26:.\Generated_Source\PSoC5/cyfitter_cfg.c **** #define CYCLOCKSTART_XTAL_ERROR  1u
  27:.\Generated_Source\PSoC5/cyfitter_cfg.c **** #define CYCLOCKSTART_32KHZ_ERROR 2u
  28:.\Generated_Source\PSoC5/cyfitter_cfg.c **** #define CYCLOCKSTART_PLL_ERROR   3u
  29:.\Generated_Source\PSoC5/cyfitter_cfg.c **** 
  30:.\Generated_Source\PSoC5/cyfitter_cfg.c **** #ifdef CY_NEED_CYCLOCKSTARTUPERROR
  31:.\Generated_Source\PSoC5/cyfitter_cfg.c **** /*******************************************************************************
  32:.\Generated_Source\PSoC5/cyfitter_cfg.c **** * Function Name: CyClockStartupError
  33:.\Generated_Source\PSoC5/cyfitter_cfg.c **** ********************************************************************************
  34:.\Generated_Source\PSoC5/cyfitter_cfg.c **** * Summary:
  35:.\Generated_Source\PSoC5/cyfitter_cfg.c **** *  If an error is encountered during clock configuration (crystal startup error,
  36:.\Generated_Source\PSoC5/cyfitter_cfg.c **** *  PLL lock error, etc.), the system will end up here.  Unless reimplemented by
  37:.\Generated_Source\PSoC5/cyfitter_cfg.c **** *  the customer, this function will stop in an infinite loop.
  38:.\Generated_Source\PSoC5/cyfitter_cfg.c **** *
  39:.\Generated_Source\PSoC5/cyfitter_cfg.c **** * Parameters:
  40:.\Generated_Source\PSoC5/cyfitter_cfg.c **** *   void
  41:.\Generated_Source\PSoC5/cyfitter_cfg.c **** *
  42:.\Generated_Source\PSoC5/cyfitter_cfg.c **** * Return:
  43:.\Generated_Source\PSoC5/cyfitter_cfg.c **** *   void
  44:.\Generated_Source\PSoC5/cyfitter_cfg.c **** *
  45:.\Generated_Source\PSoC5/cyfitter_cfg.c **** *******************************************************************************/
  46:.\Generated_Source\PSoC5/cyfitter_cfg.c **** #if defined(__GNUC__) || defined(__ARMCC_VERSION)
  47:.\Generated_Source\PSoC5/cyfitter_cfg.c **** __attribute__ ((unused))
  48:.\Generated_Source\PSoC5/cyfitter_cfg.c **** #endif
  49:.\Generated_Source\PSoC5/cyfitter_cfg.c **** static void CyClockStartupError(uint8 errorCode);
  50:.\Generated_Source\PSoC5/cyfitter_cfg.c **** #if defined(__GNUC__) || defined(__ARMCC_VERSION)
  51:.\Generated_Source\PSoC5/cyfitter_cfg.c **** __attribute__ ((unused))
  52:.\Generated_Source\PSoC5/cyfitter_cfg.c **** #endif
  53:.\Generated_Source\PSoC5/cyfitter_cfg.c **** static void CyClockStartupError(uint8 errorCode)
  54:.\Generated_Source\PSoC5/cyfitter_cfg.c **** {
  55:.\Generated_Source\PSoC5/cyfitter_cfg.c ****     /* To remove the compiler warning if errorCode not used.                */
  56:.\Generated_Source\PSoC5/cyfitter_cfg.c ****     errorCode = errorCode;
  57:.\Generated_Source\PSoC5/cyfitter_cfg.c **** 
  58:.\Generated_Source\PSoC5/cyfitter_cfg.c ****     /* `#START CyClockStartupError` */
  59:.\Generated_Source\PSoC5/cyfitter_cfg.c **** 
  60:.\Generated_Source\PSoC5/cyfitter_cfg.c ****     /* If we have a clock startup error (bad MHz crystal, PLL lock, etc.),  */
  61:.\Generated_Source\PSoC5/cyfitter_cfg.c ****     /* we will end up here to allow the customer to implement something to  */
  62:.\Generated_Source\PSoC5/cyfitter_cfg.c ****     /* deal with the clock condition.                                       */
  63:.\Generated_Source\PSoC5/cyfitter_cfg.c **** 
  64:.\Generated_Source\PSoC5/cyfitter_cfg.c ****     /* `#END` */
  65:.\Generated_Source\PSoC5/cyfitter_cfg.c **** 
  66:.\Generated_Source\PSoC5/cyfitter_cfg.c ****     /* If nothing else, stop here since the clocks have not started         */
  67:.\Generated_Source\PSoC5/cyfitter_cfg.c ****     /* correctly.                                                           */
  68:.\Generated_Source\PSoC5/cyfitter_cfg.c ****     while(1) {}
  69:.\Generated_Source\PSoC5/cyfitter_cfg.c **** }
  70:.\Generated_Source\PSoC5/cyfitter_cfg.c **** #endif
  71:.\Generated_Source\PSoC5/cyfitter_cfg.c **** 
  72:.\Generated_Source\PSoC5/cyfitter_cfg.c **** 
  73:.\Generated_Source\PSoC5/cyfitter_cfg.c **** #if defined(__GNUC__) || defined(__ARMCC_VERSION)
  74:.\Generated_Source\PSoC5/cyfitter_cfg.c **** 	#define CYPACKED __attribute__ ((packed))
  75:.\Generated_Source\PSoC5/cyfitter_cfg.c **** 	#define CYALIGNED __attribute__ ((aligned))
  76:.\Generated_Source\PSoC5/cyfitter_cfg.c **** 	
  77:.\Generated_Source\PSoC5/cyfitter_cfg.c **** 	#if defined(__ARMCC_VERSION)
  78:.\Generated_Source\PSoC5/cyfitter_cfg.c **** 		#define CY_CFG_MEMORY_BARRIER() __memory_changed()
  79:.\Generated_Source\PSoC5/cyfitter_cfg.c **** 	#else
  80:.\Generated_Source\PSoC5/cyfitter_cfg.c **** 		#define CY_CFG_MEMORY_BARRIER() __sync_synchronize()
ARM GAS  C:\Users\Leeb\AppData\Local\Temp\cco5bRNi.s 			page 3


  81:.\Generated_Source\PSoC5/cyfitter_cfg.c **** 	#endif
  82:.\Generated_Source\PSoC5/cyfitter_cfg.c **** 	
  83:.\Generated_Source\PSoC5/cyfitter_cfg.c **** 
  84:.\Generated_Source\PSoC5/cyfitter_cfg.c **** 	__attribute__ ((unused))
  85:.\Generated_Source\PSoC5/cyfitter_cfg.c **** 	static void CYMEMZERO(void *s, size_t n);
  86:.\Generated_Source\PSoC5/cyfitter_cfg.c **** 	__attribute__ ((unused))
  87:.\Generated_Source\PSoC5/cyfitter_cfg.c **** 	static void CYMEMZERO(void *s, size_t n)
  88:.\Generated_Source\PSoC5/cyfitter_cfg.c **** 	{
  31              		.loc 1 88 0
  32              		.cfi_startproc
  33              		@ args = 0, pretend = 0, frame = 8
  34              		@ frame_needed = 1, uses_anonymous_args = 0
  35 0000 80B5     		push	{r7, lr}
  36              	.LCFI0:
  37              		.cfi_def_cfa_offset 8
  38 0002 82B0     		sub	sp, sp, #8
  39              	.LCFI1:
  40              		.cfi_def_cfa_offset 16
  41 0004 00AF     		add	r7, sp, #0
  42              		.cfi_offset 14, -4
  43              		.cfi_offset 7, -8
  44              	.LCFI2:
  45              		.cfi_def_cfa_register 7
  46 0006 7860     		str	r0, [r7, #4]
  47 0008 3960     		str	r1, [r7, #0]
  89:.\Generated_Source\PSoC5/cyfitter_cfg.c **** 		(void)memset(s, 0, n);
  48              		.loc 1 89 0
  49 000a 7868     		ldr	r0, [r7, #4]
  50 000c 4FF00001 		mov	r1, #0
  51 0010 3A68     		ldr	r2, [r7, #0]
  52 0012 FFF7FEFF 		bl	memset
  90:.\Generated_Source\PSoC5/cyfitter_cfg.c **** 	}
  53              		.loc 1 90 0
  54 0016 07F10807 		add	r7, r7, #8
  55 001a BD46     		mov	sp, r7
  56 001c 80BD     		pop	{r7, pc}
  57              		.cfi_endproc
  58              	.LFE0:
  59              		.size	CYMEMZERO, .-CYMEMZERO
  60 001e 00BF     		.section	.text.CYCONFIGCPY,"ax",%progbits
  61              		.align	2
  62              		.thumb
  63              		.thumb_func
  64              		.type	CYCONFIGCPY, %function
  65              	CYCONFIGCPY:
  66              	.LFB1:
  91:.\Generated_Source\PSoC5/cyfitter_cfg.c **** 	__attribute__ ((unused))
  92:.\Generated_Source\PSoC5/cyfitter_cfg.c **** 	static void CYCONFIGCPY(void *dest, const void *src, size_t n);
  93:.\Generated_Source\PSoC5/cyfitter_cfg.c **** 	__attribute__ ((unused))
  94:.\Generated_Source\PSoC5/cyfitter_cfg.c **** 	static void CYCONFIGCPY(void *dest, const void *src, size_t n)
  95:.\Generated_Source\PSoC5/cyfitter_cfg.c **** 	{
  67              		.loc 1 95 0
  68              		.cfi_startproc
  69              		@ args = 0, pretend = 0, frame = 16
  70              		@ frame_needed = 1, uses_anonymous_args = 0
  71 0000 80B5     		push	{r7, lr}
  72              	.LCFI3:
ARM GAS  C:\Users\Leeb\AppData\Local\Temp\cco5bRNi.s 			page 4


  73              		.cfi_def_cfa_offset 8
  74 0002 84B0     		sub	sp, sp, #16
  75              	.LCFI4:
  76              		.cfi_def_cfa_offset 24
  77 0004 00AF     		add	r7, sp, #0
  78              		.cfi_offset 14, -4
  79              		.cfi_offset 7, -8
  80              	.LCFI5:
  81              		.cfi_def_cfa_register 7
  82 0006 F860     		str	r0, [r7, #12]
  83 0008 B960     		str	r1, [r7, #8]
  84 000a 7A60     		str	r2, [r7, #4]
  96:.\Generated_Source\PSoC5/cyfitter_cfg.c **** 		(void)memcpy(dest, src, n);
  85              		.loc 1 96 0
  86 000c F868     		ldr	r0, [r7, #12]
  87 000e B968     		ldr	r1, [r7, #8]
  88 0010 7A68     		ldr	r2, [r7, #4]
  89 0012 FFF7FEFF 		bl	memcpy
  97:.\Generated_Source\PSoC5/cyfitter_cfg.c **** 	}
  90              		.loc 1 97 0
  91 0016 07F11007 		add	r7, r7, #16
  92 001a BD46     		mov	sp, r7
  93 001c 80BD     		pop	{r7, pc}
  94              		.cfi_endproc
  95              	.LFE1:
  96              		.size	CYCONFIGCPY, .-CYCONFIGCPY
  97 001e 00BF     		.section	.text.CYCONFIGCPYCODE,"ax",%progbits
  98              		.align	2
  99              		.thumb
 100              		.thumb_func
 101              		.type	CYCONFIGCPYCODE, %function
 102              	CYCONFIGCPYCODE:
 103              	.LFB2:
  98:.\Generated_Source\PSoC5/cyfitter_cfg.c **** 	__attribute__ ((unused))
  99:.\Generated_Source\PSoC5/cyfitter_cfg.c **** 	static void CYCONFIGCPYCODE(void *dest, const void *src, size_t n);
 100:.\Generated_Source\PSoC5/cyfitter_cfg.c **** 	__attribute__ ((unused))
 101:.\Generated_Source\PSoC5/cyfitter_cfg.c **** 	static void CYCONFIGCPYCODE(void *dest, const void *src, size_t n)
 102:.\Generated_Source\PSoC5/cyfitter_cfg.c **** 	{
 104              		.loc 1 102 0
 105              		.cfi_startproc
 106              		@ args = 0, pretend = 0, frame = 16
 107              		@ frame_needed = 1, uses_anonymous_args = 0
 108 0000 80B5     		push	{r7, lr}
 109              	.LCFI6:
 110              		.cfi_def_cfa_offset 8
 111 0002 84B0     		sub	sp, sp, #16
 112              	.LCFI7:
 113              		.cfi_def_cfa_offset 24
 114 0004 00AF     		add	r7, sp, #0
 115              		.cfi_offset 14, -4
 116              		.cfi_offset 7, -8
 117              	.LCFI8:
 118              		.cfi_def_cfa_register 7
 119 0006 F860     		str	r0, [r7, #12]
 120 0008 B960     		str	r1, [r7, #8]
 121 000a 7A60     		str	r2, [r7, #4]
 103:.\Generated_Source\PSoC5/cyfitter_cfg.c **** 		(void)memcpy(dest, src, n);
ARM GAS  C:\Users\Leeb\AppData\Local\Temp\cco5bRNi.s 			page 5


 122              		.loc 1 103 0
 123 000c F868     		ldr	r0, [r7, #12]
 124 000e B968     		ldr	r1, [r7, #8]
 125 0010 7A68     		ldr	r2, [r7, #4]
 126 0012 FFF7FEFF 		bl	memcpy
 104:.\Generated_Source\PSoC5/cyfitter_cfg.c **** 	}
 127              		.loc 1 104 0
 128 0016 07F11007 		add	r7, r7, #16
 129 001a BD46     		mov	sp, r7
 130 001c 80BD     		pop	{r7, pc}
 131              		.cfi_endproc
 132              	.LFE2:
 133              		.size	CYCONFIGCPYCODE, .-CYCONFIGCPYCODE
 134 001e 00BF     		.section	.text.ClockSetup,"ax",%progbits
 135              		.align	2
 136              		.thumb
 137              		.thumb_func
 138              		.type	ClockSetup, %function
 139              	ClockSetup:
 140              	.LFB3:
 105:.\Generated_Source\PSoC5/cyfitter_cfg.c **** #else
 106:.\Generated_Source\PSoC5/cyfitter_cfg.c **** 	#error Unsupported toolchain
 107:.\Generated_Source\PSoC5/cyfitter_cfg.c **** #endif
 108:.\Generated_Source\PSoC5/cyfitter_cfg.c **** 
 109:.\Generated_Source\PSoC5/cyfitter_cfg.c **** /* IOPINS0_7 Address: CYREG_PRT12_DM0 Size (bytes): 8 */
 110:.\Generated_Source\PSoC5/cyfitter_cfg.c **** #define BS_IOPINS0_7_VAL ((const uint8 CYFAR *)0x48000000u)
 111:.\Generated_Source\PSoC5/cyfitter_cfg.c **** 
 112:.\Generated_Source\PSoC5/cyfitter_cfg.c **** /* IOPINS0_5 Address: CYREG_PRT5_DM0 Size (bytes): 8 */
 113:.\Generated_Source\PSoC5/cyfitter_cfg.c **** #define BS_IOPINS0_5_VAL ((const uint8 CYFAR *)0x48000008u)
 114:.\Generated_Source\PSoC5/cyfitter_cfg.c **** 
 115:.\Generated_Source\PSoC5/cyfitter_cfg.c **** 
 116:.\Generated_Source\PSoC5/cyfitter_cfg.c **** /*******************************************************************************
 117:.\Generated_Source\PSoC5/cyfitter_cfg.c **** * Function Name: ClockSetup
 118:.\Generated_Source\PSoC5/cyfitter_cfg.c **** ********************************************************************************
 119:.\Generated_Source\PSoC5/cyfitter_cfg.c **** *
 120:.\Generated_Source\PSoC5/cyfitter_cfg.c **** * Summary:
 121:.\Generated_Source\PSoC5/cyfitter_cfg.c **** *  Performs the initialization of all of the clocks in the device based on the
 122:.\Generated_Source\PSoC5/cyfitter_cfg.c **** *  settings in the Clock tab of the DWR.  This includes enabling the requested
 123:.\Generated_Source\PSoC5/cyfitter_cfg.c **** *  clocks and setting the necessary dividers to produce the desired frequency. 
 124:.\Generated_Source\PSoC5/cyfitter_cfg.c **** *
 125:.\Generated_Source\PSoC5/cyfitter_cfg.c **** * Parameters:
 126:.\Generated_Source\PSoC5/cyfitter_cfg.c **** *  void
 127:.\Generated_Source\PSoC5/cyfitter_cfg.c **** *
 128:.\Generated_Source\PSoC5/cyfitter_cfg.c **** * Return:
 129:.\Generated_Source\PSoC5/cyfitter_cfg.c **** *  void
 130:.\Generated_Source\PSoC5/cyfitter_cfg.c **** *
 131:.\Generated_Source\PSoC5/cyfitter_cfg.c **** *******************************************************************************/
 132:.\Generated_Source\PSoC5/cyfitter_cfg.c **** static void ClockSetup(void);
 133:.\Generated_Source\PSoC5/cyfitter_cfg.c **** static void ClockSetup(void)
 134:.\Generated_Source\PSoC5/cyfitter_cfg.c **** {
 141              		.loc 1 134 0
 142              		.cfi_startproc
 143              		@ args = 0, pretend = 0, frame = 8
 144              		@ frame_needed = 1, uses_anonymous_args = 0
 145 0000 80B5     		push	{r7, lr}
 146              	.LCFI9:
 147              		.cfi_def_cfa_offset 8
ARM GAS  C:\Users\Leeb\AppData\Local\Temp\cco5bRNi.s 			page 6


 148 0002 82B0     		sub	sp, sp, #8
 149              	.LCFI10:
 150              		.cfi_def_cfa_offset 16
 151 0004 00AF     		add	r7, sp, #0
 152              		.cfi_offset 14, -4
 153              		.cfi_offset 7, -8
 154              	.LCFI11:
 155              		.cfi_def_cfa_register 7
 135:.\Generated_Source\PSoC5/cyfitter_cfg.c **** 	uint32 timeout;
 136:.\Generated_Source\PSoC5/cyfitter_cfg.c **** 	uint8 pllLock;
 137:.\Generated_Source\PSoC5/cyfitter_cfg.c **** 
 138:.\Generated_Source\PSoC5/cyfitter_cfg.c **** 
 139:.\Generated_Source\PSoC5/cyfitter_cfg.c **** 	/* Configure ILO based on settings from Clock DWR */
 140:.\Generated_Source\PSoC5/cyfitter_cfg.c **** 	CY_SET_XTND_REG8((void CYFAR *)(CYREG_SLOWCLK_ILO_CR0), 0x02u);
 156              		.loc 1 140 0
 157 0006 44F20033 		movw	r3, #:lower16:1073758976
 158 000a C4F20003 		movt	r3, #:upper16:1073758976
 159 000e 4FF00202 		mov	r2, #2
 160 0012 1A70     		strb	r2, [r3, #0]
 141:.\Generated_Source\PSoC5/cyfitter_cfg.c **** 	CY_SET_XTND_REG8((void CYFAR *)(CYREG_CLKDIST_CR), 0x08u);
 161              		.loc 1 141 0
 162 0014 44F20003 		movw	r3, #:lower16:1073758208
 163 0018 C4F20003 		movt	r3, #:upper16:1073758208
 164 001c 4FF00802 		mov	r2, #8
 165 0020 1A70     		strb	r2, [r3, #0]
 142:.\Generated_Source\PSoC5/cyfitter_cfg.c **** 
 143:.\Generated_Source\PSoC5/cyfitter_cfg.c **** 	/* Configure IMO based on settings from Clock DWR */
 144:.\Generated_Source\PSoC5/cyfitter_cfg.c **** 	CY_SET_XTND_REG8((void CYFAR *)(CYREG_FASTCLK_IMO_CR), 0x03u);
 166              		.loc 1 144 0
 167 0022 44F20023 		movw	r3, #:lower16:1073758720
 168 0026 C4F20003 		movt	r3, #:upper16:1073758720
 169 002a 4FF00302 		mov	r2, #3
 170 002e 1A70     		strb	r2, [r3, #0]
 145:.\Generated_Source\PSoC5/cyfitter_cfg.c **** 	CY_SET_XTND_REG8((void CYFAR *)(CYREG_IMO_TR1), (CY_GET_XTND_REG8((void CYFAR *)CYREG_FLSHID_CUST_
 171              		.loc 1 145 0
 172 0030 44F2A163 		movw	r3, #:lower16:1073759905
 173 0034 C4F20003 		movt	r3, #:upper16:1073759905
 174 0038 40F20812 		movw	r2, #:lower16:1224737032
 175 003c C4F60012 		movt	r2, #:upper16:1224737032
 176 0040 1278     		ldrb	r2, [r2, #0]
 177 0042 D2B2     		uxtb	r2, r2
 178 0044 1A70     		strb	r2, [r3, #0]
 146:.\Generated_Source\PSoC5/cyfitter_cfg.c **** 
 147:.\Generated_Source\PSoC5/cyfitter_cfg.c **** 	/* Configure PLL based on settings from Clock DWR */
 148:.\Generated_Source\PSoC5/cyfitter_cfg.c **** 	CY_SET_XTND_REG16((void CYFAR *)(CYREG_FASTCLK_PLL_P), 0x0008u);
 179              		.loc 1 148 0
 180 0046 44F22223 		movw	r3, #:lower16:1073758754
 181 004a C4F20003 		movt	r3, #:upper16:1073758754
 182 004e 4FF00802 		mov	r2, #8
 183 0052 1A80     		strh	r2, [r3, #0]	@ movhi
 149:.\Generated_Source\PSoC5/cyfitter_cfg.c **** 	CY_SET_XTND_REG16((void CYFAR *)(CYREG_FASTCLK_PLL_CFG0), 0x1051u);
 184              		.loc 1 149 0
 185 0054 44F22023 		movw	r3, #:lower16:1073758752
 186 0058 C4F20003 		movt	r3, #:upper16:1073758752
 187 005c 41F25102 		movw	r2, #4177
 188 0060 1A80     		strh	r2, [r3, #0]	@ movhi
 150:.\Generated_Source\PSoC5/cyfitter_cfg.c **** 	/* Wait up to 250us for the PLL to lock */
ARM GAS  C:\Users\Leeb\AppData\Local\Temp\cco5bRNi.s 			page 7


 151:.\Generated_Source\PSoC5/cyfitter_cfg.c **** 	pllLock = 0u;
 189              		.loc 1 151 0
 190 0062 4FF00003 		mov	r3, #0
 191 0066 FB71     		strb	r3, [r7, #7]
 152:.\Generated_Source\PSoC5/cyfitter_cfg.c **** 	for (timeout = 250u / 10u; (timeout > 0u) && (pllLock != 0x03u); timeout--) { 
 192              		.loc 1 152 0
 193 0068 4FF01903 		mov	r3, #25
 194 006c 3B60     		str	r3, [r7, #0]
 195 006e 19E0     		b	.L8
 196              	.L10:
 153:.\Generated_Source\PSoC5/cyfitter_cfg.c **** 		pllLock = 0x03u & ((uint8)((uint8)pllLock << 1) | ((CY_GET_XTND_REG8((void CYFAR *)CYREG_FASTCLK_
 197              		.loc 1 153 0
 198 0070 FB79     		ldrb	r3, [r7, #7]
 199 0072 4FEA4303 		lsl	r3, r3, #1
 200 0076 DAB2     		uxtb	r2, r3
 201 0078 44F22523 		movw	r3, #:lower16:1073758757
 202 007c C4F20003 		movt	r3, #:upper16:1073758757
 203 0080 1B78     		ldrb	r3, [r3, #0]
 204 0082 DBB2     		uxtb	r3, r3
 205 0084 03F00103 		and	r3, r3, #1
 206 0088 42EA0303 		orr	r3, r2, r3
 207 008c DBB2     		uxtb	r3, r3
 208 008e 03F00303 		and	r3, r3, #3
 209 0092 FB71     		strb	r3, [r7, #7]
 154:.\Generated_Source\PSoC5/cyfitter_cfg.c **** 		CyDelayCycles(10u * 48u); /* Delay 10us based on 48MHz clock */
 210              		.loc 1 154 0
 211 0094 4FF4F070 		mov	r0, #480
 212 0098 FFF7FEFF 		bl	CyDelayCycles
 213              		.loc 1 152 0
 214 009c 3B68     		ldr	r3, [r7, #0]
 215 009e 03F1FF33 		add	r3, r3, #-1
 216 00a2 3B60     		str	r3, [r7, #0]
 217              	.L8:
 218 00a4 3B68     		ldr	r3, [r7, #0]
 219 00a6 002B     		cmp	r3, #0
 220 00a8 02D0     		beq	.L9
 221 00aa FB79     		ldrb	r3, [r7, #7]	@ zero_extendqisi2
 222 00ac 032B     		cmp	r3, #3
 223 00ae DFD1     		bne	.L10
 224              	.L9:
 155:.\Generated_Source\PSoC5/cyfitter_cfg.c **** 	}
 156:.\Generated_Source\PSoC5/cyfitter_cfg.c **** 
 157:.\Generated_Source\PSoC5/cyfitter_cfg.c **** 	/* Configure Bus/Master Clock based on settings from Clock DWR */
 158:.\Generated_Source\PSoC5/cyfitter_cfg.c **** 	CY_SET_XTND_REG16((void CYFAR *)(CYREG_CLKDIST_MSTR0), 0x0100u);
 225              		.loc 1 158 0
 226 00b0 44F20403 		movw	r3, #:lower16:1073758212
 227 00b4 C4F20003 		movt	r3, #:upper16:1073758212
 228 00b8 4FF48072 		mov	r2, #256
 229 00bc 1A80     		strh	r2, [r3, #0]	@ movhi
 159:.\Generated_Source\PSoC5/cyfitter_cfg.c **** 	CY_SET_XTND_REG8((void CYFAR *)(CYREG_CLKDIST_MSTR0), 0x07u);
 230              		.loc 1 159 0
 231 00be 44F20403 		movw	r3, #:lower16:1073758212
 232 00c2 C4F20003 		movt	r3, #:upper16:1073758212
 233 00c6 4FF00702 		mov	r2, #7
 234 00ca 1A70     		strb	r2, [r3, #0]
 160:.\Generated_Source\PSoC5/cyfitter_cfg.c **** 	CY_SET_XTND_REG8((void CYFAR *)(CYREG_CLKDIST_BCFG0), 0x00u);
 235              		.loc 1 160 0
ARM GAS  C:\Users\Leeb\AppData\Local\Temp\cco5bRNi.s 			page 8


 236 00cc 44F20603 		movw	r3, #:lower16:1073758214
 237 00d0 C4F20003 		movt	r3, #:upper16:1073758214
 238 00d4 4FF00002 		mov	r2, #0
 239 00d8 1A70     		strb	r2, [r3, #0]
 161:.\Generated_Source\PSoC5/cyfitter_cfg.c **** 	CY_SET_XTND_REG8((void CYFAR *)(CYREG_CLKDIST_BCFG2), 0x48u);
 240              		.loc 1 161 0
 241 00da 44F20803 		movw	r3, #:lower16:1073758216
 242 00de C4F20003 		movt	r3, #:upper16:1073758216
 243 00e2 4FF04802 		mov	r2, #72
 244 00e6 1A70     		strb	r2, [r3, #0]
 162:.\Generated_Source\PSoC5/cyfitter_cfg.c **** 	CY_SET_XTND_REG8((void CYFAR *)(CYREG_CLKDIST_MSTR0), 0x00u);
 245              		.loc 1 162 0
 246 00e8 44F20403 		movw	r3, #:lower16:1073758212
 247 00ec C4F20003 		movt	r3, #:upper16:1073758212
 248 00f0 4FF00002 		mov	r2, #0
 249 00f4 1A70     		strb	r2, [r3, #0]
 163:.\Generated_Source\PSoC5/cyfitter_cfg.c **** 	CY_SET_XTND_REG8((void CYFAR *)(CYREG_CLKDIST_LD), 0x02u);
 250              		.loc 1 163 0
 251 00f6 44F20103 		movw	r3, #:lower16:1073758209
 252 00fa C4F20003 		movt	r3, #:upper16:1073758209
 253 00fe 4FF00202 		mov	r2, #2
 254 0102 1A70     		strb	r2, [r3, #0]
 164:.\Generated_Source\PSoC5/cyfitter_cfg.c **** }
 255              		.loc 1 164 0
 256 0104 07F10807 		add	r7, r7, #8
 257 0108 BD46     		mov	sp, r7
 258 010a 80BD     		pop	{r7, pc}
 259              		.cfi_endproc
 260              	.LFE3:
 261              		.size	ClockSetup, .-ClockSetup
 262              		.section	.text.AnalogSetDefault,"ax",%progbits
 263              		.align	2
 264              		.thumb
 265              		.thumb_func
 266              		.type	AnalogSetDefault, %function
 267              	AnalogSetDefault:
 268              	.LFB4:
 165:.\Generated_Source\PSoC5/cyfitter_cfg.c **** 
 166:.\Generated_Source\PSoC5/cyfitter_cfg.c **** 
 167:.\Generated_Source\PSoC5/cyfitter_cfg.c **** /* Analog API Functions */
 168:.\Generated_Source\PSoC5/cyfitter_cfg.c **** 
 169:.\Generated_Source\PSoC5/cyfitter_cfg.c **** 
 170:.\Generated_Source\PSoC5/cyfitter_cfg.c **** /*******************************************************************************
 171:.\Generated_Source\PSoC5/cyfitter_cfg.c **** * Function Name: AnalogSetDefault
 172:.\Generated_Source\PSoC5/cyfitter_cfg.c **** ********************************************************************************
 173:.\Generated_Source\PSoC5/cyfitter_cfg.c **** *
 174:.\Generated_Source\PSoC5/cyfitter_cfg.c **** * Summary:
 175:.\Generated_Source\PSoC5/cyfitter_cfg.c **** *  Sets up the analog portions of the chip to default values based on chip
 176:.\Generated_Source\PSoC5/cyfitter_cfg.c **** *  configuration options from the project.
 177:.\Generated_Source\PSoC5/cyfitter_cfg.c **** *
 178:.\Generated_Source\PSoC5/cyfitter_cfg.c **** * Parameters:
 179:.\Generated_Source\PSoC5/cyfitter_cfg.c **** *  void
 180:.\Generated_Source\PSoC5/cyfitter_cfg.c **** *
 181:.\Generated_Source\PSoC5/cyfitter_cfg.c **** * Return:
 182:.\Generated_Source\PSoC5/cyfitter_cfg.c **** *  void
 183:.\Generated_Source\PSoC5/cyfitter_cfg.c **** *
 184:.\Generated_Source\PSoC5/cyfitter_cfg.c **** *******************************************************************************/
ARM GAS  C:\Users\Leeb\AppData\Local\Temp\cco5bRNi.s 			page 9


 185:.\Generated_Source\PSoC5/cyfitter_cfg.c **** static void AnalogSetDefault(void);
 186:.\Generated_Source\PSoC5/cyfitter_cfg.c **** static void AnalogSetDefault(void)
 187:.\Generated_Source\PSoC5/cyfitter_cfg.c **** {
 269              		.loc 1 187 0
 270              		.cfi_startproc
 271              		@ args = 0, pretend = 0, frame = 8
 272              		@ frame_needed = 1, uses_anonymous_args = 0
 273              		@ link register save eliminated.
 274 0000 80B4     		push	{r7}
 275              	.LCFI12:
 276              		.cfi_def_cfa_offset 4
 277 0002 83B0     		sub	sp, sp, #12
 278              	.LCFI13:
 279              		.cfi_def_cfa_offset 16
 280 0004 00AF     		add	r7, sp, #0
 281              		.cfi_offset 7, -4
 282              	.LCFI14:
 283              		.cfi_def_cfa_register 7
 188:.\Generated_Source\PSoC5/cyfitter_cfg.c **** 	uint8 bg_xover_inl_trim = CY_GET_XTND_REG8((void CYFAR *)(CYREG_FLSHID_MFG_CFG_BG_XOVER_INL_TRIM +
 284              		.loc 1 188 0
 285 0006 40F2CF13 		movw	r3, #:lower16:1224737231
 286 000a C4F60013 		movt	r3, #:upper16:1224737231
 287 000e 1B78     		ldrb	r3, [r3, #0]
 288 0010 FB71     		strb	r3, [r7, #7]
 189:.\Generated_Source\PSoC5/cyfitter_cfg.c **** 	CY_SET_XTND_REG8((void CYFAR *)CYREG_BG_DFT0, bg_xover_inl_trim & 0x07u);
 289              		.loc 1 189 0
 290 0012 45F66E03 		movw	r3, #:lower16:1073764462
 291 0016 C4F20003 		movt	r3, #:upper16:1073764462
 292 001a FA79     		ldrb	r2, [r7, #7]	@ zero_extendqisi2
 293 001c 02F00702 		and	r2, r2, #7
 294 0020 1A70     		strb	r2, [r3, #0]
 190:.\Generated_Source\PSoC5/cyfitter_cfg.c **** 	CY_SET_XTND_REG8((void CYFAR *)CYREG_BG_DFT1, ((uint8)((uint8)bg_xover_inl_trim >> 4)) & 0x0Fu);
 295              		.loc 1 190 0
 296 0022 45F66F03 		movw	r3, #:lower16:1073764463
 297 0026 C4F20003 		movt	r3, #:upper16:1073764463
 298 002a FA79     		ldrb	r2, [r7, #7]	@ zero_extendqisi2
 299 002c 4FEA1212 		lsr	r2, r2, #4
 300 0030 D2B2     		uxtb	r2, r2
 301 0032 1A70     		strb	r2, [r3, #0]
 191:.\Generated_Source\PSoC5/cyfitter_cfg.c **** 	CY_SET_XTND_REG8((void CYFAR *)CYREG_PUMP_CR0, 0x44u);
 302              		.loc 1 191 0
 303 0034 45F67603 		movw	r3, #:lower16:1073764470
 304 0038 C4F20003 		movt	r3, #:upper16:1073764470
 305 003c 4FF04402 		mov	r2, #68
 306 0040 1A70     		strb	r2, [r3, #0]
 192:.\Generated_Source\PSoC5/cyfitter_cfg.c **** }
 307              		.loc 1 192 0
 308 0042 07F10C07 		add	r7, r7, #12
 309 0046 BD46     		mov	sp, r7
 310 0048 80BC     		pop	{r7}
 311 004a 7047     		bx	lr
 312              		.cfi_endproc
 313              	.LFE4:
 314              		.size	AnalogSetDefault, .-AnalogSetDefault
 315              		.section	.text.SetAnalogRoutingPumps,"ax",%progbits
 316              		.align	2
 317              		.global	SetAnalogRoutingPumps
ARM GAS  C:\Users\Leeb\AppData\Local\Temp\cco5bRNi.s 			page 10


 318              		.thumb
 319              		.thumb_func
 320              		.type	SetAnalogRoutingPumps, %function
 321              	SetAnalogRoutingPumps:
 322              	.LFB5:
 193:.\Generated_Source\PSoC5/cyfitter_cfg.c **** 
 194:.\Generated_Source\PSoC5/cyfitter_cfg.c **** 
 195:.\Generated_Source\PSoC5/cyfitter_cfg.c **** /*******************************************************************************
 196:.\Generated_Source\PSoC5/cyfitter_cfg.c **** * Function Name: SetAnalogRoutingPumps
 197:.\Generated_Source\PSoC5/cyfitter_cfg.c **** ********************************************************************************
 198:.\Generated_Source\PSoC5/cyfitter_cfg.c **** *
 199:.\Generated_Source\PSoC5/cyfitter_cfg.c **** * Summary:
 200:.\Generated_Source\PSoC5/cyfitter_cfg.c **** * Enables or disables the analog pumps feeding analog routing switches.
 201:.\Generated_Source\PSoC5/cyfitter_cfg.c **** * Intended to be called at startup, based on the Vdda system configuration;
 202:.\Generated_Source\PSoC5/cyfitter_cfg.c **** * may be called during operation when the user informs us that the Vdda voltage
 203:.\Generated_Source\PSoC5/cyfitter_cfg.c **** * crossed the pump threshold.
 204:.\Generated_Source\PSoC5/cyfitter_cfg.c **** *
 205:.\Generated_Source\PSoC5/cyfitter_cfg.c **** * Parameters:
 206:.\Generated_Source\PSoC5/cyfitter_cfg.c **** *  enabled - 1 to enable the pumps, 0 to disable the pumps
 207:.\Generated_Source\PSoC5/cyfitter_cfg.c **** *
 208:.\Generated_Source\PSoC5/cyfitter_cfg.c **** * Return:
 209:.\Generated_Source\PSoC5/cyfitter_cfg.c **** *  void
 210:.\Generated_Source\PSoC5/cyfitter_cfg.c **** *
 211:.\Generated_Source\PSoC5/cyfitter_cfg.c **** *******************************************************************************/
 212:.\Generated_Source\PSoC5/cyfitter_cfg.c **** void SetAnalogRoutingPumps(uint8 enabled)
 213:.\Generated_Source\PSoC5/cyfitter_cfg.c **** {
 323              		.loc 1 213 0
 324              		.cfi_startproc
 325              		@ args = 0, pretend = 0, frame = 16
 326              		@ frame_needed = 1, uses_anonymous_args = 0
 327              		@ link register save eliminated.
 328 0000 80B4     		push	{r7}
 329              	.LCFI15:
 330              		.cfi_def_cfa_offset 4
 331 0002 85B0     		sub	sp, sp, #20
 332              	.LCFI16:
 333              		.cfi_def_cfa_offset 24
 334 0004 00AF     		add	r7, sp, #0
 335              		.cfi_offset 7, -4
 336              	.LCFI17:
 337              		.cfi_def_cfa_register 7
 338 0006 0346     		mov	r3, r0
 339 0008 FB71     		strb	r3, [r7, #7]
 214:.\Generated_Source\PSoC5/cyfitter_cfg.c **** 	uint8 regValue = CY_GET_XTND_REG8((void CYFAR *)CYREG_PUMP_CR0);
 340              		.loc 1 214 0
 341 000a 45F67603 		movw	r3, #:lower16:1073764470
 342 000e C4F20003 		movt	r3, #:upper16:1073764470
 343 0012 1B78     		ldrb	r3, [r3, #0]
 344 0014 FB73     		strb	r3, [r7, #15]
 215:.\Generated_Source\PSoC5/cyfitter_cfg.c **** 	if (enabled != 0u)
 345              		.loc 1 215 0
 346 0016 FB79     		ldrb	r3, [r7, #7]	@ zero_extendqisi2
 347 0018 002B     		cmp	r3, #0
 216:.\Generated_Source\PSoC5/cyfitter_cfg.c **** 	{
 217:.\Generated_Source\PSoC5/cyfitter_cfg.c **** 		regValue |= 0x00u;
 218:.\Generated_Source\PSoC5/cyfitter_cfg.c **** 	}
 219:.\Generated_Source\PSoC5/cyfitter_cfg.c **** 	else
ARM GAS  C:\Users\Leeb\AppData\Local\Temp\cco5bRNi.s 			page 11


 220:.\Generated_Source\PSoC5/cyfitter_cfg.c **** 	{
 221:.\Generated_Source\PSoC5/cyfitter_cfg.c **** 		regValue &= (uint8)~0x00u;
 222:.\Generated_Source\PSoC5/cyfitter_cfg.c **** 	}
 223:.\Generated_Source\PSoC5/cyfitter_cfg.c **** 	CY_SET_XTND_REG8((void CYFAR *)CYREG_PUMP_CR0, regValue);
 348              		.loc 1 223 0
 349 001a 45F67603 		movw	r3, #:lower16:1073764470
 350 001e C4F20003 		movt	r3, #:upper16:1073764470
 351 0022 FA7B     		ldrb	r2, [r7, #15]
 352 0024 1A70     		strb	r2, [r3, #0]
 224:.\Generated_Source\PSoC5/cyfitter_cfg.c **** }
 353              		.loc 1 224 0
 354 0026 07F11407 		add	r7, r7, #20
 355 002a BD46     		mov	sp, r7
 356 002c 80BC     		pop	{r7}
 357 002e 7047     		bx	lr
 358              		.cfi_endproc
 359              	.LFE5:
 360              		.size	SetAnalogRoutingPumps, .-SetAnalogRoutingPumps
 361              		.section	.text.cyfitter_cfg,"ax",%progbits
 362              		.align	2
 363              		.global	cyfitter_cfg
 364              		.thumb
 365              		.thumb_func
 366              		.type	cyfitter_cfg, %function
 367              	cyfitter_cfg:
 368              	.LFB6:
 225:.\Generated_Source\PSoC5/cyfitter_cfg.c **** 
 226:.\Generated_Source\PSoC5/cyfitter_cfg.c **** #define CY_AMUX_UNUSED CYREG_BOOST_SR
 227:.\Generated_Source\PSoC5/cyfitter_cfg.c **** 
 228:.\Generated_Source\PSoC5/cyfitter_cfg.c **** 
 229:.\Generated_Source\PSoC5/cyfitter_cfg.c **** /*******************************************************************************
 230:.\Generated_Source\PSoC5/cyfitter_cfg.c **** * Function Name: cyfitter_cfg
 231:.\Generated_Source\PSoC5/cyfitter_cfg.c **** ********************************************************************************
 232:.\Generated_Source\PSoC5/cyfitter_cfg.c **** * Summary:
 233:.\Generated_Source\PSoC5/cyfitter_cfg.c **** *  This function is called by the start-up code for the selected device. It
 234:.\Generated_Source\PSoC5/cyfitter_cfg.c **** *  performs all of the necessary device configuration based on the design
 235:.\Generated_Source\PSoC5/cyfitter_cfg.c **** *  settings.  This includes settings from the Design Wide Resources (DWR) such
 236:.\Generated_Source\PSoC5/cyfitter_cfg.c **** *  as Clocks and Pins as well as any component configuration that is necessary.
 237:.\Generated_Source\PSoC5/cyfitter_cfg.c **** *
 238:.\Generated_Source\PSoC5/cyfitter_cfg.c **** * Parameters:  
 239:.\Generated_Source\PSoC5/cyfitter_cfg.c **** *   void
 240:.\Generated_Source\PSoC5/cyfitter_cfg.c **** *
 241:.\Generated_Source\PSoC5/cyfitter_cfg.c **** * Return:
 242:.\Generated_Source\PSoC5/cyfitter_cfg.c **** *   void
 243:.\Generated_Source\PSoC5/cyfitter_cfg.c **** *
 244:.\Generated_Source\PSoC5/cyfitter_cfg.c **** *******************************************************************************/
 245:.\Generated_Source\PSoC5/cyfitter_cfg.c **** void cyfitter_cfg(void)
 246:.\Generated_Source\PSoC5/cyfitter_cfg.c **** {
 369              		.loc 1 246 0
 370              		.cfi_startproc
 371              		@ args = 0, pretend = 0, frame = 8
 372              		@ frame_needed = 1, uses_anonymous_args = 0
 373 0000 80B5     		push	{r7, lr}
 374              	.LCFI18:
 375              		.cfi_def_cfa_offset 8
 376 0002 82B0     		sub	sp, sp, #8
 377              	.LCFI19:
ARM GAS  C:\Users\Leeb\AppData\Local\Temp\cco5bRNi.s 			page 12


 378              		.cfi_def_cfa_offset 16
 379 0004 00AF     		add	r7, sp, #0
 380              		.cfi_offset 14, -4
 381              		.cfi_offset 7, -8
 382              	.LCFI20:
 383              		.cfi_def_cfa_register 7
 247:.\Generated_Source\PSoC5/cyfitter_cfg.c **** #ifdef CYGlobalIntDisable
 248:.\Generated_Source\PSoC5/cyfitter_cfg.c **** 	/* Disable interrupts by default. Let user enable if/when they want. */
 249:.\Generated_Source\PSoC5/cyfitter_cfg.c **** 	CYGlobalIntDisable
 384              		.loc 1 249 0
 385              	@ 249 ".\Generated_Source\PSoC5\cyfitter_cfg.c" 1
 386 0006 72B6     		CPSID   i
 387              	@ 0 "" 2
 250:.\Generated_Source\PSoC5/cyfitter_cfg.c **** #endif
 251:.\Generated_Source\PSoC5/cyfitter_cfg.c **** 
 252:.\Generated_Source\PSoC5/cyfitter_cfg.c **** 	/* Enable/Disable Debug functionality based on settings from System DWR */
 253:.\Generated_Source\PSoC5/cyfitter_cfg.c **** 	CY_SET_XTND_REG8((void CYFAR *)CYREG_MLOGIC_DEBUG, (CY_GET_XTND_REG8((void CYFAR *)CYREG_MLOGIC_DE
 388              		.loc 1 253 0
 389              		.thumb
 390 0008 44F2E863 		movw	r3, #:lower16:1073759976
 391 000c C4F20003 		movt	r3, #:upper16:1073759976
 392 0010 44F2E862 		movw	r2, #:lower16:1073759976
 393 0014 C4F20002 		movt	r2, #:upper16:1073759976
 394 0018 1278     		ldrb	r2, [r2, #0]
 395 001a D2B2     		uxtb	r2, r2
 396 001c 42F00402 		orr	r2, r2, #4
 397 0020 D2B2     		uxtb	r2, r2
 398 0022 1A70     		strb	r2, [r3, #0]
 399              	.LBB2:
 254:.\Generated_Source\PSoC5/cyfitter_cfg.c **** 
 255:.\Generated_Source\PSoC5/cyfitter_cfg.c **** 	{
 256:.\Generated_Source\PSoC5/cyfitter_cfg.c **** 
 257:.\Generated_Source\PSoC5/cyfitter_cfg.c **** 		typedef struct {
 258:.\Generated_Source\PSoC5/cyfitter_cfg.c **** 			void CYFAR *address;
 259:.\Generated_Source\PSoC5/cyfitter_cfg.c **** 			uint16 size;
 260:.\Generated_Source\PSoC5/cyfitter_cfg.c **** 		} CYPACKED cfg_memset_t;
 261:.\Generated_Source\PSoC5/cyfitter_cfg.c **** 
 262:.\Generated_Source\PSoC5/cyfitter_cfg.c **** 		static const cfg_memset_t CYCODE cfg_memset_list [] = {
 263:.\Generated_Source\PSoC5/cyfitter_cfg.c **** 			/* address, size */
 264:.\Generated_Source\PSoC5/cyfitter_cfg.c **** 			{(void CYFAR *)(CYREG_PRT0_DR), 80u},
 265:.\Generated_Source\PSoC5/cyfitter_cfg.c **** 			{(void CYFAR *)(CYREG_PRT6_DR), 16u},
 266:.\Generated_Source\PSoC5/cyfitter_cfg.c **** 			{(void CYFAR *)(CYREG_PRT15_DR), 16u},
 267:.\Generated_Source\PSoC5/cyfitter_cfg.c **** 			{(void CYFAR *)(CYDEV_UCFG_B0_P0_U0_BASE), 4096u},
 268:.\Generated_Source\PSoC5/cyfitter_cfg.c **** 			{(void CYFAR *)(CYDEV_UCFG_B1_P2_U0_BASE), 2048u},
 269:.\Generated_Source\PSoC5/cyfitter_cfg.c **** 			{(void CYFAR *)(CYDEV_UCFG_DSI0_BASE), 2560u},
 270:.\Generated_Source\PSoC5/cyfitter_cfg.c **** 			{(void CYFAR *)(CYDEV_UCFG_DSI12_BASE), 512u},
 271:.\Generated_Source\PSoC5/cyfitter_cfg.c **** 			{(void CYFAR *)(CYREG_BCTL0_MDCLK_EN), 32u},
 272:.\Generated_Source\PSoC5/cyfitter_cfg.c **** 		};
 273:.\Generated_Source\PSoC5/cyfitter_cfg.c **** 
 274:.\Generated_Source\PSoC5/cyfitter_cfg.c **** 		uint8 CYDATA i;
 275:.\Generated_Source\PSoC5/cyfitter_cfg.c **** 
 276:.\Generated_Source\PSoC5/cyfitter_cfg.c **** 		/* Zero out critical memory blocks before beginning configuration */
 277:.\Generated_Source\PSoC5/cyfitter_cfg.c **** 		for (i = 0u; i < (sizeof(cfg_memset_list)/sizeof(cfg_memset_list[0])); i++)
 400              		.loc 1 277 0
 401 0024 4FF00003 		mov	r3, #0
 402 0028 FB70     		strb	r3, [r7, #3]
 403 002a 2FE0     		b	.L19
ARM GAS  C:\Users\Leeb\AppData\Local\Temp\cco5bRNi.s 			page 13


 404              	.L20:
 405              	.LBB3:
 278:.\Generated_Source\PSoC5/cyfitter_cfg.c **** 		{
 279:.\Generated_Source\PSoC5/cyfitter_cfg.c **** 			const cfg_memset_t CYCODE * CYDATA ms = &cfg_memset_list[i];
 406              		.loc 1 279 0
 407 002c FA78     		ldrb	r2, [r7, #3]	@ zero_extendqisi2
 408 002e 1346     		mov	r3, r2
 409 0030 4FEA4303 		lsl	r3, r3, #1
 410 0034 1344     		add	r3, r3, r2
 411 0036 4FEA4303 		lsl	r3, r3, #1
 412 003a 1A46     		mov	r2, r3
 413 003c 40F20003 		movw	r3, #:lower16:cfg_memset_list.2034
 414 0040 C0F20003 		movt	r3, #:upper16:cfg_memset_list.2034
 415 0044 1344     		add	r3, r2, r3
 416 0046 7B60     		str	r3, [r7, #4]
 280:.\Generated_Source\PSoC5/cyfitter_cfg.c **** 			CYMEMZERO(ms->address, ms->size);
 417              		.loc 1 280 0
 418 0048 7B68     		ldr	r3, [r7, #4]
 419 004a 1A78     		ldrb	r2, [r3, #0]	@ zero_extendqisi2
 420 004c 5978     		ldrb	r1, [r3, #1]	@ zero_extendqisi2
 421 004e 4FEA0121 		lsl	r1, r1, #8
 422 0052 41EA0202 		orr	r2, r1, r2
 423 0056 9978     		ldrb	r1, [r3, #2]	@ zero_extendqisi2
 424 0058 4FEA0141 		lsl	r1, r1, #16
 425 005c 41EA0202 		orr	r2, r1, r2
 426 0060 DB78     		ldrb	r3, [r3, #3]	@ zero_extendqisi2
 427 0062 4FEA0363 		lsl	r3, r3, #24
 428 0066 43EA0203 		orr	r3, r3, r2
 429 006a 1A46     		mov	r2, r3
 430 006c 7B68     		ldr	r3, [r7, #4]
 431 006e 1979     		ldrb	r1, [r3, #4]	@ zero_extendqisi2
 432 0070 5B79     		ldrb	r3, [r3, #5]	@ zero_extendqisi2
 433 0072 4FEA0323 		lsl	r3, r3, #8
 434 0076 43EA0103 		orr	r3, r3, r1
 435 007a 9BB2     		uxth	r3, r3
 436 007c 1046     		mov	r0, r2
 437 007e 1946     		mov	r1, r3
 438 0080 FFF7FEFF 		bl	CYMEMZERO
 439              	.LBE3:
 440              		.loc 1 277 0
 441 0084 FB78     		ldrb	r3, [r7, #3]
 442 0086 03F10103 		add	r3, r3, #1
 443 008a FB70     		strb	r3, [r7, #3]
 444              	.L19:
 445 008c FB78     		ldrb	r3, [r7, #3]	@ zero_extendqisi2
 446 008e 072B     		cmp	r3, #7
 447 0090 CCD9     		bls	.L20
 281:.\Generated_Source\PSoC5/cyfitter_cfg.c **** 		}
 282:.\Generated_Source\PSoC5/cyfitter_cfg.c **** 
 283:.\Generated_Source\PSoC5/cyfitter_cfg.c **** 		/* Enable digital routing */
 284:.\Generated_Source\PSoC5/cyfitter_cfg.c **** 		CY_SET_XTND_REG8((void CYFAR *)CYREG_BCTL0_BANK_CTL, CY_GET_XTND_REG8((void CYFAR *)CYREG_BCTL0_B
 448              		.loc 1 284 0
 449 0092 45F20303 		movw	r3, #:lower16:1073827843
 450 0096 C4F20103 		movt	r3, #:upper16:1073827843
 451 009a 45F20302 		movw	r2, #:lower16:1073827843
 452 009e C4F20102 		movt	r2, #:upper16:1073827843
 453 00a2 1278     		ldrb	r2, [r2, #0]
ARM GAS  C:\Users\Leeb\AppData\Local\Temp\cco5bRNi.s 			page 14


 454 00a4 D2B2     		uxtb	r2, r2
 455 00a6 42F00202 		orr	r2, r2, #2
 456 00aa D2B2     		uxtb	r2, r2
 457 00ac 1A70     		strb	r2, [r3, #0]
 285:.\Generated_Source\PSoC5/cyfitter_cfg.c **** 		CY_SET_XTND_REG8((void CYFAR *)CYREG_BCTL1_BANK_CTL, CY_GET_XTND_REG8((void CYFAR *)CYREG_BCTL1_B
 458              		.loc 1 285 0
 459 00ae 45F21303 		movw	r3, #:lower16:1073827859
 460 00b2 C4F20103 		movt	r3, #:upper16:1073827859
 461 00b6 45F21302 		movw	r2, #:lower16:1073827859
 462 00ba C4F20102 		movt	r2, #:upper16:1073827859
 463 00be 1278     		ldrb	r2, [r2, #0]
 464 00c0 D2B2     		uxtb	r2, r2
 465 00c2 42F00202 		orr	r2, r2, #2
 466 00c6 D2B2     		uxtb	r2, r2
 467 00c8 1A70     		strb	r2, [r3, #0]
 286:.\Generated_Source\PSoC5/cyfitter_cfg.c **** 
 287:.\Generated_Source\PSoC5/cyfitter_cfg.c **** 		/* Enable UDB array */
 288:.\Generated_Source\PSoC5/cyfitter_cfg.c **** 		CY_SET_XTND_REG8((void CYFAR *)CYREG_PM_ACT_CFG0, CY_GET_XTND_REG8((void CYFAR *)CYREG_PM_ACT_CFG
 468              		.loc 1 288 0
 469 00ca 44F2A033 		movw	r3, #:lower16:1073759136
 470 00ce C4F20003 		movt	r3, #:upper16:1073759136
 471 00d2 44F2A032 		movw	r2, #:lower16:1073759136
 472 00d6 C4F20002 		movt	r2, #:upper16:1073759136
 473 00da 1278     		ldrb	r2, [r2, #0]
 474 00dc D2B2     		uxtb	r2, r2
 475 00de 42F04002 		orr	r2, r2, #64
 476 00e2 D2B2     		uxtb	r2, r2
 477 00e4 1A70     		strb	r2, [r3, #0]
 289:.\Generated_Source\PSoC5/cyfitter_cfg.c **** 		CY_SET_XTND_REG8((void CYFAR *)CYREG_PM_AVAIL_CR2, CY_GET_XTND_REG8((void CYFAR *)CYREG_PM_AVAIL_
 478              		.loc 1 289 0
 479 00e6 44F2C233 		movw	r3, #:lower16:1073759170
 480 00ea C4F20003 		movt	r3, #:upper16:1073759170
 481 00ee 44F2C232 		movw	r2, #:lower16:1073759170
 482 00f2 C4F20002 		movt	r2, #:upper16:1073759170
 483 00f6 1278     		ldrb	r2, [r2, #0]
 484 00f8 D2B2     		uxtb	r2, r2
 485 00fa 42F01002 		orr	r2, r2, #16
 486 00fe D2B2     		uxtb	r2, r2
 487 0100 1A70     		strb	r2, [r3, #0]
 488              	.LBE2:
 290:.\Generated_Source\PSoC5/cyfitter_cfg.c **** 	}
 291:.\Generated_Source\PSoC5/cyfitter_cfg.c **** 
 292:.\Generated_Source\PSoC5/cyfitter_cfg.c **** 	/* Perform second pass device configuration. These items must be configured in specific order afte
 293:.\Generated_Source\PSoC5/cyfitter_cfg.c **** 	CYCONFIGCPY((void CYFAR *)(CYREG_PRT12_DM0), (const void CYFAR *)(BS_IOPINS0_7_VAL), 8u);
 489              		.loc 1 293 0
 490 0102 45F2C210 		movw	r0, #:lower16:1073762754
 491 0106 C4F20000 		movt	r0, #:upper16:1073762754
 492 010a 4FF09041 		mov	r1, #1207959552
 493 010e 4FF00802 		mov	r2, #8
 494 0112 FFF7FEFF 		bl	CYCONFIGCPY
 294:.\Generated_Source\PSoC5/cyfitter_cfg.c **** 	CYCONFIGCPY((void CYFAR *)(CYREG_PRT5_DM0), (const void CYFAR *)(BS_IOPINS0_5_VAL), 8u);
 495              		.loc 1 294 0
 496 0116 45F25210 		movw	r0, #:lower16:1073762642
 497 011a C4F20000 		movt	r0, #:upper16:1073762642
 498 011e 40F20801 		movw	r1, #:lower16:1207959560
 499 0122 C4F60001 		movt	r1, #:upper16:1207959560
 500 0126 4FF00802 		mov	r2, #8
ARM GAS  C:\Users\Leeb\AppData\Local\Temp\cco5bRNi.s 			page 15


 501 012a FFF7FEFF 		bl	CYCONFIGCPY
 295:.\Generated_Source\PSoC5/cyfitter_cfg.c **** 
 296:.\Generated_Source\PSoC5/cyfitter_cfg.c **** 	/* Switch Boost to the precision bandgap reference from its internal reference */
 297:.\Generated_Source\PSoC5/cyfitter_cfg.c **** 	CY_SET_REG8((void CYXDATA *)CYDEV_BOOST_CR2, (CY_GET_REG8((void CYXDATA *)CYDEV_BOOST_CR2) | 0x08u
 502              		.loc 1 297 0
 503 012e 44F22233 		movw	r3, #:lower16:1073759010
 504 0132 C4F20003 		movt	r3, #:upper16:1073759010
 505 0136 44F22232 		movw	r2, #:lower16:1073759010
 506 013a C4F20002 		movt	r2, #:upper16:1073759010
 507 013e 1278     		ldrb	r2, [r2, #0]
 508 0140 D2B2     		uxtb	r2, r2
 509 0142 42F00802 		orr	r2, r2, #8
 510 0146 D2B2     		uxtb	r2, r2
 511 0148 1A70     		strb	r2, [r3, #0]
 298:.\Generated_Source\PSoC5/cyfitter_cfg.c **** 
 299:.\Generated_Source\PSoC5/cyfitter_cfg.c **** 	/* Set Flash Cycles based on max possible frequency in case a glitch occurs during ClockSetup(). *
 300:.\Generated_Source\PSoC5/cyfitter_cfg.c **** 	CY_SET_XTND_REG8((void CYFAR *)(CYREG_CACHE_CC_CTL), (((CYDEV_INSTRUCT_CACHE_ENABLED) != 0) ? 0x01
 512              		.loc 1 300 0
 513 014a 44F60003 		movw	r3, #:lower16:1073760256
 514 014e C4F20003 		movt	r3, #:upper16:1073760256
 515 0152 4FF00102 		mov	r2, #1
 516 0156 1A70     		strb	r2, [r3, #0]
 301:.\Generated_Source\PSoC5/cyfitter_cfg.c **** 	/* Setup clocks based on selections from Clock DWR */
 302:.\Generated_Source\PSoC5/cyfitter_cfg.c **** 	ClockSetup();
 517              		.loc 1 302 0
 518 0158 FFF7FEFF 		bl	ClockSetup
 303:.\Generated_Source\PSoC5/cyfitter_cfg.c **** 	/* Set Flash Cycles based on newly configured 24.00MHz Bus Clock. */
 304:.\Generated_Source\PSoC5/cyfitter_cfg.c **** 	CY_SET_XTND_REG8((void CYFAR *)(CYREG_CACHE_CC_CTL), (((CYDEV_INSTRUCT_CACHE_ENABLED) != 0) ? 0x81
 519              		.loc 1 304 0
 520 015c 44F60003 		movw	r3, #:lower16:1073760256
 521 0160 C4F20003 		movt	r3, #:upper16:1073760256
 522 0164 6FF07E02 		mvn	r2, #126
 523 0168 1A70     		strb	r2, [r3, #0]
 305:.\Generated_Source\PSoC5/cyfitter_cfg.c **** 	CY_SET_XTND_REG8((void CYFAR *)(CYREG_PANTHER_WAITPIPE), 0x01u);
 524              		.loc 1 305 0
 525 016a 40F20403 		movw	r3, #:lower16:1074266116
 526 016e C4F20803 		movt	r3, #:upper16:1074266116
 527 0172 4FF00102 		mov	r2, #1
 528 0176 1A70     		strb	r2, [r3, #0]
 306:.\Generated_Source\PSoC5/cyfitter_cfg.c **** 
 307:.\Generated_Source\PSoC5/cyfitter_cfg.c **** 	/* Perform basic analog initialization to defaults */
 308:.\Generated_Source\PSoC5/cyfitter_cfg.c **** 	AnalogSetDefault();
 529              		.loc 1 308 0
 530 0178 FFF7FEFF 		bl	AnalogSetDefault
 309:.\Generated_Source\PSoC5/cyfitter_cfg.c **** 
 310:.\Generated_Source\PSoC5/cyfitter_cfg.c **** 	/* Configure alternate active mode */
 311:.\Generated_Source\PSoC5/cyfitter_cfg.c **** 	CYCONFIGCPY((void CYFAR *)CYDEV_PM_STBY_BASE, (const void CYFAR *)CYDEV_PM_ACT_BASE, 14u);
 531              		.loc 1 311 0
 532 017c 44F2B030 		movw	r0, #:lower16:1073759152
 533 0180 C4F20000 		movt	r0, #:upper16:1073759152
 534 0184 44F2A031 		movw	r1, #:lower16:1073759136
 535 0188 C4F20001 		movt	r1, #:upper16:1073759136
 536 018c 4FF00E02 		mov	r2, #14
 537 0190 FFF7FEFF 		bl	CYCONFIGCPY
 312:.\Generated_Source\PSoC5/cyfitter_cfg.c **** }
 538              		.loc 1 312 0
 539 0194 07F10807 		add	r7, r7, #8
ARM GAS  C:\Users\Leeb\AppData\Local\Temp\cco5bRNi.s 			page 16


 540 0198 BD46     		mov	sp, r7
 541 019a 80BD     		pop	{r7, pc}
 542              		.cfi_endproc
 543              	.LFE6:
 544              		.size	cyfitter_cfg, .-cyfitter_cfg
 545              		.section	.rodata
 546              		.align	2
 547              		.type	cfg_memset_list.2034, %object
 548              		.size	cfg_memset_list.2034, 48
 549              	cfg_memset_list.2034:
 550 0000 00510040 		.word	1073762560
 551 0004 5000     		.short	80
 552 0006 60510040 		.4byte	1073762656
 553 000a 1000     		.short	16
 554 000c F0510040 		.word	1073762800
 555 0010 1000     		.short	16
 556 0012 00000140 		.4byte	1073807360
 557 0016 0010     		.short	4096
 558 0018 00140140 		.word	1073812480
 559 001c 0008     		.short	2048
 560 001e 00400140 		.4byte	1073823744
 561 0022 000A     		.short	2560
 562 0024 004C0140 		.word	1073826816
 563 0028 0002     		.short	512
 564 002a 00500140 		.4byte	1073827840
 565 002e 2000     		.short	32
 566              		.text
 567              	.Letext0:
 568              		.section	.debug_loc,"",%progbits
 569              	.Ldebug_loc0:
 570              	.LLST0:
 571 0000 00000000 		.4byte	.LFB0
 572 0004 02000000 		.4byte	.LCFI0
 573 0008 0100     		.2byte	0x1
 574 000a 5D       		.byte	0x5d
 575 000b 02000000 		.4byte	.LCFI0
 576 000f 04000000 		.4byte	.LCFI1
 577 0013 0200     		.2byte	0x2
 578 0015 7D       		.byte	0x7d
 579 0016 08       		.sleb128 8
 580 0017 04000000 		.4byte	.LCFI1
 581 001b 06000000 		.4byte	.LCFI2
 582 001f 0200     		.2byte	0x2
 583 0021 7D       		.byte	0x7d
 584 0022 10       		.sleb128 16
 585 0023 06000000 		.4byte	.LCFI2
 586 0027 1E000000 		.4byte	.LFE0
 587 002b 0200     		.2byte	0x2
 588 002d 77       		.byte	0x77
 589 002e 10       		.sleb128 16
 590 002f 00000000 		.4byte	0x0
 591 0033 00000000 		.4byte	0x0
 592              	.LLST1:
 593 0037 00000000 		.4byte	.LFB1
 594 003b 02000000 		.4byte	.LCFI3
 595 003f 0100     		.2byte	0x1
 596 0041 5D       		.byte	0x5d
ARM GAS  C:\Users\Leeb\AppData\Local\Temp\cco5bRNi.s 			page 17


 597 0042 02000000 		.4byte	.LCFI3
 598 0046 04000000 		.4byte	.LCFI4
 599 004a 0200     		.2byte	0x2
 600 004c 7D       		.byte	0x7d
 601 004d 08       		.sleb128 8
 602 004e 04000000 		.4byte	.LCFI4
 603 0052 06000000 		.4byte	.LCFI5
 604 0056 0200     		.2byte	0x2
 605 0058 7D       		.byte	0x7d
 606 0059 18       		.sleb128 24
 607 005a 06000000 		.4byte	.LCFI5
 608 005e 1E000000 		.4byte	.LFE1
 609 0062 0200     		.2byte	0x2
 610 0064 77       		.byte	0x77
 611 0065 18       		.sleb128 24
 612 0066 00000000 		.4byte	0x0
 613 006a 00000000 		.4byte	0x0
 614              	.LLST2:
 615 006e 00000000 		.4byte	.LFB2
 616 0072 02000000 		.4byte	.LCFI6
 617 0076 0100     		.2byte	0x1
 618 0078 5D       		.byte	0x5d
 619 0079 02000000 		.4byte	.LCFI6
 620 007d 04000000 		.4byte	.LCFI7
 621 0081 0200     		.2byte	0x2
 622 0083 7D       		.byte	0x7d
 623 0084 08       		.sleb128 8
 624 0085 04000000 		.4byte	.LCFI7
 625 0089 06000000 		.4byte	.LCFI8
 626 008d 0200     		.2byte	0x2
 627 008f 7D       		.byte	0x7d
 628 0090 18       		.sleb128 24
 629 0091 06000000 		.4byte	.LCFI8
 630 0095 1E000000 		.4byte	.LFE2
 631 0099 0200     		.2byte	0x2
 632 009b 77       		.byte	0x77
 633 009c 18       		.sleb128 24
 634 009d 00000000 		.4byte	0x0
 635 00a1 00000000 		.4byte	0x0
 636              	.LLST3:
 637 00a5 00000000 		.4byte	.LFB3
 638 00a9 02000000 		.4byte	.LCFI9
 639 00ad 0100     		.2byte	0x1
 640 00af 5D       		.byte	0x5d
 641 00b0 02000000 		.4byte	.LCFI9
 642 00b4 04000000 		.4byte	.LCFI10
 643 00b8 0200     		.2byte	0x2
 644 00ba 7D       		.byte	0x7d
 645 00bb 08       		.sleb128 8
 646 00bc 04000000 		.4byte	.LCFI10
 647 00c0 06000000 		.4byte	.LCFI11
 648 00c4 0200     		.2byte	0x2
 649 00c6 7D       		.byte	0x7d
 650 00c7 10       		.sleb128 16
 651 00c8 06000000 		.4byte	.LCFI11
 652 00cc 0C010000 		.4byte	.LFE3
 653 00d0 0200     		.2byte	0x2
ARM GAS  C:\Users\Leeb\AppData\Local\Temp\cco5bRNi.s 			page 18


 654 00d2 77       		.byte	0x77
 655 00d3 10       		.sleb128 16
 656 00d4 00000000 		.4byte	0x0
 657 00d8 00000000 		.4byte	0x0
 658              	.LLST4:
 659 00dc 00000000 		.4byte	.LFB4
 660 00e0 02000000 		.4byte	.LCFI12
 661 00e4 0100     		.2byte	0x1
 662 00e6 5D       		.byte	0x5d
 663 00e7 02000000 		.4byte	.LCFI12
 664 00eb 04000000 		.4byte	.LCFI13
 665 00ef 0200     		.2byte	0x2
 666 00f1 7D       		.byte	0x7d
 667 00f2 04       		.sleb128 4
 668 00f3 04000000 		.4byte	.LCFI13
 669 00f7 06000000 		.4byte	.LCFI14
 670 00fb 0200     		.2byte	0x2
 671 00fd 7D       		.byte	0x7d
 672 00fe 10       		.sleb128 16
 673 00ff 06000000 		.4byte	.LCFI14
 674 0103 4C000000 		.4byte	.LFE4
 675 0107 0200     		.2byte	0x2
 676 0109 77       		.byte	0x77
 677 010a 10       		.sleb128 16
 678 010b 00000000 		.4byte	0x0
 679 010f 00000000 		.4byte	0x0
 680              	.LLST5:
 681 0113 00000000 		.4byte	.LFB5
 682 0117 02000000 		.4byte	.LCFI15
 683 011b 0100     		.2byte	0x1
 684 011d 5D       		.byte	0x5d
 685 011e 02000000 		.4byte	.LCFI15
 686 0122 04000000 		.4byte	.LCFI16
 687 0126 0200     		.2byte	0x2
 688 0128 7D       		.byte	0x7d
 689 0129 04       		.sleb128 4
 690 012a 04000000 		.4byte	.LCFI16
 691 012e 06000000 		.4byte	.LCFI17
 692 0132 0200     		.2byte	0x2
 693 0134 7D       		.byte	0x7d
 694 0135 18       		.sleb128 24
 695 0136 06000000 		.4byte	.LCFI17
 696 013a 30000000 		.4byte	.LFE5
 697 013e 0200     		.2byte	0x2
 698 0140 77       		.byte	0x77
 699 0141 18       		.sleb128 24
 700 0142 00000000 		.4byte	0x0
 701 0146 00000000 		.4byte	0x0
 702              	.LLST6:
 703 014a 00000000 		.4byte	.LFB6
 704 014e 02000000 		.4byte	.LCFI18
 705 0152 0100     		.2byte	0x1
 706 0154 5D       		.byte	0x5d
 707 0155 02000000 		.4byte	.LCFI18
 708 0159 04000000 		.4byte	.LCFI19
 709 015d 0200     		.2byte	0x2
 710 015f 7D       		.byte	0x7d
ARM GAS  C:\Users\Leeb\AppData\Local\Temp\cco5bRNi.s 			page 19


 711 0160 08       		.sleb128 8
 712 0161 04000000 		.4byte	.LCFI19
 713 0165 06000000 		.4byte	.LCFI20
 714 0169 0200     		.2byte	0x2
 715 016b 7D       		.byte	0x7d
 716 016c 10       		.sleb128 16
 717 016d 06000000 		.4byte	.LCFI20
 718 0171 9C010000 		.4byte	.LFE6
 719 0175 0200     		.2byte	0x2
 720 0177 77       		.byte	0x77
 721 0178 10       		.sleb128 16
 722 0179 00000000 		.4byte	0x0
 723 017d 00000000 		.4byte	0x0
 724              		.file 2 "c:\\program files (x86)\\cypress\\psoc creator\\2.2\\psoc creator\\import\\gnu_cs\\arm\\4
 725              		.file 3 "./Generated_Source/PSoC5/cytypes.h"
 726              		.section	.debug_info
 727 0000 AD020000 		.4byte	0x2ad
 728 0004 0200     		.2byte	0x2
 729 0006 00000000 		.4byte	.Ldebug_abbrev0
 730 000a 04       		.byte	0x4
 731 000b 01       		.uleb128 0x1
 732 000c 57010000 		.4byte	.LASF33
 733 0010 01       		.byte	0x1
 734 0011 75010000 		.4byte	.LASF34
 735 0015 E5000000 		.4byte	.LASF35
 736 0019 00000000 		.4byte	0x0
 737 001d 00000000 		.4byte	0x0
 738 0021 00000000 		.4byte	.Ldebug_ranges0+0x0
 739 0025 00000000 		.4byte	.Ldebug_line0
 740 0029 02       		.uleb128 0x2
 741 002a 01       		.byte	0x1
 742 002b 06       		.byte	0x6
 743 002c BD010000 		.4byte	.LASF0
 744 0030 02       		.uleb128 0x2
 745 0031 01       		.byte	0x1
 746 0032 08       		.byte	0x8
 747 0033 BC000000 		.4byte	.LASF1
 748 0037 02       		.uleb128 0x2
 749 0038 02       		.byte	0x2
 750 0039 05       		.byte	0x5
 751 003a 6B010000 		.4byte	.LASF2
 752 003e 02       		.uleb128 0x2
 753 003f 02       		.byte	0x2
 754 0040 07       		.byte	0x7
 755 0041 51000000 		.4byte	.LASF3
 756 0045 03       		.uleb128 0x3
 757 0046 04       		.byte	0x4
 758 0047 05       		.byte	0x5
 759 0048 696E7400 		.ascii	"int\000"
 760 004c 02       		.uleb128 0x2
 761 004d 04       		.byte	0x4
 762 004e 07       		.byte	0x7
 763 004f 1E010000 		.4byte	.LASF4
 764 0053 02       		.uleb128 0x2
 765 0054 08       		.byte	0x8
 766 0055 05       		.byte	0x5
 767 0056 00000000 		.4byte	.LASF5
ARM GAS  C:\Users\Leeb\AppData\Local\Temp\cco5bRNi.s 			page 20


 768 005a 02       		.uleb128 0x2
 769 005b 08       		.byte	0x8
 770 005c 07       		.byte	0x7
 771 005d 33010000 		.4byte	.LASF6
 772 0061 02       		.uleb128 0x2
 773 0062 04       		.byte	0x4
 774 0063 05       		.byte	0x5
 775 0064 9D010000 		.4byte	.LASF7
 776 0068 04       		.uleb128 0x4
 777 0069 04       		.byte	0x4
 778 006a 07       		.byte	0x7
 779 006b 05       		.uleb128 0x5
 780 006c 04       		.byte	0x4
 781 006d 02       		.uleb128 0x2
 782 006e 04       		.byte	0x4
 783 006f 07       		.byte	0x7
 784 0070 84000000 		.4byte	.LASF8
 785 0074 02       		.uleb128 0x2
 786 0075 01       		.byte	0x1
 787 0076 08       		.byte	0x8
 788 0077 A6010000 		.4byte	.LASF9
 789 007b 06       		.uleb128 0x6
 790 007c 0E000000 		.4byte	.LASF10
 791 0080 02       		.byte	0x2
 792 0081 D3       		.byte	0xd3
 793 0082 4C000000 		.4byte	0x4c
 794 0086 06       		.uleb128 0x6
 795 0087 96000000 		.4byte	.LASF11
 796 008b 03       		.byte	0x3
 797 008c 4C       		.byte	0x4c
 798 008d 30000000 		.4byte	0x30
 799 0091 06       		.uleb128 0x6
 800 0092 DE000000 		.4byte	.LASF12
 801 0096 03       		.byte	0x3
 802 0097 4D       		.byte	0x4d
 803 0098 3E000000 		.4byte	0x3e
 804 009c 06       		.uleb128 0x6
 805 009d 17010000 		.4byte	.LASF13
 806 00a1 03       		.byte	0x3
 807 00a2 4E       		.byte	0x4e
 808 00a3 6D000000 		.4byte	0x6d
 809 00a7 02       		.uleb128 0x2
 810 00a8 04       		.byte	0x4
 811 00a9 04       		.byte	0x4
 812 00aa 6C000000 		.4byte	.LASF14
 813 00ae 02       		.uleb128 0x2
 814 00af 08       		.byte	0x8
 815 00b0 04       		.byte	0x4
 816 00b1 CA000000 		.4byte	.LASF15
 817 00b5 07       		.uleb128 0x7
 818 00b6 9C000000 		.4byte	.LASF16
 819 00ba 01       		.byte	0x1
 820 00bb 57       		.byte	0x57
 821 00bc 01       		.byte	0x1
 822 00bd 00000000 		.4byte	.LFB0
 823 00c1 1E000000 		.4byte	.LFE0
 824 00c5 00000000 		.4byte	.LLST0
ARM GAS  C:\Users\Leeb\AppData\Local\Temp\cco5bRNi.s 			page 21


 825 00c9 E6000000 		.4byte	0xe6
 826 00cd 08       		.uleb128 0x8
 827 00ce 7300     		.ascii	"s\000"
 828 00d0 01       		.byte	0x1
 829 00d1 57       		.byte	0x57
 830 00d2 6B000000 		.4byte	0x6b
 831 00d6 02       		.byte	0x2
 832 00d7 91       		.byte	0x91
 833 00d8 74       		.sleb128 -12
 834 00d9 08       		.uleb128 0x8
 835 00da 6E00     		.ascii	"n\000"
 836 00dc 01       		.byte	0x1
 837 00dd 57       		.byte	0x57
 838 00de 7B000000 		.4byte	0x7b
 839 00e2 02       		.byte	0x2
 840 00e3 91       		.byte	0x91
 841 00e4 70       		.sleb128 -16
 842 00e5 00       		.byte	0x0
 843 00e6 07       		.uleb128 0x7
 844 00e7 D2010000 		.4byte	.LASF17
 845 00eb 01       		.byte	0x1
 846 00ec 5E       		.byte	0x5e
 847 00ed 01       		.byte	0x1
 848 00ee 00000000 		.4byte	.LFB1
 849 00f2 1E000000 		.4byte	.LFE1
 850 00f6 37000000 		.4byte	.LLST1
 851 00fa 27010000 		.4byte	0x127
 852 00fe 09       		.uleb128 0x9
 853 00ff 72000000 		.4byte	.LASF18
 854 0103 01       		.byte	0x1
 855 0104 5E       		.byte	0x5e
 856 0105 6B000000 		.4byte	0x6b
 857 0109 02       		.byte	0x2
 858 010a 91       		.byte	0x91
 859 010b 74       		.sleb128 -12
 860 010c 08       		.uleb128 0x8
 861 010d 73726300 		.ascii	"src\000"
 862 0111 01       		.byte	0x1
 863 0112 5E       		.byte	0x5e
 864 0113 27010000 		.4byte	0x127
 865 0117 02       		.byte	0x2
 866 0118 91       		.byte	0x91
 867 0119 70       		.sleb128 -16
 868 011a 08       		.uleb128 0x8
 869 011b 6E00     		.ascii	"n\000"
 870 011d 01       		.byte	0x1
 871 011e 5E       		.byte	0x5e
 872 011f 7B000000 		.4byte	0x7b
 873 0123 02       		.byte	0x2
 874 0124 91       		.byte	0x91
 875 0125 6C       		.sleb128 -20
 876 0126 00       		.byte	0x0
 877 0127 0A       		.uleb128 0xa
 878 0128 04       		.byte	0x4
 879 0129 2D010000 		.4byte	0x12d
 880 012d 0B       		.uleb128 0xb
 881 012e 07       		.uleb128 0x7
ARM GAS  C:\Users\Leeb\AppData\Local\Temp\cco5bRNi.s 			page 22


 882 012f 36000000 		.4byte	.LASF19
 883 0133 01       		.byte	0x1
 884 0134 65       		.byte	0x65
 885 0135 01       		.byte	0x1
 886 0136 00000000 		.4byte	.LFB2
 887 013a 1E000000 		.4byte	.LFE2
 888 013e 6E000000 		.4byte	.LLST2
 889 0142 6F010000 		.4byte	0x16f
 890 0146 09       		.uleb128 0x9
 891 0147 72000000 		.4byte	.LASF18
 892 014b 01       		.byte	0x1
 893 014c 65       		.byte	0x65
 894 014d 6B000000 		.4byte	0x6b
 895 0151 02       		.byte	0x2
 896 0152 91       		.byte	0x91
 897 0153 74       		.sleb128 -12
 898 0154 08       		.uleb128 0x8
 899 0155 73726300 		.ascii	"src\000"
 900 0159 01       		.byte	0x1
 901 015a 65       		.byte	0x65
 902 015b 27010000 		.4byte	0x127
 903 015f 02       		.byte	0x2
 904 0160 91       		.byte	0x91
 905 0161 70       		.sleb128 -16
 906 0162 08       		.uleb128 0x8
 907 0163 6E00     		.ascii	"n\000"
 908 0165 01       		.byte	0x1
 909 0166 65       		.byte	0x65
 910 0167 7B000000 		.4byte	0x7b
 911 016b 02       		.byte	0x2
 912 016c 91       		.byte	0x91
 913 016d 6C       		.sleb128 -20
 914 016e 00       		.byte	0x0
 915 016f 07       		.uleb128 0x7
 916 0170 46000000 		.4byte	.LASF20
 917 0174 01       		.byte	0x1
 918 0175 85       		.byte	0x85
 919 0176 01       		.byte	0x1
 920 0177 00000000 		.4byte	.LFB3
 921 017b 0C010000 		.4byte	.LFE3
 922 017f A5000000 		.4byte	.LLST3
 923 0183 A4010000 		.4byte	0x1a4
 924 0187 0C       		.uleb128 0xc
 925 0188 63010000 		.4byte	.LASF21
 926 018c 01       		.byte	0x1
 927 018d 87       		.byte	0x87
 928 018e 9C000000 		.4byte	0x9c
 929 0192 02       		.byte	0x2
 930 0193 91       		.byte	0x91
 931 0194 70       		.sleb128 -16
 932 0195 0C       		.uleb128 0xc
 933 0196 64000000 		.4byte	.LASF22
 934 019a 01       		.byte	0x1
 935 019b 88       		.byte	0x88
 936 019c 86000000 		.4byte	0x86
 937 01a0 02       		.byte	0x2
 938 01a1 91       		.byte	0x91
ARM GAS  C:\Users\Leeb\AppData\Local\Temp\cco5bRNi.s 			page 23


 939 01a2 77       		.sleb128 -9
 940 01a3 00       		.byte	0x0
 941 01a4 07       		.uleb128 0x7
 942 01a5 15000000 		.4byte	.LASF23
 943 01a9 01       		.byte	0x1
 944 01aa BA       		.byte	0xba
 945 01ab 01       		.byte	0x1
 946 01ac 00000000 		.4byte	.LFB4
 947 01b0 4C000000 		.4byte	.LFE4
 948 01b4 DC000000 		.4byte	.LLST4
 949 01b8 CB010000 		.4byte	0x1cb
 950 01bc 0C       		.uleb128 0xc
 951 01bd AB010000 		.4byte	.LASF24
 952 01c1 01       		.byte	0x1
 953 01c2 BC       		.byte	0xbc
 954 01c3 86000000 		.4byte	0x86
 955 01c7 02       		.byte	0x2
 956 01c8 91       		.byte	0x91
 957 01c9 77       		.sleb128 -9
 958 01ca 00       		.byte	0x0
 959 01cb 0D       		.uleb128 0xd
 960 01cc 01       		.byte	0x1
 961 01cd A6000000 		.4byte	.LASF27
 962 01d1 01       		.byte	0x1
 963 01d2 D4       		.byte	0xd4
 964 01d3 01       		.byte	0x1
 965 01d4 00000000 		.4byte	.LFB5
 966 01d8 30000000 		.4byte	.LFE5
 967 01dc 13010000 		.4byte	.LLST5
 968 01e0 01020000 		.4byte	0x201
 969 01e4 09       		.uleb128 0x9
 970 01e5 7C000000 		.4byte	.LASF25
 971 01e9 01       		.byte	0x1
 972 01ea D4       		.byte	0xd4
 973 01eb 86000000 		.4byte	0x86
 974 01ef 02       		.byte	0x2
 975 01f0 91       		.byte	0x91
 976 01f1 6F       		.sleb128 -17
 977 01f2 0C       		.uleb128 0xc
 978 01f3 C9010000 		.4byte	.LASF26
 979 01f7 01       		.byte	0x1
 980 01f8 D6       		.byte	0xd6
 981 01f9 86000000 		.4byte	0x86
 982 01fd 02       		.byte	0x2
 983 01fe 91       		.byte	0x91
 984 01ff 77       		.sleb128 -9
 985 0200 00       		.byte	0x0
 986 0201 0D       		.uleb128 0xd
 987 0202 01       		.byte	0x1
 988 0203 D1000000 		.4byte	.LASF28
 989 0207 01       		.byte	0x1
 990 0208 F5       		.byte	0xf5
 991 0209 01       		.byte	0x1
 992 020a 00000000 		.4byte	.LFB6
 993 020e 9C010000 		.4byte	.LFE6
 994 0212 4A010000 		.4byte	.LLST6
 995 0216 90020000 		.4byte	0x290
ARM GAS  C:\Users\Leeb\AppData\Local\Temp\cco5bRNi.s 			page 24


 996 021a 0E       		.uleb128 0xe
 997 021b 24000000 		.4byte	.LBB2
 998 021f 02010000 		.4byte	.LBE2
 999 0223 0F       		.uleb128 0xf
 1000 0224 06       		.byte	0x6
 1001 0225 01       		.byte	0x1
 1002 0226 0101     		.2byte	0x101
 1003 0228 4B020000 		.4byte	0x24b
 1004 022c 10       		.uleb128 0x10
 1005 022d 2B010000 		.4byte	.LASF29
 1006 0231 01       		.byte	0x1
 1007 0232 0201     		.2byte	0x102
 1008 0234 6B000000 		.4byte	0x6b
 1009 0238 02       		.byte	0x2
 1010 0239 23       		.byte	0x23
 1011 023a 00       		.uleb128 0x0
 1012 023b 10       		.uleb128 0x10
 1013 023c 77000000 		.4byte	.LASF30
 1014 0240 01       		.byte	0x1
 1015 0241 0301     		.2byte	0x103
 1016 0243 91000000 		.4byte	0x91
 1017 0247 02       		.byte	0x2
 1018 0248 23       		.byte	0x23
 1019 0249 04       		.uleb128 0x4
 1020 024a 00       		.byte	0x0
 1021 024b 11       		.uleb128 0x11
 1022 024c 4A010000 		.4byte	.LASF31
 1023 0250 01       		.byte	0x1
 1024 0251 0401     		.2byte	0x104
 1025 0253 23020000 		.4byte	0x223
 1026 0257 12       		.uleb128 0x12
 1027 0258 26000000 		.4byte	.LASF32
 1028 025c 01       		.byte	0x1
 1029 025d 0601     		.2byte	0x106
 1030 025f A0020000 		.4byte	0x2a0
 1031 0263 05       		.byte	0x5
 1032 0264 03       		.byte	0x3
 1033 0265 00000000 		.4byte	cfg_memset_list.2034
 1034 0269 13       		.uleb128 0x13
 1035 026a 6900     		.ascii	"i\000"
 1036 026c 01       		.byte	0x1
 1037 026d 1201     		.2byte	0x112
 1038 026f 86000000 		.4byte	0x86
 1039 0273 02       		.byte	0x2
 1040 0274 91       		.byte	0x91
 1041 0275 73       		.sleb128 -13
 1042 0276 0E       		.uleb128 0xe
 1043 0277 2C000000 		.4byte	.LBB3
 1044 027b 84000000 		.4byte	.LBE3
 1045 027f 13       		.uleb128 0x13
 1046 0280 6D7300   		.ascii	"ms\000"
 1047 0283 01       		.byte	0x1
 1048 0284 1701     		.2byte	0x117
 1049 0286 A5020000 		.4byte	0x2a5
 1050 028a 02       		.byte	0x2
 1051 028b 91       		.byte	0x91
 1052 028c 74       		.sleb128 -12
ARM GAS  C:\Users\Leeb\AppData\Local\Temp\cco5bRNi.s 			page 25


 1053 028d 00       		.byte	0x0
 1054 028e 00       		.byte	0x0
 1055 028f 00       		.byte	0x0
 1056 0290 14       		.uleb128 0x14
 1057 0291 4B020000 		.4byte	0x24b
 1058 0295 A0020000 		.4byte	0x2a0
 1059 0299 15       		.uleb128 0x15
 1060 029a 68000000 		.4byte	0x68
 1061 029e 07       		.byte	0x7
 1062 029f 00       		.byte	0x0
 1063 02a0 16       		.uleb128 0x16
 1064 02a1 90020000 		.4byte	0x290
 1065 02a5 0A       		.uleb128 0xa
 1066 02a6 04       		.byte	0x4
 1067 02a7 AB020000 		.4byte	0x2ab
 1068 02ab 16       		.uleb128 0x16
 1069 02ac 4B020000 		.4byte	0x24b
 1070 02b0 00       		.byte	0x0
 1071              		.section	.debug_abbrev
 1072 0000 01       		.uleb128 0x1
 1073 0001 11       		.uleb128 0x11
 1074 0002 01       		.byte	0x1
 1075 0003 25       		.uleb128 0x25
 1076 0004 0E       		.uleb128 0xe
 1077 0005 13       		.uleb128 0x13
 1078 0006 0B       		.uleb128 0xb
 1079 0007 03       		.uleb128 0x3
 1080 0008 0E       		.uleb128 0xe
 1081 0009 1B       		.uleb128 0x1b
 1082 000a 0E       		.uleb128 0xe
 1083 000b 11       		.uleb128 0x11
 1084 000c 01       		.uleb128 0x1
 1085 000d 52       		.uleb128 0x52
 1086 000e 01       		.uleb128 0x1
 1087 000f 55       		.uleb128 0x55
 1088 0010 06       		.uleb128 0x6
 1089 0011 10       		.uleb128 0x10
 1090 0012 06       		.uleb128 0x6
 1091 0013 00       		.byte	0x0
 1092 0014 00       		.byte	0x0
 1093 0015 02       		.uleb128 0x2
 1094 0016 24       		.uleb128 0x24
 1095 0017 00       		.byte	0x0
 1096 0018 0B       		.uleb128 0xb
 1097 0019 0B       		.uleb128 0xb
 1098 001a 3E       		.uleb128 0x3e
 1099 001b 0B       		.uleb128 0xb
 1100 001c 03       		.uleb128 0x3
 1101 001d 0E       		.uleb128 0xe
 1102 001e 00       		.byte	0x0
 1103 001f 00       		.byte	0x0
 1104 0020 03       		.uleb128 0x3
 1105 0021 24       		.uleb128 0x24
 1106 0022 00       		.byte	0x0
 1107 0023 0B       		.uleb128 0xb
 1108 0024 0B       		.uleb128 0xb
 1109 0025 3E       		.uleb128 0x3e
ARM GAS  C:\Users\Leeb\AppData\Local\Temp\cco5bRNi.s 			page 26


 1110 0026 0B       		.uleb128 0xb
 1111 0027 03       		.uleb128 0x3
 1112 0028 08       		.uleb128 0x8
 1113 0029 00       		.byte	0x0
 1114 002a 00       		.byte	0x0
 1115 002b 04       		.uleb128 0x4
 1116 002c 24       		.uleb128 0x24
 1117 002d 00       		.byte	0x0
 1118 002e 0B       		.uleb128 0xb
 1119 002f 0B       		.uleb128 0xb
 1120 0030 3E       		.uleb128 0x3e
 1121 0031 0B       		.uleb128 0xb
 1122 0032 00       		.byte	0x0
 1123 0033 00       		.byte	0x0
 1124 0034 05       		.uleb128 0x5
 1125 0035 0F       		.uleb128 0xf
 1126 0036 00       		.byte	0x0
 1127 0037 0B       		.uleb128 0xb
 1128 0038 0B       		.uleb128 0xb
 1129 0039 00       		.byte	0x0
 1130 003a 00       		.byte	0x0
 1131 003b 06       		.uleb128 0x6
 1132 003c 16       		.uleb128 0x16
 1133 003d 00       		.byte	0x0
 1134 003e 03       		.uleb128 0x3
 1135 003f 0E       		.uleb128 0xe
 1136 0040 3A       		.uleb128 0x3a
 1137 0041 0B       		.uleb128 0xb
 1138 0042 3B       		.uleb128 0x3b
 1139 0043 0B       		.uleb128 0xb
 1140 0044 49       		.uleb128 0x49
 1141 0045 13       		.uleb128 0x13
 1142 0046 00       		.byte	0x0
 1143 0047 00       		.byte	0x0
 1144 0048 07       		.uleb128 0x7
 1145 0049 2E       		.uleb128 0x2e
 1146 004a 01       		.byte	0x1
 1147 004b 03       		.uleb128 0x3
 1148 004c 0E       		.uleb128 0xe
 1149 004d 3A       		.uleb128 0x3a
 1150 004e 0B       		.uleb128 0xb
 1151 004f 3B       		.uleb128 0x3b
 1152 0050 0B       		.uleb128 0xb
 1153 0051 27       		.uleb128 0x27
 1154 0052 0C       		.uleb128 0xc
 1155 0053 11       		.uleb128 0x11
 1156 0054 01       		.uleb128 0x1
 1157 0055 12       		.uleb128 0x12
 1158 0056 01       		.uleb128 0x1
 1159 0057 40       		.uleb128 0x40
 1160 0058 06       		.uleb128 0x6
 1161 0059 01       		.uleb128 0x1
 1162 005a 13       		.uleb128 0x13
 1163 005b 00       		.byte	0x0
 1164 005c 00       		.byte	0x0
 1165 005d 08       		.uleb128 0x8
 1166 005e 05       		.uleb128 0x5
ARM GAS  C:\Users\Leeb\AppData\Local\Temp\cco5bRNi.s 			page 27


 1167 005f 00       		.byte	0x0
 1168 0060 03       		.uleb128 0x3
 1169 0061 08       		.uleb128 0x8
 1170 0062 3A       		.uleb128 0x3a
 1171 0063 0B       		.uleb128 0xb
 1172 0064 3B       		.uleb128 0x3b
 1173 0065 0B       		.uleb128 0xb
 1174 0066 49       		.uleb128 0x49
 1175 0067 13       		.uleb128 0x13
 1176 0068 02       		.uleb128 0x2
 1177 0069 0A       		.uleb128 0xa
 1178 006a 00       		.byte	0x0
 1179 006b 00       		.byte	0x0
 1180 006c 09       		.uleb128 0x9
 1181 006d 05       		.uleb128 0x5
 1182 006e 00       		.byte	0x0
 1183 006f 03       		.uleb128 0x3
 1184 0070 0E       		.uleb128 0xe
 1185 0071 3A       		.uleb128 0x3a
 1186 0072 0B       		.uleb128 0xb
 1187 0073 3B       		.uleb128 0x3b
 1188 0074 0B       		.uleb128 0xb
 1189 0075 49       		.uleb128 0x49
 1190 0076 13       		.uleb128 0x13
 1191 0077 02       		.uleb128 0x2
 1192 0078 0A       		.uleb128 0xa
 1193 0079 00       		.byte	0x0
 1194 007a 00       		.byte	0x0
 1195 007b 0A       		.uleb128 0xa
 1196 007c 0F       		.uleb128 0xf
 1197 007d 00       		.byte	0x0
 1198 007e 0B       		.uleb128 0xb
 1199 007f 0B       		.uleb128 0xb
 1200 0080 49       		.uleb128 0x49
 1201 0081 13       		.uleb128 0x13
 1202 0082 00       		.byte	0x0
 1203 0083 00       		.byte	0x0
 1204 0084 0B       		.uleb128 0xb
 1205 0085 26       		.uleb128 0x26
 1206 0086 00       		.byte	0x0
 1207 0087 00       		.byte	0x0
 1208 0088 00       		.byte	0x0
 1209 0089 0C       		.uleb128 0xc
 1210 008a 34       		.uleb128 0x34
 1211 008b 00       		.byte	0x0
 1212 008c 03       		.uleb128 0x3
 1213 008d 0E       		.uleb128 0xe
 1214 008e 3A       		.uleb128 0x3a
 1215 008f 0B       		.uleb128 0xb
 1216 0090 3B       		.uleb128 0x3b
 1217 0091 0B       		.uleb128 0xb
 1218 0092 49       		.uleb128 0x49
 1219 0093 13       		.uleb128 0x13
 1220 0094 02       		.uleb128 0x2
 1221 0095 0A       		.uleb128 0xa
 1222 0096 00       		.byte	0x0
 1223 0097 00       		.byte	0x0
ARM GAS  C:\Users\Leeb\AppData\Local\Temp\cco5bRNi.s 			page 28


 1224 0098 0D       		.uleb128 0xd
 1225 0099 2E       		.uleb128 0x2e
 1226 009a 01       		.byte	0x1
 1227 009b 3F       		.uleb128 0x3f
 1228 009c 0C       		.uleb128 0xc
 1229 009d 03       		.uleb128 0x3
 1230 009e 0E       		.uleb128 0xe
 1231 009f 3A       		.uleb128 0x3a
 1232 00a0 0B       		.uleb128 0xb
 1233 00a1 3B       		.uleb128 0x3b
 1234 00a2 0B       		.uleb128 0xb
 1235 00a3 27       		.uleb128 0x27
 1236 00a4 0C       		.uleb128 0xc
 1237 00a5 11       		.uleb128 0x11
 1238 00a6 01       		.uleb128 0x1
 1239 00a7 12       		.uleb128 0x12
 1240 00a8 01       		.uleb128 0x1
 1241 00a9 40       		.uleb128 0x40
 1242 00aa 06       		.uleb128 0x6
 1243 00ab 01       		.uleb128 0x1
 1244 00ac 13       		.uleb128 0x13
 1245 00ad 00       		.byte	0x0
 1246 00ae 00       		.byte	0x0
 1247 00af 0E       		.uleb128 0xe
 1248 00b0 0B       		.uleb128 0xb
 1249 00b1 01       		.byte	0x1
 1250 00b2 11       		.uleb128 0x11
 1251 00b3 01       		.uleb128 0x1
 1252 00b4 12       		.uleb128 0x12
 1253 00b5 01       		.uleb128 0x1
 1254 00b6 00       		.byte	0x0
 1255 00b7 00       		.byte	0x0
 1256 00b8 0F       		.uleb128 0xf
 1257 00b9 13       		.uleb128 0x13
 1258 00ba 01       		.byte	0x1
 1259 00bb 0B       		.uleb128 0xb
 1260 00bc 0B       		.uleb128 0xb
 1261 00bd 3A       		.uleb128 0x3a
 1262 00be 0B       		.uleb128 0xb
 1263 00bf 3B       		.uleb128 0x3b
 1264 00c0 05       		.uleb128 0x5
 1265 00c1 01       		.uleb128 0x1
 1266 00c2 13       		.uleb128 0x13
 1267 00c3 00       		.byte	0x0
 1268 00c4 00       		.byte	0x0
 1269 00c5 10       		.uleb128 0x10
 1270 00c6 0D       		.uleb128 0xd
 1271 00c7 00       		.byte	0x0
 1272 00c8 03       		.uleb128 0x3
 1273 00c9 0E       		.uleb128 0xe
 1274 00ca 3A       		.uleb128 0x3a
 1275 00cb 0B       		.uleb128 0xb
 1276 00cc 3B       		.uleb128 0x3b
 1277 00cd 05       		.uleb128 0x5
 1278 00ce 49       		.uleb128 0x49
 1279 00cf 13       		.uleb128 0x13
 1280 00d0 38       		.uleb128 0x38
ARM GAS  C:\Users\Leeb\AppData\Local\Temp\cco5bRNi.s 			page 29


 1281 00d1 0A       		.uleb128 0xa
 1282 00d2 00       		.byte	0x0
 1283 00d3 00       		.byte	0x0
 1284 00d4 11       		.uleb128 0x11
 1285 00d5 16       		.uleb128 0x16
 1286 00d6 00       		.byte	0x0
 1287 00d7 03       		.uleb128 0x3
 1288 00d8 0E       		.uleb128 0xe
 1289 00d9 3A       		.uleb128 0x3a
 1290 00da 0B       		.uleb128 0xb
 1291 00db 3B       		.uleb128 0x3b
 1292 00dc 05       		.uleb128 0x5
 1293 00dd 49       		.uleb128 0x49
 1294 00de 13       		.uleb128 0x13
 1295 00df 00       		.byte	0x0
 1296 00e0 00       		.byte	0x0
 1297 00e1 12       		.uleb128 0x12
 1298 00e2 34       		.uleb128 0x34
 1299 00e3 00       		.byte	0x0
 1300 00e4 03       		.uleb128 0x3
 1301 00e5 0E       		.uleb128 0xe
 1302 00e6 3A       		.uleb128 0x3a
 1303 00e7 0B       		.uleb128 0xb
 1304 00e8 3B       		.uleb128 0x3b
 1305 00e9 05       		.uleb128 0x5
 1306 00ea 49       		.uleb128 0x49
 1307 00eb 13       		.uleb128 0x13
 1308 00ec 02       		.uleb128 0x2
 1309 00ed 0A       		.uleb128 0xa
 1310 00ee 00       		.byte	0x0
 1311 00ef 00       		.byte	0x0
 1312 00f0 13       		.uleb128 0x13
 1313 00f1 34       		.uleb128 0x34
 1314 00f2 00       		.byte	0x0
 1315 00f3 03       		.uleb128 0x3
 1316 00f4 08       		.uleb128 0x8
 1317 00f5 3A       		.uleb128 0x3a
 1318 00f6 0B       		.uleb128 0xb
 1319 00f7 3B       		.uleb128 0x3b
 1320 00f8 05       		.uleb128 0x5
 1321 00f9 49       		.uleb128 0x49
 1322 00fa 13       		.uleb128 0x13
 1323 00fb 02       		.uleb128 0x2
 1324 00fc 0A       		.uleb128 0xa
 1325 00fd 00       		.byte	0x0
 1326 00fe 00       		.byte	0x0
 1327 00ff 14       		.uleb128 0x14
 1328 0100 01       		.uleb128 0x1
 1329 0101 01       		.byte	0x1
 1330 0102 49       		.uleb128 0x49
 1331 0103 13       		.uleb128 0x13
 1332 0104 01       		.uleb128 0x1
 1333 0105 13       		.uleb128 0x13
 1334 0106 00       		.byte	0x0
 1335 0107 00       		.byte	0x0
 1336 0108 15       		.uleb128 0x15
 1337 0109 21       		.uleb128 0x21
ARM GAS  C:\Users\Leeb\AppData\Local\Temp\cco5bRNi.s 			page 30


 1338 010a 00       		.byte	0x0
 1339 010b 49       		.uleb128 0x49
 1340 010c 13       		.uleb128 0x13
 1341 010d 2F       		.uleb128 0x2f
 1342 010e 0B       		.uleb128 0xb
 1343 010f 00       		.byte	0x0
 1344 0110 00       		.byte	0x0
 1345 0111 16       		.uleb128 0x16
 1346 0112 26       		.uleb128 0x26
 1347 0113 00       		.byte	0x0
 1348 0114 49       		.uleb128 0x49
 1349 0115 13       		.uleb128 0x13
 1350 0116 00       		.byte	0x0
 1351 0117 00       		.byte	0x0
 1352 0118 00       		.byte	0x0
 1353              		.section	.debug_pubnames,"",%progbits
 1354 0000 39000000 		.4byte	0x39
 1355 0004 0200     		.2byte	0x2
 1356 0006 00000000 		.4byte	.Ldebug_info0
 1357 000a B1020000 		.4byte	0x2b1
 1358 000e CB010000 		.4byte	0x1cb
 1359 0012 53657441 		.ascii	"SetAnalogRoutingPumps\000"
 1359      6E616C6F 
 1359      67526F75 
 1359      74696E67 
 1359      50756D70 
 1360 0028 01020000 		.4byte	0x201
 1361 002c 63796669 		.ascii	"cyfitter_cfg\000"
 1361      74746572 
 1361      5F636667 
 1361      00
 1362 0039 00000000 		.4byte	0x0
 1363              		.section	.debug_aranges,"",%progbits
 1364 0000 4C000000 		.4byte	0x4c
 1365 0004 0200     		.2byte	0x2
 1366 0006 00000000 		.4byte	.Ldebug_info0
 1367 000a 04       		.byte	0x4
 1368 000b 00       		.byte	0x0
 1369 000c 0000     		.2byte	0x0
 1370 000e 0000     		.2byte	0x0
 1371 0010 00000000 		.4byte	.LFB0
 1372 0014 1E000000 		.4byte	.LFE0-.LFB0
 1373 0018 00000000 		.4byte	.LFB1
 1374 001c 1E000000 		.4byte	.LFE1-.LFB1
 1375 0020 00000000 		.4byte	.LFB2
 1376 0024 1E000000 		.4byte	.LFE2-.LFB2
 1377 0028 00000000 		.4byte	.LFB3
 1378 002c 0C010000 		.4byte	.LFE3-.LFB3
 1379 0030 00000000 		.4byte	.LFB4
 1380 0034 4C000000 		.4byte	.LFE4-.LFB4
 1381 0038 00000000 		.4byte	.LFB5
 1382 003c 30000000 		.4byte	.LFE5-.LFB5
 1383 0040 00000000 		.4byte	.LFB6
 1384 0044 9C010000 		.4byte	.LFE6-.LFB6
 1385 0048 00000000 		.4byte	0x0
 1386 004c 00000000 		.4byte	0x0
 1387              		.section	.debug_ranges,"",%progbits
ARM GAS  C:\Users\Leeb\AppData\Local\Temp\cco5bRNi.s 			page 31


 1388              	.Ldebug_ranges0:
 1389 0000 00000000 		.4byte	.Ltext0
 1390 0004 00000000 		.4byte	.Letext0
 1391 0008 00000000 		.4byte	.LFB0
 1392 000c 1E000000 		.4byte	.LFE0
 1393 0010 00000000 		.4byte	.LFB1
 1394 0014 1E000000 		.4byte	.LFE1
 1395 0018 00000000 		.4byte	.LFB2
 1396 001c 1E000000 		.4byte	.LFE2
 1397 0020 00000000 		.4byte	.LFB3
 1398 0024 0C010000 		.4byte	.LFE3
 1399 0028 00000000 		.4byte	.LFB4
 1400 002c 4C000000 		.4byte	.LFE4
 1401 0030 00000000 		.4byte	.LFB5
 1402 0034 30000000 		.4byte	.LFE5
 1403 0038 00000000 		.4byte	.LFB6
 1404 003c 9C010000 		.4byte	.LFE6
 1405 0040 00000000 		.4byte	0x0
 1406 0044 00000000 		.4byte	0x0
 1407              		.section	.debug_str,"MS",%progbits,1
 1408              	.LASF5:
 1409 0000 6C6F6E67 		.ascii	"long long int\000"
 1409      206C6F6E 
 1409      6720696E 
 1409      7400
 1410              	.LASF10:
 1411 000e 73697A65 		.ascii	"size_t\000"
 1411      5F7400
 1412              	.LASF23:
 1413 0015 416E616C 		.ascii	"AnalogSetDefault\000"
 1413      6F675365 
 1413      74446566 
 1413      61756C74 
 1413      00
 1414              	.LASF32:
 1415 0026 6366675F 		.ascii	"cfg_memset_list\000"
 1415      6D656D73 
 1415      65745F6C 
 1415      69737400 
 1416              	.LASF19:
 1417 0036 4359434F 		.ascii	"CYCONFIGCPYCODE\000"
 1417      4E464947 
 1417      43505943 
 1417      4F444500 
 1418              	.LASF20:
 1419 0046 436C6F63 		.ascii	"ClockSetup\000"
 1419      6B536574 
 1419      757000
 1420              	.LASF3:
 1421 0051 73686F72 		.ascii	"short unsigned int\000"
 1421      7420756E 
 1421      7369676E 
 1421      65642069 
 1421      6E7400
 1422              	.LASF22:
 1423 0064 706C6C4C 		.ascii	"pllLock\000"
 1423      6F636B00 
ARM GAS  C:\Users\Leeb\AppData\Local\Temp\cco5bRNi.s 			page 32


 1424              	.LASF14:
 1425 006c 666C6F61 		.ascii	"float\000"
 1425      7400
 1426              	.LASF18:
 1427 0072 64657374 		.ascii	"dest\000"
 1427      00
 1428              	.LASF30:
 1429 0077 73697A65 		.ascii	"size\000"
 1429      00
 1430              	.LASF25:
 1431 007c 656E6162 		.ascii	"enabled\000"
 1431      6C656400 
 1432              	.LASF8:
 1433 0084 6C6F6E67 		.ascii	"long unsigned int\000"
 1433      20756E73 
 1433      69676E65 
 1433      6420696E 
 1433      7400
 1434              	.LASF11:
 1435 0096 75696E74 		.ascii	"uint8\000"
 1435      3800
 1436              	.LASF16:
 1437 009c 43594D45 		.ascii	"CYMEMZERO\000"
 1437      4D5A4552 
 1437      4F00
 1438              	.LASF27:
 1439 00a6 53657441 		.ascii	"SetAnalogRoutingPumps\000"
 1439      6E616C6F 
 1439      67526F75 
 1439      74696E67 
 1439      50756D70 
 1440              	.LASF1:
 1441 00bc 756E7369 		.ascii	"unsigned char\000"
 1441      676E6564 
 1441      20636861 
 1441      7200
 1442              	.LASF15:
 1443 00ca 646F7562 		.ascii	"double\000"
 1443      6C6500
 1444              	.LASF28:
 1445 00d1 63796669 		.ascii	"cyfitter_cfg\000"
 1445      74746572 
 1445      5F636667 
 1445      00
 1446              	.LASF12:
 1447 00de 75696E74 		.ascii	"uint16\000"
 1447      313600
 1448              	.LASF35:
 1449 00e5 433A5C43 		.ascii	"C:\\CLASS\\6.115\\psoc\\lizi\\blinky\\115_is_cool.c"
 1449      4C415353 
 1449      5C362E31 
 1449      31355C70 
 1449      736F635C 
 1450 0112 7964736E 		.ascii	"ydsn\000"
 1450      00
 1451              	.LASF13:
 1452 0117 75696E74 		.ascii	"uint32\000"
ARM GAS  C:\Users\Leeb\AppData\Local\Temp\cco5bRNi.s 			page 33


 1452      333200
 1453              	.LASF4:
 1454 011e 756E7369 		.ascii	"unsigned int\000"
 1454      676E6564 
 1454      20696E74 
 1454      00
 1455              	.LASF29:
 1456 012b 61646472 		.ascii	"address\000"
 1456      65737300 
 1457              	.LASF6:
 1458 0133 6C6F6E67 		.ascii	"long long unsigned int\000"
 1458      206C6F6E 
 1458      6720756E 
 1458      7369676E 
 1458      65642069 
 1459              	.LASF31:
 1460 014a 6366675F 		.ascii	"cfg_memset_t\000"
 1460      6D656D73 
 1460      65745F74 
 1460      00
 1461              	.LASF33:
 1462 0157 474E5520 		.ascii	"GNU C 4.4.1\000"
 1462      4320342E 
 1462      342E3100 
 1463              	.LASF21:
 1464 0163 74696D65 		.ascii	"timeout\000"
 1464      6F757400 
 1465              	.LASF2:
 1466 016b 73686F72 		.ascii	"short int\000"
 1466      7420696E 
 1466      7400
 1467              	.LASF34:
 1468 0175 2E5C4765 		.ascii	".\\Generated_Source\\PSoC5\\cyfitter_cfg.c\000"
 1468      6E657261 
 1468      7465645F 
 1468      536F7572 
 1468      63655C50 
 1469              	.LASF7:
 1470 019d 6C6F6E67 		.ascii	"long int\000"
 1470      20696E74 
 1470      00
 1471              	.LASF9:
 1472 01a6 63686172 		.ascii	"char\000"
 1472      00
 1473              	.LASF24:
 1474 01ab 62675F78 		.ascii	"bg_xover_inl_trim\000"
 1474      6F766572 
 1474      5F696E6C 
 1474      5F747269 
 1474      6D00
 1475              	.LASF0:
 1476 01bd 7369676E 		.ascii	"signed char\000"
 1476      65642063 
 1476      68617200 
 1477              	.LASF26:
 1478 01c9 72656756 		.ascii	"regValue\000"
 1478      616C7565 
ARM GAS  C:\Users\Leeb\AppData\Local\Temp\cco5bRNi.s 			page 34


 1478      00
 1479              	.LASF17:
 1480 01d2 4359434F 		.ascii	"CYCONFIGCPY\000"
 1480      4E464947 
 1480      43505900 
 1481              		.ident	"GCC: (Sourcery G++ Lite 2010q1-188) 4.4.1"
